[0.000000] (-) TimerEvent: {}
[0.000186] (cpp_pubsub) JobQueued: {'identifier': 'cpp_pubsub', 'dependencies': OrderedDict()}
[0.000264] (cpp_pubsub) JobStarted: {'identifier': 'cpp_pubsub'}
[0.013271] (cpp_pubsub) JobProgress: {'identifier': 'cpp_pubsub', 'progress': 'cmake'}
[0.014572] (cpp_pubsub) JobProgress: {'identifier': 'cpp_pubsub', 'progress': 'build'}
[0.015848] (cpp_pubsub) Command: {'cmd': ['/usr/bin/cmake', '--build', '/home/sameer/cpp_files/ros2_cpp/src/cpp_pubsub/build/cpp_pubsub', '--', '-j4', '-l4'], 'cwd': '/home/sameer/cpp_files/ros2_cpp/src/cpp_pubsub/build/cpp_pubsub', 'env': OrderedDict([('GJS_DEBUG_TOPICS', 'JS ERROR;JS LOG'), ('LESSOPEN', '| /usr/bin/lesspipe %s'), ('LANGUAGE', 'en_IN:en'), ('USER', 'sameer'), ('XDG_SESSION_TYPE', 'x11'), ('SHLVL', '2'), ('LD_LIBRARY_PATH', '/opt/ros/humble/opt/rviz_ogre_vendor/lib:/opt/ros/humble/lib/x86_64-linux-gnu:/opt/ros/humble/lib'), ('HOME', '/home/sameer'), ('OLDPWD', '/home/sameer/cpp_files/ros2_cpp/src'), ('DESKTOP_SESSION', 'ubuntu'), ('GIO_LAUNCHED_DESKTOP_FILE', '/usr/share/applications/terminator.desktop'), ('ROS_PYTHON_VERSION', '3'), ('GNOME_SHELL_SESSION_MODE', 'ubuntu'), ('GTK_MODULES', 'gail:atk-bridge'), ('MANAGERPID', '1411'), ('SYSTEMD_EXEC_PID', '1708'), ('DBUS_SESSION_BUS_ADDRESS', 'unix:path=/run/user/1000/bus'), ('COLORTERM', 'truecolor'), ('TERMINATOR_DBUS_NAME', 'net.tenshu.Terminator23558193cd9818af7fe4d2c2f5bd9d00f'), ('GIO_LAUNCHED_DESKTOP_FILE_PID', '14891'), ('COLCON_PREFIX_PATH', '/home/sameer/ros2_ws/install'), ('ROS_DISTRO', 'humble'), ('GTK_IM_MODULE', 'ibus'), ('LOGNAME', 'sameer'), ('JOURNAL_STREAM', '8:30991'), ('_', '/usr/bin/colcon'), ('ROS_VERSION', '2'), ('XDG_SESSION_CLASS', 'user'), ('USERNAME', 'sameer'), ('TERM', 'xterm-256color'), ('GNOME_DESKTOP_SESSION_ID', 'this-is-deprecated'), ('ROS_LOCALHOST_ONLY', '0'), ('WINDOWPATH', '2'), ('PATH', '/opt/ros/humble/bin:/home/sameer/.local/bin:/usr/local/sbin:/usr/local/bin:/usr/sbin:/usr/bin:/sbin:/bin:/usr/games:/usr/local/games:/snap/bin:/snap/bin'), ('SESSION_MANAGER', 'local/sameer:@/tmp/.ICE-unix/1685,unix/sameer:/tmp/.ICE-unix/1685'), ('INVOCATION_ID', '304964dab8a740eaa42fb4108af4ef14'), ('XDG_MENU_PREFIX', 'gnome-'), ('XDG_RUNTIME_DIR', '/run/user/1000'), ('DISPLAY', ':1'), ('TERMINATOR_DBUS_PATH', '/net/tenshu/Terminator2'), ('LANG', 'en_US.UTF-8'), ('XDG_CURRENT_DESKTOP', 'ubuntu:GNOME'), ('IBUS_DISABLE_SNOOPER', '1'), ('XMODIFIERS', '@im=ibus'), ('XDG_SESSION_DESKTOP', 'ubuntu'), ('XAUTHORITY', '/run/user/1000/gdm/Xauthority'), ('LS_COLORS', 'rs=0:di=01;34:ln=01;36:mh=00:pi=40;33:so=01;35:do=01;35:bd=40;33;01:cd=40;33;01:or=40;31;01:mi=00:su=37;41:sg=30;43:ca=30;41:tw=30;42:ow=34;42:st=37;44:ex=01;32:*.tar=01;31:*.tgz=01;31:*.arc=01;31:*.arj=01;31:*.taz=01;31:*.lha=01;31:*.lz4=01;31:*.lzh=01;31:*.lzma=01;31:*.tlz=01;31:*.txz=01;31:*.tzo=01;31:*.t7z=01;31:*.zip=01;31:*.z=01;31:*.dz=01;31:*.gz=01;31:*.lrz=01;31:*.lz=01;31:*.lzo=01;31:*.xz=01;31:*.zst=01;31:*.tzst=01;31:*.bz2=01;31:*.bz=01;31:*.tbz=01;31:*.tbz2=01;31:*.tz=01;31:*.deb=01;31:*.rpm=01;31:*.jar=01;31:*.war=01;31:*.ear=01;31:*.sar=01;31:*.rar=01;31:*.alz=01;31:*.ace=01;31:*.zoo=01;31:*.cpio=01;31:*.7z=01;31:*.rz=01;31:*.cab=01;31:*.wim=01;31:*.swm=01;31:*.dwm=01;31:*.esd=01;31:*.jpg=01;35:*.jpeg=01;35:*.mjpg=01;35:*.mjpeg=01;35:*.gif=01;35:*.bmp=01;35:*.pbm=01;35:*.pgm=01;35:*.ppm=01;35:*.tga=01;35:*.xbm=01;35:*.xpm=01;35:*.tif=01;35:*.tiff=01;35:*.png=01;35:*.svg=01;35:*.svgz=01;35:*.mng=01;35:*.pcx=01;35:*.mov=01;35:*.mpg=01;35:*.mpeg=01;35:*.m2v=01;35:*.mkv=01;35:*.webm=01;35:*.webp=01;35:*.ogm=01;35:*.mp4=01;35:*.m4v=01;35:*.mp4v=01;35:*.vob=01;35:*.qt=01;35:*.nuv=01;35:*.wmv=01;35:*.asf=01;35:*.rm=01;35:*.rmvb=01;35:*.flc=01;35:*.avi=01;35:*.fli=01;35:*.flv=01;35:*.gl=01;35:*.dl=01;35:*.xcf=01;35:*.xwd=01;35:*.yuv=01;35:*.cgm=01;35:*.emf=01;35:*.ogv=01;35:*.ogx=01;35:*.aac=00;36:*.au=00;36:*.flac=00;36:*.m4a=00;36:*.mid=00;36:*.midi=00;36:*.mka=00;36:*.mp3=00;36:*.mpc=00;36:*.ogg=00;36:*.ra=00;36:*.wav=00;36:*.oga=00;36:*.opus=00;36:*.spx=00;36:*.xspf=00;36:'), ('SSH_AGENT_LAUNCHER', 'gnome-keyring'), ('SSH_AUTH_SOCK', '/run/user/1000/keyring/ssh'), ('AMENT_PREFIX_PATH', '/home/sameer/ros2_ws/install/my_robot_controller:/opt/ros/humble'), ('SHELL', '/bin/bash'), ('TERMINATOR_UUID', 'urn:uuid:6cc5f022-288e-4a5a-b90c-617c4ef93cbd'), ('QT_ACCESSIBILITY', '1'), ('GDMSESSION', 'ubuntu'), ('LESSCLOSE', '/usr/bin/lesspipe %s %s'), ('GPG_AGENT_INFO', '/run/user/1000/gnupg/S.gpg-agent:0:1'), ('GJS_DEBUG_OUTPUT', 'stderr'), ('QT_IM_MODULE', 'ibus'), ('PWD', '/home/sameer/cpp_files/ros2_cpp/src/cpp_pubsub/build/cpp_pubsub'), ('LC_ALL', 'en_US.UTF-8'), ('XDG_CONFIG_DIRS', '/etc/xdg/xdg-ubuntu:/etc/xdg'), ('XDG_DATA_DIRS', '/usr/share/ubuntu:/usr/share/gnome:/usr/local/share/:/usr/share/:/var/lib/snapd/desktop'), ('PYTHONPATH', '/home/sameer/ros2_ws/install/my_robot_controller/lib/python3.10/site-packages:/opt/ros/humble/lib/python3.10/site-packages:/opt/ros/humble/local/lib/python3.10/dist-packages'), ('COLCON', '1'), ('VTE_VERSION', '6800'), ('CMAKE_PREFIX_PATH', '/home/sameer/ros2_ws/install/my_robot_controller:/opt/ros/humble')]), 'shell': False}
[0.098929] (-) TimerEvent: {}
[0.199420] (-) TimerEvent: {}
[0.300520] (-) TimerEvent: {}
[0.395446] (cpp_pubsub) StdoutLine: {'line': b'-- Found ament_cmake: 1.3.9 (/opt/ros/humble/share/ament_cmake/cmake)\n'}
[0.400825] (-) TimerEvent: {}
[0.501887] (-) TimerEvent: {}
[0.602669] (-) TimerEvent: {}
[0.703004] (-) TimerEvent: {}
[0.803884] (-) TimerEvent: {}
[0.904278] (-) TimerEvent: {}
[1.004763] (-) TimerEvent: {}
[1.105560] (-) TimerEvent: {}
[1.206091] (-) TimerEvent: {}
[1.307052] (-) TimerEvent: {}
[1.321343] (cpp_pubsub) StdoutLine: {'line': b'-- Found rclcpp: 16.0.9 (/opt/ros/humble/share/rclcpp/cmake)\n'}
[1.407301] (-) TimerEvent: {}
[1.507930] (-) TimerEvent: {}
[1.608804] (-) TimerEvent: {}
[1.709832] (-) TimerEvent: {}
[1.810391] (-) TimerEvent: {}
[1.868611] (cpp_pubsub) StdoutLine: {'line': b'-- Found rosidl_generator_c: 3.1.5 (/opt/ros/humble/share/rosidl_generator_c/cmake)\n'}
[1.911041] (-) TimerEvent: {}
[1.954821] (cpp_pubsub) StdoutLine: {'line': b'-- Found rosidl_adapter: 3.1.5 (/opt/ros/humble/share/rosidl_adapter/cmake)\n'}
[2.011355] (-) TimerEvent: {}
[2.019515] (cpp_pubsub) StdoutLine: {'line': b'-- Found rosidl_generator_cpp: 3.1.5 (/opt/ros/humble/share/rosidl_generator_cpp/cmake)\n'}
[2.111653] (-) TimerEvent: {}
[2.130040] (cpp_pubsub) StdoutLine: {'line': b'-- Using all available rosidl_typesupport_c: rosidl_typesupport_fastrtps_c;rosidl_typesupport_introspection_c\n'}
[2.212008] (-) TimerEvent: {}
[2.218947] (cpp_pubsub) StdoutLine: {'line': b'-- Using all available rosidl_typesupport_cpp: rosidl_typesupport_fastrtps_cpp;rosidl_typesupport_introspection_cpp\n'}
[2.312287] (-) TimerEvent: {}
[2.413434] (-) TimerEvent: {}
[2.470170] (cpp_pubsub) StdoutLine: {'line': b'-- Found rmw_implementation_cmake: 6.1.2 (/opt/ros/humble/share/rmw_implementation_cmake/cmake)\n'}
[2.507355] (cpp_pubsub) StdoutLine: {'line': b'-- Found rmw_fastrtps_cpp: 6.2.6 (/opt/ros/humble/share/rmw_fastrtps_cpp/cmake)\n'}
[2.513724] (-) TimerEvent: {}
[2.614528] (-) TimerEvent: {}
[2.715022] (-) TimerEvent: {}
[2.815955] (-) TimerEvent: {}
[2.916823] (-) TimerEvent: {}
[3.017612] (-) TimerEvent: {}
[3.117994] (-) TimerEvent: {}
[3.141091] (cpp_pubsub) StdoutLine: {'line': b"-- Using RMW implementation 'rmw_fastrtps_cpp' as default\n"}
[3.218284] (-) TimerEvent: {}
[3.319832] (-) TimerEvent: {}
[3.420288] (-) TimerEvent: {}
[3.521093] (-) TimerEvent: {}
[3.621970] (-) TimerEvent: {}
[3.722332] (-) TimerEvent: {}
[3.799895] (cpp_pubsub) StdoutLine: {'line': b'-- Found lifecycle_msgs: 1.2.1 (/opt/ros/humble/share/lifecycle_msgs/cmake)\n'}
[3.822490] (-) TimerEvent: {}
[3.856133] (cpp_pubsub) StdoutLine: {'line': b'-- Found rclcpp_lifecycle: 16.0.9 (/opt/ros/humble/share/rclcpp_lifecycle/cmake)\n'}
[3.922689] (-) TimerEvent: {}
[3.928577] (cpp_pubsub) StdoutLine: {'line': b'-- Found rclcpp_action: 16.0.9 (/opt/ros/humble/share/rclcpp_action/cmake)\n'}
[4.022840] (-) TimerEvent: {}
[4.123196] (-) TimerEvent: {}
[4.179481] (cpp_pubsub) StdoutLine: {'line': b'-- Found example_interfaces: 0.9.3 (/opt/ros/humble/share/example_interfaces/cmake)\n'}
[4.223319] (-) TimerEvent: {}
[4.310366] (cpp_pubsub) StdoutLine: {'line': b'-- Found geometry_msgs: 4.2.3 (/opt/ros/humble/share/geometry_msgs/cmake)\n'}
[4.323446] (-) TimerEvent: {}
[4.420105] (cpp_pubsub) StdoutLine: {'line': b'-- Found tf2_ros: 0.25.6 (/opt/ros/humble/share/tf2_ros/cmake)\n'}
[4.423540] (-) TimerEvent: {}
[4.523889] (-) TimerEvent: {}
[4.624276] (-) TimerEvent: {}
[4.724665] (-) TimerEvent: {}
[4.825044] (-) TimerEvent: {}
[4.925415] (-) TimerEvent: {}
[5.011119] (cpp_pubsub) StdoutLine: {'line': b'-- Found tf2_geometry_msgs: 0.25.6 (/opt/ros/humble/share/tf2_geometry_msgs/cmake)\n'}
[5.025639] (-) TimerEvent: {}
[5.126547] (-) TimerEvent: {}
[5.155775] (cpp_pubsub) StdoutLine: {'line': b'-- Found eigen3_cmake_module: 0.1.1 (/opt/ros/humble/share/eigen3_cmake_module/cmake)\n'}
[5.170673] (cpp_pubsub) StdoutLine: {'line': b'-- Ensuring Eigen3 include directory is part of orocos-kdl CMake target\n'}
[5.207602] (cpp_pubsub) StdoutLine: {'line': b'-- Found nav_msgs: 4.2.3 (/opt/ros/humble/share/nav_msgs/cmake)\n'}
[5.226658] (-) TimerEvent: {}
[5.327013] (-) TimerEvent: {}
[5.406562] (cpp_pubsub) StdoutLine: {'line': b'-- Found ament_cmake_gtest: 1.3.9 (/opt/ros/humble/share/ament_cmake_gtest/cmake)\n'}
[5.409876] (cpp_pubsub) StdoutLine: {'line': b"-- Found gtest sources under '/opt/ros/humble/src/gtest_vendor': C++ tests using 'Google Test' will be built\n"}
[5.427289] (-) TimerEvent: {}
[5.527630] (-) TimerEvent: {}
[5.627970] (-) TimerEvent: {}
[5.633499] (cpp_pubsub) StdoutLine: {'line': b'-- Configuring done\n'}
[5.728217] (-) TimerEvent: {}
[5.829433] (-) TimerEvent: {}
[5.930554] (-) TimerEvent: {}
[5.959057] (cpp_pubsub) StdoutLine: {'line': b'-- Generating done\n'}
[5.989291] (cpp_pubsub) StdoutLine: {'line': b'-- Build files have been written to: /home/sameer/cpp_files/ros2_cpp/src/cpp_pubsub/build/cpp_pubsub\n'}
[6.030659] (-) TimerEvent: {}
[6.038742] (cpp_pubsub) StdoutLine: {'line': b'\x1b[35m\x1b[1mConsolidate compiler generated dependencies of target gtest_main\x1b[0m\n'}
[6.054667] (cpp_pubsub) StdoutLine: {'line': b'\x1b[35m\x1b[1mConsolidate compiler generated dependencies of target gtest\x1b[0m\n'}
[6.070042] (cpp_pubsub) StdoutLine: {'line': b'[ 22%] Built target gtest_main\n'}
[6.086747] (cpp_pubsub) StdoutLine: {'line': b'[ 44%] Built target gtest\n'}
[6.131319] (-) TimerEvent: {}
[6.171124] (cpp_pubsub) StdoutLine: {'line': b'\x1b[35m\x1b[1mConsolidate compiler generated dependencies of target pubsub_test\x1b[0m\n'}
[6.231497] (-) TimerEvent: {}
[6.242805] (cpp_pubsub) StdoutLine: {'line': b'[ 55%] \x1b[32mBuilding CXX object CMakeFiles/pubsub_test.dir/src/single_thread_spinner.cpp.o\x1b[0m\n'}
[6.331646] (-) TimerEvent: {}
[6.432016] (-) TimerEvent: {}
[6.532376] (-) TimerEvent: {}
[6.632738] (-) TimerEvent: {}
[6.733094] (-) TimerEvent: {}
[6.833488] (-) TimerEvent: {}
[6.933856] (-) TimerEvent: {}
[7.034245] (-) TimerEvent: {}
[7.134622] (-) TimerEvent: {}
[7.234990] (-) TimerEvent: {}
[7.335395] (-) TimerEvent: {}
[7.435771] (-) TimerEvent: {}
[7.536123] (-) TimerEvent: {}
[7.636504] (-) TimerEvent: {}
[7.736875] (-) TimerEvent: {}
[7.837294] (-) TimerEvent: {}
[7.937639] (-) TimerEvent: {}
[8.038035] (-) TimerEvent: {}
[8.138463] (-) TimerEvent: {}
[8.238848] (-) TimerEvent: {}
[8.339236] (-) TimerEvent: {}
[8.439599] (-) TimerEvent: {}
[8.539985] (-) TimerEvent: {}
[8.640359] (-) TimerEvent: {}
[8.740725] (-) TimerEvent: {}
[8.841094] (-) TimerEvent: {}
[8.941463] (-) TimerEvent: {}
[9.041827] (-) TimerEvent: {}
[9.142156] (-) TimerEvent: {}
[9.242532] (-) TimerEvent: {}
[9.342898] (-) TimerEvent: {}
[9.443362] (-) TimerEvent: {}
[9.543762] (-) TimerEvent: {}
[9.644126] (-) TimerEvent: {}
[9.744490] (-) TimerEvent: {}
[9.844860] (-) TimerEvent: {}
[9.945206] (-) TimerEvent: {}
[10.045610] (-) TimerEvent: {}
[10.146029] (-) TimerEvent: {}
[10.246440] (-) TimerEvent: {}
[10.346849] (-) TimerEvent: {}
[10.375342] (cpp_pubsub) StderrLine: {'line': b'\x1b[01m\x1b[K/home/sameer/cpp_files/ros2_cpp/src/cpp_pubsub/src/single_thread_spinner.cpp:\x1b[m\x1b[K In member function \xe2\x80\x98\x1b[01m\x1b[Kbool cpp_pubsub::SingleThreadSpinner::spin_some_all_nodes()\x1b[m\x1b[K\xe2\x80\x99:\n'}
[10.375755] (cpp_pubsub) StderrLine: {'line': b'\x1b[01m\x1b[K/home/sameer/cpp_files/ros2_cpp/src/cpp_pubsub/src/single_thread_spinner.cpp:124:50:\x1b[m\x1b[K \x1b[01;31m\x1b[Kerror: \x1b[m\x1b[Kqualified-id in declaration before \xe2\x80\x98\x1b[01m\x1b[K(\x1b[m\x1b[K\xe2\x80\x99 token\n'}
[10.376009] (cpp_pubsub) StderrLine: {'line': b'  124 |         void SingleThreadSpinner::spin_all_nodes_\x1b[01;31m\x1b[K(\x1b[m\x1b[K)\n'}
[10.376224] (cpp_pubsub) StderrLine: {'line': b'      |                                                  \x1b[01;31m\x1b[K^\x1b[m\x1b[K\n'}
[10.446976] (-) TimerEvent: {}
[10.547377] (-) TimerEvent: {}
[10.647764] (-) TimerEvent: {}
[10.748163] (-) TimerEvent: {}
[10.848562] (-) TimerEvent: {}
[10.948955] (-) TimerEvent: {}
[11.049343] (-) TimerEvent: {}
[11.131321] (cpp_pubsub) StderrLine: {'line': b'gmake[2]: *** [CMakeFiles/pubsub_test.dir/build.make:118: CMakeFiles/pubsub_test.dir/src/single_thread_spinner.cpp.o] Error 1\n'}
[11.131565] (cpp_pubsub) StderrLine: {'line': b'gmake[1]: *** [CMakeFiles/Makefile2:156: CMakeFiles/pubsub_test.dir/all] Error 2\n'}
[11.131835] (cpp_pubsub) StderrLine: {'line': b'gmake: *** [Makefile:146: all] Error 2\n'}
[11.135135] (cpp_pubsub) CommandEnded: {'returncode': 2}
[11.149476] (-) TimerEvent: {}
[11.216019] (cpp_pubsub) JobEnded: {'identifier': 'cpp_pubsub', 'rc': 2}
[11.227365] (-) EventReactorShutdown: {}
