[0.000000] (-) TimerEvent: {}
[0.000941] (cpp_pubsub) JobQueued: {'identifier': 'cpp_pubsub', 'dependencies': OrderedDict()}
[0.001323] (cpp_pubsub) JobStarted: {'identifier': 'cpp_pubsub'}
[0.098969] (-) TimerEvent: {}
[0.120950] (cpp_pubsub) JobProgress: {'identifier': 'cpp_pubsub', 'progress': 'cmake'}
[0.199089] (-) TimerEvent: {}
[0.205764] (cpp_pubsub) Command: {'cmd': ['/usr/bin/cmake', '/home/sameer/cpp_files/ros2_cpp/src/cpp_pubsub', '-DCMAKE_INSTALL_PREFIX=/home/sameer/cpp_files/ros2_cpp/install/cpp_pubsub'], 'cwd': '/home/sameer/cpp_files/ros2_cpp/build/cpp_pubsub', 'env': OrderedDict([('GJS_DEBUG_TOPICS', 'JS ERROR;JS LOG'), ('LESSOPEN', '| /usr/bin/lesspipe %s'), ('LANGUAGE', 'en_IN:en'), ('USER', 'sameer'), ('XDG_SESSION_TYPE', 'x11'), ('SHLVL', '1'), ('LD_LIBRARY_PATH', '/opt/ros/humble/opt/rviz_ogre_vendor/lib:/opt/ros/humble/lib/x86_64-linux-gnu:/opt/ros/humble/lib'), ('HOME', '/home/sameer'), ('OLDPWD', '/home/sameer/cpp_files'), ('DESKTOP_SESSION', 'ubuntu'), ('GIO_LAUNCHED_DESKTOP_FILE', '/usr/share/applications/terminator.desktop'), ('ROS_PYTHON_VERSION', '3'), ('GNOME_SHELL_SESSION_MODE', 'ubuntu'), ('GTK_MODULES', 'gail:atk-bridge'), ('MANAGERPID', '1417'), ('SYSTEMD_EXEC_PID', '1716'), ('DBUS_SESSION_BUS_ADDRESS', 'unix:path=/run/user/1000/bus'), ('COLORTERM', 'truecolor'), ('TERMINATOR_DBUS_NAME', 'net.tenshu.Terminator23558193cd9818af7fe4d2c2f5bd9d00f'), ('GIO_LAUNCHED_DESKTOP_FILE_PID', '11066'), ('COLCON_PREFIX_PATH', '/home/sameer/ros2_ws/install'), ('ROS_DISTRO', 'humble'), ('GTK_IM_MODULE', 'ibus'), ('LOGNAME', 'sameer'), ('JOURNAL_STREAM', '8:30082'), ('_', '/usr/bin/colcon'), ('ROS_VERSION', '2'), ('XDG_SESSION_CLASS', 'user'), ('USERNAME', 'sameer'), ('TERM', 'xterm-256color'), ('GNOME_DESKTOP_SESSION_ID', 'this-is-deprecated'), ('ROS_LOCALHOST_ONLY', '0'), ('WINDOWPATH', '2'), ('PATH', '/opt/ros/humble/bin:/home/sameer/.local/bin:/usr/local/sbin:/usr/local/bin:/usr/sbin:/usr/bin:/sbin:/bin:/usr/games:/usr/local/games:/snap/bin:/snap/bin'), ('SESSION_MANAGER', 'local/sameer:@/tmp/.ICE-unix/1693,unix/sameer:/tmp/.ICE-unix/1693'), ('INVOCATION_ID', '4f683ea6e6a142af95fbf745f7a5d5c8'), ('XDG_MENU_PREFIX', 'gnome-'), ('XDG_RUNTIME_DIR', '/run/user/1000'), ('DISPLAY', ':1'), ('TERMINATOR_DBUS_PATH', '/net/tenshu/Terminator2'), ('LANG', 'en_US.UTF-8'), ('XDG_CURRENT_DESKTOP', 'ubuntu:GNOME'), ('IBUS_DISABLE_SNOOPER', '1'), ('XMODIFIERS', '@im=ibus'), ('XDG_SESSION_DESKTOP', 'ubuntu'), ('XAUTHORITY', '/run/user/1000/gdm/Xauthority'), ('LS_COLORS', 'rs=0:di=01;34:ln=01;36:mh=00:pi=40;33:so=01;35:do=01;35:bd=40;33;01:cd=40;33;01:or=40;31;01:mi=00:su=37;41:sg=30;43:ca=30;41:tw=30;42:ow=34;42:st=37;44:ex=01;32:*.tar=01;31:*.tgz=01;31:*.arc=01;31:*.arj=01;31:*.taz=01;31:*.lha=01;31:*.lz4=01;31:*.lzh=01;31:*.lzma=01;31:*.tlz=01;31:*.txz=01;31:*.tzo=01;31:*.t7z=01;31:*.zip=01;31:*.z=01;31:*.dz=01;31:*.gz=01;31:*.lrz=01;31:*.lz=01;31:*.lzo=01;31:*.xz=01;31:*.zst=01;31:*.tzst=01;31:*.bz2=01;31:*.bz=01;31:*.tbz=01;31:*.tbz2=01;31:*.tz=01;31:*.deb=01;31:*.rpm=01;31:*.jar=01;31:*.war=01;31:*.ear=01;31:*.sar=01;31:*.rar=01;31:*.alz=01;31:*.ace=01;31:*.zoo=01;31:*.cpio=01;31:*.7z=01;31:*.rz=01;31:*.cab=01;31:*.wim=01;31:*.swm=01;31:*.dwm=01;31:*.esd=01;31:*.jpg=01;35:*.jpeg=01;35:*.mjpg=01;35:*.mjpeg=01;35:*.gif=01;35:*.bmp=01;35:*.pbm=01;35:*.pgm=01;35:*.ppm=01;35:*.tga=01;35:*.xbm=01;35:*.xpm=01;35:*.tif=01;35:*.tiff=01;35:*.png=01;35:*.svg=01;35:*.svgz=01;35:*.mng=01;35:*.pcx=01;35:*.mov=01;35:*.mpg=01;35:*.mpeg=01;35:*.m2v=01;35:*.mkv=01;35:*.webm=01;35:*.webp=01;35:*.ogm=01;35:*.mp4=01;35:*.m4v=01;35:*.mp4v=01;35:*.vob=01;35:*.qt=01;35:*.nuv=01;35:*.wmv=01;35:*.asf=01;35:*.rm=01;35:*.rmvb=01;35:*.flc=01;35:*.avi=01;35:*.fli=01;35:*.flv=01;35:*.gl=01;35:*.dl=01;35:*.xcf=01;35:*.xwd=01;35:*.yuv=01;35:*.cgm=01;35:*.emf=01;35:*.ogv=01;35:*.ogx=01;35:*.aac=00;36:*.au=00;36:*.flac=00;36:*.m4a=00;36:*.mid=00;36:*.midi=00;36:*.mka=00;36:*.mp3=00;36:*.mpc=00;36:*.ogg=00;36:*.ra=00;36:*.wav=00;36:*.oga=00;36:*.opus=00;36:*.spx=00;36:*.xspf=00;36:'), ('SSH_AGENT_LAUNCHER', 'gnome-keyring'), ('SSH_AUTH_SOCK', '/run/user/1000/keyring/ssh'), ('AMENT_PREFIX_PATH', '/home/sameer/ros2_ws/install/my_robot_controller:/opt/ros/humble'), ('SHELL', '/bin/bash'), ('TERMINATOR_UUID', 'urn:uuid:375f4a8a-9cec-4826-a79f-8d964fb99438'), ('QT_ACCESSIBILITY', '1'), ('GDMSESSION', 'ubuntu'), ('LESSCLOSE', '/usr/bin/lesspipe %s %s'), ('GPG_AGENT_INFO', '/run/user/1000/gnupg/S.gpg-agent:0:1'), ('GJS_DEBUG_OUTPUT', 'stderr'), ('QT_IM_MODULE', 'ibus'), ('PWD', '/home/sameer/cpp_files/ros2_cpp/build/cpp_pubsub'), ('LC_ALL', 'en_US.UTF-8'), ('XDG_CONFIG_DIRS', '/etc/xdg/xdg-ubuntu:/etc/xdg'), ('XDG_DATA_DIRS', '/usr/share/ubuntu:/usr/share/gnome:/usr/local/share/:/usr/share/:/var/lib/snapd/desktop'), ('PYTHONPATH', '/home/sameer/ros2_ws/install/my_robot_controller/lib/python3.10/site-packages:/opt/ros/humble/lib/python3.10/site-packages:/opt/ros/humble/local/lib/python3.10/dist-packages'), ('COLCON', '1'), ('VTE_VERSION', '6800'), ('CMAKE_PREFIX_PATH', '/home/sameer/ros2_ws/install/my_robot_controller:/opt/ros/humble')]), 'shell': False}
[0.299373] (-) TimerEvent: {}
[0.400055] (-) TimerEvent: {}
[0.500715] (-) TimerEvent: {}
[0.601911] (-) TimerEvent: {}
[0.702569] (-) TimerEvent: {}
[0.803463] (-) TimerEvent: {}
[0.904430] (-) TimerEvent: {}
[1.004884] (-) TimerEvent: {}
[1.105310] (-) TimerEvent: {}
[1.205871] (-) TimerEvent: {}
[1.306592] (-) TimerEvent: {}
[1.407428] (-) TimerEvent: {}
[1.507815] (-) TimerEvent: {}
[1.608415] (-) TimerEvent: {}
[1.709468] (-) TimerEvent: {}
[1.810171] (-) TimerEvent: {}
[1.911269] (-) TimerEvent: {}
[2.012304] (-) TimerEvent: {}
[2.112911] (-) TimerEvent: {}
[2.214189] (-) TimerEvent: {}
[2.315777] (-) TimerEvent: {}
[2.416272] (-) TimerEvent: {}
[2.517047] (-) TimerEvent: {}
[2.618065] (-) TimerEvent: {}
[2.719191] (-) TimerEvent: {}
[2.820218] (-) TimerEvent: {}
[2.920987] (-) TimerEvent: {}
[2.969628] (cpp_pubsub) StdoutLine: {'line': b'-- The C compiler identification is GNU 11.4.0\n'}
[3.021119] (-) TimerEvent: {}
[3.121569] (-) TimerEvent: {}
[3.221939] (-) TimerEvent: {}
[3.322378] (-) TimerEvent: {}
[3.422791] (-) TimerEvent: {}
[3.443742] (cpp_pubsub) StdoutLine: {'line': b'-- The CXX compiler identification is GNU 11.4.0\n'}
[3.490035] (cpp_pubsub) StdoutLine: {'line': b'-- Detecting C compiler ABI info\n'}
[3.522917] (-) TimerEvent: {}
[3.623523] (-) TimerEvent: {}
[3.724033] (-) TimerEvent: {}
[3.801553] (cpp_pubsub) StdoutLine: {'line': b'-- Detecting C compiler ABI info - done\n'}
[3.824158] (-) TimerEvent: {}
[3.829252] (cpp_pubsub) StdoutLine: {'line': b'-- Check for working C compiler: /usr/bin/cc - skipped\n'}
[3.831512] (cpp_pubsub) StdoutLine: {'line': b'-- Detecting C compile features\n'}
[3.836409] (cpp_pubsub) StdoutLine: {'line': b'-- Detecting C compile features - done\n'}
[3.846842] (cpp_pubsub) StdoutLine: {'line': b'-- Detecting CXX compiler ABI info\n'}
[3.924417] (-) TimerEvent: {}
[4.025001] (-) TimerEvent: {}
[4.125461] (-) TimerEvent: {}
[4.137748] (cpp_pubsub) StdoutLine: {'line': b'-- Detecting CXX compiler ABI info - done\n'}
[4.164428] (cpp_pubsub) StdoutLine: {'line': b'-- Check for working CXX compiler: /usr/bin/c++ - skipped\n'}
[4.165228] (cpp_pubsub) StdoutLine: {'line': b'-- Detecting CXX compile features\n'}
[4.166565] (cpp_pubsub) StdoutLine: {'line': b'-- Detecting CXX compile features - done\n'}
[4.225573] (-) TimerEvent: {}
[4.323933] (cpp_pubsub) StdoutLine: {'line': b'-- Found ament_cmake: 1.3.8 (/opt/ros/humble/share/ament_cmake/cmake)\n'}
[4.325680] (-) TimerEvent: {}
[4.426076] (-) TimerEvent: {}
[4.526506] (-) TimerEvent: {}
[4.627124] (-) TimerEvent: {}
[4.728431] (-) TimerEvent: {}
[4.835324] (-) TimerEvent: {}
[4.907918] (cpp_pubsub) StdoutLine: {'line': b'-- Found Python3: /usr/bin/python3 (found version "3.10.12") found components: Interpreter \n'}
[4.935444] (-) TimerEvent: {}
[5.035872] (-) TimerEvent: {}
[5.136274] (-) TimerEvent: {}
[5.236716] (-) TimerEvent: {}
[5.337095] (-) TimerEvent: {}
[5.437502] (-) TimerEvent: {}
[5.483374] (cpp_pubsub) StdoutLine: {'line': b'-- Found lifecycle_msgs: 1.2.1 (/opt/ros/humble/share/lifecycle_msgs/cmake)\n'}
[5.537632] (-) TimerEvent: {}
[5.638071] (-) TimerEvent: {}
[5.738488] (-) TimerEvent: {}
[5.812383] (cpp_pubsub) StdoutLine: {'line': b'-- Found rosidl_generator_c: 3.1.5 (/opt/ros/humble/share/rosidl_generator_c/cmake)\n'}
[5.831618] (cpp_pubsub) StdoutLine: {'line': b'-- Found rosidl_adapter: 3.1.5 (/opt/ros/humble/share/rosidl_adapter/cmake)\n'}
[5.838614] (-) TimerEvent: {}
[5.928451] (cpp_pubsub) StdoutLine: {'line': b'-- Found rosidl_generator_cpp: 3.1.5 (/opt/ros/humble/share/rosidl_generator_cpp/cmake)\n'}
[5.938727] (-) TimerEvent: {}
[6.023116] (cpp_pubsub) StdoutLine: {'line': b'-- Using all available rosidl_typesupport_c: rosidl_typesupport_fastrtps_c;rosidl_typesupport_introspection_c\n'}
[6.038876] (-) TimerEvent: {}
[6.139269] (-) TimerEvent: {}
[6.239659] (-) TimerEvent: {}
[6.340040] (-) TimerEvent: {}
[6.377415] (cpp_pubsub) StdoutLine: {'line': b'-- Using all available rosidl_typesupport_cpp: rosidl_typesupport_fastrtps_cpp;rosidl_typesupport_introspection_cpp\n'}
[6.440167] (-) TimerEvent: {}
[6.491648] (cpp_pubsub) StdoutLine: {'line': b'-- Found rclcpp_lifecycle: 16.0.8 (/opt/ros/humble/share/rclcpp_lifecycle/cmake)\n'}
[6.540284] (-) TimerEvent: {}
[6.640697] (-) TimerEvent: {}
[6.741149] (-) TimerEvent: {}
[6.841540] (-) TimerEvent: {}
[6.941960] (-) TimerEvent: {}
[7.042379] (-) TimerEvent: {}
[7.141861] (cpp_pubsub) StdoutLine: {'line': b'-- Found rmw_implementation_cmake: 6.1.1 (/opt/ros/humble/share/rmw_implementation_cmake/cmake)\n'}
[7.142463] (-) TimerEvent: {}
[7.158467] (cpp_pubsub) StdoutLine: {'line': b'-- Found rmw_fastrtps_cpp: 6.2.6 (/opt/ros/humble/share/rmw_fastrtps_cpp/cmake)\n'}
[7.242608] (-) TimerEvent: {}
[7.342992] (-) TimerEvent: {}
[7.443663] (-) TimerEvent: {}
[7.544094] (-) TimerEvent: {}
[7.644593] (-) TimerEvent: {}
[7.745192] (-) TimerEvent: {}
[7.846012] (-) TimerEvent: {}
[7.930066] (cpp_pubsub) StdoutLine: {'line': b'-- Found OpenSSL: /usr/lib/x86_64-linux-gnu/libcrypto.so (found version "3.0.2")  \n'}
[7.946154] (-) TimerEvent: {}
[8.046914] (-) TimerEvent: {}
[8.147847] (-) TimerEvent: {}
[8.226468] (cpp_pubsub) StdoutLine: {'line': b'-- Found FastRTPS: /opt/ros/humble/include  \n'}
[8.247984] (-) TimerEvent: {}
[8.329901] (cpp_pubsub) StdoutLine: {'line': b"-- Using RMW implementation 'rmw_fastrtps_cpp' as default\n"}
[8.348276] (-) TimerEvent: {}
[8.439511] (cpp_pubsub) StdoutLine: {'line': b'-- Looking for pthread.h\n'}
[8.448498] (-) TimerEvent: {}
[8.549149] (-) TimerEvent: {}
[8.649842] (-) TimerEvent: {}
[8.750779] (-) TimerEvent: {}
[8.758032] (cpp_pubsub) StdoutLine: {'line': b'-- Looking for pthread.h - found\n'}
[8.758538] (cpp_pubsub) StdoutLine: {'line': b'-- Performing Test CMAKE_HAVE_LIBC_PTHREAD\n'}
[8.851314] (-) TimerEvent: {}
[8.952650] (-) TimerEvent: {}
[9.028350] (cpp_pubsub) StdoutLine: {'line': b'-- Performing Test CMAKE_HAVE_LIBC_PTHREAD - Success\n'}
[9.031071] (cpp_pubsub) StdoutLine: {'line': b'-- Found Threads: TRUE  \n'}
[9.052853] (-) TimerEvent: {}
[9.153330] (-) TimerEvent: {}
[9.254391] (-) TimerEvent: {}
[9.355400] (-) TimerEvent: {}
[9.455841] (-) TimerEvent: {}
[9.556295] (-) TimerEvent: {}
[9.656876] (-) TimerEvent: {}
[9.757291] (-) TimerEvent: {}
[9.857704] (-) TimerEvent: {}
[9.958096] (-) TimerEvent: {}
[10.058542] (-) TimerEvent: {}
[10.158967] (-) TimerEvent: {}
[10.230024] (cpp_pubsub) StdoutLine: {'line': b'-- Found rclcpp_action: 16.0.8 (/opt/ros/humble/share/rclcpp_action/cmake)\n'}
[10.259099] (-) TimerEvent: {}
[10.359512] (-) TimerEvent: {}
[10.459912] (-) TimerEvent: {}
[10.531714] (cpp_pubsub) StdoutLine: {'line': b'-- Found example_interfaces: 0.9.3 (/opt/ros/humble/share/example_interfaces/cmake)\n'}
[10.560074] (-) TimerEvent: {}
[10.660509] (-) TimerEvent: {}
[10.685925] (cpp_pubsub) StdoutLine: {'line': b'-- Found geometry_msgs: 4.2.3 (/opt/ros/humble/share/geometry_msgs/cmake)\n'}
[10.760641] (-) TimerEvent: {}
[10.848608] (cpp_pubsub) StdoutLine: {'line': b'-- Found tf2_ros: 0.25.6 (/opt/ros/humble/share/tf2_ros/cmake)\n'}
[10.860770] (-) TimerEvent: {}
[10.961364] (-) TimerEvent: {}
[11.062084] (-) TimerEvent: {}
[11.162636] (-) TimerEvent: {}
[11.263215] (-) TimerEvent: {}
[11.363711] (-) TimerEvent: {}
[11.464170] (-) TimerEvent: {}
[11.564643] (-) TimerEvent: {}
[11.654665] (cpp_pubsub) StdoutLine: {'line': b'-- Found tf2_geometry_msgs: 0.25.6 (/opt/ros/humble/share/tf2_geometry_msgs/cmake)\n'}
[11.664775] (-) TimerEvent: {}
[11.765237] (-) TimerEvent: {}
[11.865638] (-) TimerEvent: {}
[11.966078] (-) TimerEvent: {}
[12.032347] (cpp_pubsub) StdoutLine: {'line': b'-- Found eigen3_cmake_module: 0.1.1 (/opt/ros/humble/share/eigen3_cmake_module/cmake)\n'}
[12.037461] (cpp_pubsub) StdoutLine: {'line': b'-- Found Eigen3: TRUE (found version "3.4.0") \n'}
[12.037891] (cpp_pubsub) StdoutLine: {'line': b'-- Ensuring Eigen3 include directory is part of orocos-kdl CMake target\n'}
[12.066191] (-) TimerEvent: {}
[12.085913] (cpp_pubsub) StdoutLine: {'line': b'-- Found nav_msgs: 4.2.3 (/opt/ros/humble/share/nav_msgs/cmake)\n'}
[12.166321] (-) TimerEvent: {}
[12.266744] (-) TimerEvent: {}
[12.308146] (cpp_pubsub) StdoutLine: {'line': b'-- Found ament_cmake_gtest: 1.3.8 (/opt/ros/humble/share/ament_cmake_gtest/cmake)\n'}
[12.366850] (-) TimerEvent: {}
[12.371011] (cpp_pubsub) StdoutLine: {'line': b"-- Found gtest sources under '/opt/ros/humble/src/gtest_vendor': C++ tests using 'Google Test' will be built\n"}
[12.466981] (-) TimerEvent: {}
[12.567422] (-) TimerEvent: {}
[12.667868] (-) TimerEvent: {}
[12.700184] (cpp_pubsub) StdoutLine: {'line': b'-- Configuring done\n'}
[12.768030] (-) TimerEvent: {}
[12.868665] (-) TimerEvent: {}
[12.969502] (-) TimerEvent: {}
[13.006935] (cpp_pubsub) StdoutLine: {'line': b'-- Generating done\n'}
[13.025600] (cpp_pubsub) StdoutLine: {'line': b'-- Build files have been written to: /home/sameer/cpp_files/ros2_cpp/build/cpp_pubsub\n'}
[13.069752] (-) TimerEvent: {}
[13.088225] (cpp_pubsub) CommandEnded: {'returncode': 0}
[13.089954] (cpp_pubsub) JobProgress: {'identifier': 'cpp_pubsub', 'progress': 'build'}
[13.093757] (cpp_pubsub) Command: {'cmd': ['/usr/bin/cmake', '--build', '/home/sameer/cpp_files/ros2_cpp/build/cpp_pubsub', '--', '-j4', '-l4'], 'cwd': '/home/sameer/cpp_files/ros2_cpp/build/cpp_pubsub', 'env': OrderedDict([('GJS_DEBUG_TOPICS', 'JS ERROR;JS LOG'), ('LESSOPEN', '| /usr/bin/lesspipe %s'), ('LANGUAGE', 'en_IN:en'), ('USER', 'sameer'), ('XDG_SESSION_TYPE', 'x11'), ('SHLVL', '1'), ('LD_LIBRARY_PATH', '/opt/ros/humble/opt/rviz_ogre_vendor/lib:/opt/ros/humble/lib/x86_64-linux-gnu:/opt/ros/humble/lib'), ('HOME', '/home/sameer'), ('OLDPWD', '/home/sameer/cpp_files'), ('DESKTOP_SESSION', 'ubuntu'), ('GIO_LAUNCHED_DESKTOP_FILE', '/usr/share/applications/terminator.desktop'), ('ROS_PYTHON_VERSION', '3'), ('GNOME_SHELL_SESSION_MODE', 'ubuntu'), ('GTK_MODULES', 'gail:atk-bridge'), ('MANAGERPID', '1417'), ('SYSTEMD_EXEC_PID', '1716'), ('DBUS_SESSION_BUS_ADDRESS', 'unix:path=/run/user/1000/bus'), ('COLORTERM', 'truecolor'), ('TERMINATOR_DBUS_NAME', 'net.tenshu.Terminator23558193cd9818af7fe4d2c2f5bd9d00f'), ('GIO_LAUNCHED_DESKTOP_FILE_PID', '11066'), ('COLCON_PREFIX_PATH', '/home/sameer/ros2_ws/install'), ('ROS_DISTRO', 'humble'), ('GTK_IM_MODULE', 'ibus'), ('LOGNAME', 'sameer'), ('JOURNAL_STREAM', '8:30082'), ('_', '/usr/bin/colcon'), ('ROS_VERSION', '2'), ('XDG_SESSION_CLASS', 'user'), ('USERNAME', 'sameer'), ('TERM', 'xterm-256color'), ('GNOME_DESKTOP_SESSION_ID', 'this-is-deprecated'), ('ROS_LOCALHOST_ONLY', '0'), ('WINDOWPATH', '2'), ('PATH', '/opt/ros/humble/bin:/home/sameer/.local/bin:/usr/local/sbin:/usr/local/bin:/usr/sbin:/usr/bin:/sbin:/bin:/usr/games:/usr/local/games:/snap/bin:/snap/bin'), ('SESSION_MANAGER', 'local/sameer:@/tmp/.ICE-unix/1693,unix/sameer:/tmp/.ICE-unix/1693'), ('INVOCATION_ID', '4f683ea6e6a142af95fbf745f7a5d5c8'), ('XDG_MENU_PREFIX', 'gnome-'), ('XDG_RUNTIME_DIR', '/run/user/1000'), ('DISPLAY', ':1'), ('TERMINATOR_DBUS_PATH', '/net/tenshu/Terminator2'), ('LANG', 'en_US.UTF-8'), ('XDG_CURRENT_DESKTOP', 'ubuntu:GNOME'), ('IBUS_DISABLE_SNOOPER', '1'), ('XMODIFIERS', '@im=ibus'), ('XDG_SESSION_DESKTOP', 'ubuntu'), ('XAUTHORITY', '/run/user/1000/gdm/Xauthority'), ('LS_COLORS', 'rs=0:di=01;34:ln=01;36:mh=00:pi=40;33:so=01;35:do=01;35:bd=40;33;01:cd=40;33;01:or=40;31;01:mi=00:su=37;41:sg=30;43:ca=30;41:tw=30;42:ow=34;42:st=37;44:ex=01;32:*.tar=01;31:*.tgz=01;31:*.arc=01;31:*.arj=01;31:*.taz=01;31:*.lha=01;31:*.lz4=01;31:*.lzh=01;31:*.lzma=01;31:*.tlz=01;31:*.txz=01;31:*.tzo=01;31:*.t7z=01;31:*.zip=01;31:*.z=01;31:*.dz=01;31:*.gz=01;31:*.lrz=01;31:*.lz=01;31:*.lzo=01;31:*.xz=01;31:*.zst=01;31:*.tzst=01;31:*.bz2=01;31:*.bz=01;31:*.tbz=01;31:*.tbz2=01;31:*.tz=01;31:*.deb=01;31:*.rpm=01;31:*.jar=01;31:*.war=01;31:*.ear=01;31:*.sar=01;31:*.rar=01;31:*.alz=01;31:*.ace=01;31:*.zoo=01;31:*.cpio=01;31:*.7z=01;31:*.rz=01;31:*.cab=01;31:*.wim=01;31:*.swm=01;31:*.dwm=01;31:*.esd=01;31:*.jpg=01;35:*.jpeg=01;35:*.mjpg=01;35:*.mjpeg=01;35:*.gif=01;35:*.bmp=01;35:*.pbm=01;35:*.pgm=01;35:*.ppm=01;35:*.tga=01;35:*.xbm=01;35:*.xpm=01;35:*.tif=01;35:*.tiff=01;35:*.png=01;35:*.svg=01;35:*.svgz=01;35:*.mng=01;35:*.pcx=01;35:*.mov=01;35:*.mpg=01;35:*.mpeg=01;35:*.m2v=01;35:*.mkv=01;35:*.webm=01;35:*.webp=01;35:*.ogm=01;35:*.mp4=01;35:*.m4v=01;35:*.mp4v=01;35:*.vob=01;35:*.qt=01;35:*.nuv=01;35:*.wmv=01;35:*.asf=01;35:*.rm=01;35:*.rmvb=01;35:*.flc=01;35:*.avi=01;35:*.fli=01;35:*.flv=01;35:*.gl=01;35:*.dl=01;35:*.xcf=01;35:*.xwd=01;35:*.yuv=01;35:*.cgm=01;35:*.emf=01;35:*.ogv=01;35:*.ogx=01;35:*.aac=00;36:*.au=00;36:*.flac=00;36:*.m4a=00;36:*.mid=00;36:*.midi=00;36:*.mka=00;36:*.mp3=00;36:*.mpc=00;36:*.ogg=00;36:*.ra=00;36:*.wav=00;36:*.oga=00;36:*.opus=00;36:*.spx=00;36:*.xspf=00;36:'), ('SSH_AGENT_LAUNCHER', 'gnome-keyring'), ('SSH_AUTH_SOCK', '/run/user/1000/keyring/ssh'), ('AMENT_PREFIX_PATH', '/home/sameer/ros2_ws/install/my_robot_controller:/opt/ros/humble'), ('SHELL', '/bin/bash'), ('TERMINATOR_UUID', 'urn:uuid:375f4a8a-9cec-4826-a79f-8d964fb99438'), ('QT_ACCESSIBILITY', '1'), ('GDMSESSION', 'ubuntu'), ('LESSCLOSE', '/usr/bin/lesspipe %s %s'), ('GPG_AGENT_INFO', '/run/user/1000/gnupg/S.gpg-agent:0:1'), ('GJS_DEBUG_OUTPUT', 'stderr'), ('QT_IM_MODULE', 'ibus'), ('PWD', '/home/sameer/cpp_files/ros2_cpp/build/cpp_pubsub'), ('LC_ALL', 'en_US.UTF-8'), ('XDG_CONFIG_DIRS', '/etc/xdg/xdg-ubuntu:/etc/xdg'), ('XDG_DATA_DIRS', '/usr/share/ubuntu:/usr/share/gnome:/usr/local/share/:/usr/share/:/var/lib/snapd/desktop'), ('PYTHONPATH', '/home/sameer/ros2_ws/install/my_robot_controller/lib/python3.10/site-packages:/opt/ros/humble/lib/python3.10/site-packages:/opt/ros/humble/local/lib/python3.10/dist-packages'), ('COLCON', '1'), ('VTE_VERSION', '6800'), ('CMAKE_PREFIX_PATH', '/home/sameer/ros2_ws/install/my_robot_controller:/opt/ros/humble')]), 'shell': False}
[13.170026] (-) TimerEvent: {}
[13.228080] (cpp_pubsub) StdoutLine: {'line': b'\x1b[35m\x1b[1mConsolidate compiler generated dependencies of target gtest_main\x1b[0m\n'}
[13.258944] (cpp_pubsub) StdoutLine: {'line': b'[ 22%] Built target gtest_main\n'}
[13.270173] (-) TimerEvent: {}
[13.301339] (cpp_pubsub) StdoutLine: {'line': b'\x1b[35m\x1b[1mConsolidate compiler generated dependencies of target gtest\x1b[0m\n'}
[13.336157] (cpp_pubsub) StdoutLine: {'line': b'[ 44%] Built target gtest\n'}
[13.370312] (-) TimerEvent: {}
[13.384343] (cpp_pubsub) StdoutLine: {'line': b'\x1b[35m\x1b[1mConsolidate compiler generated dependencies of target pubsub_test\x1b[0m\n'}
[13.470478] (-) TimerEvent: {}
[13.499519] (cpp_pubsub) StdoutLine: {'line': b'[ 55%] \x1b[32mBuilding CXX object CMakeFiles/pubsub_test.dir/test/pubsub_test.cpp.o\x1b[0m\n'}
[13.570611] (-) TimerEvent: {}
[13.671034] (-) TimerEvent: {}
[13.771470] (-) TimerEvent: {}
[13.871940] (-) TimerEvent: {}
[13.972486] (-) TimerEvent: {}
[14.073201] (-) TimerEvent: {}
[14.173663] (-) TimerEvent: {}
[14.274261] (-) TimerEvent: {}
[14.374691] (-) TimerEvent: {}
[14.475104] (-) TimerEvent: {}
[14.575556] (-) TimerEvent: {}
[14.676287] (-) TimerEvent: {}
[14.776761] (-) TimerEvent: {}
[14.877178] (-) TimerEvent: {}
[14.977646] (-) TimerEvent: {}
[15.077983] (-) TimerEvent: {}
[15.178402] (-) TimerEvent: {}
[15.278824] (-) TimerEvent: {}
[15.379277] (-) TimerEvent: {}
[15.479747] (-) TimerEvent: {}
[15.580280] (-) TimerEvent: {}
[15.680769] (-) TimerEvent: {}
[15.781348] (-) TimerEvent: {}
[15.881761] (-) TimerEvent: {}
[15.982309] (-) TimerEvent: {}
[16.082740] (-) TimerEvent: {}
[16.183201] (-) TimerEvent: {}
[16.283569] (-) TimerEvent: {}
[16.383985] (-) TimerEvent: {}
[16.484470] (-) TimerEvent: {}
[16.585273] (-) TimerEvent: {}
[16.685665] (-) TimerEvent: {}
[16.786095] (-) TimerEvent: {}
[16.886667] (-) TimerEvent: {}
[16.987308] (-) TimerEvent: {}
[17.087765] (-) TimerEvent: {}
[17.188301] (-) TimerEvent: {}
[17.289066] (-) TimerEvent: {}
[17.389480] (-) TimerEvent: {}
[17.489949] (-) TimerEvent: {}
[17.590368] (-) TimerEvent: {}
[17.690789] (-) TimerEvent: {}
[17.791236] (-) TimerEvent: {}
[17.891657] (-) TimerEvent: {}
[17.992084] (-) TimerEvent: {}
[18.092509] (-) TimerEvent: {}
[18.192967] (-) TimerEvent: {}
[18.293463] (-) TimerEvent: {}
[18.394225] (-) TimerEvent: {}
[18.494982] (-) TimerEvent: {}
[18.595419] (-) TimerEvent: {}
[18.695919] (-) TimerEvent: {}
[18.796402] (-) TimerEvent: {}
[18.897001] (-) TimerEvent: {}
[18.997627] (-) TimerEvent: {}
[19.098140] (-) TimerEvent: {}
[19.198642] (-) TimerEvent: {}
[19.299209] (-) TimerEvent: {}
[19.399679] (-) TimerEvent: {}
[19.500124] (-) TimerEvent: {}
[19.600532] (-) TimerEvent: {}
[19.700920] (-) TimerEvent: {}
[19.801284] (-) TimerEvent: {}
[19.901653] (-) TimerEvent: {}
[20.002031] (-) TimerEvent: {}
[20.102603] (-) TimerEvent: {}
[20.203623] (-) TimerEvent: {}
[20.304644] (-) TimerEvent: {}
[20.405840] (-) TimerEvent: {}
[20.506455] (-) TimerEvent: {}
[20.607463] (-) TimerEvent: {}
[20.707889] (-) TimerEvent: {}
[20.808439] (-) TimerEvent: {}
[20.910242] (-) TimerEvent: {}
[21.152762] (-) TimerEvent: {}
[21.253340] (-) TimerEvent: {}
[21.353788] (-) TimerEvent: {}
[21.454253] (-) TimerEvent: {}
[21.554681] (-) TimerEvent: {}
[21.566521] (cpp_pubsub) StderrLine: {'line': b'In file included from \x1b[01m\x1b[K/home/sameer/cpp_files/ros2_cpp/src/cpp_pubsub/test/pubsub_test.cpp:4\x1b[m\x1b[K:\n'}
[21.566899] (cpp_pubsub) StderrLine: {'line': b'\x1b[01m\x1b[K/home/sameer/cpp_files/ros2_cpp/src/cpp_pubsub/include/cpp_pubsub/single_thread_spinner.hpp:39:49:\x1b[m\x1b[K \x1b[01;31m\x1b[Kerror: \x1b[m\x1b[Kredeclaration of \xe2\x80\x98\x1b[01m\x1b[Kstd::atomic<bool> cpp_pubsub::SingleThreadSpinner::cancel_spin_called_\x1b[m\x1b[K\xe2\x80\x99\n'}
[21.567137] (cpp_pubsub) StderrLine: {'line': b'   39 |         std::atomic<bool> cancel_spin_called_ = \x1b[01;31m\x1b[Kfalse\x1b[m\x1b[K;\n'}
[21.567342] (cpp_pubsub) StderrLine: {'line': b'      |                                                 \x1b[01;31m\x1b[K^~~~~\x1b[m\x1b[K\n'}
[21.567580] (cpp_pubsub) StderrLine: {'line': b'\x1b[01m\x1b[K/home/sameer/cpp_files/ros2_cpp/src/cpp_pubsub/include/cpp_pubsub/single_thread_spinner.hpp:30:27:\x1b[m\x1b[K \x1b[01;36m\x1b[Knote: \x1b[m\x1b[Kprevious declaration \xe2\x80\x98\x1b[01m\x1b[Kstd::atomic<bool> cpp_pubsub::SingleThreadSpinner::cancel_spin_called_\x1b[m\x1b[K\xe2\x80\x99\n'}
[21.567802] (cpp_pubsub) StderrLine: {'line': b'   30 |         std::atomic<bool> \x1b[01;36m\x1b[Kcancel_spin_called_\x1b[m\x1b[K = false;\n'}
[21.568000] (cpp_pubsub) StderrLine: {'line': b'      |                           \x1b[01;36m\x1b[K^~~~~~~~~~~~~~~~~~~\x1b[m\x1b[K\n'}
[21.654820] (-) TimerEvent: {}
[21.755252] (-) TimerEvent: {}
[21.855704] (-) TimerEvent: {}
[21.956130] (-) TimerEvent: {}
[22.056563] (-) TimerEvent: {}
[22.156999] (-) TimerEvent: {}
[22.257504] (-) TimerEvent: {}
[22.358487] (-) TimerEvent: {}
[22.458921] (-) TimerEvent: {}
[22.559366] (-) TimerEvent: {}
[22.629789] (cpp_pubsub) StderrLine: {'line': b'\x1b[01m\x1b[K/home/sameer/cpp_files/ros2_cpp/src/cpp_pubsub/test/pubsub_test.cpp:\x1b[m\x1b[K In member function \xe2\x80\x98\x1b[01m\x1b[Kvirtual void PubSubCommunication_pub_sub_communication_Test::TestBody()\x1b[m\x1b[K\xe2\x80\x99:\n'}
[22.630295] (cpp_pubsub) StderrLine: {'line': b'\x1b[01m\x1b[K/home/sameer/cpp_files/ros2_cpp/src/cpp_pubsub/test/pubsub_test.cpp:28:13:\x1b[m\x1b[K \x1b[01;31m\x1b[Kerror: \x1b[m\x1b[K\xe2\x80\x98\x1b[01m\x1b[Kclass std::shared_ptr<cpp_pubsub::SingleThreadSpinner>\x1b[m\x1b[K\xe2\x80\x99 has no member named \xe2\x80\x98\x1b[01m\x1b[Kadd_node\x1b[m\x1b[K\xe2\x80\x99\n'}
[22.630597] (cpp_pubsub) StderrLine: {'line': b'   28 |     spinner.\x1b[01;31m\x1b[Kadd_node\x1b[m\x1b[K(pub_node->get_node_base_interface());\n'}
[22.630856] (cpp_pubsub) StderrLine: {'line': b'      |             \x1b[01;31m\x1b[K^~~~~~~~\x1b[m\x1b[K\n'}
[22.631285] (cpp_pubsub) StderrLine: {'line': b'\x1b[01m\x1b[K/home/sameer/cpp_files/ros2_cpp/src/cpp_pubsub/test/pubsub_test.cpp:29:13:\x1b[m\x1b[K \x1b[01;31m\x1b[Kerror: \x1b[m\x1b[K\xe2\x80\x98\x1b[01m\x1b[Kclass std::shared_ptr<cpp_pubsub::SingleThreadSpinner>\x1b[m\x1b[K\xe2\x80\x99 has no member named \xe2\x80\x98\x1b[01m\x1b[Kadd_node\x1b[m\x1b[K\xe2\x80\x99\n'}
[22.631592] (cpp_pubsub) StderrLine: {'line': b'   29 |     spinner.\x1b[01;31m\x1b[Kadd_node\x1b[m\x1b[K(sub_node->get_node_base_interface());\n'}
[22.631796] (cpp_pubsub) StderrLine: {'line': b'      |             \x1b[01;31m\x1b[K^~~~~~~~\x1b[m\x1b[K\n'}
[22.632026] (cpp_pubsub) StderrLine: {'line': b'\x1b[01m\x1b[K/home/sameer/cpp_files/ros2_cpp/src/cpp_pubsub/test/pubsub_test.cpp:31:13:\x1b[m\x1b[K \x1b[01;31m\x1b[Kerror: \x1b[m\x1b[K\xe2\x80\x98\x1b[01m\x1b[Kclass std::shared_ptr<cpp_pubsub::SingleThreadSpinner>\x1b[m\x1b[K\xe2\x80\x99 has no member named \xe2\x80\x98\x1b[01m\x1b[Kspin_some_all_nodes\x1b[m\x1b[K\xe2\x80\x99\n'}
[22.632286] (cpp_pubsub) StderrLine: {'line': b'   31 |     spinner.\x1b[01;31m\x1b[Kspin_some_all_nodes\x1b[m\x1b[K();\n'}
[22.632531] (cpp_pubsub) StderrLine: {'line': b'      |             \x1b[01;31m\x1b[K^~~~~~~~~~~~~~~~~~~\x1b[m\x1b[K\n'}
[22.653193] (cpp_pubsub) StderrLine: {'line': b'In file included from \x1b[01m\x1b[K/opt/ros/humble/src/gtest_vendor/include/gtest/gtest.h:62\x1b[m\x1b[K,\n'}
[22.653550] (cpp_pubsub) StderrLine: {'line': b'                 from \x1b[01m\x1b[K/home/sameer/cpp_files/ros2_cpp/src/cpp_pubsub/test/pubsub_test.cpp:6\x1b[m\x1b[K:\n'}
[22.653801] (cpp_pubsub) StderrLine: {'line': b'\x1b[01m\x1b[K/home/sameer/cpp_files/ros2_cpp/src/cpp_pubsub/test/pubsub_test.cpp:34:17:\x1b[m\x1b[K \x1b[01;31m\x1b[Kerror: \x1b[m\x1b[K\xe2\x80\x98\x1b[01m\x1b[Ksub_pub\x1b[m\x1b[K\xe2\x80\x99 was not declared in this scope\n'}
[22.654054] (cpp_pubsub) StderrLine: {'line': b'   34 |     EXPECT_TRUE(\x1b[01;31m\x1b[Ksub_pub\x1b[m\x1b[K->has_data_been_received());\n'}
[22.654299] (cpp_pubsub) StderrLine: {'line': b'      |                 \x1b[01;31m\x1b[K^~~~~~~\x1b[m\x1b[K\n'}
[22.658640] (cpp_pubsub) StderrLine: {'line': b'\x1b[01m\x1b[K/home/sameer/cpp_files/ros2_cpp/src/cpp_pubsub/test/pubsub_test.cpp:\x1b[m\x1b[K In member function \xe2\x80\x98\x1b[01m\x1b[Kvirtual void PubSubCommunication_check_received_msg_Test::TestBody()\x1b[m\x1b[K\xe2\x80\x99:\n'}
[22.659145] (cpp_pubsub) StderrLine: {'line': b'\x1b[01m\x1b[K/home/sameer/cpp_files/ros2_cpp/src/cpp_pubsub/test/pubsub_test.cpp:58:13:\x1b[m\x1b[K \x1b[01;31m\x1b[Kerror: \x1b[m\x1b[K\xe2\x80\x98\x1b[01m\x1b[Kclass std::shared_ptr<cpp_pubsub::SingleThreadSpinner>\x1b[m\x1b[K\xe2\x80\x99 has no member named \xe2\x80\x98\x1b[01m\x1b[Kadd_node\x1b[m\x1b[K\xe2\x80\x99\n'}
[22.659623] (-) TimerEvent: {}
[22.660118] (cpp_pubsub) StderrLine: {'line': b'   58 |     spinner.\x1b[01;31m\x1b[Kadd_node\x1b[m\x1b[K(pub_node->get_node_base_interface());\n'}
[22.661123] (cpp_pubsub) StderrLine: {'line': b'      |             \x1b[01;31m\x1b[K^~~~~~~~\x1b[m\x1b[K\n'}
[22.661396] (cpp_pubsub) StderrLine: {'line': b'\x1b[01m\x1b[K/home/sameer/cpp_files/ros2_cpp/src/cpp_pubsub/test/pubsub_test.cpp:59:13:\x1b[m\x1b[K \x1b[01;31m\x1b[Kerror: \x1b[m\x1b[K\xe2\x80\x98\x1b[01m\x1b[Kclass std::shared_ptr<cpp_pubsub::SingleThreadSpinner>\x1b[m\x1b[K\xe2\x80\x99 has no member named \xe2\x80\x98\x1b[01m\x1b[Kadd_node\x1b[m\x1b[K\xe2\x80\x99\n'}
[22.661659] (cpp_pubsub) StderrLine: {'line': b'   59 |     spinner.\x1b[01;31m\x1b[Kadd_node\x1b[m\x1b[K(sub_node->get_node_base_interface());\n'}
[22.661942] (cpp_pubsub) StderrLine: {'line': b'      |             \x1b[01;31m\x1b[K^~~~~~~~\x1b[m\x1b[K\n'}
[22.662175] (cpp_pubsub) StderrLine: {'line': b'\x1b[01m\x1b[K/home/sameer/cpp_files/ros2_cpp/src/cpp_pubsub/test/pubsub_test.cpp:61:13:\x1b[m\x1b[K \x1b[01;31m\x1b[Kerror: \x1b[m\x1b[K\xe2\x80\x98\x1b[01m\x1b[Kclass std::shared_ptr<cpp_pubsub::SingleThreadSpinner>\x1b[m\x1b[K\xe2\x80\x99 has no member named \xe2\x80\x98\x1b[01m\x1b[Kspin_some_all_nodes\x1b[m\x1b[K\xe2\x80\x99\n'}
[22.662443] (cpp_pubsub) StderrLine: {'line': b'   61 |     spinner.\x1b[01;31m\x1b[Kspin_some_all_nodes\x1b[m\x1b[K();\n'}
[22.662672] (cpp_pubsub) StderrLine: {'line': b'      |             \x1b[01;31m\x1b[K^~~~~~~~~~~~~~~~~~~\x1b[m\x1b[K\n'}
[22.679869] (cpp_pubsub) StderrLine: {'line': b'In file included from \x1b[01m\x1b[K/opt/ros/humble/src/gtest_vendor/include/gtest/gtest.h:62\x1b[m\x1b[K,\n'}
[22.680272] (cpp_pubsub) StderrLine: {'line': b'                 from \x1b[01m\x1b[K/home/sameer/cpp_files/ros2_cpp/src/cpp_pubsub/test/pubsub_test.cpp:6\x1b[m\x1b[K:\n'}
[22.680567] (cpp_pubsub) StderrLine: {'line': b'\x1b[01m\x1b[K/home/sameer/cpp_files/ros2_cpp/src/cpp_pubsub/test/pubsub_test.cpp:64:17:\x1b[m\x1b[K \x1b[01;31m\x1b[Kerror: \x1b[m\x1b[K\xe2\x80\x98\x1b[01m\x1b[Ksub_pub\x1b[m\x1b[K\xe2\x80\x99 was not declared in this scope\n'}
[22.680825] (cpp_pubsub) StderrLine: {'line': b'   64 |     EXPECT_TRUE(\x1b[01;31m\x1b[Ksub_pub\x1b[m\x1b[K->has_data_been_received());\n'}
[22.681077] (cpp_pubsub) StderrLine: {'line': b'      |                 \x1b[01;31m\x1b[K^~~~~~~\x1b[m\x1b[K\n'}
[22.698661] (cpp_pubsub) StderrLine: {'line': b'In file included from \x1b[01m\x1b[K/opt/ros/humble/src/gtest_vendor/include/gtest/gtest.h:375\x1b[m\x1b[K,\n'}
[22.699005] (cpp_pubsub) StderrLine: {'line': b'                 from \x1b[01m\x1b[K/home/sameer/cpp_files/ros2_cpp/src/cpp_pubsub/test/pubsub_test.cpp:6\x1b[m\x1b[K:\n'}
[22.699257] (cpp_pubsub) StderrLine: {'line': b'\x1b[01m\x1b[K/home/sameer/cpp_files/ros2_cpp/src/cpp_pubsub/test/pubsub_test.cpp:66:18:\x1b[m\x1b[K \x1b[01;31m\x1b[Kerror: \x1b[m\x1b[K\xe2\x80\x98\x1b[01m\x1b[Ksub_pub\x1b[m\x1b[K\xe2\x80\x99 was not declared in this scope\n'}
[22.699517] (cpp_pubsub) StderrLine: {'line': b'   66 |     EXPECT_STREQ(\x1b[01;31m\x1b[Ksub_pub\x1b[m\x1b[K->get_received_msg().data.c_str(),"Hello, World! 0");\n'}
[22.699766] (cpp_pubsub) StderrLine: {'line': b'      |                  \x1b[01;31m\x1b[K^~~~~~~\x1b[m\x1b[K\n'}
[22.700442] (cpp_pubsub) StderrLine: {'line': b'In file included from \x1b[01m\x1b[K/opt/ros/humble/src/gtest_vendor/include/gtest/gtest.h:62\x1b[m\x1b[K,\n'}
[22.700682] (cpp_pubsub) StderrLine: {'line': b'                 from \x1b[01m\x1b[K/home/sameer/cpp_files/ros2_cpp/src/cpp_pubsub/test/pubsub_test.cpp:6\x1b[m\x1b[K:\n'}
[22.700860] (cpp_pubsub) StderrLine: {'line': b'\x1b[01m\x1b[K/home/sameer/cpp_files/ros2_cpp/src/cpp_pubsub/test/pubsub_test.cpp:\x1b[m\x1b[K At global scope:\n'}
[22.701032] (cpp_pubsub) StderrLine: {'line': b'\x1b[01m\x1b[K/home/sameer/cpp_files/ros2_cpp/src/cpp_pubsub/test/pubsub_test.cpp:70:6:\x1b[m\x1b[K \x1b[01;31m\x1b[Kerror: \x1b[m\x1b[Kredefinition of \xe2\x80\x98\x1b[01m\x1b[Kclass PubSubCommunication_check_received_msg_Test\x1b[m\x1b[K\xe2\x80\x99\n'}
[22.701252] (cpp_pubsub) StderrLine: {'line': b'   70 | TEST(\x1b[01;31m\x1b[KPubSubCommunication\x1b[m\x1b[K,check_received_msg)\n'}
[22.701430] (cpp_pubsub) StderrLine: {'line': b'      |      \x1b[01;31m\x1b[K^~~~~~~~~~~~~~~~~~~\x1b[m\x1b[K\n'}
[22.701598] (cpp_pubsub) StderrLine: {'line': b'\x1b[01m\x1b[K/home/sameer/cpp_files/ros2_cpp/src/cpp_pubsub/test/pubsub_test.cpp:40:6:\x1b[m\x1b[K \x1b[01;36m\x1b[Knote: \x1b[m\x1b[Kprevious definition of \xe2\x80\x98\x1b[01m\x1b[Kclass PubSubCommunication_check_received_msg_Test\x1b[m\x1b[K\xe2\x80\x99\n'}
[22.701773] (cpp_pubsub) StderrLine: {'line': b'   40 | TEST(\x1b[01;36m\x1b[KPubSubCommunication\x1b[m\x1b[K,check_received_msg)\n'}
[22.701942] (cpp_pubsub) StderrLine: {'line': b'      |      \x1b[01;36m\x1b[K^~~~~~~~~~~~~~~~~~~\x1b[m\x1b[K\n'}
[22.702112] (cpp_pubsub) StderrLine: {'line': b'\x1b[01m\x1b[K/home/sameer/cpp_files/ros2_cpp/src/cpp_pubsub/test/pubsub_test.cpp:70:6:\x1b[m\x1b[K \x1b[01;31m\x1b[Kerror: \x1b[m\x1b[Kredefinition of \xe2\x80\x98\x1b[01m\x1b[Ktesting::TestInfo* const PubSubCommunication_check_received_msg_Test::test_info_\x1b[m\x1b[K\xe2\x80\x99\n'}
[22.702315] (cpp_pubsub) StderrLine: {'line': b'   70 | TEST(\x1b[01;31m\x1b[KPubSubCommunication\x1b[m\x1b[K,check_received_msg)\n'}
[22.702488] (cpp_pubsub) StderrLine: {'line': b'      |      \x1b[01;31m\x1b[K^~~~~~~~~~~~~~~~~~~\x1b[m\x1b[K\n'}
[22.702667] (cpp_pubsub) StderrLine: {'line': b'\x1b[01m\x1b[K/home/sameer/cpp_files/ros2_cpp/src/cpp_pubsub/test/pubsub_test.cpp:40:6:\x1b[m\x1b[K \x1b[01;36m\x1b[Knote: \x1b[m\x1b[K\xe2\x80\x98\x1b[01m\x1b[Ktesting::TestInfo* const PubSubCommunication_check_received_msg_Test::test_info_\x1b[m\x1b[K\xe2\x80\x99 previously declared here\n'}
[22.702846] (cpp_pubsub) StderrLine: {'line': b'   40 | TEST(\x1b[01;36m\x1b[KPubSubCommunication\x1b[m\x1b[K,check_received_msg)\n'}
[22.703012] (cpp_pubsub) StderrLine: {'line': b'      |      \x1b[01;36m\x1b[K^~~~~~~~~~~~~~~~~~~\x1b[m\x1b[K\n'}
[22.703183] (cpp_pubsub) StderrLine: {'line': b'\x1b[01m\x1b[K/home/sameer/cpp_files/ros2_cpp/src/cpp_pubsub/test/pubsub_test.cpp:70:6:\x1b[m\x1b[K \x1b[01;31m\x1b[Kerror: \x1b[m\x1b[Kredefinition of \xe2\x80\x98\x1b[01m\x1b[Kvoid PubSubCommunication_check_received_msg_Test::TestBody()\x1b[m\x1b[K\xe2\x80\x99\n'}
[22.704317] (cpp_pubsub) StderrLine: {'line': b'   70 | TEST(\x1b[01;31m\x1b[KPubSubCommunication\x1b[m\x1b[K,check_received_msg)\n'}
[22.704644] (cpp_pubsub) StderrLine: {'line': b'      |      \x1b[01;31m\x1b[K^~~~~~~~~~~~~~~~~~~\x1b[m\x1b[K\n'}
[22.704846] (cpp_pubsub) StderrLine: {'line': b'\x1b[01m\x1b[K/home/sameer/cpp_files/ros2_cpp/src/cpp_pubsub/test/pubsub_test.cpp:40:6:\x1b[m\x1b[K \x1b[01;36m\x1b[Knote: \x1b[m\x1b[K\xe2\x80\x98\x1b[01m\x1b[Kvirtual void PubSubCommunication_check_received_msg_Test::TestBody()\x1b[m\x1b[K\xe2\x80\x99 previously defined here\n'}
[22.705064] (cpp_pubsub) StderrLine: {'line': b'   40 | TEST(\x1b[01;36m\x1b[KPubSubCommunication\x1b[m\x1b[K,check_received_msg)\n'}
[22.705824] (cpp_pubsub) StderrLine: {'line': b'      |      \x1b[01;36m\x1b[K^~~~~~~~~~~~~~~~~~~\x1b[m\x1b[K\n'}
[22.759910] (-) TimerEvent: {}
[22.860728] (-) TimerEvent: {}
[22.961412] (-) TimerEvent: {}
[23.062408] (-) TimerEvent: {}
[23.164169] (-) TimerEvent: {}
[23.264595] (-) TimerEvent: {}
[23.365080] (-) TimerEvent: {}
[23.465587] (-) TimerEvent: {}
[23.566054] (-) TimerEvent: {}
[23.666487] (-) TimerEvent: {}
[23.766920] (-) TimerEvent: {}
[23.867365] (-) TimerEvent: {}
[23.967797] (-) TimerEvent: {}
[24.068212] (-) TimerEvent: {}
[24.168801] (-) TimerEvent: {}
[24.269215] (-) TimerEvent: {}
[24.352354] (cpp_pubsub) StderrLine: {'line': b'gmake[2]: *** [CMakeFiles/pubsub_test.dir/build.make:76: CMakeFiles/pubsub_test.dir/test/pubsub_test.cpp.o] Error 1\n'}
[24.352755] (cpp_pubsub) StderrLine: {'line': b'gmake[1]: *** [CMakeFiles/Makefile2:156: CMakeFiles/pubsub_test.dir/all] Error 2\n'}
[24.353057] (cpp_pubsub) StderrLine: {'line': b'gmake: *** [Makefile:146: all] Error 2\n'}
[24.357105] (cpp_pubsub) CommandEnded: {'returncode': 2}
[24.369339] (-) TimerEvent: {}
[24.469821] (-) TimerEvent: {}
[24.570775] (-) TimerEvent: {}
[24.671735] (-) TimerEvent: {}
[24.772196] (-) TimerEvent: {}
[24.873059] (-) TimerEvent: {}
[24.974086] (-) TimerEvent: {}
[25.075112] (-) TimerEvent: {}
[25.136937] (cpp_pubsub) JobEnded: {'identifier': 'cpp_pubsub', 'rc': 2}
[25.148379] (-) EventReactorShutdown: {}
