[0.018s] Invoking command in '/home/sameer/cpp_files/ros2_cpp/build/cpp_pubsub': CMAKE_PREFIX_PATH=/home/sameer/ros2_ws/install/my_robot_controller:/opt/ros/humble /usr/bin/cmake --build /home/sameer/cpp_files/ros2_cpp/build/cpp_pubsub -- -j4 -l4
[0.115s] [ 22%] Built target gtest_main
[0.116s] [ 44%] Built target gtest
[0.148s] [35m[1mConsolidate compiler generated dependencies of target pubsub_test[0m
[0.203s] [ 55%] [32mBuilding CXX object CMakeFiles/pubsub_test.dir/test/pubsub_test.cpp.o[0m
[0.204s] [ 66%] [32mBuilding CXX object CMakeFiles/pubsub_test.dir/src/publisher_member_function.cpp.o[0m
[0.206s] [ 77%] [32mBuilding CXX object CMakeFiles/pubsub_test.dir/src/subscriber_member_function.cpp.o[0m
[0.213s] [ 88%] [32mBuilding CXX object CMakeFiles/pubsub_test.dir/src/single_thread_spinner.cpp.o[0m
[1.275s] [01m[K/home/sameer/cpp_files/ros2_cpp/src/cpp_pubsub/src/publisher_member_function.cpp:8:10:[m[K [01;31m[Kfatal error: [m[Kpublisher_member_function.hpp: No such file or directory
[1.276s]     8 | #include [01;31m[K"publisher_member_function.hpp"[m[K
[1.276s]       |          [01;31m[K^~~~~~~~~~~~~~~~~~~~~~~~~~~~~~~[m[K
[1.276s] compilation terminated.
[1.285s] gmake[2]: *** [CMakeFiles/pubsub_test.dir/build.make:90: CMakeFiles/pubsub_test.dir/src/publisher_member_function.cpp.o] Error 1
[1.285s] gmake[2]: *** Waiting for unfinished jobs....
[6.094s] [01m[K/home/sameer/cpp_files/ros2_cpp/src/cpp_pubsub/src/single_thread_spinner.cpp:[m[K In member function â€˜[01m[Kbool cpp_pubsub::SingleThreadSpinner::add_node(rclcpp::node_interfaces::NodeBaseInterface::SharedPtr)[m[Kâ€™:
[6.094s] [01m[K/home/sameer/cpp_files/ros2_cpp/src/cpp_pubsub/src/single_thread_spinner.cpp:46:32:[m[K [01;31m[Kerror: [m[Kâ€˜[01m[Krclcpp::executors::SingleThreadExecutor[m[Kâ€™ has not been declared
[6.094s]    46 |             rclcpp::executors::[01;31m[KSingleThreadExecutor[m[K::add_node(node);
[6.094s]       |                                [01;31m[K^~~~~~~~~~~~~~~~~~~~[m[K
[6.096s] [01m[K/home/sameer/cpp_files/ros2_cpp/src/cpp_pubsub/src/single_thread_spinner.cpp:[m[K In member function â€˜[01m[Kbool cpp_pubsub::SingleThreadSpinner::remove_node(rclcpp::node_interfaces::NodeBaseInterface::SharedPtr)[m[Kâ€™:
[6.096s] [01m[K/home/sameer/cpp_files/ros2_cpp/src/cpp_pubsub/src/single_thread_spinner.cpp:61:32:[m[K [01;31m[Kerror: [m[Kâ€˜[01m[Krclcpp::executors::SingleThreadExecutor[m[Kâ€™ has not been declared
[6.096s]    61 |             rclcpp::executors::[01;31m[KSingleThreadExecutor[m[K::remove_node(node);
[6.096s]       |                                [01;31m[K^~~~~~~~~~~~~~~~~~~~[m[K
[6.099s] [01m[K/home/sameer/cpp_files/ros2_cpp/src/cpp_pubsub/src/single_thread_spinner.cpp:[m[K In member function â€˜[01m[Kbool cpp_pubsub::SingleThreadSpinner::cancel_all_spin()[m[Kâ€™:
[6.099s] [01m[K/home/sameer/cpp_files/ros2_cpp/src/cpp_pubsub/src/single_thread_spinner.cpp:79:9:[m[K [01;35m[Kwarning: [m[Kthis â€˜[01m[Kwhile[m[Kâ€™ clause does not guard... [[01;35m[K]8;;https://gcc.gnu.org/onlinedocs/gcc/Warning-Options.html#index-Wmisleading-indentation-Wmisleading-indentation]8;;[m[K]
[6.099s]    79 |         [01;35m[Kwhile[m[K(are_all_nodes_spinning_.load());
[6.099s]       |         [01;35m[K^~~~~[m[K
[6.100s] [01m[K/home/sameer/cpp_files/ros2_cpp/src/cpp_pubsub/src/single_thread_spinner.cpp:81:13:[m[K [01;36m[Knote: [m[K...this statement, but the latter is misleadingly indented as if it were guarded by the â€˜[01m[Kwhile[m[Kâ€™
[6.100s]    81 |             [01;36m[Kstd[m[K::lock_guard<std::mutex> lock(mutex_);
[6.100s]       |             [01;36m[K^~~[m[K
[6.102s] [01m[K/home/sameer/cpp_files/ros2_cpp/src/cpp_pubsub/src/single_thread_spinner.cpp:[m[K In member function â€˜[01m[Kbool cpp_pubsub::SingleThreadSpinner::spin_some_all_nodes()[m[Kâ€™:
[6.102s] [01m[K/home/sameer/cpp_files/ros2_cpp/src/cpp_pubsub/src/single_thread_spinner.cpp:120:50:[m[K [01;31m[Kerror: [m[Kqualified-id in declaration before â€˜[01m[K([m[Kâ€™ token
[6.103s]   120 |         void SingleThreadSpinner::spin_all_nodes_[01;31m[K([m[K)
[6.103s]       |                                                  [01;31m[K^[m[K
[6.145s] [01m[K/home/sameer/cpp_files/ros2_cpp/src/cpp_pubsub/src/subscriber_member_function.cpp:43:24:[m[K [01;31m[Kerror: [m[Kâ€˜[01m[KMinimalSubcriber[m[Kâ€™ has not been declared
[6.145s]    43 |  std_msgs::msg::String [01;31m[KMinimalSubcriber[m[K::get_received_msg()
[6.146s]       |                        [01;31m[K^~~~~~~~~~~~~~~~[m[K
[6.153s] [01m[K/home/sameer/cpp_files/ros2_cpp/src/cpp_pubsub/src/subscriber_member_function.cpp:[m[K In function â€˜[01m[Kstd_msgs::msg::String cpp_pubsub::get_received_msg()[m[Kâ€™:
[6.153s] [01m[K/home/sameer/cpp_files/ros2_cpp/src/cpp_pubsub/src/subscriber_member_function.cpp:45:12:[m[K [01;31m[Kerror: [m[Kâ€˜[01m[Kreceived_msg_[m[Kâ€™ was not declared in this scope; did you mean â€˜[01m[Kget_received_msg[m[Kâ€™?
[6.153s]    45 |     return [01;31m[Kreceived_msg_[m[K;
[6.153s]       |            [01;31m[K^~~~~~~~~~~~~[m[K
[6.153s]       |            [32m[Kget_received_msg[m[K
[7.308s] gmake[2]: *** [CMakeFiles/pubsub_test.dir/build.make:118: CMakeFiles/pubsub_test.dir/src/single_thread_spinner.cpp.o] Error 1
[7.619s] [01m[K/home/sameer/cpp_files/ros2_cpp/src/cpp_pubsub/test/pubsub_test.cpp:[m[K In member function â€˜[01m[Kvirtual void PubSubCommunication_pub_sub_communication_Test::TestBody()[m[Kâ€™:
[7.619s] [01m[K/home/sameer/cpp_files/ros2_cpp/src/cpp_pubsub/test/pubsub_test.cpp:14:51:[m[K [01;31m[Kerror: [m[Kexpected primary-expression before â€˜[01m[K;[m[Kâ€™ token
[7.620s]    14 |     auto spinner = cpp_pubsub::SingleThreadSpinner[01;31m[K;[m[K
[7.620s]       |                                                   [01;31m[K^[m[K
[7.648s] [01m[K/home/sameer/cpp_files/ros2_cpp/src/cpp_pubsub/test/pubsub_test.cpp:29:22:[m[K [01;31m[Kerror: [m[Kâ€˜[01m[Kpub_node[m[Kâ€™ was not declared in this scope; did you mean â€˜[01m[Ksub_node[m[Kâ€™?
[7.648s]    29 |     spinner.add_node([01;31m[Kpub_node[m[K->get_node_base_interface());
[7.648s]       |                      [01;31m[K^~~~~~~~[m[K
[7.649s]       |                      [32m[Ksub_node[m[K
[7.655s] [01m[K/home/sameer/cpp_files/ros2_cpp/src/cpp_pubsub/test/pubsub_test.cpp:[m[K In member function â€˜[01m[Kvirtual void PubSubCommunication_check_received_msg_Test::TestBody()[m[Kâ€™:
[7.655s] [01m[K/home/sameer/cpp_files/ros2_cpp/src/cpp_pubsub/test/pubsub_test.cpp:61:13:[m[K [01;31m[Kerror: [m[Kâ€˜[01m[Kclass std::shared_ptr<cpp_pubsub::SingleThreadSpinner>[m[Kâ€™ has no member named â€˜[01m[Kadd_node[m[Kâ€™
[7.655s]    61 |     spinner.[01;31m[Kadd_node[m[K(pub_node->get_node_base_interface());
[7.656s]       |             [01;31m[K^~~~~~~~[m[K
[7.656s] [01m[K/home/sameer/cpp_files/ros2_cpp/src/cpp_pubsub/test/pubsub_test.cpp:62:13:[m[K [01;31m[Kerror: [m[Kâ€˜[01m[Kclass std::shared_ptr<cpp_pubsub::SingleThreadSpinner>[m[Kâ€™ has no member named â€˜[01m[Kadd_node[m[Kâ€™
[7.656s]    62 |     spinner.[01;31m[Kadd_node[m[K(sub_node->get_node_base_interface());
[7.656s]       |             [01;31m[K^~~~~~~~[m[K
[7.656s] [01m[K/home/sameer/cpp_files/ros2_cpp/src/cpp_pubsub/test/pubsub_test.cpp:64:13:[m[K [01;31m[Kerror: [m[Kâ€˜[01m[Kclass std::shared_ptr<cpp_pubsub::SingleThreadSpinner>[m[Kâ€™ has no member named â€˜[01m[Kspin_some_all_nodes[m[Kâ€™
[7.657s]    64 |     spinner.[01;31m[Kspin_some_all_nodes[m[K();
[7.657s]       |             [01;31m[K^~~~~~~~~~~~~~~~~~~[m[K
[7.657s] In file included from [01m[K/opt/ros/humble/src/gtest_vendor/include/gtest/gtest.h:62[m[K,
[7.657s]                  from [01m[K/home/sameer/cpp_files/ros2_cpp/src/cpp_pubsub/test/pubsub_test.cpp:6[m[K:
[7.658s] [01m[K/home/sameer/cpp_files/ros2_cpp/src/cpp_pubsub/test/pubsub_test.cpp:[m[K At global scope:
[7.658s] [01m[K/home/sameer/cpp_files/ros2_cpp/src/cpp_pubsub/test/pubsub_test.cpp:73:6:[m[K [01;31m[Kerror: [m[Kredefinition of â€˜[01m[Kclass PubSubCommunication_check_received_msg_Test[m[Kâ€™
[7.658s]    73 | TEST([01;31m[KPubSubCommunication[m[K,check_received_msg)
[7.658s]       |      [01;31m[K^~~~~~~~~~~~~~~~~~~[m[K
[7.658s] [01m[K/home/sameer/cpp_files/ros2_cpp/src/cpp_pubsub/test/pubsub_test.cpp:41:6:[m[K [01;36m[Knote: [m[Kprevious definition of â€˜[01m[Kclass PubSubCommunication_check_received_msg_Test[m[Kâ€™
[7.658s]    41 | TEST([01;36m[KPubSubCommunication[m[K,check_received_msg)
[7.659s]       |      [01;36m[K^~~~~~~~~~~~~~~~~~~[m[K
[7.659s] [01m[K/home/sameer/cpp_files/ros2_cpp/src/cpp_pubsub/test/pubsub_test.cpp:73:6:[m[K [01;31m[Kerror: [m[Kredefinition of â€˜[01m[Ktesting::TestInfo* const PubSubCommunication_check_received_msg_Test::test_info_[m[Kâ€™
[7.659s]    73 | TEST([01;31m[KPubSubCommunication[m[K,check_received_msg)
[7.659s]       |      [01;31m[K^~~~~~~~~~~~~~~~~~~[m[K
[7.659s] [01m[K/home/sameer/cpp_files/ros2_cpp/src/cpp_pubsub/test/pubsub_test.cpp:41:6:[m[K [01;36m[Knote: [m[Kâ€˜[01m[Ktesting::TestInfo* const PubSubCommunication_check_received_msg_Test::test_info_[m[Kâ€™ previously declared here
[7.659s]    41 | TEST([01;36m[KPubSubCommunication[m[K,check_received_msg)
[7.660s]       |      [01;36m[K^~~~~~~~~~~~~~~~~~~[m[K
[7.660s] [01m[K/home/sameer/cpp_files/ros2_cpp/src/cpp_pubsub/test/pubsub_test.cpp:73:6:[m[K [01;31m[Kerror: [m[Kredefinition of â€˜[01m[Kvoid PubSubCommunication_check_received_msg_Test::TestBody()[m[Kâ€™
[7.660s]    73 | TEST([01;31m[KPubSubCommunication[m[K,check_received_msg)
[7.660s]       |      [01;31m[K^~~~~~~~~~~~~~~~~~~[m[K
[7.660s] [01m[K/home/sameer/cpp_files/ros2_cpp/src/cpp_pubsub/test/pubsub_test.cpp:41:6:[m[K [01;36m[Knote: [m[Kâ€˜[01m[Kvirtual void PubSubCommunication_check_received_msg_Test::TestBody()[m[Kâ€™ previously defined here
[7.660s]    41 | TEST([01;36m[KPubSubCommunication[m[K,check_received_msg)
[7.661s]       |      [01;36m[K^~~~~~~~~~~~~~~~~~~[m[K
[8.561s] gmake[2]: *** [CMakeFiles/pubsub_test.dir/build.make:76: CMakeFiles/pubsub_test.dir/test/pubsub_test.cpp.o] Error 1
[10.254s] gmake[2]: *** [CMakeFiles/pubsub_test.dir/build.make:104: CMakeFiles/pubsub_test.dir/src/subscriber_member_function.cpp.o] Error 1
[10.255s] gmake[1]: *** [CMakeFiles/Makefile2:156: CMakeFiles/pubsub_test.dir/all] Error 2
[10.255s] gmake: *** [Makefile:146: all] Error 2
[10.259s] Invoked command in '/home/sameer/cpp_files/ros2_cpp/build/cpp_pubsub' returned '2': CMAKE_PREFIX_PATH=/home/sameer/ros2_ws/install/my_robot_controller:/opt/ros/humble /usr/bin/cmake --build /home/sameer/cpp_files/ros2_cpp/build/cpp_pubsub -- -j4 -l4
