[35m[1mConsolidate compiler generated dependencies of target gtest_main[0m
[35m[1mConsolidate compiler generated dependencies of target gtest[0m
[ 22%] Built target gtest_main
[ 44%] Built target gtest
[35m[1mConsolidate compiler generated dependencies of target pubsub_test[0m
[ 55%] [32mBuilding CXX object CMakeFiles/pubsub_test.dir/test/pubsub_test.cpp.o[0m
[ 66%] [32mBuilding CXX object CMakeFiles/pubsub_test.dir/src/publisher_member_function.cpp.o[0m
[ 77%] [32mBuilding CXX object CMakeFiles/pubsub_test.dir/src/subscriber_member_function.cpp.o[0m
[ 88%] [32mBuilding CXX object CMakeFiles/pubsub_test.dir/src/single_thread_spinner.cpp.o[0m
[01m[K/home/sameer/cpp_files/ros2_cpp/src/cpp_pubsub/test/pubsub_test.cpp:2:10:[m[K [01;31m[Kfatal error: [m[Kcpp_pubsub/Publisher_member_function.hpp: No such file or directory
    2 | #include [01;31m[K"cpp_pubsub/Publisher_member_function.hpp"[m[K
      |          [01;31m[K^~~~~~~~~~~~~~~~~~~~~~~~~~~~~~~~~~~~~~~~~~[m[K
compilation terminated.
gmake[2]: *** [CMakeFiles/pubsub_test.dir/build.make:76: CMakeFiles/pubsub_test.dir/test/pubsub_test.cpp.o] Error 1
gmake[2]: *** Waiting for unfinished jobs....
In file included from [01m[K/home/sameer/cpp_files/ros2_cpp/src/cpp_pubsub/src/subscriber_member_function.cpp:7[m[K:
[01m[K/home/sameer/cpp_files/ros2_cpp/src/cpp_pubsub/include/cpp_pubsub/subscriber_member_function.hpp:7:2:[m[K [01;31m[Kerror: [m[Kinvalid preprocessing directive #prgma; did you mean #pragma?
    7 | #[01;31m[Kprgma[m[K once
      |  [01;31m[K^~~~~[m[K
      |  [32m[Kpragma[m[K
In file included from [01m[K/home/sameer/cpp_files/ros2_cpp/src/cpp_pubsub/src/single_thread_spinner.cpp:5[m[K:
[01m[K/home/sameer/cpp_files/ros2_cpp/src/cpp_pubsub/include/cpp_pubsub/single_thread_spinner.hpp:8:2:[m[K [01;31m[Kerror: [m[Kinvalid preprocessing directive #prgma; did you mean #pragma?
    8 | #[01;31m[Kprgma[m[K once
      |  [01;31m[K^~~~~[m[K
      |  [32m[Kpragma[m[K
[01m[K/home/sameer/cpp_files/ros2_cpp/src/cpp_pubsub/include/cpp_pubsub/subscriber_member_function.hpp:16:24:[m[K [01;31m[Kerror: [m[Kâ€˜[01m[Kstring[m[Kâ€™ in namespace â€˜[01m[Kstd_msgs::msg[m[Kâ€™ does not name a type; did you mean â€˜[01m[KString[m[Kâ€™?
   16 |         std_msgs::msg::[01;31m[Kstring[m[K get_received_msgs();
      |                        [01;31m[K^~~~~~[m[K
      |                        [32m[KString[m[K
[01m[K/home/sameer/cpp_files/ros2_cpp/src/cpp_pubsub/include/cpp_pubsub/subscriber_member_function.hpp:20:54:[m[K [01;31m[Kerror: [m[Kâ€˜[01m[KsharePtr[m[Kâ€™ in â€˜[01m[Kclass rclcpp::Subscription<std_msgs::msg::String_<std::allocator<void> > >[m[Kâ€™ does not name a type
   20 |         rclcpp::Subscription<std_msgs::msg::String>::[01;31m[KsharePtr[m[K topic_sub_;
      |                                                      [01;31m[K^~~~~~~~[m[K
[01m[K/home/sameer/cpp_files/ros2_cpp/src/cpp_pubsub/include/cpp_pubsub/subscriber_member_function.hpp:22:24:[m[K [01;31m[Kerror: [m[Kâ€˜[01m[Kstring[m[Kâ€™ in namespace â€˜[01m[Kstd_msgs::msg[m[Kâ€™ does not name a type; did you mean â€˜[01m[KString[m[Kâ€™?
   22 |         std_msgs::msg::[01;31m[Kstring[m[K received_msg_;
      |                        [01;31m[K^~~~~~[m[K
      |                        [32m[KString[m[K
[01m[K/home/sameer/cpp_files/ros2_cpp/src/cpp_pubsub/include/cpp_pubsub/subscriber_member_function.hpp:23:14:[m[K [01;31m[Kerror: [m[Kâ€˜[01m[Kshared_Ptr[m[Kâ€™ in namespace â€˜[01m[Kstd[m[Kâ€™ does not name a template type; did you mean â€˜[01m[Kshared_ptr[m[Kâ€™?
   23 |         std::[01;31m[Kshared_Ptr[m[K<std::chrono::time_point<std::chrono::system_clock>>last_message_time_stamp_;
      |              [01;31m[K^~~~~~~~~~[m[K
      |              [32m[Kshared_ptr[m[K
[01m[K/home/sameer/cpp_files/ros2_cpp/src/cpp_pubsub/include/cpp_pubsub/subscriber_member_function.hpp:25:43:[m[K [01;31m[Kerror: [m[Kâ€˜[01m[Kstring[m[Kâ€™ in namespace â€˜[01m[Kstd_msgs[m[Kâ€™ does not name a type
   25 |         void topicallback(const std_msgs::[01;31m[Kstring[m[K & msg);
      |                                           [01;31m[K^~~~~~[m[K
[01m[K/home/sameer/cpp_files/ros2_cpp/src/cpp_pubsub/src/subscriber_member_function.cpp:9:1:[m[K [01;31m[Kerror: [m[Kâ€˜[01m[KMinimalSubscriber[m[Kâ€™ does not name a type
    9 | [01;31m[KMinimalSubscriber[m[K::MinimalSubcriber():Node("minimal_subscriber")
      | [01;31m[K^~~~~~~~~~~~~~~~~[m[K
[01m[K/home/sameer/cpp_files/ros2_cpp/src/cpp_pubsub/src/subscriber_member_function.cpp:14:7:[m[K [01;31m[Kerror: [m[Kâ€˜[01m[KMinimalSubscriber[m[Kâ€™ has not been declared
   14 |  void [01;31m[KMinimalSubscriber[m[K::topic_callback(const std_msgs::msg::string & msg)
      |       [01;31m[K^~~~~~~~~~~~~~~~~[m[K
[01m[K/home/sameer/cpp_files/ros2_cpp/src/cpp_pubsub/src/subscriber_member_function.cpp:14:62:[m[K [01;31m[Kerror: [m[Kâ€˜[01m[Kstring[m[Kâ€™ in namespace â€˜[01m[Kstd_msgs::msg[m[Kâ€™ does not name a type; did you mean â€˜[01m[KString[m[Kâ€™?
   14 |  void MinimalSubscriber::topic_callback(const std_msgs::msg::[01;31m[Kstring[m[K & msg)
      |                                                              [01;31m[K^~~~~~[m[K
      |                                                              [32m[KString[m[K
[01m[K/home/sameer/cpp_files/ros2_cpp/src/cpp_pubsub/src/subscriber_member_function.cpp:[m[K In function â€˜[01m[Kvoid topic_callback(const int&)[m[Kâ€™:
[01m[K/home/sameer/cpp_files/ros2_cpp/src/cpp_pubsub/src/subscriber_member_function.cpp:16:7:[m[K [01;31m[Kerror: [m[Kâ€˜[01m[Klast_message_timestamp_[m[Kâ€™ was not declared in this scope
   16 |   if(![01;31m[Klast_message_timestamp_[m[K)
      |       [01;31m[K^~~~~~~~~~~~~~~~~~~~~~~[m[K
[01m[K/home/sameer/cpp_files/ros2_cpp/src/cpp_pubsub/src/subscriber_member_function.cpp:25:3:[m[K [01;31m[Kerror: [m[Kexpected initializer before â€˜[01m[K}[m[Kâ€™ token
   25 |   [01;31m[K}[m[K
      |   [01;31m[K^[m[K
[01m[K/home/sameer/cpp_files/ros2_cpp/src/cpp_pubsub/src/subscriber_member_function.cpp:23:33:[m[K [01;35m[Kwarning: [m[Kunused variable â€˜[01m[Kelapsed_seconds[m[Kâ€™ [[01;35m[K]8;;https://gcc.gnu.org/onlinedocs/gcc/Warning-Options.html#index-Wunused-variable-Wunused-variable]8;;[m[K]
   23 |    std::chrono::duration<double>[01;35m[Kelapsed_seconds[m[K = now - *last_message_timestamp_;
      |                                 [01;35m[K^~~~~~~~~~~~~~~[m[K
[01m[K/home/sameer/cpp_files/ros2_cpp/src/cpp_pubsub/src/subscriber_member_function.cpp:14:71:[m[K [01;35m[Kwarning: [m[Kunused parameter â€˜[01m[Kmsg[m[Kâ€™ [[01;35m[K]8;;https://gcc.gnu.org/onlinedocs/gcc/Warning-Options.html#index-Wunused-parameter-Wunused-parameter]8;;[m[K]
   14 |  void MinimalSubscriber::topic_callback([01;35m[Kconst std_msgs::msg::string & msg[m[K)
      |                                         [01;35m[K~~~~~~~~~~~~~~~~~~~~~~~~~~~~~~^~~[m[K
[01m[K/home/sameer/cpp_files/ros2_cpp/src/cpp_pubsub/src/subscriber_member_function.cpp:[m[K At global scope:
[01m[K/home/sameer/cpp_files/ros2_cpp/src/cpp_pubsub/src/subscriber_member_function.cpp:27:7:[m[K [01;31m[Kerror: [m[Kâ€˜[01m[KMinimalSubscriber[m[Kâ€™ has not been declared
   27 |  bool [01;31m[KMinimalSubscriber[m[K::has_data_been_received()
      |       [01;31m[K^~~~~~~~~~~~~~~~~[m[K
[01m[K/home/sameer/cpp_files/ros2_cpp/src/cpp_pubsub/src/subscriber_member_function.cpp:[m[K In function â€˜[01m[Kbool has_data_been_received()[m[Kâ€™:
[01m[K/home/sameer/cpp_files/ros2_cpp/src/cpp_pubsub/src/subscriber_member_function.cpp:29:11:[m[K [01;31m[Kerror: [m[Kâ€˜[01m[Kreceived_msg_[m[Kâ€™ was not declared in this scope
   29 |  retrun (![01;31m[Kreceived_msg_[m[K.data.empty());
      |           [01;31m[K^~~~~~~~~~~~~[m[K
[01m[K/home/sameer/cpp_files/ros2_cpp/src/cpp_pubsub/src/subscriber_member_function.cpp:29:2:[m[K [01;31m[Kerror: [m[Kâ€˜[01m[Kretrun[m[Kâ€™ was not declared in this scope
   29 |  [01;31m[Kretrun[m[K (!received_msg_.data.empty());
      |  [01;31m[K^~~~~~[m[K
[01m[K/home/sameer/cpp_files/ros2_cpp/src/cpp_pubsub/src/subscriber_member_function.cpp:30:2:[m[K [01;35m[Kwarning: [m[Kno return statement in function returning non-void [[01;35m[K]8;;https://gcc.gnu.org/onlinedocs/gcc/Warning-Options.html#index-Wreturn-type-Wreturn-type]8;;[m[K]
   30 |  [01;35m[K}[m[K
      |  [01;35m[K^[m[K
[01m[K/home/sameer/cpp_files/ros2_cpp/src/cpp_pubsub/src/subscriber_member_function.cpp:[m[K At global scope:
[01m[K/home/sameer/cpp_files/ros2_cpp/src/cpp_pubsub/src/subscriber_member_function.cpp:31:24:[m[K [01;31m[Kerror: [m[Kâ€˜[01m[KMinimalSubcriber[m[Kâ€™ has not been declared
   31 |  std_msgs::msg::String [01;31m[KMinimalSubcriber[m[K::get_received_msgs()
      |                        [01;31m[K^~~~~~~~~~~~~~~~[m[K
[01m[K/home/sameer/cpp_files/ros2_cpp/src/cpp_pubsub/src/subscriber_member_function.cpp:[m[K In function â€˜[01m[Kstd_msgs::msg::String get_received_msgs()[m[Kâ€™:
[01m[K/home/sameer/cpp_files/ros2_cpp/src/cpp_pubsub/src/subscriber_member_function.cpp:33:12:[m[K [01;31m[Kerror: [m[Kâ€˜[01m[Kreceived_msg_[m[Kâ€™ was not declared in this scope; did you mean â€˜[01m[Kget_received_msgs[m[Kâ€™?
   33 |     return [01;31m[Kreceived_msg_[m[K;
      |            [01;31m[K^~~~~~~~~~~~~[m[K
      |            [32m[Kget_received_msgs[m[K
[01m[K/home/sameer/cpp_files/ros2_cpp/src/cpp_pubsub/src/subscriber_member_function.cpp:[m[K At global scope:
[01m[K/home/sameer/cpp_files/ros2_cpp/src/cpp_pubsub/src/subscriber_member_function.cpp:35:9:[m[K [01;31m[Kerror: [m[Kâ€˜[01m[KMinimalSubscriber[m[Kâ€™ has not been declared
   35 |  double [01;31m[KMinimalSubscriber[m[K::get_frequency()
      |         [01;31m[K^~~~~~~~~~~~~~~~~[m[K
[01m[K/home/sameer/cpp_files/ros2_cpp/src/cpp_pubsub/src/subscriber_member_function.cpp:[m[K In function â€˜[01m[Kdouble get_frequency()[m[Kâ€™:
[01m[K/home/sameer/cpp_files/ros2_cpp/src/cpp_pubsub/src/subscriber_member_function.cpp:37:12:[m[K [01;31m[Kerror: [m[Kâ€˜[01m[Kfrequency_[m[Kâ€™ was not declared in this scope; did you mean â€˜[01m[Kget_frequency[m[Kâ€™?
   37 |     return [01;31m[Kfrequency_[m[K;
      |            [01;31m[K^~~~~~~~~~[m[K
      |            [32m[Kget_frequency[m[K
In file included from [01m[K/home/sameer/cpp_files/ros2_cpp/src/cpp_pubsub/src/publisher_member_function.cpp:7[m[K:
[01m[K/home/sameer/cpp_files/ros2_cpp/src/cpp_pubsub/include/cpp_pubsub/publisher_member_function.hpp:11:11:[m[K [01;31m[Kerror: [m[Kâ€˜[01m[KMininmalPublisher[m[Kâ€™ has not been declared
   11 |     class [01;31m[KMininmalPublisher[m[K::Public rclcpp::Node
      |           [01;31m[K^~~~~~~~~~~~~~~~~[m[K
[01m[K/home/sameer/cpp_files/ros2_cpp/src/cpp_pubsub/include/cpp_pubsub/publisher_member_function.hpp:11:45:[m[K [01;31m[Kerror: [m[Kdeclaration of â€˜[01m[KNode[m[Kâ€™ not in a namespace surrounding â€˜[01m[Krclcpp[m[Kâ€™
   11 |     class MininmalPublisher::Public rclcpp::[01;31m[KNode[m[K
      |                                             [01;31m[K^~~~[m[K
[01m[K/home/sameer/cpp_files/ros2_cpp/src/cpp_pubsub/include/cpp_pubsub/publisher_member_function.hpp:13:9:[m[K [01;31m[Kerror: [m[Kexpected primary-expression before â€˜[01m[Kpublic[m[Kâ€™
   13 |         [01;31m[Kpublic[m[K:
      |         [01;31m[K^~~~~~[m[K
[01m[K/home/sameer/cpp_files/ros2_cpp/src/cpp_pubsub/include/cpp_pubsub/publisher_member_function.hpp:13:9:[m[K [01;31m[Kerror: [m[Kexpected â€˜[01m[K}[m[Kâ€™ before â€˜[01m[Kpublic[m[Kâ€™
[01m[K/home/sameer/cpp_files/ros2_cpp/src/cpp_pubsub/include/cpp_pubsub/publisher_member_function.hpp:12:5:[m[K [01;36m[Knote: [m[Kto match this â€˜[01m[K{[m[Kâ€™
   12 |     [01;36m[K{[m[K
      |     [01;36m[K^[m[K
[01m[K/home/sameer/cpp_files/ros2_cpp/src/cpp_pubsub/include/cpp_pubsub/publisher_member_function.hpp:16:9:[m[K [01;31m[Kerror: [m[Kexpected unqualified-id before â€˜[01m[Kprivate[m[Kâ€™
   16 |         [01;31m[Kprivate[m[K:
      |         [01;31m[K^~~~~~~[m[K
[01m[K/home/sameer/cpp_files/ros2_cpp/src/cpp_pubsub/include/cpp_pubsub/publisher_member_function.hpp:18:17:[m[K [01;31m[Kerror: [m[Kâ€˜[01m[KTimeBase[m[Kâ€™ in namespace â€˜[01m[Krclcpp[m[Kâ€™ does not name a type; did you mean â€˜[01m[KTimerBase[m[Kâ€™?
   18 |         rclcpp::[01;31m[KTimeBase[m[K::sharedPtr timer_;
      |                 [01;31m[K^~~~~~~~[m[K
      |                 [32m[KTimerBase[m[K
[01m[K/home/sameer/cpp_files/ros2_cpp/src/cpp_pubsub/include/cpp_pubsub/publisher_member_function.hpp:19:24:[m[K [01;31m[Kerror: [m[Kâ€˜[01m[Kstring[m[Kâ€™ in namespace â€˜[01m[Kstd_msgs::msg[m[Kâ€™ does not name a type; did you mean â€˜[01m[KString[m[Kâ€™?
   19 |         std_msgs::msg::[01;31m[Kstring[m[K message;
      |                        [01;31m[K^~~~~~[m[K
      |                        [32m[KString[m[K
[01m[K/home/sameer/cpp_files/ros2_cpp/src/cpp_pubsub/include/cpp_pubsub/publisher_member_function.hpp:25:1:[m[K [01;31m[Kerror: [m[Kexpected declaration before â€˜[01m[K}[m[Kâ€™ token
   25 | [01;31m[K}[m[K
      | [01;31m[K^[m[K
[01m[K/home/sameer/cpp_files/ros2_cpp/src/cpp_pubsub/src/publisher_member_function.cpp:12:1:[m[K [01;31m[Kerror: [m[Kâ€˜[01m[KMinimalPublisher[m[Kâ€™ does not name a type
   12 | [01;31m[KMinimalPublisher[m[K::MinimalPublisher():Node("minimal_publisher"),count_(0)
      | [01;31m[K^~~~~~~~~~~~~~~~[m[K
[01m[K/home/sameer/cpp_files/ros2_cpp/src/cpp_pubsub/src/publisher_member_function.cpp:17:6:[m[K [01;31m[Kerror: [m[Kâ€˜[01m[KMinimal_Publisher[m[Kâ€™ has not been declared
   17 | void [01;31m[KMinimal_Publisher[m[K::timer_callback()
      |      [01;31m[K^~~~~~~~~~~~~~~~~[m[K
[01m[K/home/sameer/cpp_files/ros2_cpp/src/cpp_pubsub/src/publisher_member_function.cpp:[m[K In function â€˜[01m[Kvoid cpp_pubsub::timer_callback()[m[Kâ€™:
[01m[K/home/sameer/cpp_files/ros2_cpp/src/cpp_pubsub/src/publisher_member_function.cpp:19:38:[m[K [01;31m[Kerror: [m[Kfound â€˜[01m[K:[m[Kâ€™ in nested-name-specifier, expected â€˜[01m[K::[m[Kâ€™
   19 |         auto meassage=std_msgs::timer[01;31m[K:[m[Kstring()
      |                                      [01;31m[K^[m[K
      |                                      [32m[K::[m[K
[01m[K/home/sameer/cpp_files/ros2_cpp/src/cpp_pubsub/src/publisher_member_function.cpp:19:33:[m[K [01;31m[Kerror: [m[Kâ€˜[01m[Kstd_msgs::timer[m[Kâ€™ has not been declared
   19 |         auto meassage=std_msgs::[01;31m[Ktimer[m[K:string()
      |                                 [01;31m[K^~~~~[m[K
In file included from [01m[K/opt/ros/humble/include/rclcpp/rclcpp/client.hpp:40[m[K,
                 from [01m[K/opt/ros/humble/include/rclcpp/rclcpp/callback_group.hpp:24[m[K,
                 from [01m[K/opt/ros/humble/include/rclcpp/rclcpp/any_executable.hpp:20[m[K,
                 from [01m[K/opt/ros/humble/include/rclcpp/rclcpp/memory_strategy.hpp:25[m[K,
                 from [01m[K/opt/ros/humble/include/rclcpp/rclcpp/memory_strategies.hpp:18[m[K,
                 from [01m[K/opt/ros/humble/include/rclcpp/rclcpp/executor_options.hpp:20[m[K,
                 from [01m[K/opt/ros/humble/include/rclcpp/rclcpp/executor.hpp:37[m[K,
                 from [01m[K/opt/ros/humble/include/rclcpp/rclcpp/executors/multi_threaded_executor.hpp:25[m[K,
                 from [01m[K/opt/ros/humble/include/rclcpp/rclcpp/executors.hpp:21[m[K,
                 from [01m[K/opt/ros/humble/include/rclcpp/rclcpp/rclcpp.hpp:155[m[K,
                 from [01m[K/home/sameer/cpp_files/ros2_cpp/src/cpp_pubsub/src/publisher_member_function.cpp:5[m[K:
[01m[K/home/sameer/cpp_files/ros2_cpp/src/cpp_pubsub/src/publisher_member_function.cpp:21:21:[m[K [01;31m[Kerror: [m[Kinvalid use of â€˜[01m[Kthis[m[Kâ€™ in non-member function
   21 |         RCLCPP_INFO([01;31m[Kthis[m[K->get_logger(),"Publishing:'%s'",message.data.c_str());
      |                     [01;31m[K^~~~[m[K
[01m[K/home/sameer/cpp_files/ros2_cpp/src/cpp_pubsub/src/publisher_member_function.cpp:21:21:[m[K [01;31m[Kerror: [m[Kinvalid use of â€˜[01m[Kthis[m[Kâ€™ in non-member function
[01m[K/home/sameer/cpp_files/ros2_cpp/src/cpp_pubsub/src/publisher_member_function.cpp:21:9:[m[K [01;31m[Kerror: [m[Ktemplate argument 1 is invalid
   21 |         [01;31m[KRCLCPP_INFO[m[K(this->get_logger(),"Publishing:'%s'",message.data.c_str());
      |         [01;31m[K^~~~~~~~~~~[m[K
[01m[K/home/sameer/cpp_files/ros2_cpp/src/cpp_pubsub/src/publisher_member_function.cpp:21:9:[m[K [01;31m[Kerror: [m[Kâ€˜[01m[K<declaration error>[m[Kâ€™ is not a template [[01;31m[K]8;;https://gcc.gnu.org/onlinedocs/gcc/Warning-Options.html#index-fpermissive-fpermissive]8;;[m[K]
   21 |         [01;31m[KRCLCPP_INFO[m[K(this->get_logger(),"Publishing:'%s'",message.data.c_str());
      |         [01;31m[K^~~~~~~~~~~[m[K
[01m[K/home/sameer/cpp_files/ros2_cpp/src/cpp_pubsub/src/publisher_member_function.cpp:21:9:[m[K [01;31m[Kerror: [m[Ktemplate argument 1 is invalid
   21 |         [01;31m[KRCLCPP_INFO[m[K(this->get_logger(),"Publishing:'%s'",message.data.c_str());
      |         [01;31m[K^~~~~~~~~~~[m[K
[01m[K/home/sameer/cpp_files/ros2_cpp/src/cpp_pubsub/src/publisher_member_function.cpp:21:9:[m[K [01;31m[Kerror: [m[Kâ€˜[01m[K<declaration error>[m[Kâ€™ is not a template [[01;31m[K]8;;https://gcc.gnu.org/onlinedocs/gcc/Warning-Options.html#index-fpermissive-fpermissive]8;;[m[K]
   21 |         [01;31m[KRCLCPP_INFO[m[K(this->get_logger(),"Publishing:'%s'",message.data.c_str());
      |         [01;31m[K^~~~~~~~~~~[m[K
[01m[K/home/sameer/cpp_files/ros2_cpp/src/cpp_pubsub/src/publisher_member_function.cpp:21:9:[m[K [01;31m[Kerror: [m[Ktemplate argument 1 is invalid
   21 |         [01;31m[KRCLCPP_INFO[m[K(this->get_logger(),"Publishing:'%s'",message.data.c_str());
      |         [01;31m[K^~~~~~~~~~~[m[K
In file included from [01m[K/opt/ros/humble/include/rclcpp/rclcpp/logging.hpp:24[m[K,
                 from [01m[K/opt/ros/humble/include/rclcpp/rclcpp/client.hpp:40[m[K,
                 from [01m[K/opt/ros/humble/include/rclcpp/rclcpp/callback_group.hpp:24[m[K,
                 from [01m[K/opt/ros/humble/include/rclcpp/rclcpp/any_executable.hpp:20[m[K,
                 from [01m[K/opt/ros/humble/include/rclcpp/rclcpp/memory_strategy.hpp:25[m[K,
                 from [01m[K/opt/ros/humble/include/rclcpp/rclcpp/memory_strategies.hpp:18[m[K,
                 from [01m[K/opt/ros/humble/include/rclcpp/rclcpp/executor_options.hpp:20[m[K,
                 from [01m[K/opt/ros/humble/include/rclcpp/rclcpp/executor.hpp:37[m[K,
                 from [01m[K/opt/ros/humble/include/rclcpp/rclcpp/executors/multi_threaded_executor.hpp:25[m[K,
                 from [01m[K/opt/ros/humble/include/rclcpp/rclcpp/executors.hpp:21[m[K,
                 from [01m[K/opt/ros/humble/include/rclcpp/rclcpp/rclcpp.hpp:155[m[K,
                 from [01m[K/home/sameer/cpp_files/ros2_cpp/src/cpp_pubsub/src/publisher_member_function.cpp:5[m[K:
[01m[K/home/sameer/cpp_files/ros2_cpp/src/cpp_pubsub/src/publisher_member_function.cpp:21:21:[m[K [01;31m[Kerror: [m[Kinvalid use of â€˜[01m[Kthis[m[Kâ€™ in non-member function
   21 |         RCLCPP_INFO([01;31m[Kthis[m[K->get_logger(),"Publishing:'%s'",message.data.c_str());
      |                     [01;31m[K^~~~[m[K
[01m[K/home/sameer/cpp_files/ros2_cpp/src/cpp_pubsub/src/publisher_member_function.cpp:21:21:[m[K [01;31m[Kerror: [m[Kinvalid use of â€˜[01m[Kthis[m[Kâ€™ in non-member function
   21 |         RCLCPP_INFO([01;31m[Kthis[m[K->get_logger(),"Publishing:'%s'",message.data.c_str());
      |                     [01;31m[K^~~~[m[K
[01m[K/home/sameer/cpp_files/ros2_cpp/src/cpp_pubsub/src/publisher_member_function.cpp:21:58:[m[K [01;31m[Kerror: [m[Kâ€˜[01m[Kmessage[m[Kâ€™ was not declared in this scope
   21 |         RCLCPP_INFO(this->get_logger(),"Publishing:'%s'",[01;31m[Kmessage[m[K.data.c_str());
      |                                                          [01;31m[K^~~~~~~[m[K
[01m[K/home/sameer/cpp_files/ros2_cpp/src/cpp_pubsub/src/publisher_member_function.cpp:22:9:[m[K [01;31m[Kerror: [m[Kâ€˜[01m[Ktopic_pub_[m[Kâ€™ was not declared in this scope
   22 |         [01;31m[Ktopic_pub_[m[K->publish(message);
      |         [01;31m[K^~~~~~~~~~[m[K
[01m[K/home/sameer/cpp_files/ros2_cpp/src/cpp_pubsub/src/publisher_member_function.cpp:22:29:[m[K [01;31m[Kerror: [m[Kâ€˜[01m[Kmessage[m[Kâ€™ was not declared in this scope
   22 |         topic_pub_->publish([01;31m[Kmessage[m[K);
      |                             [01;31m[K^~~~~~~[m[K
gmake[2]: *** [CMakeFiles/pubsub_test.dir/build.make:104: CMakeFiles/pubsub_test.dir/src/subscriber_member_function.cpp.o] Error 1
gmake[2]: *** [CMakeFiles/pubsub_test.dir/build.make:90: CMakeFiles/pubsub_test.dir/src/publisher_member_function.cpp.o] Error 1
[01m[K/home/sameer/cpp_files/ros2_cpp/src/cpp_pubsub/include/cpp_pubsub/single_thread_spinner.hpp:17:41:[m[K [01;31m[Kerror: [m[Kâ€˜[01m[Krclcpp_lifecycle::LifeCycleNode[m[Kâ€™ has not been declared
   17 |         bool add_node(rclcpp_lifecycle::[01;31m[KLifeCycleNode[m[K::SharedPtr lc_node);
      |                                         [01;31m[K^~~~~~~~~~~~~[m[K
[01m[K/home/sameer/cpp_files/ros2_cpp/src/cpp_pubsub/include/cpp_pubsub/single_thread_spinner.hpp:17:66:[m[K [01;31m[Kerror: [m[Kexpected â€˜[01m[K,[m[Kâ€™ or â€˜[01m[K...[m[Kâ€™ before â€˜[01m[Klc_node[m[Kâ€™
   17 |         bool add_node(rclcpp_lifecycle::LifeCycleNode::SharedPtr [01;31m[Klc_node[m[K);
      |                                                                  [01;31m[K^~~~~~~[m[K
[01m[K/home/sameer/cpp_files/ros2_cpp/src/cpp_pubsub/include/cpp_pubsub/single_thread_spinner.hpp:19:44:[m[K [01;31m[Kerror: [m[Kâ€˜[01m[Krclcpp_lifecycle::LifeCycleNode[m[Kâ€™ has not been declared
   19 |         bool remove_node(rclcpp_lifecycle::[01;31m[KLifeCycleNode[m[K::SharedPtr lc_node);
      |                                            [01;31m[K^~~~~~~~~~~~~[m[K
[01m[K/home/sameer/cpp_files/ros2_cpp/src/cpp_pubsub/include/cpp_pubsub/single_thread_spinner.hpp:19:69:[m[K [01;31m[Kerror: [m[Kexpected â€˜[01m[K,[m[Kâ€™ or â€˜[01m[K...[m[Kâ€™ before â€˜[01m[Klc_node[m[Kâ€™
   19 |         bool remove_node(rclcpp_lifecycle::LifeCycleNode::SharedPtr [01;31m[Klc_node[m[K);
      |                                                                     [01;31m[K^~~~~~~[m[K
[01m[K/home/sameer/cpp_files/ros2_cpp/src/cpp_pubsub/include/cpp_pubsub/single_thread_spinner.hpp:31:48:[m[K [01;31m[Kerror: [m[Kâ€˜[01m[Kfasle[m[Kâ€™ was not declared in this scope
   31 |         std::atomic<bool>cancel_spin_called_ = [01;31m[Kfasle[m[K;
      |                                                [01;31m[K^~~~~[m[K
[01m[K/home/sameer/cpp_files/ros2_cpp/src/cpp_pubsub/src/single_thread_spinner.cpp:8:5:[m[K [01;31m[Kerror: [m[KISO C++ forbids declaration of â€˜[01m[KSingjleThreadSpinner[m[Kâ€™ with no type [[01;31m[K]8;;https://gcc.gnu.org/onlinedocs/gcc/Warning-Options.html#index-fpermissive-fpermissive]8;;[m[K]
    8 |     [01;31m[KSingleThreadSpinner[m[K::SingjleThreadSpinner(){}
      |     [01;31m[K^~~~~~~~~~~~~~~~~~~[m[K
[01m[K/home/sameer/cpp_files/ros2_cpp/src/cpp_pubsub/src/single_thread_spinner.cpp:8:5:[m[K [01;31m[Kerror: [m[Kno declaration matches â€˜[01m[Kint cpp_pubsub::SingleThreadSpinner::SingjleThreadSpinner()[m[Kâ€™
[01m[K/home/sameer/cpp_files/ros2_cpp/src/cpp_pubsub/src/single_thread_spinner.cpp:8:5:[m[K [01;36m[Knote: [m[Kno functions named â€˜[01m[Kint cpp_pubsub::SingleThreadSpinner::SingjleThreadSpinner()[m[Kâ€™
In file included from [01m[K/home/sameer/cpp_files/ros2_cpp/src/cpp_pubsub/src/single_thread_spinner.cpp:5[m[K:
[01m[K/home/sameer/cpp_files/ros2_cpp/src/cpp_pubsub/include/cpp_pubsub/single_thread_spinner.hpp:12:11:[m[K [01;36m[Knote: [m[Kâ€˜[01m[Kclass cpp_pubsub::SingleThreadSpinner[m[Kâ€™ defined here
   12 |     class [01;36m[KSingleThreadSpinner[m[K:private rclcpp::executors::SingleThreadedExecutor
      |           [01;36m[K^~~~~~~~~~~~~~~~~~~[m[K
[01m[K/home/sameer/cpp_files/ros2_cpp/src/cpp_pubsub/src/single_thread_spinner.cpp:17:10:[m[K [01;31m[Kerror: [m[Kâ€˜[01m[Kbool cpp_pubsub::SingleThreadSpinner::add_node[m[Kâ€™ is not a static data member of â€˜[01m[Kclass cpp_pubsub::SingleThreadSpinner[m[Kâ€™
   17 |     bool [01;31m[KSingleThreadSpinner[m[K::add_node(rclcpp_lifecycle::LifeCycleNode::SharedPtr lc_node)
      |          [01;31m[K^~~~~~~~~~~~~~~~~~~[m[K
[01m[K/home/sameer/cpp_files/ros2_cpp/src/cpp_pubsub/src/single_thread_spinner.cpp:17:58:[m[K [01;31m[Kerror: [m[Kâ€˜[01m[Krclcpp_lifecycle::LifeCycleNode[m[Kâ€™ has not been declared
   17 |     bool SingleThreadSpinner::add_node(rclcpp_lifecycle::[01;31m[KLifeCycleNode[m[K::SharedPtr lc_node)
      |                                                          [01;31m[K^~~~~~~~~~~~~[m[K
[01m[K/home/sameer/cpp_files/ros2_cpp/src/cpp_pubsub/src/single_thread_spinner.cpp:25:10:[m[K [01;31m[Kerror: [m[Kâ€˜[01m[Kbool cpp_pubsub::SingleThreadSpinner::remove_node[m[Kâ€™ is not a static data member of â€˜[01m[Kclass cpp_pubsub::SingleThreadSpinner[m[Kâ€™
   25 |     bool [01;31m[KSingleThreadSpinner[m[K::remove_node(rclcpp_lifecycle::LifeCycleNode::SharedPtr lc_node)
      |          [01;31m[K^~~~~~~~~~~~~~~~~~~[m[K
[01m[K/home/sameer/cpp_files/ros2_cpp/src/cpp_pubsub/src/single_thread_spinner.cpp:25:61:[m[K [01;31m[Kerror: [m[Kâ€˜[01m[Krclcpp_lifecycle::LifeCycleNode[m[Kâ€™ has not been declared
   25 |     bool SingleThreadSpinner::remove_node(rclcpp_lifecycle::[01;31m[KLifeCycleNode[m[K::SharedPtr lc_node)
      |                                                             [01;31m[K^~~~~~~~~~~~~[m[K
[01m[K/home/sameer/cpp_files/ros2_cpp/src/cpp_pubsub/src/single_thread_spinner.cpp:[m[K In member function â€˜[01m[Kbool cpp_pubsub::SingleThreadSpinner::remove_node(rclcpp::Node::SharedPtr)[m[Kâ€™:
[01m[K/home/sameer/cpp_files/ros2_cpp/src/cpp_pubsub/src/single_thread_spinner.cpp:31:28:[m[K [01;31m[Kerror: [m[Kâ€˜[01m[Klc_node[m[Kâ€™ was not declared in this scope; did you mean â€˜[01m[Knode[m[Kâ€™?
   31 |         return remove_node([01;31m[Klc_node[m[K->get_node_base_interface());
      |                            [01;31m[K^~~~~~~[m[K
      |                            [32m[Knode[m[K
[01m[K/home/sameer/cpp_files/ros2_cpp/src/cpp_pubsub/src/single_thread_spinner.cpp:29:67:[m[K [01;35m[Kwarning: [m[Kunused parameter â€˜[01m[Knode[m[Kâ€™ [[01;35m[K]8;;https://gcc.gnu.org/onlinedocs/gcc/Warning-Options.html#index-Wunused-parameter-Wunused-parameter]8;;[m[K]
   29 |     bool SingleThreadSpinner::remove_node([01;35m[Krclcpp::Node::SharedPtr node[m[K)
      |                                           [01;35m[K~~~~~~~~~~~~~~~~~~~~~~~~^~~~[m[K
[01m[K/home/sameer/cpp_files/ros2_cpp/src/cpp_pubsub/src/single_thread_spinner.cpp:[m[K In member function â€˜[01m[Kbool cpp_pubsub::SingleThreadSpinner::add_node(rclcpp::node_interfaces::NodeBaseInterface::SharedPtr)[m[Kâ€™:
[01m[K/home/sameer/cpp_files/ros2_cpp/src/cpp_pubsub/src/single_thread_spinner.cpp:38:32:[m[K [01;31m[Kerror: [m[Kâ€˜[01m[Krclcpp::executors::SingleThreadExecutor[m[Kâ€™ has not been declared
   38 |             rclcpp::executors::[01;31m[KSingleThreadExecutor[m[K::add_node(node);
      |                                [01;31m[K^~~~~~~~~~~~~~~~~~~~[m[K
[01m[K/home/sameer/cpp_files/ros2_cpp/src/cpp_pubsub/src/single_thread_spinner.cpp:[m[K In member function â€˜[01m[Kbool cpp_pubsub::SingleThreadSpinner::remove_node(rclcpp::node_interfaces::NodeBaseInterface::SharedPtr)[m[Kâ€™:
[01m[K/home/sameer/cpp_files/ros2_cpp/src/cpp_pubsub/src/single_thread_spinner.cpp:52:32:[m[K [01;31m[Kerror: [m[Kâ€˜[01m[Krclcpp::executors::SingleThreadExecutor[m[Kâ€™ has not been declared
   52 |             rclcpp::executors::[01;31m[KSingleThreadExecutor[m[K::remove_node(node);
      |                                [01;31m[K^~~~~~~~~~~~~~~~~~~~[m[K
[01m[K/home/sameer/cpp_files/ros2_cpp/src/cpp_pubsub/src/single_thread_spinner.cpp:[m[K In member function â€˜[01m[Kbool cpp_pubsub::SingleThreadSpinner::cancel_all_spin()[m[Kâ€™:
[01m[K/home/sameer/cpp_files/ros2_cpp/src/cpp_pubsub/src/single_thread_spinner.cpp:63:13:[m[K [01;31m[Kerror: [m[Kâ€˜[01m[Kare_all_nodes_spinning_[m[Kâ€™ was not declared in this scope; did you mean â€˜[01m[Kare_all_node_spinning[m[Kâ€™?
   63 |         if(![01;31m[Kare_all_nodes_spinning_[m[K.load())
      |             [01;31m[K^~~~~~~~~~~~~~~~~~~~~~~[m[K
      |             [32m[Kare_all_node_spinning[m[K
[01m[K/home/sameer/cpp_files/ros2_cpp/src/cpp_pubsub/src/single_thread_spinner.cpp:69:16:[m[K [01;31m[Kerror: [m[Kâ€˜[01m[Kare_all_nodes_spinning_[m[Kâ€™ was not declared in this scope; did you mean â€˜[01m[Kare_all_node_spinning[m[Kâ€™?
   69 |         while ([01;31m[Kare_all_nodes_spinning_[m[K.load());
      |                [01;31m[K^~~~~~~~~~~~~~~~~~~~~~~[m[K
      |                [32m[Kare_all_node_spinning[m[K
[01m[K/home/sameer/cpp_files/ros2_cpp/src/cpp_pubsub/src/single_thread_spinner.cpp:69:9:[m[K [01;35m[Kwarning: [m[Kthis â€˜[01m[Kwhile[m[Kâ€™ clause does not guard... [[01;35m[K]8;;https://gcc.gnu.org/onlinedocs/gcc/Warning-Options.html#index-Wmisleading-indentation-Wmisleading-indentation]8;;[m[K]
   69 |         [01;35m[Kwhile[m[K (are_all_nodes_spinning_.load());
      |         [01;35m[K^~~~~[m[K
[01m[K/home/sameer/cpp_files/ros2_cpp/src/cpp_pubsub/src/single_thread_spinner.cpp:71:13:[m[K [01;36m[Knote: [m[K...this statement, but the latter is misleadingly indented as if it were guarded by the â€˜[01m[Kwhile[m[Kâ€™
   71 |             [01;36m[Kstd[m[K::lock_guard<std::mutex>lock(mutex_);
      |             [01;36m[K^~~[m[K
[01m[K/home/sameer/cpp_files/ros2_cpp/src/cpp_pubsub/src/single_thread_spinner.cpp:74:36:[m[K [01;31m[Kerror: [m[Kexpected primary-expression before â€˜[01m[K.[m[Kâ€™ token
   74 |                 if(spinner_thread_-[01;31m[K.[m[Kjoinable())spinner_thread_->join();
      |                                    [01;31m[K^[m[K
[01m[K/home/sameer/cpp_files/ros2_cpp/src/cpp_pubsub/src/single_thread_spinner.cpp:[m[K At global scope:
[01m[K/home/sameer/cpp_files/ros2_cpp/src/cpp_pubsub/src/single_thread_spinner.cpp:80:10:[m[K [01;31m[Kerror: [m[Kno declaration matches â€˜[01m[Kbool cpp_pubsub::SingleThreadSpinner::are_all_nodes_spinning()[m[Kâ€™
   80 |     bool [01;31m[KSingleThreadSpinner[m[K::are_all_nodes_spinning()
      |          [01;31m[K^~~~~~~~~~~~~~~~~~~[m[K
[01m[K/home/sameer/cpp_files/ros2_cpp/src/cpp_pubsub/src/single_thread_spinner.cpp:80:10:[m[K [01;36m[Knote: [m[Kno functions named â€˜[01m[Kbool cpp_pubsub::SingleThreadSpinner::are_all_nodes_spinning()[m[Kâ€™
In file included from [01m[K/home/sameer/cpp_files/ros2_cpp/src/cpp_pubsub/src/single_thread_spinner.cpp:5[m[K:
[01m[K/home/sameer/cpp_files/ros2_cpp/src/cpp_pubsub/include/cpp_pubsub/single_thread_spinner.hpp:12:11:[m[K [01;36m[Knote: [m[Kâ€˜[01m[Kclass cpp_pubsub::SingleThreadSpinner[m[Kâ€™ defined here
   12 |     class [01;36m[KSingleThreadSpinner[m[K:private rclcpp::executors::SingleThreadedExecutor
      |           [01;36m[K^~~~~~~~~~~~~~~~~~~[m[K
[01m[K/home/sameer/cpp_files/ros2_cpp/src/cpp_pubsub/src/single_thread_spinner.cpp:[m[K In member function â€˜[01m[Kbool cpp_pubsub::SingleThreadSpinner::spin_some_all_nodes()[m[Kâ€™:
[01m[K/home/sameer/cpp_files/ros2_cpp/src/cpp_pubsub/src/single_thread_spinner.cpp:86:12:[m[K [01;31m[Kerror: [m[Kâ€˜[01m[Kare_all_nodes_spinning_[m[Kâ€™ was not declared in this scope; did you mean â€˜[01m[Kare_all_node_spinning[m[Kâ€™?
   86 |         if([01;31m[Kare_all_nodes_spinning_[m[K.load())
      |            [01;31m[K^~~~~~~~~~~~~~~~~~~~~~~[m[K
      |            [32m[Kare_all_node_spinning[m[K
[01m[K/home/sameer/cpp_files/ros2_cpp/src/cpp_pubsub/src/single_thread_spinner.cpp:98:87:[m[K [01;31m[Kerror: [m[Kâ€˜[01m[Kspin_all_nodes_[m[Kâ€™ is not a member of â€˜[01m[Kcpp_pubsub::SingleThreadSpinner[m[Kâ€™
   98 |                 spinner_thread_ = std::make_shared<std::thread>(&SingleThreadSpinner::[01;31m[Kspin_all_nodes_[m[K,this);
      |                                                                                       [01;31m[K^~~~~~~~~~~~~~~[m[K
[01m[K/home/sameer/cpp_files/ros2_cpp/src/cpp_pubsub/src/single_thread_spinner.cpp:101:13:[m[K [01;31m[Kerror: [m[Kâ€˜[01m[Kare_all_nodes_spinning_[m[Kâ€™ was not declared in this scope; did you mean â€˜[01m[Kare_all_node_spinning[m[Kâ€™?
  101 |             [01;31m[Kare_all_nodes_spinning_[m[K.store(true);
      |             [01;31m[K^~~~~~~~~~~~~~~~~~~~~~~[m[K
      |             [32m[Kare_all_node_spinning[m[K
[01m[K/home/sameer/cpp_files/ros2_cpp/src/cpp_pubsub/src/single_thread_spinner.cpp:104:50:[m[K [01;31m[Kerror: [m[Kqualified-id in declaration before â€˜[01m[K([m[Kâ€™ token
  104 |         void SingleThreadSpinner::spin_all_nodes_[01;31m[K([m[K)
      |                                                  [01;31m[K^[m[K
gmake[2]: *** [CMakeFiles/pubsub_test.dir/build.make:118: CMakeFiles/pubsub_test.dir/src/single_thread_spinner.cpp.o] Error 1
gmake[1]: *** [CMakeFiles/Makefile2:156: CMakeFiles/pubsub_test.dir/all] Error 2
gmake: *** [Makefile:146: all] Error 2
