[0.152s] Invoking command in '/home/sameer/cpp_files/ros2_cpp/build/cpp_pubsub': CMAKE_PREFIX_PATH=/home/sameer/ros2_ws_2/install/cpp_pubsub:/home/sameer/ros2_ws/install/my_robot_controller:/opt/ros/humble /usr/bin/cmake /home/sameer/cpp_files/ros2_cpp/src/cpp_pubsub -DCMAKE_INSTALL_PREFIX=/home/sameer/cpp_files/ros2_cpp/install/cpp_pubsub
[0.494s] -- The C compiler identification is GNU 11.4.0
[0.675s] -- The CXX compiler identification is GNU 11.4.0
[0.724s] -- Detecting C compiler ABI info
[1.002s] -- Detecting C compiler ABI info - done
[1.032s] -- Check for working C compiler: /usr/bin/cc - skipped
[1.034s] -- Detecting C compile features
[1.036s] -- Detecting C compile features - done
[1.048s] -- Detecting CXX compiler ABI info
[1.343s] -- Detecting CXX compiler ABI info - done
[1.374s] -- Check for working CXX compiler: /usr/bin/c++ - skipped
[1.374s] -- Detecting CXX compile features
[1.376s] -- Detecting CXX compile features - done
[1.386s] -- Found ament_cmake: 1.3.8 (/opt/ros/humble/share/ament_cmake/cmake)
[1.793s] -- Found Python3: /usr/bin/python3 (found version "3.10.12") found components: Interpreter 
[2.069s] -- Found lifecycle_msgs: 1.2.1 (/opt/ros/humble/share/lifecycle_msgs/cmake)
[2.240s] -- Found rosidl_generator_c: 3.1.5 (/opt/ros/humble/share/rosidl_generator_c/cmake)
[2.256s] -- Found rosidl_adapter: 3.1.5 (/opt/ros/humble/share/rosidl_adapter/cmake)
[2.282s] -- Found rosidl_generator_cpp: 3.1.5 (/opt/ros/humble/share/rosidl_generator_cpp/cmake)
[2.329s] -- Using all available rosidl_typesupport_c: rosidl_typesupport_fastrtps_c;rosidl_typesupport_introspection_c
[2.383s] -- Using all available rosidl_typesupport_cpp: rosidl_typesupport_fastrtps_cpp;rosidl_typesupport_introspection_cpp
[2.430s] -- Found rclcpp_lifecycle: 16.0.8 (/opt/ros/humble/share/rclcpp_lifecycle/cmake)
[2.610s] -- Found rmw_implementation_cmake: 6.1.1 (/opt/ros/humble/share/rmw_implementation_cmake/cmake)
[2.615s] -- Found rmw_fastrtps_cpp: 6.2.6 (/opt/ros/humble/share/rmw_fastrtps_cpp/cmake)
[2.898s] -- Found OpenSSL: /usr/lib/x86_64-linux-gnu/libcrypto.so (found version "3.0.2")  
[2.954s] -- Found FastRTPS: /opt/ros/humble/include  
[3.055s] -- Using RMW implementation 'rmw_fastrtps_cpp' as default
[3.076s] -- Looking for pthread.h
[3.381s] -- Looking for pthread.h - found
[3.382s] -- Performing Test CMAKE_HAVE_LIBC_PTHREAD
[3.581s] -- Performing Test CMAKE_HAVE_LIBC_PTHREAD - Success
[3.584s] -- Found Threads: TRUE  
[4.762s] -- Found rclcpp_action: 16.0.8 (/opt/ros/humble/share/rclcpp_action/cmake)
[5.162s] -- Found example_interfaces: 0.9.3 (/opt/ros/humble/share/example_interfaces/cmake)
[5.297s] -- Found geometry_msgs: 4.2.3 (/opt/ros/humble/share/geometry_msgs/cmake)
[5.412s] -- Found tf2_ros: 0.25.6 (/opt/ros/humble/share/tf2_ros/cmake)
[5.954s] -- Found tf2_geometry_msgs: 0.25.6 (/opt/ros/humble/share/tf2_geometry_msgs/cmake)
[5.990s] -- Found eigen3_cmake_module: 0.1.1 (/opt/ros/humble/share/eigen3_cmake_module/cmake)
[5.994s] -- Found Eigen3: TRUE (found version "3.4.0") 
[5.994s] -- Ensuring Eigen3 include directory is part of orocos-kdl CMake target
[6.057s] -- Found nav_msgs: 4.2.3 (/opt/ros/humble/share/nav_msgs/cmake)
[6.324s] -- Found ament_cmake_gtest: 1.3.8 (/opt/ros/humble/share/ament_cmake_gtest/cmake)
[6.342s] -- Found gtest sources under '/opt/ros/humble/src/gtest_vendor': C++ tests using 'Google Test' will be built
[6.554s] -- Configuring done
[6.695s] -- Generating done
[6.704s] -- Build files have been written to: /home/sameer/cpp_files/ros2_cpp/build/cpp_pubsub
[6.732s] Invoked command in '/home/sameer/cpp_files/ros2_cpp/build/cpp_pubsub' returned '0': CMAKE_PREFIX_PATH=/home/sameer/ros2_ws_2/install/cpp_pubsub:/home/sameer/ros2_ws/install/my_robot_controller:/opt/ros/humble /usr/bin/cmake /home/sameer/cpp_files/ros2_cpp/src/cpp_pubsub -DCMAKE_INSTALL_PREFIX=/home/sameer/cpp_files/ros2_cpp/install/cpp_pubsub
[6.739s] Invoking command in '/home/sameer/cpp_files/ros2_cpp/build/cpp_pubsub': CMAKE_PREFIX_PATH=/home/sameer/ros2_ws_2/install/cpp_pubsub:/home/sameer/ros2_ws/install/my_robot_controller:/opt/ros/humble /usr/bin/cmake --build /home/sameer/cpp_files/ros2_cpp/build/cpp_pubsub -- -j4 -l4
[6.846s] [35m[1mConsolidate compiler generated dependencies of target gtest[0m
[6.847s] [35m[1mConsolidate compiler generated dependencies of target gtest_main[0m
[6.916s] [ 22%] Built target gtest_main
[6.920s] [ 44%] Built target gtest
[6.967s] [35m[1mConsolidate compiler generated dependencies of target pubsub_test[0m
[7.037s] [ 55%] [32mBuilding CXX object CMakeFiles/pubsub_test.dir/src/publisher_member_function.cpp.o[0m
[7.058s] [ 66%] [32mBuilding CXX object CMakeFiles/pubsub_test.dir/test/pubsub_test.cpp.o[0m
[7.069s] [ 77%] [32mBuilding CXX object CMakeFiles/pubsub_test.dir/src/single_thread_spinner.cpp.o[0m
[7.069s] [ 88%] [32mBuilding CXX object CMakeFiles/pubsub_test.dir/src/subscriber_member_function.cpp.o[0m
[9.805s] [01m[K/home/sameer/cpp_files/ros2_cpp/src/cpp_pubsub/src/publisher_member_function.cpp:8:10:[m[K [01;31m[Kfatal error: [m[Kpublisher_member_function.hpp: No such file or directory
[9.807s]     8 | #include [01;31m[K"publisher_member_function.hpp"[m[K
[9.809s]       |          [01;31m[K^~~~~~~~~~~~~~~~~~~~~~~~~~~~~~~[m[K
[9.810s] compilation terminated.
[9.829s] gmake[2]: *** [CMakeFiles/pubsub_test.dir/build.make:90: CMakeFiles/pubsub_test.dir/src/publisher_member_function.cpp.o] Error 1
[9.830s] gmake[2]: *** Waiting for unfinished jobs....
[10.001s] [01m[K/home/sameer/cpp_files/ros2_cpp/src/cpp_pubsub/test/pubsub_test.cpp:76:1:[m[K [01;31m[Kerror: [m[Kunterminated argument list invoking macro "EXPECT_EQ"
[10.006s]    76 | 
[10.007s]       | [01;31m[K^[m[K
[16.958s] In file included from [01m[K/home/sameer/cpp_files/ros2_cpp/src/cpp_pubsub/src/single_thread_spinner.cpp:5[m[K:
[16.959s] [01m[K/home/sameer/cpp_files/ros2_cpp/src/cpp_pubsub/include/cpp_pubsub/single_thread_spinner.hpp:21:41:[m[K [01;31m[Kerror: [m[Kâ€˜[01m[Krclcpp_lifecycle::LifeCycleNode[m[Kâ€™ has not been declared
[16.959s]    21 |         bool add_node(rclcpp_lifecycle::[01;31m[KLifeCycleNode[m[K::SharedPtr lc_node);
[16.960s]       |                                         [01;31m[K^~~~~~~~~~~~~[m[K
[16.960s] [01m[K/home/sameer/cpp_files/ros2_cpp/src/cpp_pubsub/include/cpp_pubsub/single_thread_spinner.hpp:21:66:[m[K [01;31m[Kerror: [m[Kexpected â€˜[01m[K,[m[Kâ€™ or â€˜[01m[K...[m[Kâ€™ before â€˜[01m[Klc_node[m[Kâ€™
[16.960s]    21 |         bool add_node(rclcpp_lifecycle::LifeCycleNode::SharedPtr [01;31m[Klc_node[m[K);
[16.961s]       |                                                                  [01;31m[K^~~~~~~[m[K
[16.961s] [01m[K/home/sameer/cpp_files/ros2_cpp/src/cpp_pubsub/include/cpp_pubsub/single_thread_spinner.hpp:23:44:[m[K [01;31m[Kerror: [m[Kâ€˜[01m[Krclcpp_lifecycle::LifeCycleNode[m[Kâ€™ has not been declared
[16.961s]    23 |         bool remove_node(rclcpp_lifecycle::[01;31m[KLifeCycleNode[m[K::SharedPtr lc_node);
[16.961s]       |                                            [01;31m[K^~~~~~~~~~~~~[m[K
[16.961s] [01m[K/home/sameer/cpp_files/ros2_cpp/src/cpp_pubsub/include/cpp_pubsub/single_thread_spinner.hpp:23:69:[m[K [01;31m[Kerror: [m[Kexpected â€˜[01m[K,[m[Kâ€™ or â€˜[01m[K...[m[Kâ€™ before â€˜[01m[Klc_node[m[Kâ€™
[16.961s]    23 |         bool remove_node(rclcpp_lifecycle::LifeCycleNode::SharedPtr [01;31m[Klc_node[m[K);
[16.962s]       |                                                                     [01;31m[K^~~~~~~[m[K
[16.977s] [01m[K/home/sameer/cpp_files/ros2_cpp/src/cpp_pubsub/include/cpp_pubsub/single_thread_spinner.hpp:36:49:[m[K [01;31m[Kerror: [m[Kredeclaration of â€˜[01m[Kstd::atomic<bool> cpp_pubsub::SingleThreadSpinner::cancel_spin_called_[m[Kâ€™
[16.977s]    36 |         std::atomic<bool> cancel_spin_called_ = [01;31m[Kfalse[m[K;
[16.977s]       |                                                 [01;31m[K^~~~~[m[K
[16.977s] [01m[K/home/sameer/cpp_files/ros2_cpp/src/cpp_pubsub/include/cpp_pubsub/single_thread_spinner.hpp:30:27:[m[K [01;36m[Knote: [m[Kprevious declaration â€˜[01m[Kstd::atomic<bool> cpp_pubsub::SingleThreadSpinner::cancel_spin_called_[m[Kâ€™
[16.978s]    30 |         std::atomic<bool> [01;36m[Kcancel_spin_called_[m[K = false;
[16.978s]       |                           [01;36m[K^~~~~~~~~~~~~~~~~~~[m[K
[16.979s] [01m[K/home/sameer/cpp_files/ros2_cpp/src/cpp_pubsub/src/single_thread_spinner.cpp:18:10:[m[K [01;31m[Kerror: [m[Kâ€˜[01m[Kbool cpp_pubsub::SingleThreadSpinner::add_node[m[Kâ€™ is not a static data member of â€˜[01m[Kclass cpp_pubsub::SingleThreadSpinner[m[Kâ€™
[16.980s]    18 |     bool [01;31m[KSingleThreadSpinner[m[K::add_node(rclcpp_lifecycle::LifeCycleNode::SharedPtr lc_node)
[16.980s]       |          [01;31m[K^~~~~~~~~~~~~~~~~~~[m[K
[16.980s] [01m[K/home/sameer/cpp_files/ros2_cpp/src/cpp_pubsub/src/single_thread_spinner.cpp:18:58:[m[K [01;31m[Kerror: [m[Kâ€˜[01m[Krclcpp_lifecycle::LifeCycleNode[m[Kâ€™ has not been declared
[16.981s]    18 |     bool SingleThreadSpinner::add_node(rclcpp_lifecycle::[01;31m[KLifeCycleNode[m[K::SharedPtr lc_node)
[16.981s]       |                                                          [01;31m[K^~~~~~~~~~~~~[m[K
[16.986s] [01m[K/home/sameer/cpp_files/ros2_cpp/src/cpp_pubsub/src/single_thread_spinner.cpp:28:10:[m[K [01;31m[Kerror: [m[Kâ€˜[01m[Kbool cpp_pubsub::SingleThreadSpinner::remove_node[m[Kâ€™ is not a static data member of â€˜[01m[Kclass cpp_pubsub::SingleThreadSpinner[m[Kâ€™
[16.987s]    28 |     bool [01;31m[KSingleThreadSpinner[m[K::remove_node(rclcpp_lifecycle::LifeCycleNode::SharedPtr lc_node)
[16.987s]       |          [01;31m[K^~~~~~~~~~~~~~~~~~~[m[K
[16.987s] [01m[K/home/sameer/cpp_files/ros2_cpp/src/cpp_pubsub/src/single_thread_spinner.cpp:28:61:[m[K [01;31m[Kerror: [m[Kâ€˜[01m[Krclcpp_lifecycle::LifeCycleNode[m[Kâ€™ has not been declared
[16.988s]    28 |     bool SingleThreadSpinner::remove_node(rclcpp_lifecycle::[01;31m[KLifeCycleNode[m[K::SharedPtr lc_node)
[16.988s]       |                                                             [01;31m[K^~~~~~~~~~~~~[m[K
[17.022s] [01m[K/home/sameer/cpp_files/ros2_cpp/src/cpp_pubsub/src/single_thread_spinner.cpp:[m[K In member function â€˜[01m[Kbool cpp_pubsub::SingleThreadSpinner::remove_node(rclcpp::Node::SharedPtr)[m[Kâ€™:
[17.022s] [01m[K/home/sameer/cpp_files/ros2_cpp/src/cpp_pubsub/src/single_thread_spinner.cpp:35:28:[m[K [01;31m[Kerror: [m[Kâ€˜[01m[Klc_node[m[Kâ€™ was not declared in this scope; did you mean â€˜[01m[Knode[m[Kâ€™?
[17.022s]    35 |         return remove_node([01;31m[Klc_node[m[K->get_node_base_interface());
[17.022s]       |                            [01;31m[K^~~~~~~[m[K
[17.023s]       |                            [32m[Knode[m[K
[17.023s] [01m[K/home/sameer/cpp_files/ros2_cpp/src/cpp_pubsub/src/single_thread_spinner.cpp:33:67:[m[K [01;35m[Kwarning: [m[Kunused parameter â€˜[01m[Knode[m[Kâ€™ [[01;35m[K]8;;https://gcc.gnu.org/onlinedocs/gcc/Warning-Options.html#index-Wunused-parameter-Wunused-parameter]8;;[m[K]
[17.024s]    33 |     bool SingleThreadSpinner::remove_node([01;35m[Krclcpp::Node::SharedPtr node[m[K)
[17.024s]       |                                           [01;35m[K~~~~~~~~~~~~~~~~~~~~~~~~^~~~[m[K
[17.024s] [01m[K/home/sameer/cpp_files/ros2_cpp/src/cpp_pubsub/src/single_thread_spinner.cpp:[m[K In member function â€˜[01m[Kbool cpp_pubsub::SingleThreadSpinner::add_node(rclcpp::node_interfaces::NodeBaseInterface::SharedPtr)[m[Kâ€™:
[17.024s] [01m[K/home/sameer/cpp_files/ros2_cpp/src/cpp_pubsub/src/single_thread_spinner.cpp:43:32:[m[K [01;31m[Kerror: [m[Kâ€˜[01m[Krclcpp::executors::SingleThreadExecutor[m[Kâ€™ has not been declared
[17.024s]    43 |             rclcpp::executors::[01;31m[KSingleThreadExecutor[m[K::add_node(node);
[17.025s]       |                                [01;31m[K^~~~~~~~~~~~~~~~~~~~[m[K
[17.025s] [01m[K/home/sameer/cpp_files/ros2_cpp/src/cpp_pubsub/src/single_thread_spinner.cpp:[m[K In member function â€˜[01m[Kbool cpp_pubsub::SingleThreadSpinner::remove_node(rclcpp::node_interfaces::NodeBaseInterface::SharedPtr)[m[Kâ€™:
[17.025s] [01m[K/home/sameer/cpp_files/ros2_cpp/src/cpp_pubsub/src/single_thread_spinner.cpp:58:32:[m[K [01;31m[Kerror: [m[Kâ€˜[01m[Krclcpp::executors::SingleThreadExecutor[m[Kâ€™ has not been declared
[17.025s]    58 |             rclcpp::executors::[01;31m[KSingleThreadExecutor[m[K::remove_node(node);
[17.025s]       |                                [01;31m[K^~~~~~~~~~~~~~~~~~~~[m[K
[17.062s] [01m[K/home/sameer/cpp_files/ros2_cpp/src/cpp_pubsub/src/single_thread_spinner.cpp:[m[K In member function â€˜[01m[Kbool cpp_pubsub::SingleThreadSpinner::cancel_all_spin()[m[Kâ€™:
[17.062s] [01m[K/home/sameer/cpp_files/ros2_cpp/src/cpp_pubsub/src/single_thread_spinner.cpp:70:13:[m[K [01;31m[Kerror: [m[Kâ€˜[01m[Kare_all_nodes_spinning_[m[Kâ€™ was not declared in this scope; did you mean â€˜[01m[Kare_all_node_spinning[m[Kâ€™?
[17.062s]    70 |         if(![01;31m[Kare_all_nodes_spinning_[m[K.load())
[17.062s]       |             [01;31m[K^~~~~~~~~~~~~~~~~~~~~~~[m[K
[17.062s]       |             [32m[Kare_all_node_spinning[m[K
[17.105s] [01m[K/home/sameer/cpp_files/ros2_cpp/src/cpp_pubsub/src/single_thread_spinner.cpp:76:16:[m[K [01;31m[Kerror: [m[Kâ€˜[01m[Kare_all_nodes_spinning_[m[Kâ€™ was not declared in this scope; did you mean â€˜[01m[Kare_all_node_spinning[m[Kâ€™?
[17.105s]    76 |         while ([01;31m[Kare_all_nodes_spinning_[m[K.load());
[17.105s]       |                [01;31m[K^~~~~~~~~~~~~~~~~~~~~~~[m[K
[17.105s]       |                [32m[Kare_all_node_spinning[m[K
[17.105s] [01m[K/home/sameer/cpp_files/ros2_cpp/src/cpp_pubsub/src/single_thread_spinner.cpp:76:9:[m[K [01;35m[Kwarning: [m[Kthis â€˜[01m[Kwhile[m[Kâ€™ clause does not guard... [[01;35m[K]8;;https://gcc.gnu.org/onlinedocs/gcc/Warning-Options.html#index-Wmisleading-indentation-Wmisleading-indentation]8;;[m[K]
[17.106s]    76 |         [01;35m[Kwhile[m[K (are_all_nodes_spinning_.load());
[17.106s]       |         [01;35m[K^~~~~[m[K
[17.106s] [01m[K/home/sameer/cpp_files/ros2_cpp/src/cpp_pubsub/src/single_thread_spinner.cpp:78:13:[m[K [01;36m[Knote: [m[K...this statement, but the latter is misleadingly indented as if it were guarded by the â€˜[01m[Kwhile[m[Kâ€™
[17.106s]    78 |             [01;36m[Kstd[m[K::lock_guard<std::mutex>lock(mutex_);
[17.107s]       |             [01;36m[K^~~[m[K
[17.107s] [01m[K/home/sameer/cpp_files/ros2_cpp/src/cpp_pubsub/src/single_thread_spinner.cpp:81:36:[m[K [01;31m[Kerror: [m[Kexpected primary-expression before â€˜[01m[K.[m[Kâ€™ token
[17.107s]    81 |                 if(spinner_thread_-[01;31m[K.[m[Kjoinable())spinner_thread_->join();
[17.107s]       |                                    [01;31m[K^[m[K
[17.114s] [01m[K/home/sameer/cpp_files/ros2_cpp/src/cpp_pubsub/src/single_thread_spinner.cpp:[m[K At global scope:
[17.114s] [01m[K/home/sameer/cpp_files/ros2_cpp/src/cpp_pubsub/src/single_thread_spinner.cpp:87:10:[m[K [01;31m[Kerror: [m[Kno declaration matches â€˜[01m[Kbool cpp_pubsub::SingleThreadSpinner::are_all_nodes_spinning()[m[Kâ€™
[17.115s]    87 |     bool [01;31m[KSingleThreadSpinner[m[K::are_all_nodes_spinning()
[17.115s]       |          [01;31m[K^~~~~~~~~~~~~~~~~~~[m[K
[17.115s] [01m[K/home/sameer/cpp_files/ros2_cpp/src/cpp_pubsub/src/single_thread_spinner.cpp:87:10:[m[K [01;36m[Knote: [m[Kno functions named â€˜[01m[Kbool cpp_pubsub::SingleThreadSpinner::are_all_nodes_spinning()[m[Kâ€™
[17.115s] In file included from [01m[K/home/sameer/cpp_files/ros2_cpp/src/cpp_pubsub/src/single_thread_spinner.cpp:5[m[K:
[17.115s] [01m[K/home/sameer/cpp_files/ros2_cpp/src/cpp_pubsub/include/cpp_pubsub/single_thread_spinner.hpp:16:11:[m[K [01;36m[Knote: [m[Kâ€˜[01m[Kclass cpp_pubsub::SingleThreadSpinner[m[Kâ€™ defined here
[17.115s]    16 |     class [01;36m[KSingleThreadSpinner[m[K:private rclcpp::executors::SingleThreadedExecutor
[17.116s]       |           [01;36m[K^~~~~~~~~~~~~~~~~~~[m[K
[17.147s] [01m[K/home/sameer/cpp_files/ros2_cpp/src/cpp_pubsub/src/single_thread_spinner.cpp:[m[K In member function â€˜[01m[Kbool cpp_pubsub::SingleThreadSpinner::spin_some_all_nodes()[m[Kâ€™:
[17.148s] [01m[K/home/sameer/cpp_files/ros2_cpp/src/cpp_pubsub/src/single_thread_spinner.cpp:94:12:[m[K [01;31m[Kerror: [m[Kâ€˜[01m[Kare_all_nodes_spinning_[m[Kâ€™ was not declared in this scope; did you mean â€˜[01m[Kare_all_node_spinning[m[Kâ€™?
[17.148s]    94 |         if([01;31m[Kare_all_nodes_spinning_[m[K.load())
[17.148s]       |            [01;31m[K^~~~~~~~~~~~~~~~~~~~~~~[m[K
[17.148s]       |            [32m[Kare_all_node_spinning[m[K
[17.159s] [01m[K/home/sameer/cpp_files/ros2_cpp/src/cpp_pubsub/src/single_thread_spinner.cpp:106:87:[m[K [01;31m[Kerror: [m[Kâ€˜[01m[Kspin_all_nodes_[m[Kâ€™ is not a member of â€˜[01m[Kcpp_pubsub::SingleThreadSpinner[m[Kâ€™
[17.160s]   106 |                 spinner_thread_ = std::make_shared<std::thread>(&SingleThreadSpinner::[01;31m[Kspin_all_nodes_[m[K,this);
[17.160s]       |                                                                                       [01;31m[K^~~~~~~~~~~~~~~[m[K
[17.197s] [01m[K/home/sameer/cpp_files/ros2_cpp/src/cpp_pubsub/src/single_thread_spinner.cpp:109:13:[m[K [01;31m[Kerror: [m[Kâ€˜[01m[Kare_all_nodes_spinning_[m[Kâ€™ was not declared in this scope; did you mean â€˜[01m[Kare_all_node_spinning[m[Kâ€™?
[17.197s]   109 |             [01;31m[Kare_all_nodes_spinning_[m[K.store(true);
[17.197s]       |             [01;31m[K^~~~~~~~~~~~~~~~~~~~~~~[m[K
[17.197s]       |             [32m[Kare_all_node_spinning[m[K
[17.198s] [01m[K/home/sameer/cpp_files/ros2_cpp/src/cpp_pubsub/src/single_thread_spinner.cpp:113:50:[m[K [01;31m[Kerror: [m[Kqualified-id in declaration before â€˜[01m[K([m[Kâ€™ token
[17.198s]   113 |         void SingleThreadSpinner::spin_all_nodes_[01;31m[K([m[K)
[17.198s]       |                                                  [01;31m[K^[m[K
[18.203s] In file included from [01m[K/home/sameer/cpp_files/ros2_cpp/src/cpp_pubsub/src/subscriber_member_function.cpp:7[m[K:
[18.205s] [01m[K/home/sameer/cpp_files/ros2_cpp/src/cpp_pubsub/include/cpp_pubsub/subscriber_member_function.hpp:27:43:[m[K [01;31m[Kerror: [m[Kâ€˜[01m[Kstring[m[Kâ€™ in namespace â€˜[01m[Kstd_msgs[m[Kâ€™ does not name a type
[18.206s]    27 |         void topicallback(const std_msgs::[01;31m[Kstring[m[K & msg);
[18.209s]       |                                           [01;31m[K^~~~~~[m[K
[18.217s] [01m[K/home/sameer/cpp_files/ros2_cpp/src/cpp_pubsub/src/subscriber_member_function.cpp:12:1:[m[K [01;31m[Kerror: [m[Kâ€˜[01m[KMinimalSubscriber[m[Kâ€™ does not name a type
[18.217s]    12 | [01;31m[KMinimalSubscriber[m[K::MinimalSubscriber():Node("minimal_subscriber")
[18.217s]       | [01;31m[K^~~~~~~~~~~~~~~~~[m[K
[18.218s] [01m[K/home/sameer/cpp_files/ros2_cpp/src/cpp_pubsub/src/subscriber_member_function.cpp:17:6:[m[K [01;31m[Kerror: [m[Kâ€˜[01m[KMinimalSubscriber[m[Kâ€™ has not been declared
[18.218s]    17 | void [01;31m[KMinimalSubscriber[m[K::topic_callback(const std_msgs::msg::string & msg)
[18.218s]       |      [01;31m[K^~~~~~~~~~~~~~~~~[m[K
[18.219s] [01m[K/home/sameer/cpp_files/ros2_cpp/src/cpp_pubsub/src/subscriber_member_function.cpp:17:61:[m[K [01;31m[Kerror: [m[Kâ€˜[01m[Kstring[m[Kâ€™ in namespace â€˜[01m[Kstd_msgs::msg[m[Kâ€™ does not name a type; did you mean â€˜[01m[KString[m[Kâ€™?
[18.220s]    17 | void MinimalSubscriber::topic_callback(const std_msgs::msg::[01;31m[Kstring[m[K & msg)
[18.220s]       |                                                             [01;31m[K^~~~~~[m[K
[18.221s]       |                                                             [32m[KString[m[K
[18.244s] [01m[K/home/sameer/cpp_files/ros2_cpp/src/cpp_pubsub/src/subscriber_member_function.cpp:[m[K In function â€˜[01m[Kvoid topic_callback(const int&)[m[Kâ€™:
[18.245s] [01m[K/home/sameer/cpp_files/ros2_cpp/src/cpp_pubsub/src/subscriber_member_function.cpp:19:21:[m[K [01;31m[Kerror: [m[Kâ€˜[01m[Klast_message_timestamp_[m[Kâ€™ was not declared in this scope
[18.245s]    19 |                 if(![01;31m[Klast_message_timestamp_[m[K)
[18.245s]       |                     [01;31m[K^~~~~~~~~~~~~~~~~~~~~~~[m[K
[18.246s] [01m[K/home/sameer/cpp_files/ros2_cpp/src/cpp_pubsub/src/subscriber_member_function.cpp:28:9:[m[K [01;31m[Kerror: [m[Kexpected initializer before â€˜[01m[K}[m[Kâ€™ token
[18.247s]    28 |         [01;31m[K}[m[K
[18.247s]       |         [01;31m[K^[m[K
[18.247s] [01m[K/home/sameer/cpp_files/ros2_cpp/src/cpp_pubsub/src/subscriber_member_function.cpp:26:54:[m[K [01;35m[Kwarning: [m[Kunused variable â€˜[01m[Kelapsed_seconds[m[Kâ€™ [[01;35m[K]8;;https://gcc.gnu.org/onlinedocs/gcc/Warning-Options.html#index-Wunused-variable-Wunused-variable]8;;[m[K]
[18.248s]    26 |                         std::chrono::duration<double>[01;35m[Kelapsed_seconds[m[K = now - *last_message_timestamp_;
[18.248s]       |                                                      [01;35m[K^~~~~~~~~~~~~~~[m[K
[18.248s] [01m[K/home/sameer/cpp_files/ros2_cpp/src/cpp_pubsub/src/subscriber_member_function.cpp:17:70:[m[K [01;35m[Kwarning: [m[Kunused parameter â€˜[01m[Kmsg[m[Kâ€™ [[01;35m[K]8;;https://gcc.gnu.org/onlinedocs/gcc/Warning-Options.html#index-Wunused-parameter-Wunused-parameter]8;;[m[K]
[18.249s]    17 | void MinimalSubscriber::topic_callback([01;35m[Kconst std_msgs::msg::string & msg[m[K)
[18.249s]       |                                        [01;35m[K~~~~~~~~~~~~~~~~~~~~~~~~~~~~~~^~~[m[K
[18.249s] [01m[K/home/sameer/cpp_files/ros2_cpp/src/cpp_pubsub/src/subscriber_member_function.cpp:[m[K At global scope:
[18.250s] [01m[K/home/sameer/cpp_files/ros2_cpp/src/cpp_pubsub/src/subscriber_member_function.cpp:31:7:[m[K [01;31m[Kerror: [m[Kâ€˜[01m[KMinimalSubscriber[m[Kâ€™ has not been declared
[18.250s]    31 |  bool [01;31m[KMinimalSubscriber[m[K::has_data_been_received()
[18.250s]       |       [01;31m[K^~~~~~~~~~~~~~~~~[m[K
[18.266s] [01m[K/home/sameer/cpp_files/ros2_cpp/src/cpp_pubsub/src/subscriber_member_function.cpp:[m[K In function â€˜[01m[Kbool has_data_been_received()[m[Kâ€™:
[18.266s] [01m[K/home/sameer/cpp_files/ros2_cpp/src/cpp_pubsub/src/subscriber_member_function.cpp:33:11:[m[K [01;31m[Kerror: [m[Kâ€˜[01m[Kreceived_msg_[m[Kâ€™ was not declared in this scope
[18.266s]    33 |  return (![01;31m[Kreceived_msg_[m[K.data.empty());
[18.267s]       |           [01;31m[K^~~~~~~~~~~~~[m[K
[18.267s] [01m[K/home/sameer/cpp_files/ros2_cpp/src/cpp_pubsub/src/subscriber_member_function.cpp:[m[K At global scope:
[18.268s] [01m[K/home/sameer/cpp_files/ros2_cpp/src/cpp_pubsub/src/subscriber_member_function.cpp:35:24:[m[K [01;31m[Kerror: [m[Kâ€˜[01m[KMinimalSubcriber[m[Kâ€™ has not been declared
[18.268s]    35 |  std_msgs::msg::String [01;31m[KMinimalSubcriber[m[K::get_received_msgs()
[18.268s]       |                        [01;31m[K^~~~~~~~~~~~~~~~[m[K
[18.284s] [01m[K/home/sameer/cpp_files/ros2_cpp/src/cpp_pubsub/src/subscriber_member_function.cpp:[m[K In function â€˜[01m[Kstd_msgs::msg::String get_received_msgs()[m[Kâ€™:
[18.284s] [01m[K/home/sameer/cpp_files/ros2_cpp/src/cpp_pubsub/src/subscriber_member_function.cpp:37:12:[m[K [01;31m[Kerror: [m[Kâ€˜[01m[Kreceived_msg_[m[Kâ€™ was not declared in this scope; did you mean â€˜[01m[Kget_received_msgs[m[Kâ€™?
[18.284s]    37 |     return [01;31m[Kreceived_msg_[m[K;
[18.285s]       |            [01;31m[K^~~~~~~~~~~~~[m[K
[18.285s]       |            [32m[Kget_received_msgs[m[K
[18.286s] [01m[K/home/sameer/cpp_files/ros2_cpp/src/cpp_pubsub/src/subscriber_member_function.cpp:[m[K At global scope:
[18.286s] [01m[K/home/sameer/cpp_files/ros2_cpp/src/cpp_pubsub/src/subscriber_member_function.cpp:39:9:[m[K [01;31m[Kerror: [m[Kâ€˜[01m[KMinimalSubscriber[m[Kâ€™ has not been declared
[18.286s]    39 |  double [01;31m[KMinimalSubscriber[m[K::get_frequency()
[18.287s]       |         [01;31m[K^~~~~~~~~~~~~~~~~[m[K
[18.298s] [01m[K/home/sameer/cpp_files/ros2_cpp/src/cpp_pubsub/src/subscriber_member_function.cpp:[m[K In function â€˜[01m[Kdouble get_frequency()[m[Kâ€™:
[18.299s] [01m[K/home/sameer/cpp_files/ros2_cpp/src/cpp_pubsub/src/subscriber_member_function.cpp:41:12:[m[K [01;31m[Kerror: [m[Kâ€˜[01m[Kfrequency_[m[Kâ€™ was not declared in this scope; did you mean â€˜[01m[Kget_frequency[m[Kâ€™?
[18.299s]    41 |     return [01;31m[Kfrequency_[m[K;
[18.299s]       |            [01;31m[K^~~~~~~~~~[m[K
[18.300s]       |            [32m[Kget_frequency[m[K
[18.366s] In file included from [01m[K/home/sameer/cpp_files/ros2_cpp/src/cpp_pubsub/test/pubsub_test.cpp:2[m[K:
[18.366s] [01m[K/home/sameer/cpp_files/ros2_cpp/src/cpp_pubsub/include/cpp_pubsub/publisher_member_function.hpp:15:11:[m[K [01;31m[Kerror: [m[Kâ€˜[01m[KMinimalPublisher[m[Kâ€™ has not been declared
[18.366s]    15 |     class [01;31m[KMinimalPublisher[m[K:: public rclcpp::Node
[18.366s]       |           [01;31m[K^~~~~~~~~~~~~~~~[m[K
[18.366s] [01m[K/home/sameer/cpp_files/ros2_cpp/src/cpp_pubsub/include/cpp_pubsub/publisher_member_function.hpp:15:30:[m[K [01;31m[Kerror: [m[Kexpected identifier before â€˜[01m[Kpublic[m[Kâ€™
[18.367s]    15 |     class MinimalPublisher:: [01;31m[Kpublic[m[K rclcpp::Node
[18.367s]       |                              [01;31m[K^~~~~~[m[K
[18.367s] [01m[K/home/sameer/cpp_files/ros2_cpp/src/cpp_pubsub/include/cpp_pubsub/publisher_member_function.hpp:15:30:[m[K [01;31m[Kerror: [m[Kexpected unqualified-id before â€˜[01m[Kpublic[m[Kâ€™
[18.524s] In file included from [01m[K/home/sameer/cpp_files/ros2_cpp/src/cpp_pubsub/test/pubsub_test.cpp:3[m[K:
[18.524s] [01m[K/home/sameer/cpp_files/ros2_cpp/src/cpp_pubsub/include/cpp_pubsub/subscriber_member_function.hpp:27:43:[m[K [01;31m[Kerror: [m[Kâ€˜[01m[Kstring[m[Kâ€™ in namespace â€˜[01m[Kstd_msgs[m[Kâ€™ does not name a type
[18.524s]    27 |         void topicallback(const std_msgs::[01;31m[Kstring[m[K & msg);
[18.525s]       |                                           [01;31m[K^~~~~~[m[K
[18.525s] In file included from [01m[K/home/sameer/cpp_files/ros2_cpp/src/cpp_pubsub/test/pubsub_test.cpp:4[m[K:
[18.525s] [01m[K/home/sameer/cpp_files/ros2_cpp/src/cpp_pubsub/include/cpp_pubsub/single_thread_spinner.hpp:21:41:[m[K [01;31m[Kerror: [m[Kâ€˜[01m[Krclcpp_lifecycle::LifeCycleNode[m[Kâ€™ has not been declared
[18.525s]    21 |         bool add_node(rclcpp_lifecycle::[01;31m[KLifeCycleNode[m[K::SharedPtr lc_node);
[18.526s]       |                                         [01;31m[K^~~~~~~~~~~~~[m[K
[18.526s] [01m[K/home/sameer/cpp_files/ros2_cpp/src/cpp_pubsub/include/cpp_pubsub/single_thread_spinner.hpp:21:66:[m[K [01;31m[Kerror: [m[Kexpected â€˜[01m[K,[m[Kâ€™ or â€˜[01m[K...[m[Kâ€™ before â€˜[01m[Klc_node[m[Kâ€™
[18.526s]    21 |        bool add_node(rclcpp_lifecycle::LifeCycleNode::SharedPtr [01;31m[Klc_node[m[K);
[18.526s]       |                                                                 [01;31m[K^~~~~~~[m[K
[18.526s] 
[18.527s] [01m[K/home/sameer/cpp_files/ros2_cpp/src/cpp_pubsub/include/cpp_pubsub/single_thread_spinner.hpp:23:44:[m[K [01;31m[Kerror: [m[Kâ€˜[01m[Krclcpp_lifecycle::LifeCycleNode[m[Kâ€™ has not been declared
[18.527s]    23 |         bool remove_node(rclcpp_lifecycle::[01;31m[KLifeCycleNode[m[K::SharedPtr lc_node);
[18.532s]       |                                            [01;31m[K^~~~~~~~~~~~~[m[K
[18.532s] [01m[K/home/sameer/cpp_files/ros2_cpp/src/cpp_pubsub/include/cpp_pubsub/single_thread_spinner.hpp:23:69:[m[K [01;31m[Kerror: [m[Kexpected â€˜[01m[K,[m[Kâ€™ or â€˜[01m[K...[m[Kâ€™ before â€˜[01m[Klc_node[m[Kâ€™
[18.532s]    23 |     bool remove_node(rclcpp_lifecycle::LifeCycleNode::SharedPtr [01;31m[Klc_node[m[K);
[18.533s]       |                                                                 [01;31m[K^~~~~~~[m[K
[18.533s] 
[18.533s] [01m[K/home/sameer/cpp_files/ros2_cpp/src/cpp_pubsub/include/cpp_pubsub/single_thread_spinner.hpp:36:49:[m[K [01;31m[Kerror: [m[Kredeclaration of â€˜[01m[Kstd::atomic<bool> cpp_pubsub::SingleThreadSpinner::cancel_spin_called_[m[Kâ€™
[18.533s]    36 |         std::atomic<bool> cancel_spin_called_ = [01;31m[Kfalse[m[K;
[18.533s]       |                                                 [01;31m[K^~~~~[m[K
[18.534s] [01m[K/home/sameer/cpp_files/ros2_cpp/src/cpp_pubsub/include/cpp_pubsub/single_thread_spinner.hpp:30:27:[m[K [01;36m[Knote: [m[Kprevious declaration â€˜[01m[Kstd::atomic<bool> cpp_pubsub::SingleThreadSpinner::cancel_spin_called_[m[Kâ€™
[18.534s]    30 |         std::atomic<bool> [01;36m[Kcancel_spin_called_[m[K = false;
[18.534s]       |                           [01;36m[K^~~~~~~~~~~~~~~~~~~[m[K
[18.759s] gmake[2]: *** [CMakeFiles/pubsub_test.dir/build.make:118: CMakeFiles/pubsub_test.dir/src/single_thread_spinner.cpp.o] Error 1
[19.496s] [01m[K/home/sameer/cpp_files/ros2_cpp/src/cpp_pubsub/test/pubsub_test.cpp:[m[K In member function â€˜[01m[Kvirtual void PubSubCommunication_pub_sub_communication_Test::TestBody()[m[Kâ€™:
[19.496s] [01m[K/home/sameer/cpp_files/ros2_cpp/src/cpp_pubsub/test/pubsub_test.cpp:12:51:[m[K [01;31m[Kerror: [m[Kexpected primary-expression before â€˜[01m[K;[m[Kâ€™ token
[19.496s]    12 |     rclcpp::init(0,nullptr);
[19.496s]       |                                                   [01;31m[K^[m[K
[19.497s] [01m[K/home/sameer/cpp_files/ros2_cpp/src/cpp_pubsub/test/pubsub_test.cpp:13:50:[m[K [01;31m[Kerror: [m[Kâ€˜[01m[KMinimalPublisher[m[Kâ€™ is not a member of â€˜[01m[Kcpp_pubsub[m[Kâ€™
[19.497s]    13 |     std::this_thread::sleep_for(std::chrono::mill[01;31m[Kiseconds(30));[m[K
[19.497s]       |                                                  [01;31m[K^~~~~~~~~~~~~~[m[K  
[19.497s] [01m[K/home/sameer/cpp_files/ros2_cpp/src/cpp_pubsub/test/pubsub_test.cpp:13:67:[m[K [01;31m[Kerror: [m[Kno matching function for call to â€˜[01m[Kmake_shared<<expression error> >()[m[Kâ€™
[19.498s]    13 |     std::this_thread[01;31m[K::sleep_for(std::chrono::milliseconds(30));[m[K
[19.498s]       |                     [01;31m[K~~~~~~~~~~~~~~~~~~~~~~~~~~~~~~~~~~~~~~~~~~~[m[K   [01;31m[K^[m[K 
[19.647s] gmake[2]: *** [CMakeFiles/pubsub_test.dir/build.make:104: CMakeFiles/pubsub_test.dir/src/subscriber_member_function.cpp.o] Error 1
[19.674s] In file included from [01m[K/usr/include/c++/11/memory:77[m[K,
[19.674s]                  from [01m[K/home/sameer/cpp_files/ros2_cpp/src/cpp_pubsub/include/cpp_pubsub/publisher_member_function.hpp:4[m[K,
[19.674s]                  from [01m[K/home/sameer/cpp_files/ros2_cpp/src/cpp_pubsub/test/pubsub_test.cpp:2[m[K:
[19.675s] [01m[K/usr/include/c++/11/bits/shared_ptr.h:875:5:[m[K [01;36m[Knote: [m[Kcandidate: â€˜[01m[Ktemplate<class _Tp, class ... _Args> std::shared_ptr<_Tp> std::make_shared(_Args&& ...)[m[Kâ€™
[19.675s]   875 |     [01;36m[Kmake_shared[m[K(_Args&&... __args)
[19.675s]       |     [01;36m[K^~~~~~~~~~~[m[K
[19.676s] [01m[K/usr/include/c++/11/bits/shared_ptr.h:875:5:[m[K [01;36m[Knote: [m[K  template argument deduction/substitution failed:
[19.676s] [01m[K/home/sameer/cpp_files/ros2_cpp/src/cpp_pubsub/test/pubsub_test.cpp:13:67:[m[K [01;31m[Kerror: [m[Ktemplate argument 1 is invalid
[19.676s]    13 |     std::this_thread[01;31m[K::sleep_for(std::chrono::milliseconds(30));[m[K
[19.677s]       |                     [01;31m[K~~~~~~~~~~~~~~~~~~~~~~~~~~~~~~~~~~~~~~~~~~~[m[K   [01;31m[K^[m[K 
[19.709s] In file included from [01m[K/opt/ros/humble/src/gtest_vendor/include/gtest/gtest.h:62[m[K,
[19.710s]                  from [01m[K/home/sameer/cpp_files/ros2_cpp/src/cpp_pubsub/test/pubsub_test.cpp:5[m[K:
[19.710s] [01m[K/home/sameer/cpp_files/ros2_cpp/src/cpp_pubsub/test/pubsub_test.cpp:23:17:[m[K [01;31m[Kerror: [m[Kâ€˜[01m[Ksub_pub[m[Kâ€™ was not declared in this scope
[19.710s]    23 |     std::this_th[01;31m[Kread::s[m[Kleep_for(std::chrono::milliseconds(1000));
[19.711s]       |                 [01;31m[K^~~~~~~[m[K
[19.717s] [01m[K/home/sameer/cpp_files/ros2_cpp/src/cpp_pubsub/test/pubsub_test.cpp:[m[K In member function â€˜[01m[Kvirtual void PubSubCommunication_check_received_msg_Test::TestBody()[m[Kâ€™:
[19.718s] [01m[K/home/sameer/cpp_files/ros2_cpp/src/cpp_pubsub/test/pubsub_test.cpp:33:51:[m[K [01;31m[Kerror: [m[Kexpected primary-expression before â€˜[01m[K;[m[Kâ€™ token
[19.719s]    33 |     rclcpp::init(0,nullptr);
[19.719s]       |                                                   [01;31m[K^[m[K
[19.720s] [01m[K/home/sameer/cpp_files/ros2_cpp/src/cpp_pubsub/test/pubsub_test.cpp:34:50:[m[K [01;31m[Kerror: [m[Kâ€˜[01m[KMinimalPublisher[m[Kâ€™ is not a member of â€˜[01m[Kcpp_pubsub[m[Kâ€™
[19.720s]    34 |     std::this_thread::sleep_for(std::chrono::mill[01;31m[Kiseconds(30));[m[K
[19.722s]       |                                                  [01;31m[K^~~~~~~~~~~~~~[m[K  
[19.723s] [01m[K/home/sameer/cpp_files/ros2_cpp/src/cpp_pubsub/test/pubsub_test.cpp:34:67:[m[K [01;31m[Kerror: [m[Kno matching function for call to â€˜[01m[Kmake_shared<<expression error> >()[m[Kâ€™
[19.724s]    34 |     std::this_thread[01;31m[K::sleep_for(std::chrono::milliseconds(30));[m[K
[19.724s]       |                     [01;31m[K~~~~~~~~~~~~~~~~~~~~~~~~~~~~~~~~~~~~~~~~~~~[m[K   [01;31m[K^[m[K 
[19.725s] In file included from [01m[K/usr/include/c++/11/memory:77[m[K,
[19.725s]                  from [01m[K/home/sameer/cpp_files/ros2_cpp/src/cpp_pubsub/include/cpp_pubsub/publisher_member_function.hpp:4[m[K,
[19.725s]                  from [01m[K/home/sameer/cpp_files/ros2_cpp/src/cpp_pubsub/test/pubsub_test.cpp:2[m[K:
[19.725s] [01m[K/usr/include/c++/11/bits/shared_ptr.h:875:5:[m[K [01;36m[Knote: [m[Kcandidate: â€˜[01m[Ktemplate<class _Tp, class ... _Args> std::shared_ptr<_Tp> std::make_shared(_Args&& ...)[m[Kâ€™
[19.726s]   875 |     [01;36m[Kmake_shared[m[K(_Args&&... __args)
[19.726s]       |     [01;36m[K^~~~~~~~~~~[m[K
[19.726s] [01m[K/usr/include/c++/11/bits/shared_ptr.h:875:5:[m[K [01;36m[Knote: [m[K  template argument deduction/substitution failed:
[19.726s] [01m[K/home/sameer/cpp_files/ros2_cpp/src/cpp_pubsub/test/pubsub_test.cpp:34:67:[m[K [01;31m[Kerror: [m[Ktemplate argument 1 is invalid
[19.727s]    34 |     std::this_thread[01;31m[K::sleep_for(std::chrono::milliseconds(30));[m[K
[19.727s]       |                     [01;31m[K~~~~~~~~~~~~~~~~~~~~~~~~~~~~~~~~~~~~~~~~~~~[m[K   [01;31m[K^[m[K 
[19.741s] In file included from [01m[K/opt/ros/humble/src/gtest_vendor/include/gtest/gtest.h:62[m[K,
[19.747s]                  from [01m[K/home/sameer/cpp_files/ros2_cpp/src/cpp_pubsub/test/pubsub_test.cpp:5[m[K:
[19.747s] [01m[K/home/sameer/cpp_files/ros2_cpp/src/cpp_pubsub/test/pubsub_test.cpp:44:17:[m[K [01;31m[Kerror: [m[Kâ€˜[01m[Ksub_pub[m[Kâ€™ was not declared in this scope
[19.747s]    44 |     std::this_th[01;31m[Kread::s[m[Kleep_for(std::chrono::milliseconds(1000));
[19.748s]       |                 [01;31m[K^~~~~~~[m[K
[19.760s] In file included from [01m[K/opt/ros/humble/src/gtest_vendor/include/gtest/gtest.h:375[m[K,
[19.760s]                  from [01m[K/home/sameer/cpp_files/ros2_cpp/src/cpp_pubsub/test/pubsub_test.cpp:5[m[K:
[19.760s] [01m[K/home/sameer/cpp_files/ros2_cpp/src/cpp_pubsub/test/pubsub_test.cpp:46:18:[m[K [01;31m[Kerror: [m[Kâ€˜[01m[Ksub_pub[m[Kâ€™ was not declared in this scope
[19.761s]    46 |     EXPECT_TRUE(s[01;31m[Kub_pub-[m[K>has_data_been_received());
[19.761s]       |                  [01;31m[K^~~~~~~[m[K
[19.762s] In file included from [01m[K/opt/ros/humble/src/gtest_vendor/include/gtest/gtest.h:62[m[K,
[19.762s]                  from [01m[K/home/sameer/cpp_files/ros2_cpp/src/cpp_pubsub/test/pubsub_test.cpp:5[m[K:
[19.762s] [01m[K/home/sameer/cpp_files/ros2_cpp/src/cpp_pubsub/test/pubsub_test.cpp:[m[K At global scope:
[19.762s] [01m[K/home/sameer/cpp_files/ros2_cpp/src/cpp_pubsub/test/pubsub_test.cpp:50:6:[m[K [01;31m[Kerror: [m[Kredefinition of â€˜[01m[Kclass PubSubCommunication_check_received_msg_Test[m[Kâ€™
[19.763s]    50 |     r[01;31m[Kclcpp::shutdown();[m[K
[19.763s]       |      [01;31m[K^~~~~~~~~~~~~~~~~~[m[K 
[19.763s] [01m[K/home/sameer/cpp_files/ros2_cpp/src/cpp_pubsub/test/pubsub_test.cpp:29:6:[m[K [01;36m[Knote: [m[Kprevious definition of â€˜[01m[Kclass PubSubCommunication_check_received_msg_Test[m[Kâ€™
[19.763s]    29 | }
[19.763s]       |      [01;36m[K^[m[K                  
[19.764s] [01m[K/home/sameer/cpp_files/ros2_cpp/src/cpp_pubsub/test/pubsub_test.cpp:50:6:[m[K [01;31m[Kerror: [m[Kredefinition of â€˜[01m[Ktesting::TestInfo* const PubSubCommunication_check_received_msg_Test::test_info_[m[Kâ€™
[19.764s]    50 |     r[01;31m[Kclcpp::shutdown();[m[K
[19.764s]       |      [01;31m[K^~~~~~~~~~~~~~~~~~[m[K 
[19.764s] [01m[K/home/sameer/cpp_files/ros2_cpp/src/cpp_pubsub/test/pubsub_test.cpp:29:6:[m[K [01;36m[Knote: [m[Kâ€˜[01m[Ktesting::TestInfo* const PubSubCommunication_check_received_msg_Test::test_info_[m[Kâ€™ previously declared here
[19.764s]    29 | }
[19.764s]       |      [01;36m[K^[m[K                  
[19.765s] [01m[K/home/sameer/cpp_files/ros2_cpp/src/cpp_pubsub/test/pubsub_test.cpp:50:6:[m[K [01;31m[Kerror: [m[Kredefinition of â€˜[01m[Kvoid PubSubCommunication_check_received_msg_Test::TestBody()[m[Kâ€™
[19.766s]    50 |     r[01;31m[Kclcpp::shutdown();[m[K
[19.766s]       |      [01;31m[K^~~~~~~~~~~~~~~~~~[m[K 
[19.766s] [01m[K/home/sameer/cpp_files/ros2_cpp/src/cpp_pubsub/test/pubsub_test.cpp:29:6:[m[K [01;36m[Knote: [m[Kâ€˜[01m[Kvirtual void PubSubCommunication_check_received_msg_Test::TestBody()[m[Kâ€™ previously defined here
[19.766s]    29 | }
[19.766s]       |      [01;36m[K^[m[K                  
[20.886s] gmake[2]: *** [CMakeFiles/pubsub_test.dir/build.make:76: CMakeFiles/pubsub_test.dir/test/pubsub_test.cpp.o] Error 1
[20.887s] gmake[1]: *** [CMakeFiles/Makefile2:156: CMakeFiles/pubsub_test.dir/all] Error 2
[20.887s] gmake: *** [Makefile:146: all] Error 2
[20.891s] Invoked command in '/home/sameer/cpp_files/ros2_cpp/build/cpp_pubsub' returned '2': CMAKE_PREFIX_PATH=/home/sameer/ros2_ws_2/install/cpp_pubsub:/home/sameer/ros2_ws/install/my_robot_controller:/opt/ros/humble /usr/bin/cmake --build /home/sameer/cpp_files/ros2_cpp/build/cpp_pubsub -- -j4 -l4
