[0.000000] (-) TimerEvent: {}
[0.000184] (cpp_pubsub) JobQueued: {'identifier': 'cpp_pubsub', 'dependencies': OrderedDict()}
[0.000368] (cpp_pubsub) JobStarted: {'identifier': 'cpp_pubsub'}
[0.012904] (cpp_pubsub) JobProgress: {'identifier': 'cpp_pubsub', 'progress': 'cmake'}
[0.014081] (cpp_pubsub) JobProgress: {'identifier': 'cpp_pubsub', 'progress': 'build'}
[0.015400] (cpp_pubsub) Command: {'cmd': ['/usr/bin/cmake', '--build', '/home/sameer/cpp_files/ros2_cpp/src/cpp_pubsub/build/cpp_pubsub', '--', '-j4', '-l4'], 'cwd': '/home/sameer/cpp_files/ros2_cpp/src/cpp_pubsub/build/cpp_pubsub', 'env': OrderedDict([('GJS_DEBUG_TOPICS', 'JS ERROR;JS LOG'), ('LESSOPEN', '| /usr/bin/lesspipe %s'), ('LANGUAGE', 'en_IN:en'), ('USER', 'sameer'), ('XDG_SESSION_TYPE', 'x11'), ('SHLVL', '2'), ('LD_LIBRARY_PATH', '/opt/ros/humble/opt/rviz_ogre_vendor/lib:/opt/ros/humble/lib/x86_64-linux-gnu:/opt/ros/humble/lib'), ('HOME', '/home/sameer'), ('OLDPWD', '/home/sameer/cpp_files/ros2_cpp/src'), ('DESKTOP_SESSION', 'ubuntu'), ('GIO_LAUNCHED_DESKTOP_FILE', '/usr/share/applications/terminator.desktop'), ('ROS_PYTHON_VERSION', '3'), ('GNOME_SHELL_SESSION_MODE', 'ubuntu'), ('GTK_MODULES', 'gail:atk-bridge'), ('MANAGERPID', '1411'), ('SYSTEMD_EXEC_PID', '1708'), ('DBUS_SESSION_BUS_ADDRESS', 'unix:path=/run/user/1000/bus'), ('COLORTERM', 'truecolor'), ('TERMINATOR_DBUS_NAME', 'net.tenshu.Terminator23558193cd9818af7fe4d2c2f5bd9d00f'), ('GIO_LAUNCHED_DESKTOP_FILE_PID', '14891'), ('COLCON_PREFIX_PATH', '/home/sameer/ros2_ws/install'), ('ROS_DISTRO', 'humble'), ('GTK_IM_MODULE', 'ibus'), ('LOGNAME', 'sameer'), ('JOURNAL_STREAM', '8:30991'), ('_', '/usr/bin/colcon'), ('ROS_VERSION', '2'), ('XDG_SESSION_CLASS', 'user'), ('USERNAME', 'sameer'), ('TERM', 'xterm-256color'), ('GNOME_DESKTOP_SESSION_ID', 'this-is-deprecated'), ('ROS_LOCALHOST_ONLY', '0'), ('WINDOWPATH', '2'), ('PATH', '/opt/ros/humble/bin:/home/sameer/.local/bin:/usr/local/sbin:/usr/local/bin:/usr/sbin:/usr/bin:/sbin:/bin:/usr/games:/usr/local/games:/snap/bin:/snap/bin'), ('SESSION_MANAGER', 'local/sameer:@/tmp/.ICE-unix/1685,unix/sameer:/tmp/.ICE-unix/1685'), ('INVOCATION_ID', '304964dab8a740eaa42fb4108af4ef14'), ('XDG_MENU_PREFIX', 'gnome-'), ('XDG_RUNTIME_DIR', '/run/user/1000'), ('DISPLAY', ':1'), ('TERMINATOR_DBUS_PATH', '/net/tenshu/Terminator2'), ('LANG', 'en_US.UTF-8'), ('XDG_CURRENT_DESKTOP', 'ubuntu:GNOME'), ('IBUS_DISABLE_SNOOPER', '1'), ('XMODIFIERS', '@im=ibus'), ('XDG_SESSION_DESKTOP', 'ubuntu'), ('XAUTHORITY', '/run/user/1000/gdm/Xauthority'), ('LS_COLORS', 'rs=0:di=01;34:ln=01;36:mh=00:pi=40;33:so=01;35:do=01;35:bd=40;33;01:cd=40;33;01:or=40;31;01:mi=00:su=37;41:sg=30;43:ca=30;41:tw=30;42:ow=34;42:st=37;44:ex=01;32:*.tar=01;31:*.tgz=01;31:*.arc=01;31:*.arj=01;31:*.taz=01;31:*.lha=01;31:*.lz4=01;31:*.lzh=01;31:*.lzma=01;31:*.tlz=01;31:*.txz=01;31:*.tzo=01;31:*.t7z=01;31:*.zip=01;31:*.z=01;31:*.dz=01;31:*.gz=01;31:*.lrz=01;31:*.lz=01;31:*.lzo=01;31:*.xz=01;31:*.zst=01;31:*.tzst=01;31:*.bz2=01;31:*.bz=01;31:*.tbz=01;31:*.tbz2=01;31:*.tz=01;31:*.deb=01;31:*.rpm=01;31:*.jar=01;31:*.war=01;31:*.ear=01;31:*.sar=01;31:*.rar=01;31:*.alz=01;31:*.ace=01;31:*.zoo=01;31:*.cpio=01;31:*.7z=01;31:*.rz=01;31:*.cab=01;31:*.wim=01;31:*.swm=01;31:*.dwm=01;31:*.esd=01;31:*.jpg=01;35:*.jpeg=01;35:*.mjpg=01;35:*.mjpeg=01;35:*.gif=01;35:*.bmp=01;35:*.pbm=01;35:*.pgm=01;35:*.ppm=01;35:*.tga=01;35:*.xbm=01;35:*.xpm=01;35:*.tif=01;35:*.tiff=01;35:*.png=01;35:*.svg=01;35:*.svgz=01;35:*.mng=01;35:*.pcx=01;35:*.mov=01;35:*.mpg=01;35:*.mpeg=01;35:*.m2v=01;35:*.mkv=01;35:*.webm=01;35:*.webp=01;35:*.ogm=01;35:*.mp4=01;35:*.m4v=01;35:*.mp4v=01;35:*.vob=01;35:*.qt=01;35:*.nuv=01;35:*.wmv=01;35:*.asf=01;35:*.rm=01;35:*.rmvb=01;35:*.flc=01;35:*.avi=01;35:*.fli=01;35:*.flv=01;35:*.gl=01;35:*.dl=01;35:*.xcf=01;35:*.xwd=01;35:*.yuv=01;35:*.cgm=01;35:*.emf=01;35:*.ogv=01;35:*.ogx=01;35:*.aac=00;36:*.au=00;36:*.flac=00;36:*.m4a=00;36:*.mid=00;36:*.midi=00;36:*.mka=00;36:*.mp3=00;36:*.mpc=00;36:*.ogg=00;36:*.ra=00;36:*.wav=00;36:*.oga=00;36:*.opus=00;36:*.spx=00;36:*.xspf=00;36:'), ('SSH_AGENT_LAUNCHER', 'gnome-keyring'), ('SSH_AUTH_SOCK', '/run/user/1000/keyring/ssh'), ('AMENT_PREFIX_PATH', '/home/sameer/ros2_ws/install/my_robot_controller:/opt/ros/humble'), ('SHELL', '/bin/bash'), ('TERMINATOR_UUID', 'urn:uuid:6cc5f022-288e-4a5a-b90c-617c4ef93cbd'), ('QT_ACCESSIBILITY', '1'), ('GDMSESSION', 'ubuntu'), ('LESSCLOSE', '/usr/bin/lesspipe %s %s'), ('GPG_AGENT_INFO', '/run/user/1000/gnupg/S.gpg-agent:0:1'), ('GJS_DEBUG_OUTPUT', 'stderr'), ('QT_IM_MODULE', 'ibus'), ('PWD', '/home/sameer/cpp_files/ros2_cpp/src/cpp_pubsub/build/cpp_pubsub'), ('LC_ALL', 'en_US.UTF-8'), ('XDG_CONFIG_DIRS', '/etc/xdg/xdg-ubuntu:/etc/xdg'), ('XDG_DATA_DIRS', '/usr/share/ubuntu:/usr/share/gnome:/usr/local/share/:/usr/share/:/var/lib/snapd/desktop'), ('PYTHONPATH', '/home/sameer/ros2_ws/install/my_robot_controller/lib/python3.10/site-packages:/opt/ros/humble/lib/python3.10/site-packages:/opt/ros/humble/local/lib/python3.10/dist-packages'), ('COLCON', '1'), ('VTE_VERSION', '6800'), ('CMAKE_PREFIX_PATH', '/home/sameer/ros2_ws/install/my_robot_controller:/opt/ros/humble')]), 'shell': False}
[0.098792] (-) TimerEvent: {}
[0.114108] (cpp_pubsub) StdoutLine: {'line': b'[ 22%] Built target gtest_main\n'}
[0.115581] (cpp_pubsub) StdoutLine: {'line': b'[ 44%] Built target gtest\n'}
[0.144426] (cpp_pubsub) StdoutLine: {'line': b'\x1b[35m\x1b[1mConsolidate compiler generated dependencies of target pubsub_test\x1b[0m\n'}
[0.195165] (cpp_pubsub) StdoutLine: {'line': b'[ 55%] \x1b[32mBuilding CXX object CMakeFiles/pubsub_test.dir/src/single_thread_spinner.cpp.o\x1b[0m\n'}
[0.198899] (-) TimerEvent: {}
[0.299264] (-) TimerEvent: {}
[0.399668] (-) TimerEvent: {}
[0.500037] (-) TimerEvent: {}
[0.600403] (-) TimerEvent: {}
[0.700720] (-) TimerEvent: {}
[0.801062] (-) TimerEvent: {}
[0.901441] (-) TimerEvent: {}
[1.001782] (-) TimerEvent: {}
[1.102208] (-) TimerEvent: {}
[1.202635] (-) TimerEvent: {}
[1.303019] (-) TimerEvent: {}
[1.403352] (-) TimerEvent: {}
[1.503718] (-) TimerEvent: {}
[1.604047] (-) TimerEvent: {}
[1.704393] (-) TimerEvent: {}
[1.804713] (-) TimerEvent: {}
[1.905064] (-) TimerEvent: {}
[2.005415] (-) TimerEvent: {}
[2.105775] (-) TimerEvent: {}
[2.206135] (-) TimerEvent: {}
[2.306522] (-) TimerEvent: {}
[2.406880] (-) TimerEvent: {}
[2.507246] (-) TimerEvent: {}
[2.607624] (-) TimerEvent: {}
[2.708002] (-) TimerEvent: {}
[2.808332] (-) TimerEvent: {}
[2.908695] (-) TimerEvent: {}
[3.009023] (-) TimerEvent: {}
[3.109390] (-) TimerEvent: {}
[3.209757] (-) TimerEvent: {}
[3.310129] (-) TimerEvent: {}
[3.410498] (-) TimerEvent: {}
[3.510873] (-) TimerEvent: {}
[3.611244] (-) TimerEvent: {}
[3.711606] (-) TimerEvent: {}
[3.812001] (-) TimerEvent: {}
[3.912368] (-) TimerEvent: {}
[4.012733] (-) TimerEvent: {}
[4.113105] (-) TimerEvent: {}
[4.213472] (-) TimerEvent: {}
[4.313852] (-) TimerEvent: {}
[4.375885] (cpp_pubsub) StderrLine: {'line': b'\x1b[01m\x1b[K/home/sameer/cpp_files/ros2_cpp/src/cpp_pubsub/src/single_thread_spinner.cpp:\x1b[m\x1b[K In member function \xe2\x80\x98\x1b[01m\x1b[Kvoid cpp_pubsub::SingleThreadSpinner::spin_all_nodes_()\x1b[m\x1b[K\xe2\x80\x99:\n'}
[4.376278] (cpp_pubsub) StderrLine: {'line': b'\x1b[01m\x1b[K/home/sameer/cpp_files/ros2_cpp/src/cpp_pubsub/src/single_thread_spinner.cpp:130:40:\x1b[m\x1b[K \x1b[01;31m\x1b[Kerror: \x1b[m\x1b[Kexpected unqualified-id before \xe2\x80\x98\x1b[01m\x1b[K:\x1b[m\x1b[K\xe2\x80\x99 token\n'}
[4.376514] (cpp_pubsub) StderrLine: {'line': b'  130 |                         std::lock_guard\x1b[01;31m\x1b[K:\x1b[m\x1b[K<std::mutex> lock(mutex_);\n'}
[4.376716] (cpp_pubsub) StderrLine: {'line': b'      |                                        \x1b[01;31m\x1b[K^\x1b[m\x1b[K\n'}
[4.413982] (-) TimerEvent: {}
[4.514406] (-) TimerEvent: {}
[4.614771] (-) TimerEvent: {}
[4.715146] (-) TimerEvent: {}
[4.815486] (-) TimerEvent: {}
[4.915867] (-) TimerEvent: {}
[5.016247] (-) TimerEvent: {}
[5.116623] (-) TimerEvent: {}
[5.164433] (cpp_pubsub) StderrLine: {'line': b'gmake[2]: *** [CMakeFiles/pubsub_test.dir/build.make:118: CMakeFiles/pubsub_test.dir/src/single_thread_spinner.cpp.o] Error 1\n'}
[5.164733] (cpp_pubsub) StderrLine: {'line': b'gmake[1]: *** [CMakeFiles/Makefile2:156: CMakeFiles/pubsub_test.dir/all] Error 2\n'}
[5.165114] (cpp_pubsub) StderrLine: {'line': b'gmake: *** [Makefile:146: all] Error 2\n'}
[5.168134] (cpp_pubsub) CommandEnded: {'returncode': 2}
[5.216740] (-) TimerEvent: {}
[5.245392] (cpp_pubsub) JobEnded: {'identifier': 'cpp_pubsub', 'rc': 2}
[5.256678] (-) EventReactorShutdown: {}
