[0.000000] (-) TimerEvent: {}
[0.000386] (cpp_pubsub) JobQueued: {'identifier': 'cpp_pubsub', 'dependencies': OrderedDict()}
[0.000489] (cpp_pubsub) JobStarted: {'identifier': 'cpp_pubsub'}
[0.012639] (cpp_pubsub) JobProgress: {'identifier': 'cpp_pubsub', 'progress': 'cmake'}
[0.013730] (cpp_pubsub) JobProgress: {'identifier': 'cpp_pubsub', 'progress': 'build'}
[0.014941] (cpp_pubsub) Command: {'cmd': ['/usr/bin/cmake', '--build', '/home/sameer/cpp_files/ros2_cpp/build/cpp_pubsub', '--', '-j4', '-l4'], 'cwd': '/home/sameer/cpp_files/ros2_cpp/build/cpp_pubsub', 'env': OrderedDict([('GJS_DEBUG_TOPICS', 'JS ERROR;JS LOG'), ('LESSOPEN', '| /usr/bin/lesspipe %s'), ('LANGUAGE', 'en_IN:en'), ('USER', 'sameer'), ('XDG_SESSION_TYPE', 'x11'), ('SHLVL', '1'), ('LD_LIBRARY_PATH', '/opt/ros/humble/opt/rviz_ogre_vendor/lib:/opt/ros/humble/lib/x86_64-linux-gnu:/opt/ros/humble/lib'), ('HOME', '/home/sameer'), ('OLDPWD', '/home/sameer/cpp_files/ros2_cpp/src'), ('DESKTOP_SESSION', 'ubuntu'), ('GIO_LAUNCHED_DESKTOP_FILE', '/usr/share/applications/terminator.desktop'), ('ROS_PYTHON_VERSION', '3'), ('GNOME_SHELL_SESSION_MODE', 'ubuntu'), ('GTK_MODULES', 'gail:atk-bridge'), ('MANAGERPID', '1417'), ('SYSTEMD_EXEC_PID', '1716'), ('DBUS_SESSION_BUS_ADDRESS', 'unix:path=/run/user/1000/bus'), ('COLORTERM', 'truecolor'), ('TERMINATOR_DBUS_NAME', 'net.tenshu.Terminator23558193cd9818af7fe4d2c2f5bd9d00f'), ('GIO_LAUNCHED_DESKTOP_FILE_PID', '11066'), ('COLCON_PREFIX_PATH', '/home/sameer/ros2_ws/install'), ('ROS_DISTRO', 'humble'), ('GTK_IM_MODULE', 'ibus'), ('LOGNAME', 'sameer'), ('JOURNAL_STREAM', '8:30082'), ('_', '/usr/bin/colcon'), ('ROS_VERSION', '2'), ('XDG_SESSION_CLASS', 'user'), ('USERNAME', 'sameer'), ('TERM', 'xterm-256color'), ('GNOME_DESKTOP_SESSION_ID', 'this-is-deprecated'), ('ROS_LOCALHOST_ONLY', '0'), ('WINDOWPATH', '2'), ('PATH', '/opt/ros/humble/bin:/home/sameer/.local/bin:/usr/local/sbin:/usr/local/bin:/usr/sbin:/usr/bin:/sbin:/bin:/usr/games:/usr/local/games:/snap/bin:/snap/bin'), ('SESSION_MANAGER', 'local/sameer:@/tmp/.ICE-unix/1693,unix/sameer:/tmp/.ICE-unix/1693'), ('INVOCATION_ID', '4f683ea6e6a142af95fbf745f7a5d5c8'), ('XDG_MENU_PREFIX', 'gnome-'), ('XDG_RUNTIME_DIR', '/run/user/1000'), ('DISPLAY', ':1'), ('TERMINATOR_DBUS_PATH', '/net/tenshu/Terminator2'), ('LANG', 'en_US.UTF-8'), ('XDG_CURRENT_DESKTOP', 'ubuntu:GNOME'), ('IBUS_DISABLE_SNOOPER', '1'), ('XMODIFIERS', '@im=ibus'), ('XDG_SESSION_DESKTOP', 'ubuntu'), ('XAUTHORITY', '/run/user/1000/gdm/Xauthority'), ('LS_COLORS', 'rs=0:di=01;34:ln=01;36:mh=00:pi=40;33:so=01;35:do=01;35:bd=40;33;01:cd=40;33;01:or=40;31;01:mi=00:su=37;41:sg=30;43:ca=30;41:tw=30;42:ow=34;42:st=37;44:ex=01;32:*.tar=01;31:*.tgz=01;31:*.arc=01;31:*.arj=01;31:*.taz=01;31:*.lha=01;31:*.lz4=01;31:*.lzh=01;31:*.lzma=01;31:*.tlz=01;31:*.txz=01;31:*.tzo=01;31:*.t7z=01;31:*.zip=01;31:*.z=01;31:*.dz=01;31:*.gz=01;31:*.lrz=01;31:*.lz=01;31:*.lzo=01;31:*.xz=01;31:*.zst=01;31:*.tzst=01;31:*.bz2=01;31:*.bz=01;31:*.tbz=01;31:*.tbz2=01;31:*.tz=01;31:*.deb=01;31:*.rpm=01;31:*.jar=01;31:*.war=01;31:*.ear=01;31:*.sar=01;31:*.rar=01;31:*.alz=01;31:*.ace=01;31:*.zoo=01;31:*.cpio=01;31:*.7z=01;31:*.rz=01;31:*.cab=01;31:*.wim=01;31:*.swm=01;31:*.dwm=01;31:*.esd=01;31:*.jpg=01;35:*.jpeg=01;35:*.mjpg=01;35:*.mjpeg=01;35:*.gif=01;35:*.bmp=01;35:*.pbm=01;35:*.pgm=01;35:*.ppm=01;35:*.tga=01;35:*.xbm=01;35:*.xpm=01;35:*.tif=01;35:*.tiff=01;35:*.png=01;35:*.svg=01;35:*.svgz=01;35:*.mng=01;35:*.pcx=01;35:*.mov=01;35:*.mpg=01;35:*.mpeg=01;35:*.m2v=01;35:*.mkv=01;35:*.webm=01;35:*.webp=01;35:*.ogm=01;35:*.mp4=01;35:*.m4v=01;35:*.mp4v=01;35:*.vob=01;35:*.qt=01;35:*.nuv=01;35:*.wmv=01;35:*.asf=01;35:*.rm=01;35:*.rmvb=01;35:*.flc=01;35:*.avi=01;35:*.fli=01;35:*.flv=01;35:*.gl=01;35:*.dl=01;35:*.xcf=01;35:*.xwd=01;35:*.yuv=01;35:*.cgm=01;35:*.emf=01;35:*.ogv=01;35:*.ogx=01;35:*.aac=00;36:*.au=00;36:*.flac=00;36:*.m4a=00;36:*.mid=00;36:*.midi=00;36:*.mka=00;36:*.mp3=00;36:*.mpc=00;36:*.ogg=00;36:*.ra=00;36:*.wav=00;36:*.oga=00;36:*.opus=00;36:*.spx=00;36:*.xspf=00;36:'), ('SSH_AGENT_LAUNCHER', 'gnome-keyring'), ('SSH_AUTH_SOCK', '/run/user/1000/keyring/ssh'), ('AMENT_PREFIX_PATH', '/home/sameer/ros2_ws/install/my_robot_controller:/opt/ros/humble'), ('SHELL', '/bin/bash'), ('TERMINATOR_UUID', 'urn:uuid:375f4a8a-9cec-4826-a79f-8d964fb99438'), ('QT_ACCESSIBILITY', '1'), ('GDMSESSION', 'ubuntu'), ('LESSCLOSE', '/usr/bin/lesspipe %s %s'), ('GPG_AGENT_INFO', '/run/user/1000/gnupg/S.gpg-agent:0:1'), ('GJS_DEBUG_OUTPUT', 'stderr'), ('QT_IM_MODULE', 'ibus'), ('PWD', '/home/sameer/cpp_files/ros2_cpp/build/cpp_pubsub'), ('LC_ALL', 'en_US.UTF-8'), ('XDG_CONFIG_DIRS', '/etc/xdg/xdg-ubuntu:/etc/xdg'), ('XDG_DATA_DIRS', '/usr/share/ubuntu:/usr/share/gnome:/usr/local/share/:/usr/share/:/var/lib/snapd/desktop'), ('PYTHONPATH', '/home/sameer/ros2_ws/install/my_robot_controller/lib/python3.10/site-packages:/opt/ros/humble/lib/python3.10/site-packages:/opt/ros/humble/local/lib/python3.10/dist-packages'), ('COLCON', '1'), ('VTE_VERSION', '6800'), ('CMAKE_PREFIX_PATH', '/home/sameer/ros2_ws/install/my_robot_controller:/opt/ros/humble')]), 'shell': False}
[0.098743] (-) TimerEvent: {}
[0.114285] (cpp_pubsub) StdoutLine: {'line': b'[ 22%] Built target gtest_main\n'}
[0.115611] (cpp_pubsub) StdoutLine: {'line': b'[ 44%] Built target gtest\n'}
[0.147042] (cpp_pubsub) StdoutLine: {'line': b'\x1b[35m\x1b[1mConsolidate compiler generated dependencies of target pubsub_test\x1b[0m\n'}
[0.198876] (-) TimerEvent: {}
[0.201813] (cpp_pubsub) StdoutLine: {'line': b'[ 55%] \x1b[32mBuilding CXX object CMakeFiles/pubsub_test.dir/test/pubsub_test.cpp.o\x1b[0m\n'}
[0.203215] (cpp_pubsub) StdoutLine: {'line': b'[ 66%] \x1b[32mBuilding CXX object CMakeFiles/pubsub_test.dir/src/publisher_member_function.cpp.o\x1b[0m\n'}
[0.205664] (cpp_pubsub) StdoutLine: {'line': b'[ 77%] \x1b[32mBuilding CXX object CMakeFiles/pubsub_test.dir/src/subscriber_member_function.cpp.o\x1b[0m\n'}
[0.209259] (cpp_pubsub) StdoutLine: {'line': b'[ 88%] \x1b[32mBuilding CXX object CMakeFiles/pubsub_test.dir/src/single_thread_spinner.cpp.o\x1b[0m\n'}
[0.299000] (-) TimerEvent: {}
[0.399487] (-) TimerEvent: {}
[0.499971] (-) TimerEvent: {}
[0.600459] (-) TimerEvent: {}
[0.700883] (-) TimerEvent: {}
[0.801362] (-) TimerEvent: {}
[0.901820] (-) TimerEvent: {}
[1.002245] (-) TimerEvent: {}
[1.102673] (-) TimerEvent: {}
[1.203155] (-) TimerEvent: {}
[1.264159] (cpp_pubsub) StderrLine: {'line': b'\x1b[01m\x1b[K/home/sameer/cpp_files/ros2_cpp/src/cpp_pubsub/src/publisher_member_function.cpp:8:10:\x1b[m\x1b[K \x1b[01;31m\x1b[Kfatal error: \x1b[m\x1b[Kpublisher_member_function.hpp: No such file or directory\n'}
[1.264495] (cpp_pubsub) StderrLine: {'line': b'    8 | #include \x1b[01;31m\x1b[K"publisher_member_function.hpp"\x1b[m\x1b[K\n'}
[1.264683] (cpp_pubsub) StderrLine: {'line': b'      |          \x1b[01;31m\x1b[K^~~~~~~~~~~~~~~~~~~~~~~~~~~~~~~\x1b[m\x1b[K\n'}
[1.264855] (cpp_pubsub) StderrLine: {'line': b'compilation terminated.\n'}
[1.273349] (cpp_pubsub) StderrLine: {'line': b'gmake[2]: *** [CMakeFiles/pubsub_test.dir/build.make:90: CMakeFiles/pubsub_test.dir/src/publisher_member_function.cpp.o] Error 1\n'}
[1.273924] (cpp_pubsub) StderrLine: {'line': b'gmake[2]: *** Waiting for unfinished jobs....\n'}
[1.303291] (-) TimerEvent: {}
[1.403942] (-) TimerEvent: {}
[1.504393] (-) TimerEvent: {}
[1.604809] (-) TimerEvent: {}
[1.705232] (-) TimerEvent: {}
[1.805666] (-) TimerEvent: {}
[1.906087] (-) TimerEvent: {}
[2.006517] (-) TimerEvent: {}
[2.106985] (-) TimerEvent: {}
[2.207448] (-) TimerEvent: {}
[2.307906] (-) TimerEvent: {}
[2.408569] (-) TimerEvent: {}
[2.509190] (-) TimerEvent: {}
[2.609628] (-) TimerEvent: {}
[2.710076] (-) TimerEvent: {}
[2.810512] (-) TimerEvent: {}
[2.910927] (-) TimerEvent: {}
[3.011346] (-) TimerEvent: {}
[3.111766] (-) TimerEvent: {}
[3.212195] (-) TimerEvent: {}
[3.315454] (-) TimerEvent: {}
[3.416079] (-) TimerEvent: {}
[3.516539] (-) TimerEvent: {}
[3.616949] (-) TimerEvent: {}
[3.717371] (-) TimerEvent: {}
[3.817810] (-) TimerEvent: {}
[3.918230] (-) TimerEvent: {}
[4.018648] (-) TimerEvent: {}
[4.119107] (-) TimerEvent: {}
[4.219526] (-) TimerEvent: {}
[4.319943] (-) TimerEvent: {}
[4.420383] (-) TimerEvent: {}
[4.520840] (-) TimerEvent: {}
[4.622388] (-) TimerEvent: {}
[4.722803] (-) TimerEvent: {}
[4.823208] (-) TimerEvent: {}
[4.923625] (-) TimerEvent: {}
[5.024066] (-) TimerEvent: {}
[5.124482] (-) TimerEvent: {}
[5.224920] (-) TimerEvent: {}
[5.225705] (cpp_pubsub) StderrLine: {'line': b'\x1b[01m\x1b[K/home/sameer/cpp_files/ros2_cpp/src/cpp_pubsub/src/subscriber_member_function.cpp:13:1:\x1b[m\x1b[K \x1b[01;31m\x1b[Kerror: \x1b[m\x1b[Kexpected unqualified-id before \xe2\x80\x98\x1b[01m\x1b[K{\x1b[m\x1b[K\xe2\x80\x99 token\n'}
[5.226024] (cpp_pubsub) StderrLine: {'line': b'   13 | \x1b[01;31m\x1b[K{\x1b[m\x1b[K\n'}
[5.226220] (cpp_pubsub) StderrLine: {'line': b'      | \x1b[01;31m\x1b[K^\x1b[m\x1b[K\n'}
[5.325034] (-) TimerEvent: {}
[5.425457] (-) TimerEvent: {}
[5.526080] (-) TimerEvent: {}
[5.626702] (-) TimerEvent: {}
[5.727328] (-) TimerEvent: {}
[5.827770] (-) TimerEvent: {}
[5.928206] (-) TimerEvent: {}
[5.990821] (cpp_pubsub) StderrLine: {'line': b'gmake[2]: *** [CMakeFiles/pubsub_test.dir/build.make:104: CMakeFiles/pubsub_test.dir/src/subscriber_member_function.cpp.o] Error 1\n'}
[6.028340] (-) TimerEvent: {}
[6.128722] (-) TimerEvent: {}
[6.229089] (-) TimerEvent: {}
[6.329542] (-) TimerEvent: {}
[6.429967] (-) TimerEvent: {}
[6.530371] (-) TimerEvent: {}
[6.630788] (-) TimerEvent: {}
[6.652308] (cpp_pubsub) StderrLine: {'line': b'\x1b[01m\x1b[K/home/sameer/cpp_files/ros2_cpp/src/cpp_pubsub/src/single_thread_spinner.cpp:\x1b[m\x1b[K In member function \xe2\x80\x98\x1b[01m\x1b[Kbool cpp_pubsub::SingleThreadSpinner::add_node(rclcpp::node_interfaces::NodeBaseInterface::SharedPtr)\x1b[m\x1b[K\xe2\x80\x99:\n'}
[6.652639] (cpp_pubsub) StderrLine: {'line': b'\x1b[01m\x1b[K/home/sameer/cpp_files/ros2_cpp/src/cpp_pubsub/src/single_thread_spinner.cpp:46:32:\x1b[m\x1b[K \x1b[01;31m\x1b[Kerror: \x1b[m\x1b[K\xe2\x80\x98\x1b[01m\x1b[Krclcpp::executors::SingleThreadExecutor\x1b[m\x1b[K\xe2\x80\x99 has not been declared\n'}
[6.652855] (cpp_pubsub) StderrLine: {'line': b'   46 |             rclcpp::executors::\x1b[01;31m\x1b[KSingleThreadExecutor\x1b[m\x1b[K::add_node(node);\n'}
[6.653050] (cpp_pubsub) StderrLine: {'line': b'      |                                \x1b[01;31m\x1b[K^~~~~~~~~~~~~~~~~~~~\x1b[m\x1b[K\n'}
[6.653951] (cpp_pubsub) StderrLine: {'line': b'\x1b[01m\x1b[K/home/sameer/cpp_files/ros2_cpp/src/cpp_pubsub/src/single_thread_spinner.cpp:\x1b[m\x1b[K In member function \xe2\x80\x98\x1b[01m\x1b[Kbool cpp_pubsub::SingleThreadSpinner::remove_node(rclcpp::node_interfaces::NodeBaseInterface::SharedPtr)\x1b[m\x1b[K\xe2\x80\x99:\n'}
[6.654242] (cpp_pubsub) StderrLine: {'line': b'\x1b[01m\x1b[K/home/sameer/cpp_files/ros2_cpp/src/cpp_pubsub/src/single_thread_spinner.cpp:61:32:\x1b[m\x1b[K \x1b[01;31m\x1b[Kerror: \x1b[m\x1b[K\xe2\x80\x98\x1b[01m\x1b[Krclcpp::executors::SingleThreadExecutor\x1b[m\x1b[K\xe2\x80\x99 has not been declared\n'}
[6.654453] (cpp_pubsub) StderrLine: {'line': b'   61 |             rclcpp::executors::\x1b[01;31m\x1b[KSingleThreadExecutor\x1b[m\x1b[K::remove_node(node);\n'}
[6.654647] (cpp_pubsub) StderrLine: {'line': b'      |                                \x1b[01;31m\x1b[K^~~~~~~~~~~~~~~~~~~~\x1b[m\x1b[K\n'}
[6.656405] (cpp_pubsub) StderrLine: {'line': b'\x1b[01m\x1b[K/home/sameer/cpp_files/ros2_cpp/src/cpp_pubsub/src/single_thread_spinner.cpp:\x1b[m\x1b[K In member function \xe2\x80\x98\x1b[01m\x1b[Kbool cpp_pubsub::SingleThreadSpinner::cancel_all_spin()\x1b[m\x1b[K\xe2\x80\x99:\n'}
[6.656704] (cpp_pubsub) StderrLine: {'line': b'\x1b[01m\x1b[K/home/sameer/cpp_files/ros2_cpp/src/cpp_pubsub/src/single_thread_spinner.cpp:79:9:\x1b[m\x1b[K \x1b[01;35m\x1b[Kwarning: \x1b[m\x1b[Kthis \xe2\x80\x98\x1b[01m\x1b[Kwhile\x1b[m\x1b[K\xe2\x80\x99 clause does not guard... [\x1b[01;35m\x1b[K\x1b]8;;https://gcc.gnu.org/onlinedocs/gcc/Warning-Options.html#index-Wmisleading-indentation\x07-Wmisleading-indentation\x1b]8;;\x07\x1b[m\x1b[K]\n'}
[6.656934] (cpp_pubsub) StderrLine: {'line': b'   79 |         \x1b[01;35m\x1b[Kwhile\x1b[m\x1b[K (are_all_nodes_spinning_.load());\n'}
[6.657132] (cpp_pubsub) StderrLine: {'line': b'      |         \x1b[01;35m\x1b[K^~~~~\x1b[m\x1b[K\n'}
[6.657340] (cpp_pubsub) StderrLine: {'line': b'\x1b[01m\x1b[K/home/sameer/cpp_files/ros2_cpp/src/cpp_pubsub/src/single_thread_spinner.cpp:81:13:\x1b[m\x1b[K \x1b[01;36m\x1b[Knote: \x1b[m\x1b[K...this statement, but the latter is misleadingly indented as if it were guarded by the \xe2\x80\x98\x1b[01m\x1b[Kwhile\x1b[m\x1b[K\xe2\x80\x99\n'}
[6.657535] (cpp_pubsub) StderrLine: {'line': b'   81 |             \x1b[01;36m\x1b[Kstd\x1b[m\x1b[K::lock_guard<std::mutex> lock(mutex_);\n'}
[6.657723] (cpp_pubsub) StderrLine: {'line': b'      |             \x1b[01;36m\x1b[K^~~\x1b[m\x1b[K\n'}
[6.659301] (cpp_pubsub) StderrLine: {'line': b'\x1b[01m\x1b[K/home/sameer/cpp_files/ros2_cpp/src/cpp_pubsub/src/single_thread_spinner.cpp:\x1b[m\x1b[K In member function \xe2\x80\x98\x1b[01m\x1b[Kbool cpp_pubsub::SingleThreadSpinner::spin_some_all_nodes()\x1b[m\x1b[K\xe2\x80\x99:\n'}
[6.659597] (cpp_pubsub) StderrLine: {'line': b'\x1b[01m\x1b[K/home/sameer/cpp_files/ros2_cpp/src/cpp_pubsub/src/single_thread_spinner.cpp:120:50:\x1b[m\x1b[K \x1b[01;31m\x1b[Kerror: \x1b[m\x1b[Kqualified-id in declaration before \xe2\x80\x98\x1b[01m\x1b[K(\x1b[m\x1b[K\xe2\x80\x99 token\n'}
[6.659811] (cpp_pubsub) StderrLine: {'line': b'  120 |         void SingleThreadSpinner::spin_all_nodes_\x1b[01;31m\x1b[K(\x1b[m\x1b[K)\n'}
[6.660018] (cpp_pubsub) StderrLine: {'line': b'      |                                                  \x1b[01;31m\x1b[K^\x1b[m\x1b[K\n'}
[6.730933] (-) TimerEvent: {}
[6.831372] (-) TimerEvent: {}
[6.931814] (-) TimerEvent: {}
[7.032357] (-) TimerEvent: {}
[7.132800] (-) TimerEvent: {}
[7.233228] (-) TimerEvent: {}
[7.333657] (-) TimerEvent: {}
[7.434077] (-) TimerEvent: {}
[7.465619] (cpp_pubsub) StderrLine: {'line': b'gmake[2]: *** [CMakeFiles/pubsub_test.dir/build.make:118: CMakeFiles/pubsub_test.dir/src/single_thread_spinner.cpp.o] Error 1\n'}
[7.529974] (cpp_pubsub) StderrLine: {'line': b'\x1b[01m\x1b[K/home/sameer/cpp_files/ros2_cpp/src/cpp_pubsub/test/pubsub_test.cpp:\x1b[m\x1b[K In member function \xe2\x80\x98\x1b[01m\x1b[Kvirtual void PubSubCommunication_pub_sub_communication_Test::TestBody()\x1b[m\x1b[K\xe2\x80\x99:\n'}
[7.530191] (cpp_pubsub) StderrLine: {'line': b'\x1b[01m\x1b[K/home/sameer/cpp_files/ros2_cpp/src/cpp_pubsub/test/pubsub_test.cpp:14:51:\x1b[m\x1b[K \x1b[01;31m\x1b[Kerror: \x1b[m\x1b[Kexpected primary-expression before \xe2\x80\x98\x1b[01m\x1b[K;\x1b[m\x1b[K\xe2\x80\x99 token\n'}
[7.530335] (cpp_pubsub) StderrLine: {'line': b'   14 |     auto spinner = cpp_pubsub::SingleThreadSpinner\x1b[01;31m\x1b[K;\x1b[m\x1b[K\n'}
[7.530441] (cpp_pubsub) StderrLine: {'line': b'      |                                                   \x1b[01;31m\x1b[K^\x1b[m\x1b[K\n'}
[7.534217] (-) TimerEvent: {}
[7.548198] (cpp_pubsub) StderrLine: {'line': b'\x1b[01m\x1b[K/home/sameer/cpp_files/ros2_cpp/src/cpp_pubsub/test/pubsub_test.cpp:\x1b[m\x1b[K In member function \xe2\x80\x98\x1b[01m\x1b[Kvirtual void PubSubCommunication_check_received_msg_Test::TestBody()\x1b[m\x1b[K\xe2\x80\x99:\n'}
[7.548424] (cpp_pubsub) StderrLine: {'line': b'\x1b[01m\x1b[K/home/sameer/cpp_files/ros2_cpp/src/cpp_pubsub/test/pubsub_test.cpp:45:51:\x1b[m\x1b[K \x1b[01;31m\x1b[Kerror: \x1b[m\x1b[Kexpected primary-expression before \xe2\x80\x98\x1b[01m\x1b[K;\x1b[m\x1b[K\xe2\x80\x99 token\n'}
[7.548544] (cpp_pubsub) StderrLine: {'line': b'   45 |     auto spinner = cpp_pubsub::SingleThreadSpinner\x1b[01;31m\x1b[K;\x1b[m\x1b[K\n'}
[7.548648] (cpp_pubsub) StderrLine: {'line': b'      |                                                   \x1b[01;31m\x1b[K^\x1b[m\x1b[K\n'}
[7.549917] (cpp_pubsub) StderrLine: {'line': b'In file included from \x1b[01m\x1b[K/opt/ros/humble/src/gtest_vendor/include/gtest/gtest.h:62\x1b[m\x1b[K,\n'}
[7.550288] (cpp_pubsub) StderrLine: {'line': b'                 from \x1b[01m\x1b[K/home/sameer/cpp_files/ros2_cpp/src/cpp_pubsub/test/pubsub_test.cpp:6\x1b[m\x1b[K:\n'}
[7.550428] (cpp_pubsub) StderrLine: {'line': b'\x1b[01m\x1b[K/home/sameer/cpp_files/ros2_cpp/src/cpp_pubsub/test/pubsub_test.cpp:\x1b[m\x1b[K At global scope:\n'}
[7.550554] (cpp_pubsub) StderrLine: {'line': b'\x1b[01m\x1b[K/home/sameer/cpp_files/ros2_cpp/src/cpp_pubsub/test/pubsub_test.cpp:73:6:\x1b[m\x1b[K \x1b[01;31m\x1b[Kerror: \x1b[m\x1b[Kredefinition of \xe2\x80\x98\x1b[01m\x1b[Kclass PubSubCommunication_check_received_msg_Test\x1b[m\x1b[K\xe2\x80\x99\n'}
[7.550659] (cpp_pubsub) StderrLine: {'line': b'   73 | TEST(\x1b[01;31m\x1b[KPubSubCommunication\x1b[m\x1b[K,check_received_msg)\n'}
[7.550760] (cpp_pubsub) StderrLine: {'line': b'      |      \x1b[01;31m\x1b[K^~~~~~~~~~~~~~~~~~~\x1b[m\x1b[K\n'}
[7.550858] (cpp_pubsub) StderrLine: {'line': b'\x1b[01m\x1b[K/home/sameer/cpp_files/ros2_cpp/src/cpp_pubsub/test/pubsub_test.cpp:41:6:\x1b[m\x1b[K \x1b[01;36m\x1b[Knote: \x1b[m\x1b[Kprevious definition of \xe2\x80\x98\x1b[01m\x1b[Kclass PubSubCommunication_check_received_msg_Test\x1b[m\x1b[K\xe2\x80\x99\n'}
[7.550956] (cpp_pubsub) StderrLine: {'line': b'   41 | TEST(\x1b[01;36m\x1b[KPubSubCommunication\x1b[m\x1b[K,check_received_msg)\n'}
[7.551053] (cpp_pubsub) StderrLine: {'line': b'      |      \x1b[01;36m\x1b[K^~~~~~~~~~~~~~~~~~~\x1b[m\x1b[K\n'}
[7.551148] (cpp_pubsub) StderrLine: {'line': b'\x1b[01m\x1b[K/home/sameer/cpp_files/ros2_cpp/src/cpp_pubsub/test/pubsub_test.cpp:73:6:\x1b[m\x1b[K \x1b[01;31m\x1b[Kerror: \x1b[m\x1b[Kredefinition of \xe2\x80\x98\x1b[01m\x1b[Ktesting::TestInfo* const PubSubCommunication_check_received_msg_Test::test_info_\x1b[m\x1b[K\xe2\x80\x99\n'}
[7.551246] (cpp_pubsub) StderrLine: {'line': b'   73 | TEST(\x1b[01;31m\x1b[KPubSubCommunication\x1b[m\x1b[K,check_received_msg)\n'}
[7.551341] (cpp_pubsub) StderrLine: {'line': b'      |      \x1b[01;31m\x1b[K^~~~~~~~~~~~~~~~~~~\x1b[m\x1b[K\n'}
[7.551435] (cpp_pubsub) StderrLine: {'line': b'\x1b[01m\x1b[K/home/sameer/cpp_files/ros2_cpp/src/cpp_pubsub/test/pubsub_test.cpp:41:6:\x1b[m\x1b[K \x1b[01;36m\x1b[Knote: \x1b[m\x1b[K\xe2\x80\x98\x1b[01m\x1b[Ktesting::TestInfo* const PubSubCommunication_check_received_msg_Test::test_info_\x1b[m\x1b[K\xe2\x80\x99 previously declared here\n'}
[7.551532] (cpp_pubsub) StderrLine: {'line': b'   41 | TEST(\x1b[01;36m\x1b[KPubSubCommunication\x1b[m\x1b[K,check_received_msg)\n'}
[7.551626] (cpp_pubsub) StderrLine: {'line': b'      |      \x1b[01;36m\x1b[K^~~~~~~~~~~~~~~~~~~\x1b[m\x1b[K\n'}
[7.551721] (cpp_pubsub) StderrLine: {'line': b'\x1b[01m\x1b[K/home/sameer/cpp_files/ros2_cpp/src/cpp_pubsub/test/pubsub_test.cpp:73:6:\x1b[m\x1b[K \x1b[01;31m\x1b[Kerror: \x1b[m\x1b[Kredefinition of \xe2\x80\x98\x1b[01m\x1b[Kvoid PubSubCommunication_check_received_msg_Test::TestBody()\x1b[m\x1b[K\xe2\x80\x99\n'}
[7.551818] (cpp_pubsub) StderrLine: {'line': b'   73 | TEST(\x1b[01;31m\x1b[KPubSubCommunication\x1b[m\x1b[K,check_received_msg)\n'}
[7.551914] (cpp_pubsub) StderrLine: {'line': b'      |      \x1b[01;31m\x1b[K^~~~~~~~~~~~~~~~~~~\x1b[m\x1b[K\n'}
[7.552042] (cpp_pubsub) StderrLine: {'line': b'\x1b[01m\x1b[K/home/sameer/cpp_files/ros2_cpp/src/cpp_pubsub/test/pubsub_test.cpp:41:6:\x1b[m\x1b[K \x1b[01;36m\x1b[Knote: \x1b[m\x1b[K\xe2\x80\x98\x1b[01m\x1b[Kvirtual void PubSubCommunication_check_received_msg_Test::TestBody()\x1b[m\x1b[K\xe2\x80\x99 previously defined here\n'}
[7.552156] (cpp_pubsub) StderrLine: {'line': b'   41 | TEST(\x1b[01;36m\x1b[KPubSubCommunication\x1b[m\x1b[K,check_received_msg)\n'}
[7.552253] (cpp_pubsub) StderrLine: {'line': b'      |      \x1b[01;36m\x1b[K^~~~~~~~~~~~~~~~~~~\x1b[m\x1b[K\n'}
[7.634360] (-) TimerEvent: {}
[7.734730] (-) TimerEvent: {}
[7.835099] (-) TimerEvent: {}
[7.935466] (-) TimerEvent: {}
[8.035829] (-) TimerEvent: {}
[8.136200] (-) TimerEvent: {}
[8.236575] (-) TimerEvent: {}
[8.336931] (-) TimerEvent: {}
[8.404765] (cpp_pubsub) StderrLine: {'line': b'gmake[2]: *** [CMakeFiles/pubsub_test.dir/build.make:76: CMakeFiles/pubsub_test.dir/test/pubsub_test.cpp.o] Error 1\n'}
[8.405254] (cpp_pubsub) StderrLine: {'line': b'gmake[1]: *** [CMakeFiles/Makefile2:156: CMakeFiles/pubsub_test.dir/all] Error 2\n'}
[8.405641] (cpp_pubsub) StderrLine: {'line': b'gmake: *** [Makefile:146: all] Error 2\n'}
[8.408858] (cpp_pubsub) CommandEnded: {'returncode': 2}
[8.437064] (-) TimerEvent: {}
[8.487102] (cpp_pubsub) JobEnded: {'identifier': 'cpp_pubsub', 'rc': 2}
[8.497760] (-) EventReactorShutdown: {}
