[0.019s] Invoking command in '/home/sameer/cpp_files/ros2_cpp/build/cpp_pubsub': CMAKE_PREFIX_PATH=/home/sameer/ros2_ws_2/install/cpp_pubsub:/home/sameer/ros2_ws/install/my_robot_controller:/opt/ros/humble /usr/bin/cmake --build /home/sameer/cpp_files/ros2_cpp/build/cpp_pubsub -- -j4 -l4
[0.120s] [ 22%] Built target gtest
[0.121s] [ 44%] Built target gtest_main
[0.149s] [35m[1mConsolidate compiler generated dependencies of target pubsub_test[0m
[0.371s] [ 55%] [32mBuilding CXX object CMakeFiles/pubsub_test.dir/test/pubsub_test.cpp.o[0m
[0.377s] [ 66%] [32mBuilding CXX object CMakeFiles/pubsub_test.dir/src/publisher_member_function.cpp.o[0m
[0.379s] [ 77%] [32mBuilding CXX object CMakeFiles/pubsub_test.dir/src/subscriber_member_function.cpp.o[0m
[0.382s] [ 88%] [32mBuilding CXX object CMakeFiles/pubsub_test.dir/src/single_thread_spinner.cpp.o[0m
[0.396s] [01m[Kcc1plus:[m[K [01;31m[Kfatal error: [m[K/home/sameer/cpp_files/ros2_cpp/src/cpp_pubsub/src/single_thread_spinner.cpp: No such file or directory
[0.396s] compilation terminated.
[0.399s] gmake[2]: *** [CMakeFiles/pubsub_test.dir/build.make:118: CMakeFiles/pubsub_test.dir/src/single_thread_spinner.cpp.o] Error 1
[0.400s] gmake[2]: *** Waiting for unfinished jobs....
[0.692s] [01m[K/home/sameer/cpp_files/ros2_cpp/src/cpp_pubsub/test/pubsub_test.cpp:2:10:[m[K [01;31m[Kfatal error: [m[Kcpp_pubsub/Publisher_member_function.hpp: No such file or directory
[0.692s]     2 | #include [01;31m[K"cpp_pubsub/Publisher_member_function.hpp"[m[K
[0.692s]       |          [01;31m[K^~~~~~~~~~~~~~~~~~~~~~~~~~~~~~~~~~~~~~~~~~[m[K
[0.692s] compilation terminated.
[0.694s] gmake[2]: *** [CMakeFiles/pubsub_test.dir/build.make:76: CMakeFiles/pubsub_test.dir/test/pubsub_test.cpp.o] Error 1
[4.627s] In file included from [01m[K/home/sameer/cpp_files/ros2_cpp/src/cpp_pubsub/src/subscriber_member_function.cpp:7[m[K:
[4.627s] [01m[K/home/sameer/cpp_files/ros2_cpp/src/cpp_pubsub/include/cpp_pubsub/subscriber_member_function.hpp:16:24:[m[K [01;31m[Kerror: [m[Kâ€˜[01m[Kstring[m[Kâ€™ in namespace â€˜[01m[Kstd_msgs::msg[m[Kâ€™ does not name a type; did you mean â€˜[01m[KString[m[Kâ€™?
[4.627s]    16 |         std_msgs::msg::[01;31m[Kstring[m[K get_received_msgs();
[4.627s]       |                        [01;31m[K^~~~~~[m[K
[4.627s]       |                        [32m[KString[m[K
[4.695s] [01m[K/home/sameer/cpp_files/ros2_cpp/src/cpp_pubsub/include/cpp_pubsub/subscriber_member_function.hpp:20:54:[m[K [01;31m[Kerror: [m[Kâ€˜[01m[KsharePtr[m[Kâ€™ in â€˜[01m[Kclass rclcpp::Subscription<std_msgs::msg::String_<std::allocator<void> > >[m[Kâ€™ does not name a type
[4.695s]    20 |         rclcpp::Subscription<std_msgs::msg::String>::[01;31m[KsharePtr[m[K topic_sub_;
[4.696s]       |                                                      [01;31m[K^~~~~~~~[m[K
[4.696s] [01m[K/home/sameer/cpp_files/ros2_cpp/src/cpp_pubsub/include/cpp_pubsub/subscriber_member_function.hpp:22:24:[m[K [01;31m[Kerror: [m[Kâ€˜[01m[Kstring[m[Kâ€™ in namespace â€˜[01m[Kstd_msgs::msg[m[Kâ€™ does not name a type; did you mean â€˜[01m[KString[m[Kâ€™?
[4.696s]    22 |         std_msgs::msg::[01;31m[Kstring[m[K received_msg_;
[4.696s]       |                        [01;31m[K^~~~~~[m[K
[4.696s]       |                        [32m[KString[m[K
[4.697s] [01m[K/home/sameer/cpp_files/ros2_cpp/src/cpp_pubsub/include/cpp_pubsub/subscriber_member_function.hpp:23:14:[m[K [01;31m[Kerror: [m[Kâ€˜[01m[Kshared_Ptr[m[Kâ€™ in namespace â€˜[01m[Kstd[m[Kâ€™ does not name a template type; did you mean â€˜[01m[Kshared_ptr[m[Kâ€™?
[4.697s]    23 |         std::[01;31m[Kshared_Ptr[m[K<std::chrono::time_point<std::chrono::system_clock>>last_message_timestamp_;
[4.697s]       |              [01;31m[K^~~~~~~~~~[m[K
[4.698s]       |              [32m[Kshared_ptr[m[K
[4.698s] [01m[K/home/sameer/cpp_files/ros2_cpp/src/cpp_pubsub/include/cpp_pubsub/subscriber_member_function.hpp:25:43:[m[K [01;31m[Kerror: [m[Kâ€˜[01m[Kstring[m[Kâ€™ in namespace â€˜[01m[Kstd_msgs[m[Kâ€™ does not name a type
[4.698s]    25 |         void topicallback(const std_msgs::[01;31m[Kstring[m[K & msg);
[4.698s]       |                                           [01;31m[K^~~~~~[m[K
[4.704s] [01m[K/home/sameer/cpp_files/ros2_cpp/src/cpp_pubsub/src/subscriber_member_function.cpp:12:1:[m[K [01;31m[Kerror: [m[Kâ€˜[01m[KMinimalSubscriber[m[Kâ€™ does not name a type
[4.704s]    12 | [01;31m[KMinimalSubscriber[m[K::MinimalSubcriber():Node("minimal_subscriber")
[4.705s]       | [01;31m[K^~~~~~~~~~~~~~~~~[m[K
[4.705s] [01m[K/home/sameer/cpp_files/ros2_cpp/src/cpp_pubsub/src/subscriber_member_function.cpp:17:7:[m[K [01;31m[Kerror: [m[Kâ€˜[01m[KMinimalSubscriber[m[Kâ€™ has not been declared
[4.705s]    17 |  void [01;31m[KMinimalSubscriber[m[K::topic_callback(const std_msgs::msg::string & msg)
[4.705s]       |       [01;31m[K^~~~~~~~~~~~~~~~~[m[K
[4.705s] [01m[K/home/sameer/cpp_files/ros2_cpp/src/cpp_pubsub/src/subscriber_member_function.cpp:17:62:[m[K [01;31m[Kerror: [m[Kâ€˜[01m[Kstring[m[Kâ€™ in namespace â€˜[01m[Kstd_msgs::msg[m[Kâ€™ does not name a type; did you mean â€˜[01m[KString[m[Kâ€™?
[4.706s]    17 |  void MinimalSubscriber::topic_callback(const std_msgs::msg::[01;31m[Kstring[m[K & msg)
[4.706s]       |                                                              [01;31m[K^~~~~~[m[K
[4.706s]       |                                                              [32m[KString[m[K
[4.717s] [01m[K/home/sameer/cpp_files/ros2_cpp/src/cpp_pubsub/src/subscriber_member_function.cpp:[m[K In function â€˜[01m[Kvoid topic_callback(const int&)[m[Kâ€™:
[4.717s] [01m[K/home/sameer/cpp_files/ros2_cpp/src/cpp_pubsub/src/subscriber_member_function.cpp:19:7:[m[K [01;31m[Kerror: [m[Kâ€˜[01m[Klast_message_timestamp_[m[Kâ€™ was not declared in this scope
[4.717s]    19 |   if(![01;31m[Klast_message_timestamp_[m[K)
[4.718s]       |       [01;31m[K^~~~~~~~~~~~~~~~~~~~~~~[m[K
[4.721s] [01m[K/home/sameer/cpp_files/ros2_cpp/src/cpp_pubsub/src/subscriber_member_function.cpp:28:3:[m[K [01;31m[Kerror: [m[Kexpected initializer before â€˜[01m[K}[m[Kâ€™ token
[4.730s]    28 |   [01;31m[K}[m[K
[4.730s]       |   [01;31m[K^[m[K
[4.731s] [01m[K/home/sameer/cpp_files/ros2_cpp/src/cpp_pubsub/src/subscriber_member_function.cpp:26:33:[m[K [01;35m[Kwarning: [m[Kunused variable â€˜[01m[Kelapsed_seconds[m[Kâ€™ [[01;35m[K]8;;https://gcc.gnu.org/onlinedocs/gcc/Warning-Options.html#index-Wunused-variable-Wunused-variable]8;;[m[K]
[4.731s]    26 |    std::chrono::duration<double>[01;35m[Kelapsed_seconds[m[K = now - *last_message_timestamp_;
[4.731s]       |                                 [01;35m[K^~~~~~~~~~~~~~~[m[K
[4.731s] [01m[K/home/sameer/cpp_files/ros2_cpp/src/cpp_pubsub/src/subscriber_member_function.cpp:17:71:[m[K [01;35m[Kwarning: [m[Kunused parameter â€˜[01m[Kmsg[m[Kâ€™ [[01;35m[K]8;;https://gcc.gnu.org/onlinedocs/gcc/Warning-Options.html#index-Wunused-parameter-Wunused-parameter]8;;[m[K]
[4.731s]    17 |  void MinimalSubscriber::topic_callback([01;35m[Kconst std_msgs::msg::string & msg[m[K)
[4.731s]       |                                         [01;35m[K~~~~~~~~~~~~~~~~~~~~~~~~~~~~~~^~~[m[K
[4.732s] [01m[K/home/sameer/cpp_files/ros2_cpp/src/cpp_pubsub/src/subscriber_member_function.cpp:[m[K At global scope:
[4.732s] [01m[K/home/sameer/cpp_files/ros2_cpp/src/cpp_pubsub/src/subscriber_member_function.cpp:30:7:[m[K [01;31m[Kerror: [m[Kâ€˜[01m[KMinimalSubscriber[m[Kâ€™ has not been declared
[4.732s]    30 |  bool [01;31m[KMinimalSubscriber[m[K::has_data_been_received()
[4.732s]       |       [01;31m[K^~~~~~~~~~~~~~~~~[m[K
[4.732s] [01m[K/home/sameer/cpp_files/ros2_cpp/src/cpp_pubsub/src/subscriber_member_function.cpp:[m[K In function â€˜[01m[Kbool has_data_been_received()[m[Kâ€™:
[4.733s] [01m[K/home/sameer/cpp_files/ros2_cpp/src/cpp_pubsub/src/subscriber_member_function.cpp:32:11:[m[K [01;31m[Kerror: [m[Kâ€˜[01m[Kreceived_msg_[m[Kâ€™ was not declared in this scope
[4.733s]    32 |  retrun (![01;31m[Kreceived_msg_[m[K.data.empty());
[4.733s]       |           [01;31m[K^~~~~~~~~~~~~[m[K
[4.736s] [01m[K/home/sameer/cpp_files/ros2_cpp/src/cpp_pubsub/src/subscriber_member_function.cpp:32:2:[m[K [01;31m[Kerror: [m[Kâ€˜[01m[Kretrun[m[Kâ€™ was not declared in this scope
[4.736s]    32 |  [01;31m[Kretrun[m[K (!received_msg_.data.empty());
[4.736s]       |  [01;31m[K^~~~~~[m[K
[4.736s] [01m[K/home/sameer/cpp_files/ros2_cpp/src/cpp_pubsub/src/subscriber_member_function.cpp:33:2:[m[K [01;35m[Kwarning: [m[Kno return statement in function returning non-void [[01;35m[K]8;;https://gcc.gnu.org/onlinedocs/gcc/Warning-Options.html#index-Wreturn-type-Wreturn-type]8;;[m[K]
[4.737s]    33 |  [01;35m[K}[m[K
[4.737s]       |  [01;35m[K^[m[K
[4.737s] [01m[K/home/sameer/cpp_files/ros2_cpp/src/cpp_pubsub/src/subscriber_member_function.cpp:[m[K At global scope:
[4.737s] [01m[K/home/sameer/cpp_files/ros2_cpp/src/cpp_pubsub/src/subscriber_member_function.cpp:34:24:[m[K [01;31m[Kerror: [m[Kâ€˜[01m[KMinimalSubcriber[m[Kâ€™ has not been declared
[4.737s]    34 |  std_msgs::msg::String [01;31m[KMinimalSubcriber[m[K::get_received_msgs()
[4.737s]       |                        [01;31m[K^~~~~~~~~~~~~~~~[m[K
[4.745s] [01m[K/home/sameer/cpp_files/ros2_cpp/src/cpp_pubsub/src/subscriber_member_function.cpp:[m[K In function â€˜[01m[Kstd_msgs::msg::String get_received_msgs()[m[Kâ€™:
[4.745s] [01m[K/home/sameer/cpp_files/ros2_cpp/src/cpp_pubsub/src/subscriber_member_function.cpp:36:12:[m[K [01;31m[Kerror: [m[Kâ€˜[01m[Kreceived_msg_[m[Kâ€™ was not declared in this scope; did you mean â€˜[01m[Kget_received_msgs[m[Kâ€™?
[4.745s]    36 |     return [01;31m[Kreceived_msg_[m[K;
[4.745s]       |            [01;31m[K^~~~~~~~~~~~~[m[K
[4.746s]       |            [32m[Kget_received_msgs[m[K
[4.746s] [01m[K/home/sameer/cpp_files/ros2_cpp/src/cpp_pubsub/src/subscriber_member_function.cpp:[m[K At global scope:
[4.746s] [01m[K/home/sameer/cpp_files/ros2_cpp/src/cpp_pubsub/src/subscriber_member_function.cpp:38:9:[m[K [01;31m[Kerror: [m[Kâ€˜[01m[KMinimalSubscriber[m[Kâ€™ has not been declared
[4.746s]    38 |  double [01;31m[KMinimalSubscriber[m[K::get_frequency()
[4.746s]       |         [01;31m[K^~~~~~~~~~~~~~~~~[m[K
[4.752s] [01m[K/home/sameer/cpp_files/ros2_cpp/src/cpp_pubsub/src/subscriber_member_function.cpp:[m[K In function â€˜[01m[Kdouble get_frequency()[m[Kâ€™:
[4.753s] [01m[K/home/sameer/cpp_files/ros2_cpp/src/cpp_pubsub/src/subscriber_member_function.cpp:40:12:[m[K [01;31m[Kerror: [m[Kâ€˜[01m[Kfrequency_[m[Kâ€™ was not declared in this scope; did you mean â€˜[01m[Kget_frequency[m[Kâ€™?
[4.753s]    40 |     return [01;31m[Kfrequency_[m[K;
[4.753s]       |            [01;31m[K^~~~~~~~~~[m[K
[4.753s]       |            [32m[Kget_frequency[m[K
[4.765s] In file included from [01m[K/home/sameer/cpp_files/ros2_cpp/src/cpp_pubsub/src/publisher_member_function.cpp:7[m[K:
[4.765s] [01m[K/home/sameer/cpp_files/ros2_cpp/src/cpp_pubsub/include/cpp_pubsub/publisher_member_function.hpp:12:11:[m[K [01;31m[Kerror: [m[Kâ€˜[01m[KMininmalPublisher[m[Kâ€™ has not been declared
[4.765s]    12 |     class [01;31m[KMininmalPublisher[m[K::Public rclcpp::Node
[4.766s]       |           [01;31m[K^~~~~~~~~~~~~~~~~[m[K
[4.766s] [01m[K/home/sameer/cpp_files/ros2_cpp/src/cpp_pubsub/include/cpp_pubsub/publisher_member_function.hpp:12:45:[m[K [01;31m[Kerror: [m[Kdeclaration of â€˜[01m[KNode[m[Kâ€™ not in a namespace surrounding â€˜[01m[Krclcpp[m[Kâ€™
[4.766s]    12 |     class MininmalPublisher::Public rclcpp::[01;31m[KNode[m[K
[4.766s]       |                                             [01;31m[K^~~~[m[K
[4.766s] [01m[K/home/sameer/cpp_files/ros2_cpp/src/cpp_pubsub/include/cpp_pubsub/publisher_member_function.hpp:14:9:[m[K [01;31m[Kerror: [m[Kexpected primary-expression before â€˜[01m[Kpublic[m[Kâ€™
[4.766s]    14 |         [01;31m[Kpublic[m[K:
[4.767s]       |         [01;31m[K^~~~~~[m[K
[4.767s] [01m[K/home/sameer/cpp_files/ros2_cpp/src/cpp_pubsub/include/cpp_pubsub/publisher_member_function.hpp:14:9:[m[K [01;31m[Kerror: [m[Kexpected â€˜[01m[K}[m[Kâ€™ before â€˜[01m[Kpublic[m[Kâ€™
[4.767s] [01m[K/home/sameer/cpp_files/ros2_cpp/src/cpp_pubsub/include/cpp_pubsub/publisher_member_function.hpp:13:5:[m[K [01;36m[Knote: [m[Kto match this â€˜[01m[K{[m[Kâ€™
[4.767s]    13 |     [01;36m[K{[m[K
[4.767s]       |     [01;36m[K^[m[K
[4.767s] [01m[K/home/sameer/cpp_files/ros2_cpp/src/cpp_pubsub/include/cpp_pubsub/publisher_member_function.hpp:17:9:[m[K [01;31m[Kerror: [m[Kexpected unqualified-id before â€˜[01m[Kprivate[m[Kâ€™
[4.768s]    17 |         [01;31m[Kprivate[m[K:
[4.768s]       |         [01;31m[K^~~~~~~[m[K
[4.768s] [01m[K/home/sameer/cpp_files/ros2_cpp/src/cpp_pubsub/include/cpp_pubsub/publisher_member_function.hpp:19:17:[m[K [01;31m[Kerror: [m[Kâ€˜[01m[KTimeBase[m[Kâ€™ in namespace â€˜[01m[Krclcpp[m[Kâ€™ does not name a type; did you mean â€˜[01m[KTimerBase[m[Kâ€™?
[4.768s]    19 |         rclcpp::[01;31m[KTimeBase[m[K::sharedPtr timer_;
[4.768s]       |                 [01;31m[K^~~~~~~~[m[K
[4.768s]       |                 [32m[KTimerBase[m[K
[4.768s] [01m[K/home/sameer/cpp_files/ros2_cpp/src/cpp_pubsub/include/cpp_pubsub/publisher_member_function.hpp:20:24:[m[K [01;31m[Kerror: [m[Kâ€˜[01m[Kstring[m[Kâ€™ in namespace â€˜[01m[Kstd_msgs::msg[m[Kâ€™ does not name a type; did you mean â€˜[01m[KString[m[Kâ€™?
[4.769s]    20 |         std_msgs::msg::[01;31m[Kstring[m[K message;
[4.769s]       |                        [01;31m[K^~~~~~[m[K
[4.769s]       |                        [32m[KString[m[K
[4.769s] [01m[K/home/sameer/cpp_files/ros2_cpp/src/cpp_pubsub/include/cpp_pubsub/publisher_member_function.hpp:26:1:[m[K [01;31m[Kerror: [m[Kexpected declaration before â€˜[01m[K}[m[Kâ€™ token
[4.769s]    26 | [01;31m[K}[m[K
[4.769s]       | [01;31m[K^[m[K
[4.772s] [01m[K/home/sameer/cpp_files/ros2_cpp/src/cpp_pubsub/src/publisher_member_function.cpp:12:1:[m[K [01;31m[Kerror: [m[Kâ€˜[01m[KMinimalPublisher[m[Kâ€™ does not name a type
[4.772s]    12 | [01;31m[KMinimalPublisher[m[K::MinimalPublisher():Node("minimal_publisher"),count_(0)
[4.773s]       | [01;31m[K^~~~~~~~~~~~~~~~[m[K
[4.773s] [01m[K/home/sameer/cpp_files/ros2_cpp/src/cpp_pubsub/src/publisher_member_function.cpp:17:6:[m[K [01;31m[Kerror: [m[Kâ€˜[01m[KMinimal_Publisher[m[Kâ€™ has not been declared
[4.773s]    17 | void [01;31m[KMinimal_Publisher[m[K::timer_callback()
[4.774s]       |      [01;31m[K^~~~~~~~~~~~~~~~~[m[K
[4.774s] [01m[K/home/sameer/cpp_files/ros2_cpp/src/cpp_pubsub/src/publisher_member_function.cpp:[m[K In function â€˜[01m[Kvoid cpp_pubsub::timer_callback()[m[Kâ€™:
[4.774s] [01m[K/home/sameer/cpp_files/ros2_cpp/src/cpp_pubsub/src/publisher_member_function.cpp:19:38:[m[K [01;31m[Kerror: [m[Kfound â€˜[01m[K:[m[Kâ€™ in nested-name-specifier, expected â€˜[01m[K::[m[Kâ€™
[4.774s]    19 |         auto meassage=std_msgs::timer[01;31m[K:[m[Kstring()
[4.774s]       |                                      [01;31m[K^[m[K
[4.774s]       |                                      [32m[K::[m[K
[4.775s] [01m[K/home/sameer/cpp_files/ros2_cpp/src/cpp_pubsub/src/publisher_member_function.cpp:19:33:[m[K [01;31m[Kerror: [m[Kâ€˜[01m[Kstd_msgs::timer[m[Kâ€™ has not been declared
[4.775s]    19 |         auto meassage=std_msgs::[01;31m[Ktimer[m[K:string()
[4.775s]       |                                 [01;31m[K^~~~~[m[K
[4.775s] In file included from [01m[K/opt/ros/humble/include/rclcpp/rclcpp/client.hpp:40[m[K,
[4.775s]                  from [01m[K/opt/ros/humble/include/rclcpp/rclcpp/callback_group.hpp:24[m[K,
[4.775s]                  from [01m[K/opt/ros/humble/include/rclcpp/rclcpp/any_executable.hpp:20[m[K,
[4.776s]                  from [01m[K/opt/ros/humble/include/rclcpp/rclcpp/memory_strategy.hpp:25[m[K,
[4.776s]                  from [01m[K/opt/ros/humble/include/rclcpp/rclcpp/memory_strategies.hpp:18[m[K,
[4.776s]                  from [01m[K/opt/ros/humble/include/rclcpp/rclcpp/executor_options.hpp:20[m[K,
[4.776s]                  from [01m[K/opt/ros/humble/include/rclcpp/rclcpp/executor.hpp:37[m[K,
[4.776s]                  from [01m[K/opt/ros/humble/include/rclcpp/rclcpp/executors/multi_threaded_executor.hpp:25[m[K,
[4.777s]                  from [01m[K/opt/ros/humble/include/rclcpp/rclcpp/executors.hpp:21[m[K,
[4.777s]                  from [01m[K/opt/ros/humble/include/rclcpp/rclcpp/rclcpp.hpp:155[m[K,
[4.777s]                  from [01m[K/home/sameer/cpp_files/ros2_cpp/src/cpp_pubsub/src/publisher_member_function.cpp:5[m[K:
[4.777s] [01m[K/home/sameer/cpp_files/ros2_cpp/src/cpp_pubsub/src/publisher_member_function.cpp:21:21:[m[K [01;31m[Kerror: [m[Kinvalid use of â€˜[01m[Kthis[m[Kâ€™ in non-member function
[4.777s]    21 |         RCLCPP_INFO([01;31m[Kthis[m[K->get_logger(),"Publishing:'%s'",message.data.c_str());
[4.777s]       |                     [01;31m[K^~~~[m[K
[4.778s] [01m[K/home/sameer/cpp_files/ros2_cpp/src/cpp_pubsub/src/publisher_member_function.cpp:21:21:[m[K [01;31m[Kerror: [m[Kinvalid use of â€˜[01m[Kthis[m[Kâ€™ in non-member function
[4.778s] [01m[K/home/sameer/cpp_files/ros2_cpp/src/cpp_pubsub/src/publisher_member_function.cpp:21:9:[m[K [01;31m[Kerror: [m[Ktemplate argument 1 is invalid
[4.778s]    21 |         [01;31m[KRCLCPP_INFO[m[K(this->get_logger(),"Publishing:'%s'",message.data.c_str());
[4.778s]       |         [01;31m[K^~~~~~~~~~~[m[K
[4.778s] [01m[K/home/sameer/cpp_files/ros2_cpp/src/cpp_pubsub/src/publisher_member_function.cpp:21:9:[m[K [01;31m[Kerror: [m[Kâ€˜[01m[K<declaration error>[m[Kâ€™ is not a template [[01;31m[K]8;;https://gcc.gnu.org/onlinedocs/gcc/Warning-Options.html#index-fpermissive-fpermissive]8;;[m[K]
[4.778s]    21 |         [01;31m[KRCLCPP_INFO[m[K(this->get_logger(),"Publishing:'%s'",message.data.c_str());
[4.779s]       |         [01;31m[K^~~~~~~~~~~[m[K
[4.779s] [01m[K/home/sameer/cpp_files/ros2_cpp/src/cpp_pubsub/src/publisher_member_function.cpp:21:9:[m[K [01;31m[Kerror: [m[Ktemplate argument 1 is invalid
[4.779s]    21 |         [01;31m[KRCLCPP_INFO[m[K(this->get_logger(),"Publishing:'%s'",message.data.c_str());
[4.779s]       |         [01;31m[K^~~~~~~~~~~[m[K
[4.779s] [01m[K/home/sameer/cpp_files/ros2_cpp/src/cpp_pubsub/src/publisher_member_function.cpp:21:9:[m[K [01;31m[Kerror: [m[Kâ€˜[01m[K<declaration error>[m[Kâ€™ is not a template [[01;31m[K]8;;https://gcc.gnu.org/onlinedocs/gcc/Warning-Options.html#index-fpermissive-fpermissive]8;;[m[K]
[4.779s]    21 |         [01;31m[KRCLCPP_INFO[m[K(this->get_logger(),"Publishing:'%s'",message.data.c_str());
[4.779s]       |         [01;31m[K^~~~~~~~~~~[m[K
[4.780s] [01m[K/home/sameer/cpp_files/ros2_cpp/src/cpp_pubsub/src/publisher_member_function.cpp:21:9:[m[K [01;31m[Kerror: [m[Ktemplate argument 1 is invalid
[4.780s]    21 |         [01;31m[KRCLCPP_INFO[m[K(this->get_logger(),"Publishing:'%s'",message.data.c_str());
[4.780s]       |         [01;31m[K^~~~~~~~~~~[m[K
[4.780s] In file included from [01m[K/opt/ros/humble/include/rclcpp/rclcpp/logging.hpp:24[m[K,
[4.780s]                  from [01m[K/opt/ros/humble/include/rclcpp/rclcpp/client.hpp:40[m[K,
[4.780s]                  from [01m[K/opt/ros/humble/include/rclcpp/rclcpp/callback_group.hpp:24[m[K,
[4.781s]                  from [01m[K/opt/ros/humble/include/rclcpp/rclcpp/any_executable.hpp:20[m[K,
[4.781s]                  from [01m[K/opt/ros/humble/include/rclcpp/rclcpp/memory_strategy.hpp:25[m[K,
[4.781s]                  from [01m[K/opt/ros/humble/include/rclcpp/rclcpp/memory_strategies.hpp:18[m[K,
[4.781s]                  from [01m[K/opt/ros/humble/include/rclcpp/rclcpp/executor_options.hpp:20[m[K,
[4.781s]                  from [01m[K/opt/ros/humble/include/rclcpp/rclcpp/executor.hpp:37[m[K,
[4.781s]                  from [01m[K/opt/ros/humble/include/rclcpp/rclcpp/executors/multi_threaded_executor.hpp:25[m[K,
[4.782s]                  from [01m[K/opt/ros/humble/include/rclcpp/rclcpp/executors.hpp:21[m[K,
[4.782s]                  from [01m[K/opt/ros/humble/include/rclcpp/rclcpp/rclcpp.hpp:155[m[K,
[4.782s]                  from [01m[K/home/sameer/cpp_files/ros2_cpp/src/cpp_pubsub/src/publisher_member_function.cpp:5[m[K:
[4.782s] [01m[K/home/sameer/cpp_files/ros2_cpp/src/cpp_pubsub/src/publisher_member_function.cpp:21:21:[m[K [01;31m[Kerror: [m[Kinvalid use of â€˜[01m[Kthis[m[Kâ€™ in non-member function
[4.782s]    21 |         RCLCPP_INFO([01;31m[Kthis[m[K->get_logger(),"Publishing:'%s'",message.data.c_str());
[4.783s]       |                     [01;31m[K^~~~[m[K
[4.783s] [01m[K/home/sameer/cpp_files/ros2_cpp/src/cpp_pubsub/src/publisher_member_function.cpp:21:21:[m[K [01;31m[Kerror: [m[Kinvalid use of â€˜[01m[Kthis[m[Kâ€™ in non-member function
[4.783s]    21 |         RCLCPP_INFO([01;31m[Kthis[m[K->get_logger(),"Publishing:'%s'",message.data.c_str());
[4.783s]       |                     [01;31m[K^~~~[m[K
[4.783s] [01m[K/home/sameer/cpp_files/ros2_cpp/src/cpp_pubsub/src/publisher_member_function.cpp:21:58:[m[K [01;31m[Kerror: [m[Kâ€˜[01m[Kmessage[m[Kâ€™ was not declared in this scope
[4.783s]    21 |         RCLCPP_INFO(this->get_logger(),"Publishing:'%s'",[01;31m[Kmessage[m[K.data.c_str());
[4.783s]       |                                                          [01;31m[K^~~~~~~[m[K
[4.790s] [01m[K/home/sameer/cpp_files/ros2_cpp/src/cpp_pubsub/src/publisher_member_function.cpp:22:9:[m[K [01;31m[Kerror: [m[Kâ€˜[01m[Ktopic_pub_[m[Kâ€™ was not declared in this scope
[4.790s]    22 |         [01;31m[Ktopic_pub_[m[K->publish(message);
[4.790s]       |         [01;31m[K^~~~~~~~~~[m[K
[4.795s] [01m[K/home/sameer/cpp_files/ros2_cpp/src/cpp_pubsub/src/publisher_member_function.cpp:22:29:[m[K [01;31m[Kerror: [m[Kâ€˜[01m[Kmessage[m[Kâ€™ was not declared in this scope
[4.796s]    22 |         topic_pub_->publish([01;31m[Kmessage[m[K);
[4.796s]       |                             [01;31m[K^~~~~~~[m[K
[5.499s] gmake[2]: *** [CMakeFiles/pubsub_test.dir/build.make:104: CMakeFiles/pubsub_test.dir/src/subscriber_member_function.cpp.o] Error 1
[5.520s] gmake[2]: *** [CMakeFiles/pubsub_test.dir/build.make:90: CMakeFiles/pubsub_test.dir/src/publisher_member_function.cpp.o] Error 1
[5.520s] gmake[1]: *** [CMakeFiles/Makefile2:156: CMakeFiles/pubsub_test.dir/all] Error 2
[5.521s] gmake: *** [Makefile:146: all] Error 2
[5.524s] Invoked command in '/home/sameer/cpp_files/ros2_cpp/build/cpp_pubsub' returned '2': CMAKE_PREFIX_PATH=/home/sameer/ros2_ws_2/install/cpp_pubsub:/home/sameer/ros2_ws/install/my_robot_controller:/opt/ros/humble /usr/bin/cmake --build /home/sameer/cpp_files/ros2_cpp/build/cpp_pubsub -- -j4 -l4
