[0.018s] Invoking command in '/home/sameer/cpp_files/ros2_cpp/src/cpp_pubsub/build/cpp_pubsub': CMAKE_PREFIX_PATH=/home/sameer/ros2_ws/install/my_robot_controller:/opt/ros/humble /usr/bin/cmake --build /home/sameer/cpp_files/ros2_cpp/src/cpp_pubsub/build/cpp_pubsub -- -j4 -l4
[0.118s] [ 33%] Built target gtest_main
[0.119s] [ 44%] Built target gtest
[0.150s] [35m[1mConsolidate compiler generated dependencies of target pubsub_test[0m
[0.201s] [ 55%] [32mBuilding CXX object CMakeFiles/pubsub_test.dir/src/subscriber_member_function.cpp.o[0m
[0.202s] [ 66%] [32mBuilding CXX object CMakeFiles/pubsub_test.dir/src/single_thread_spinner.cpp.o[0m
[4.526s] [01m[K/home/sameer/cpp_files/ros2_cpp/src/cpp_pubsub/src/single_thread_spinner.cpp:[m[K In member function â€˜[01m[Kbool cpp_pubsub::SingleThreadSpinner::spin_some_all_nodes()[m[Kâ€™:
[4.526s] [01m[K/home/sameer/cpp_files/ros2_cpp/src/cpp_pubsub/src/single_thread_spinner.cpp:122:50:[m[K [01;31m[Kerror: [m[Kqualified-id in declaration before â€˜[01m[K([m[Kâ€™ token
[4.526s]   122 |         void SingleThreadSpinner::spin_all_nodes_[01;31m[K([m[K)
[4.526s]       |                                                  [01;31m[K^[m[K
[4.632s] [01m[K/home/sameer/cpp_files/ros2_cpp/src/cpp_pubsub/src/subscriber_member_function.cpp:44:24:[m[K [01;31m[Kerror: [m[Kâ€˜[01m[KMinimalSubcriber[m[Kâ€™ has not been declared
[4.632s]    44 |  std_msgs::msg::String [01;31m[KMinimalSubcriber[m[K:: get_received_msg()
[4.632s]       |                        [01;31m[K^~~~~~~~~~~~~~~~[m[K
[4.639s] [01m[K/home/sameer/cpp_files/ros2_cpp/src/cpp_pubsub/src/subscriber_member_function.cpp:[m[K In function â€˜[01m[Kstd_msgs::msg::String cpp_pubsub::get_received_msg()[m[Kâ€™:
[4.640s] [01m[K/home/sameer/cpp_files/ros2_cpp/src/cpp_pubsub/src/subscriber_member_function.cpp:46:12:[m[K [01;31m[Kerror: [m[Kâ€˜[01m[Kreceived_msg_[m[Kâ€™ was not declared in this scope; did you mean â€˜[01m[Kget_received_msg[m[Kâ€™?
[4.640s]    46 |     return [01;31m[Kreceived_msg_[m[K;
[4.640s]       |            [01;31m[K^~~~~~~~~~~~~[m[K
[4.640s]       |            [32m[Kget_received_msg[m[K
[5.308s] gmake[2]: *** [CMakeFiles/pubsub_test.dir/build.make:118: CMakeFiles/pubsub_test.dir/src/single_thread_spinner.cpp.o] Error 1
[5.308s] gmake[2]: *** Waiting for unfinished jobs....
[8.456s] gmake[2]: *** [CMakeFiles/pubsub_test.dir/build.make:104: CMakeFiles/pubsub_test.dir/src/subscriber_member_function.cpp.o] Error 1
[8.456s] gmake[1]: *** [CMakeFiles/Makefile2:156: CMakeFiles/pubsub_test.dir/all] Error 2
[8.457s] gmake: *** [Makefile:146: all] Error 2
[8.460s] Invoked command in '/home/sameer/cpp_files/ros2_cpp/src/cpp_pubsub/build/cpp_pubsub' returned '2': CMAKE_PREFIX_PATH=/home/sameer/ros2_ws/install/my_robot_controller:/opt/ros/humble /usr/bin/cmake --build /home/sameer/cpp_files/ros2_cpp/src/cpp_pubsub/build/cpp_pubsub -- -j4 -l4
