-- Found ament_cmake: 1.3.9 (/opt/ros/humble/share/ament_cmake/cmake)
-- Found rclcpp: 16.0.9 (/opt/ros/humble/share/rclcpp/cmake)
-- Found rosidl_generator_c: 3.1.5 (/opt/ros/humble/share/rosidl_generator_c/cmake)
-- Found rosidl_adapter: 3.1.5 (/opt/ros/humble/share/rosidl_adapter/cmake)
-- Found rosidl_generator_cpp: 3.1.5 (/opt/ros/humble/share/rosidl_generator_cpp/cmake)
-- Using all available rosidl_typesupport_c: rosidl_typesupport_fastrtps_c;rosidl_typesupport_introspection_c
-- Using all available rosidl_typesupport_cpp: rosidl_typesupport_fastrtps_cpp;rosidl_typesupport_introspection_cpp
-- Found rmw_implementation_cmake: 6.1.2 (/opt/ros/humble/share/rmw_implementation_cmake/cmake)
-- Found rmw_fastrtps_cpp: 6.2.6 (/opt/ros/humble/share/rmw_fastrtps_cpp/cmake)
-- Using RMW implementation 'rmw_fastrtps_cpp' as default
-- Found lifecycle_msgs: 1.2.1 (/opt/ros/humble/share/lifecycle_msgs/cmake)
-- Found rclcpp_lifecycle: 16.0.9 (/opt/ros/humble/share/rclcpp_lifecycle/cmake)
-- Found rclcpp_action: 16.0.9 (/opt/ros/humble/share/rclcpp_action/cmake)
-- Found example_interfaces: 0.9.3 (/opt/ros/humble/share/example_interfaces/cmake)
-- Found geometry_msgs: 4.2.3 (/opt/ros/humble/share/geometry_msgs/cmake)
-- Found tf2_ros: 0.25.6 (/opt/ros/humble/share/tf2_ros/cmake)
-- Found tf2_geometry_msgs: 0.25.6 (/opt/ros/humble/share/tf2_geometry_msgs/cmake)
-- Found eigen3_cmake_module: 0.1.1 (/opt/ros/humble/share/eigen3_cmake_module/cmake)
-- Ensuring Eigen3 include directory is part of orocos-kdl CMake target
-- Found nav_msgs: 4.2.3 (/opt/ros/humble/share/nav_msgs/cmake)
-- Found ament_cmake_gtest: 1.3.9 (/opt/ros/humble/share/ament_cmake_gtest/cmake)
-- Found gtest sources under '/opt/ros/humble/src/gtest_vendor': C++ tests using 'Google Test' will be built
-- Configuring done
-- Generating done
-- Build files have been written to: /home/sameer/cpp_files/ros2_cpp/src/cpp_pubsub/build/cpp_pubsub
[35m[1mConsolidate compiler generated dependencies of target gtest_main[0m
[35m[1mConsolidate compiler generated dependencies of target gtest[0m
[ 22%] Built target gtest_main
[ 44%] Built target gtest
[35m[1mConsolidate compiler generated dependencies of target pubsub_test[0m
[ 55%] [32mBuilding CXX object CMakeFiles/pubsub_test.dir/test/pubsub_test.cpp.o[0m
[ 66%] [32mBuilding CXX object CMakeFiles/pubsub_test.dir/src/single_thread_spinner.cpp.o[0m
[01m[K/home/sameer/cpp_files/ros2_cpp/src/cpp_pubsub/src/single_thread_spinner.cpp:[m[K In member function â€˜[01m[Kbool cpp_pubsub::SingleThreadSpinner::spin_some_all_nodes()[m[Kâ€™:
[01m[K/home/sameer/cpp_files/ros2_cpp/src/cpp_pubsub/src/single_thread_spinner.cpp:124:50:[m[K [01;31m[Kerror: [m[Kqualified-id in declaration before â€˜[01m[K([m[Kâ€™ token
  124 |         void SingleThreadSpinner::spin_all_nodes_[01;31m[K([m[K)
      |                                                  [01;31m[K^[m[K
gmake[2]: *** [CMakeFiles/pubsub_test.dir/build.make:118: CMakeFiles/pubsub_test.dir/src/single_thread_spinner.cpp.o] Error 1
gmake[2]: *** Waiting for unfinished jobs....
gmake[1]: *** [CMakeFiles/Makefile2:156: CMakeFiles/pubsub_test.dir/all] Error 2
gmake: *** [Makefile:146: all] Error 2
