In file included from [01m[K/home/sameer/cpp_files/ros2_cpp/src/cpp_pubsub/test/pubsub_test.cpp:4[m[K:
[01m[K/home/sameer/cpp_files/ros2_cpp/src/cpp_pubsub/include/cpp_pubsub/single_thread_spinner.hpp:39:49:[m[K [01;31m[Kerror: [m[Kredeclaration of â€˜[01m[Kstd::atomic<bool> cpp_pubsub::SingleThreadSpinner::cancel_spin_called_[m[Kâ€™
   39 |         std::atomic<bool> cancel_spin_called_ = [01;31m[Kfalse[m[K;
      |                                                 [01;31m[K^~~~~[m[K
[01m[K/home/sameer/cpp_files/ros2_cpp/src/cpp_pubsub/include/cpp_pubsub/single_thread_spinner.hpp:30:27:[m[K [01;36m[Knote: [m[Kprevious declaration â€˜[01m[Kstd::atomic<bool> cpp_pubsub::SingleThreadSpinner::cancel_spin_called_[m[Kâ€™
   30 |         std::atomic<bool> [01;36m[Kcancel_spin_called_[m[K = false;
      |                           [01;36m[K^~~~~~~~~~~~~~~~~~~[m[K
[01m[K/home/sameer/cpp_files/ros2_cpp/src/cpp_pubsub/test/pubsub_test.cpp:[m[K In member function â€˜[01m[Kvirtual void PubSubCommunication_pub_sub_communication_Test::TestBody()[m[Kâ€™:
[01m[K/home/sameer/cpp_files/ros2_cpp/src/cpp_pubsub/test/pubsub_test.cpp:28:13:[m[K [01;31m[Kerror: [m[Kâ€˜[01m[Kclass std::shared_ptr<cpp_pubsub::SingleThreadSpinner>[m[Kâ€™ has no member named â€˜[01m[Kadd_node[m[Kâ€™
   28 |     spinner.[01;31m[Kadd_node[m[K(pub_node->get_node_base_interface());
      |             [01;31m[K^~~~~~~~[m[K
[01m[K/home/sameer/cpp_files/ros2_cpp/src/cpp_pubsub/test/pubsub_test.cpp:29:13:[m[K [01;31m[Kerror: [m[Kâ€˜[01m[Kclass std::shared_ptr<cpp_pubsub::SingleThreadSpinner>[m[Kâ€™ has no member named â€˜[01m[Kadd_node[m[Kâ€™
   29 |     spinner.[01;31m[Kadd_node[m[K(sub_node->get_node_base_interface());
      |             [01;31m[K^~~~~~~~[m[K
[01m[K/home/sameer/cpp_files/ros2_cpp/src/cpp_pubsub/test/pubsub_test.cpp:31:13:[m[K [01;31m[Kerror: [m[Kâ€˜[01m[Kclass std::shared_ptr<cpp_pubsub::SingleThreadSpinner>[m[Kâ€™ has no member named â€˜[01m[Kspin_some_all_nodes[m[Kâ€™
   31 |     spinner.[01;31m[Kspin_some_all_nodes[m[K();
      |             [01;31m[K^~~~~~~~~~~~~~~~~~~[m[K
In file included from [01m[K/opt/ros/humble/src/gtest_vendor/include/gtest/gtest.h:62[m[K,
                 from [01m[K/home/sameer/cpp_files/ros2_cpp/src/cpp_pubsub/test/pubsub_test.cpp:6[m[K:
[01m[K/home/sameer/cpp_files/ros2_cpp/src/cpp_pubsub/test/pubsub_test.cpp:34:17:[m[K [01;31m[Kerror: [m[Kâ€˜[01m[Ksub_pub[m[Kâ€™ was not declared in this scope
   34 |     EXPECT_TRUE([01;31m[Ksub_pub[m[K->has_data_been_received());
      |                 [01;31m[K^~~~~~~[m[K
[01m[K/home/sameer/cpp_files/ros2_cpp/src/cpp_pubsub/test/pubsub_test.cpp:[m[K In member function â€˜[01m[Kvirtual void PubSubCommunication_check_received_msg_Test::TestBody()[m[Kâ€™:
[01m[K/home/sameer/cpp_files/ros2_cpp/src/cpp_pubsub/test/pubsub_test.cpp:58:13:[m[K [01;31m[Kerror: [m[Kâ€˜[01m[Kclass std::shared_ptr<cpp_pubsub::SingleThreadSpinner>[m[Kâ€™ has no member named â€˜[01m[Kadd_node[m[Kâ€™
   58 |     spinner.[01;31m[Kadd_node[m[K(pub_node->get_node_base_interface());
      |             [01;31m[K^~~~~~~~[m[K
[01m[K/home/sameer/cpp_files/ros2_cpp/src/cpp_pubsub/test/pubsub_test.cpp:59:13:[m[K [01;31m[Kerror: [m[Kâ€˜[01m[Kclass std::shared_ptr<cpp_pubsub::SingleThreadSpinner>[m[Kâ€™ has no member named â€˜[01m[Kadd_node[m[Kâ€™
   59 |     spinner.[01;31m[Kadd_node[m[K(sub_node->get_node_base_interface());
      |             [01;31m[K^~~~~~~~[m[K
[01m[K/home/sameer/cpp_files/ros2_cpp/src/cpp_pubsub/test/pubsub_test.cpp:61:13:[m[K [01;31m[Kerror: [m[Kâ€˜[01m[Kclass std::shared_ptr<cpp_pubsub::SingleThreadSpinner>[m[Kâ€™ has no member named â€˜[01m[Kspin_some_all_nodes[m[Kâ€™
   61 |     spinner.[01;31m[Kspin_some_all_nodes[m[K();
      |             [01;31m[K^~~~~~~~~~~~~~~~~~~[m[K
In file included from [01m[K/opt/ros/humble/src/gtest_vendor/include/gtest/gtest.h:62[m[K,
                 from [01m[K/home/sameer/cpp_files/ros2_cpp/src/cpp_pubsub/test/pubsub_test.cpp:6[m[K:
[01m[K/home/sameer/cpp_files/ros2_cpp/src/cpp_pubsub/test/pubsub_test.cpp:64:17:[m[K [01;31m[Kerror: [m[Kâ€˜[01m[Ksub_pub[m[Kâ€™ was not declared in this scope
   64 |     EXPECT_TRUE([01;31m[Ksub_pub[m[K->has_data_been_received());
      |                 [01;31m[K^~~~~~~[m[K
In file included from [01m[K/opt/ros/humble/src/gtest_vendor/include/gtest/gtest.h:375[m[K,
                 from [01m[K/home/sameer/cpp_files/ros2_cpp/src/cpp_pubsub/test/pubsub_test.cpp:6[m[K:
[01m[K/home/sameer/cpp_files/ros2_cpp/src/cpp_pubsub/test/pubsub_test.cpp:66:18:[m[K [01;31m[Kerror: [m[Kâ€˜[01m[Ksub_pub[m[Kâ€™ was not declared in this scope
   66 |     EXPECT_STREQ([01;31m[Ksub_pub[m[K->get_received_msg().data.c_str(),"Hello, World! 0");
      |                  [01;31m[K^~~~~~~[m[K
In file included from [01m[K/opt/ros/humble/src/gtest_vendor/include/gtest/gtest.h:62[m[K,
                 from [01m[K/home/sameer/cpp_files/ros2_cpp/src/cpp_pubsub/test/pubsub_test.cpp:6[m[K:
[01m[K/home/sameer/cpp_files/ros2_cpp/src/cpp_pubsub/test/pubsub_test.cpp:[m[K At global scope:
[01m[K/home/sameer/cpp_files/ros2_cpp/src/cpp_pubsub/test/pubsub_test.cpp:70:6:[m[K [01;31m[Kerror: [m[Kredefinition of â€˜[01m[Kclass PubSubCommunication_check_received_msg_Test[m[Kâ€™
   70 | TEST([01;31m[KPubSubCommunication[m[K,check_received_msg)
      |      [01;31m[K^~~~~~~~~~~~~~~~~~~[m[K
[01m[K/home/sameer/cpp_files/ros2_cpp/src/cpp_pubsub/test/pubsub_test.cpp:40:6:[m[K [01;36m[Knote: [m[Kprevious definition of â€˜[01m[Kclass PubSubCommunication_check_received_msg_Test[m[Kâ€™
   40 | TEST([01;36m[KPubSubCommunication[m[K,check_received_msg)
      |      [01;36m[K^~~~~~~~~~~~~~~~~~~[m[K
[01m[K/home/sameer/cpp_files/ros2_cpp/src/cpp_pubsub/test/pubsub_test.cpp:70:6:[m[K [01;31m[Kerror: [m[Kredefinition of â€˜[01m[Ktesting::TestInfo* const PubSubCommunication_check_received_msg_Test::test_info_[m[Kâ€™
   70 | TEST([01;31m[KPubSubCommunication[m[K,check_received_msg)
      |      [01;31m[K^~~~~~~~~~~~~~~~~~~[m[K
[01m[K/home/sameer/cpp_files/ros2_cpp/src/cpp_pubsub/test/pubsub_test.cpp:40:6:[m[K [01;36m[Knote: [m[Kâ€˜[01m[Ktesting::TestInfo* const PubSubCommunication_check_received_msg_Test::test_info_[m[Kâ€™ previously declared here
   40 | TEST([01;36m[KPubSubCommunication[m[K,check_received_msg)
      |      [01;36m[K^~~~~~~~~~~~~~~~~~~[m[K
[01m[K/home/sameer/cpp_files/ros2_cpp/src/cpp_pubsub/test/pubsub_test.cpp:70:6:[m[K [01;31m[Kerror: [m[Kredefinition of â€˜[01m[Kvoid PubSubCommunication_check_received_msg_Test::TestBody()[m[Kâ€™
   70 | TEST([01;31m[KPubSubCommunication[m[K,check_received_msg)
      |      [01;31m[K^~~~~~~~~~~~~~~~~~~[m[K
[01m[K/home/sameer/cpp_files/ros2_cpp/src/cpp_pubsub/test/pubsub_test.cpp:40:6:[m[K [01;36m[Knote: [m[Kâ€˜[01m[Kvirtual void PubSubCommunication_check_received_msg_Test::TestBody()[m[Kâ€™ previously defined here
   40 | TEST([01;36m[KPubSubCommunication[m[K,check_received_msg)
      |      [01;36m[K^~~~~~~~~~~~~~~~~~~[m[K
gmake[2]: *** [CMakeFiles/pubsub_test.dir/build.make:76: CMakeFiles/pubsub_test.dir/test/pubsub_test.cpp.o] Error 1
gmake[1]: *** [CMakeFiles/Makefile2:156: CMakeFiles/pubsub_test.dir/all] Error 2
gmake: *** [Makefile:146: all] Error 2
