-- The C compiler identification is GNU 11.4.0
-- The CXX compiler identification is GNU 11.4.0
-- Detecting C compiler ABI info
-- Detecting C compiler ABI info - done
-- Check for working C compiler: /usr/bin/cc - skipped
-- Detecting C compile features
-- Detecting C compile features - done
-- Detecting CXX compiler ABI info
-- Detecting CXX compiler ABI info - done
-- Check for working CXX compiler: /usr/bin/c++ - skipped
-- Detecting CXX compile features
-- Detecting CXX compile features - done
-- Found ament_cmake: 1.3.8 (/opt/ros/humble/share/ament_cmake/cmake)
-- Found Python3: /usr/bin/python3 (found version "3.10.12") found components: Interpreter 
-- Found lifecycle_msgs: 1.2.1 (/opt/ros/humble/share/lifecycle_msgs/cmake)
-- Found rosidl_generator_c: 3.1.5 (/opt/ros/humble/share/rosidl_generator_c/cmake)
-- Found rosidl_adapter: 3.1.5 (/opt/ros/humble/share/rosidl_adapter/cmake)
-- Found rosidl_generator_cpp: 3.1.5 (/opt/ros/humble/share/rosidl_generator_cpp/cmake)
-- Using all available rosidl_typesupport_c: rosidl_typesupport_fastrtps_c;rosidl_typesupport_introspection_c
-- Using all available rosidl_typesupport_cpp: rosidl_typesupport_fastrtps_cpp;rosidl_typesupport_introspection_cpp
-- Found rclcpp_lifecycle: 16.0.8 (/opt/ros/humble/share/rclcpp_lifecycle/cmake)
-- Found rmw_implementation_cmake: 6.1.1 (/opt/ros/humble/share/rmw_implementation_cmake/cmake)
-- Found rmw_fastrtps_cpp: 6.2.6 (/opt/ros/humble/share/rmw_fastrtps_cpp/cmake)
-- Found OpenSSL: /usr/lib/x86_64-linux-gnu/libcrypto.so (found version "3.0.2")  
-- Found FastRTPS: /opt/ros/humble/include  
-- Using RMW implementation 'rmw_fastrtps_cpp' as default
-- Looking for pthread.h
-- Looking for pthread.h - found
-- Performing Test CMAKE_HAVE_LIBC_PTHREAD
-- Performing Test CMAKE_HAVE_LIBC_PTHREAD - Success
-- Found Threads: TRUE  
-- Found rclcpp_action: 16.0.8 (/opt/ros/humble/share/rclcpp_action/cmake)
-- Found example_interfaces: 0.9.3 (/opt/ros/humble/share/example_interfaces/cmake)
-- Found geometry_msgs: 4.2.3 (/opt/ros/humble/share/geometry_msgs/cmake)
-- Found tf2_ros: 0.25.6 (/opt/ros/humble/share/tf2_ros/cmake)
-- Found tf2_geometry_msgs: 0.25.6 (/opt/ros/humble/share/tf2_geometry_msgs/cmake)
-- Found eigen3_cmake_module: 0.1.1 (/opt/ros/humble/share/eigen3_cmake_module/cmake)
-- Found Eigen3: TRUE (found version "3.4.0") 
-- Ensuring Eigen3 include directory is part of orocos-kdl CMake target
-- Found nav_msgs: 4.2.3 (/opt/ros/humble/share/nav_msgs/cmake)
-- Found ament_cmake_gtest: 1.3.8 (/opt/ros/humble/share/ament_cmake_gtest/cmake)
-- Found gtest sources under '/opt/ros/humble/src/gtest_vendor': C++ tests using 'Google Test' will be built
-- Configuring done
-- Generating done
-- Build files have been written to: /home/sameer/cpp_files/ros2_cpp/build/cpp_pubsub
[35m[1mConsolidate compiler generated dependencies of target gtest_main[0m
[ 22%] Built target gtest_main
[35m[1mConsolidate compiler generated dependencies of target gtest[0m
[ 44%] Built target gtest
[35m[1mConsolidate compiler generated dependencies of target pubsub_test[0m
[ 55%] [32mBuilding CXX object CMakeFiles/pubsub_test.dir/test/pubsub_test.cpp.o[0m
In file included from [01m[K/home/sameer/cpp_files/ros2_cpp/src/cpp_pubsub/test/pubsub_test.cpp:4[m[K:
[01m[K/home/sameer/cpp_files/ros2_cpp/src/cpp_pubsub/include/cpp_pubsub/single_thread_spinner.hpp:39:49:[m[K [01;31m[Kerror: [m[Kredeclaration of â€˜[01m[Kstd::atomic<bool> cpp_pubsub::SingleThreadSpinner::cancel_spin_called_[m[Kâ€™
   39 |         std::atomic<bool> cancel_spin_called_ = [01;31m[Kfalse[m[K;
      |                                                 [01;31m[K^~~~~[m[K
[01m[K/home/sameer/cpp_files/ros2_cpp/src/cpp_pubsub/include/cpp_pubsub/single_thread_spinner.hpp:30:27:[m[K [01;36m[Knote: [m[Kprevious declaration â€˜[01m[Kstd::atomic<bool> cpp_pubsub::SingleThreadSpinner::cancel_spin_called_[m[Kâ€™
   30 |         std::atomic<bool> [01;36m[Kcancel_spin_called_[m[K = false;
      |                           [01;36m[K^~~~~~~~~~~~~~~~~~~[m[K
[01m[K/home/sameer/cpp_files/ros2_cpp/src/cpp_pubsub/test/pubsub_test.cpp:[m[K In member function â€˜[01m[Kvirtual void PubSubCommunication_pub_sub_communication_Test::TestBody()[m[Kâ€™:
[01m[K/home/sameer/cpp_files/ros2_cpp/src/cpp_pubsub/test/pubsub_test.cpp:28:13:[m[K [01;31m[Kerror: [m[Kâ€˜[01m[Kclass std::shared_ptr<cpp_pubsub::SingleThreadSpinner>[m[Kâ€™ has no member named â€˜[01m[Kadd_node[m[Kâ€™
   28 |     spinner.[01;31m[Kadd_node[m[K(pub_node->get_node_base_interface());
      |             [01;31m[K^~~~~~~~[m[K
[01m[K/home/sameer/cpp_files/ros2_cpp/src/cpp_pubsub/test/pubsub_test.cpp:29:13:[m[K [01;31m[Kerror: [m[Kâ€˜[01m[Kclass std::shared_ptr<cpp_pubsub::SingleThreadSpinner>[m[Kâ€™ has no member named â€˜[01m[Kadd_node[m[Kâ€™
   29 |     spinner.[01;31m[Kadd_node[m[K(sub_node->get_node_base_interface());
      |             [01;31m[K^~~~~~~~[m[K
[01m[K/home/sameer/cpp_files/ros2_cpp/src/cpp_pubsub/test/pubsub_test.cpp:31:13:[m[K [01;31m[Kerror: [m[Kâ€˜[01m[Kclass std::shared_ptr<cpp_pubsub::SingleThreadSpinner>[m[Kâ€™ has no member named â€˜[01m[Kspin_some_all_nodes[m[Kâ€™
   31 |     spinner.[01;31m[Kspin_some_all_nodes[m[K();
      |             [01;31m[K^~~~~~~~~~~~~~~~~~~[m[K
In file included from [01m[K/opt/ros/humble/src/gtest_vendor/include/gtest/gtest.h:62[m[K,
                 from [01m[K/home/sameer/cpp_files/ros2_cpp/src/cpp_pubsub/test/pubsub_test.cpp:6[m[K:
[01m[K/home/sameer/cpp_files/ros2_cpp/src/cpp_pubsub/test/pubsub_test.cpp:34:17:[m[K [01;31m[Kerror: [m[Kâ€˜[01m[Ksub_pub[m[Kâ€™ was not declared in this scope
   34 |     EXPECT_TRUE([01;31m[Ksub_pub[m[K->has_data_been_received());
      |                 [01;31m[K^~~~~~~[m[K
[01m[K/home/sameer/cpp_files/ros2_cpp/src/cpp_pubsub/test/pubsub_test.cpp:[m[K In member function â€˜[01m[Kvirtual void PubSubCommunication_check_received_msg_Test::TestBody()[m[Kâ€™:
[01m[K/home/sameer/cpp_files/ros2_cpp/src/cpp_pubsub/test/pubsub_test.cpp:58:13:[m[K [01;31m[Kerror: [m[Kâ€˜[01m[Kclass std::shared_ptr<cpp_pubsub::SingleThreadSpinner>[m[Kâ€™ has no member named â€˜[01m[Kadd_node[m[Kâ€™
   58 |     spinner.[01;31m[Kadd_node[m[K(pub_node->get_node_base_interface());
      |             [01;31m[K^~~~~~~~[m[K
[01m[K/home/sameer/cpp_files/ros2_cpp/src/cpp_pubsub/test/pubsub_test.cpp:59:13:[m[K [01;31m[Kerror: [m[Kâ€˜[01m[Kclass std::shared_ptr<cpp_pubsub::SingleThreadSpinner>[m[Kâ€™ has no member named â€˜[01m[Kadd_node[m[Kâ€™
   59 |     spinner.[01;31m[Kadd_node[m[K(sub_node->get_node_base_interface());
      |             [01;31m[K^~~~~~~~[m[K
[01m[K/home/sameer/cpp_files/ros2_cpp/src/cpp_pubsub/test/pubsub_test.cpp:61:13:[m[K [01;31m[Kerror: [m[Kâ€˜[01m[Kclass std::shared_ptr<cpp_pubsub::SingleThreadSpinner>[m[Kâ€™ has no member named â€˜[01m[Kspin_some_all_nodes[m[Kâ€™
   61 |     spinner.[01;31m[Kspin_some_all_nodes[m[K();
      |             [01;31m[K^~~~~~~~~~~~~~~~~~~[m[K
In file included from [01m[K/opt/ros/humble/src/gtest_vendor/include/gtest/gtest.h:62[m[K,
                 from [01m[K/home/sameer/cpp_files/ros2_cpp/src/cpp_pubsub/test/pubsub_test.cpp:6[m[K:
[01m[K/home/sameer/cpp_files/ros2_cpp/src/cpp_pubsub/test/pubsub_test.cpp:64:17:[m[K [01;31m[Kerror: [m[Kâ€˜[01m[Ksub_pub[m[Kâ€™ was not declared in this scope
   64 |     EXPECT_TRUE([01;31m[Ksub_pub[m[K->has_data_been_received());
      |                 [01;31m[K^~~~~~~[m[K
In file included from [01m[K/opt/ros/humble/src/gtest_vendor/include/gtest/gtest.h:375[m[K,
                 from [01m[K/home/sameer/cpp_files/ros2_cpp/src/cpp_pubsub/test/pubsub_test.cpp:6[m[K:
[01m[K/home/sameer/cpp_files/ros2_cpp/src/cpp_pubsub/test/pubsub_test.cpp:66:18:[m[K [01;31m[Kerror: [m[Kâ€˜[01m[Ksub_pub[m[Kâ€™ was not declared in this scope
   66 |     EXPECT_STREQ([01;31m[Ksub_pub[m[K->get_received_msg().data.c_str(),"Hello, World! 0");
      |                  [01;31m[K^~~~~~~[m[K
In file included from [01m[K/opt/ros/humble/src/gtest_vendor/include/gtest/gtest.h:62[m[K,
                 from [01m[K/home/sameer/cpp_files/ros2_cpp/src/cpp_pubsub/test/pubsub_test.cpp:6[m[K:
[01m[K/home/sameer/cpp_files/ros2_cpp/src/cpp_pubsub/test/pubsub_test.cpp:[m[K At global scope:
[01m[K/home/sameer/cpp_files/ros2_cpp/src/cpp_pubsub/test/pubsub_test.cpp:70:6:[m[K [01;31m[Kerror: [m[Kredefinition of â€˜[01m[Kclass PubSubCommunication_check_received_msg_Test[m[Kâ€™
   70 | TEST([01;31m[KPubSubCommunication[m[K,check_received_msg)
      |      [01;31m[K^~~~~~~~~~~~~~~~~~~[m[K
[01m[K/home/sameer/cpp_files/ros2_cpp/src/cpp_pubsub/test/pubsub_test.cpp:40:6:[m[K [01;36m[Knote: [m[Kprevious definition of â€˜[01m[Kclass PubSubCommunication_check_received_msg_Test[m[Kâ€™
   40 | TEST([01;36m[KPubSubCommunication[m[K,check_received_msg)
      |      [01;36m[K^~~~~~~~~~~~~~~~~~~[m[K
[01m[K/home/sameer/cpp_files/ros2_cpp/src/cpp_pubsub/test/pubsub_test.cpp:70:6:[m[K [01;31m[Kerror: [m[Kredefinition of â€˜[01m[Ktesting::TestInfo* const PubSubCommunication_check_received_msg_Test::test_info_[m[Kâ€™
   70 | TEST([01;31m[KPubSubCommunication[m[K,check_received_msg)
      |      [01;31m[K^~~~~~~~~~~~~~~~~~~[m[K
[01m[K/home/sameer/cpp_files/ros2_cpp/src/cpp_pubsub/test/pubsub_test.cpp:40:6:[m[K [01;36m[Knote: [m[Kâ€˜[01m[Ktesting::TestInfo* const PubSubCommunication_check_received_msg_Test::test_info_[m[Kâ€™ previously declared here
   40 | TEST([01;36m[KPubSubCommunication[m[K,check_received_msg)
      |      [01;36m[K^~~~~~~~~~~~~~~~~~~[m[K
[01m[K/home/sameer/cpp_files/ros2_cpp/src/cpp_pubsub/test/pubsub_test.cpp:70:6:[m[K [01;31m[Kerror: [m[Kredefinition of â€˜[01m[Kvoid PubSubCommunication_check_received_msg_Test::TestBody()[m[Kâ€™
   70 | TEST([01;31m[KPubSubCommunication[m[K,check_received_msg)
      |      [01;31m[K^~~~~~~~~~~~~~~~~~~[m[K
[01m[K/home/sameer/cpp_files/ros2_cpp/src/cpp_pubsub/test/pubsub_test.cpp:40:6:[m[K [01;36m[Knote: [m[Kâ€˜[01m[Kvirtual void PubSubCommunication_check_received_msg_Test::TestBody()[m[Kâ€™ previously defined here
   40 | TEST([01;36m[KPubSubCommunication[m[K,check_received_msg)
      |      [01;36m[K^~~~~~~~~~~~~~~~~~~[m[K
gmake[2]: *** [CMakeFiles/pubsub_test.dir/build.make:76: CMakeFiles/pubsub_test.dir/test/pubsub_test.cpp.o] Error 1
gmake[1]: *** [CMakeFiles/Makefile2:156: CMakeFiles/pubsub_test.dir/all] Error 2
gmake: *** [Makefile:146: all] Error 2
