[0.016s] Invoking command in '/home/sameer/cpp_files/ros2_cpp/src/cpp_pubsub/build/cpp_pubsub': CMAKE_PREFIX_PATH=/home/sameer/ros2_ws/install/my_robot_controller:/opt/ros/humble /usr/bin/cmake --build /home/sameer/cpp_files/ros2_cpp/src/cpp_pubsub/build/cpp_pubsub -- -j4 -l4
[0.112s] [ 22%] Built target gtest_main
[0.114s] [ 44%] Built target gtest
[0.143s] [35m[1mConsolidate compiler generated dependencies of target pubsub_test[0m
[0.193s] [ 55%] [32mBuilding CXX object CMakeFiles/pubsub_test.dir/test/pubsub_test.cpp.o[0m
[5.035s] In file included from [01m[K/opt/ros/humble/src/gtest_vendor/include/gtest/internal/gtest-internal.h:40[m[K,
[5.036s]                  from [01m[K/opt/ros/humble/src/gtest_vendor/include/gtest/gtest.h:62[m[K,
[5.036s]                  from [01m[K/home/sameer/cpp_files/ros2_cpp/src/cpp_pubsub/test/pubsub_test.cpp:6[m[K:
[5.036s] [01m[K/home/sameer/cpp_files/ros2_cpp/src/cpp_pubsub/test/pubsub_test.cpp:[m[K In member function â€˜[01m[Kvirtual void PubSubCommunication_check_msg_range_Test::TestBody()[m[Kâ€™:
[5.037s] [01m[K/home/sameer/cpp_files/ros2_cpp/src/cpp_pubsub/test/pubsub_test.cpp:33:9:[m[K [01;31m[Kerror: [m[Kexpected â€˜[01m[K;[m[Kâ€™ before â€˜[01m[Kswitch[m[Kâ€™
[5.037s]    33 |         [01;31m[KEXPECT_LT[m[K(pub_node->v_data.length(),50)
[5.038s]       |         [01;31m[K^~~~~~~~~[m[K
[5.038s] In file included from [01m[K/opt/ros/humble/src/gtest_vendor/include/gtest/gtest.h:375[m[K,
[5.038s]                  from [01m[K/home/sameer/cpp_files/ros2_cpp/src/cpp_pubsub/test/pubsub_test.cpp:6[m[K:
[5.039s] [01m[K/home/sameer/cpp_files/ros2_cpp/src/cpp_pubsub/test/pubsub_test.cpp:33:9:[m[K [01;31m[Kerror: [m[Kexpected â€˜[01m[K}[m[Kâ€™ before â€˜[01m[Kelse[m[Kâ€™
[5.039s]    33 |         [01;31m[KEXPECT_LT[m[K(pub_node->v_data.length(),50)
[5.039s]       |         [01;31m[K^~~~~~~~~[m[K
[5.039s] [01m[K/home/sameer/cpp_files/ros2_cpp/src/cpp_pubsub/test/pubsub_test.cpp:31:5:[m[K [01;36m[Knote: [m[Kto match this â€˜[01m[K{[m[Kâ€™
[5.039s]    31 |     [01;36m[K{[m[K
[5.039s]       |     [01;36m[K^[m[K
[5.128s] In file included from [01m[K/opt/ros/humble/src/gtest_vendor/include/gtest/gtest.h:62[m[K,
[5.128s]                  from [01m[K/home/sameer/cpp_files/ros2_cpp/src/cpp_pubsub/test/pubsub_test.cpp:6[m[K:
[5.128s] [01m[K/home/sameer/cpp_files/ros2_cpp/src/cpp_pubsub/test/pubsub_test.cpp:33:9:[m[K [01;31m[Kerror: [m[Kâ€˜[01m[Kgtest_ar[m[Kâ€™ was not declared in this scope
[5.129s]    33 |         [01;31m[KEXPECT_LT[m[K(pub_node->v_data.length(),50)
[5.129s]       |         [01;31m[K^~~~~~~~~[m[K
[5.130s] [01m[K/home/sameer/cpp_files/ros2_cpp/src/cpp_pubsub/test/pubsub_test.cpp:[m[K At global scope:
[5.130s] [01m[K/home/sameer/cpp_files/ros2_cpp/src/cpp_pubsub/test/pubsub_test.cpp:38:5:[m[K [01;31m[Kerror: [m[Kexpected unqualified-id before â€˜[01m[Kelse[m[Kâ€™
[5.130s]    38 |     [01;31m[Kelse[m[K{
[5.130s]       |     [01;31m[K^~~~[m[K
[5.131s] [01m[K/home/sameer/cpp_files/ros2_cpp/src/cpp_pubsub/test/pubsub_test.cpp:45:23:[m[K [01;31m[Kerror: [m[Kexpected constructor, destructor, or type conversion before â€˜[01m[K;[m[Kâ€™ token
[5.131s]    45 |     rclcpp::shutdown()[01;31m[K;[m[K
[5.131s]       |                       [01;31m[K^[m[K
[5.131s] [01m[K/home/sameer/cpp_files/ros2_cpp/src/cpp_pubsub/test/pubsub_test.cpp:47:1:[m[K [01;31m[Kerror: [m[Kexpected declaration before â€˜[01m[K}[m[Kâ€™ token
[5.132s]    47 | [01;31m[K}[m[K
[5.132s]       | [01;31m[K^[m[K
[6.004s] gmake[2]: *** [CMakeFiles/pubsub_test.dir/build.make:76: CMakeFiles/pubsub_test.dir/test/pubsub_test.cpp.o] Error 1
[6.004s] gmake[1]: *** [CMakeFiles/Makefile2:156: CMakeFiles/pubsub_test.dir/all] Error 2
[6.004s] gmake: *** [Makefile:146: all] Error 2
[6.008s] Invoked command in '/home/sameer/cpp_files/ros2_cpp/src/cpp_pubsub/build/cpp_pubsub' returned '2': CMAKE_PREFIX_PATH=/home/sameer/ros2_ws/install/my_robot_controller:/opt/ros/humble /usr/bin/cmake --build /home/sameer/cpp_files/ros2_cpp/src/cpp_pubsub/build/cpp_pubsub -- -j4 -l4
