[0.000000] (-) TimerEvent: {}
[0.000192] (cpp_pubsub) JobQueued: {'identifier': 'cpp_pubsub', 'dependencies': OrderedDict()}
[0.000246] (cpp_pubsub) JobStarted: {'identifier': 'cpp_pubsub'}
[0.012240] (cpp_pubsub) JobProgress: {'identifier': 'cpp_pubsub', 'progress': 'cmake'}
[0.013332] (cpp_pubsub) JobProgress: {'identifier': 'cpp_pubsub', 'progress': 'build'}
[0.014526] (cpp_pubsub) Command: {'cmd': ['/usr/bin/cmake', '--build', '/home/sameer/cpp_files/ros2_cpp/src/cpp_pubsub/build/cpp_pubsub', '--', '-j4', '-l4'], 'cwd': '/home/sameer/cpp_files/ros2_cpp/src/cpp_pubsub/build/cpp_pubsub', 'env': OrderedDict([('GJS_DEBUG_TOPICS', 'JS ERROR;JS LOG'), ('LESSOPEN', '| /usr/bin/lesspipe %s'), ('LANGUAGE', 'en_IN:en'), ('USER', 'sameer'), ('XDG_SESSION_TYPE', 'x11'), ('SHLVL', '2'), ('LD_LIBRARY_PATH', '/opt/ros/humble/opt/rviz_ogre_vendor/lib:/opt/ros/humble/lib/x86_64-linux-gnu:/opt/ros/humble/lib'), ('HOME', '/home/sameer'), ('OLDPWD', '/home/sameer/cpp_files/ros2_cpp/src'), ('DESKTOP_SESSION', 'ubuntu'), ('GIO_LAUNCHED_DESKTOP_FILE', '/usr/share/applications/terminator.desktop'), ('ROS_PYTHON_VERSION', '3'), ('GNOME_SHELL_SESSION_MODE', 'ubuntu'), ('GTK_MODULES', 'gail:atk-bridge'), ('MANAGERPID', '1421'), ('SYSTEMD_EXEC_PID', '1779'), ('DBUS_SESSION_BUS_ADDRESS', 'unix:path=/run/user/1000/bus'), ('COLORTERM', 'truecolor'), ('TERMINATOR_DBUS_NAME', 'net.tenshu.Terminator23558193cd9818af7fe4d2c2f5bd9d00f'), ('GIO_LAUNCHED_DESKTOP_FILE_PID', '4566'), ('COLCON_PREFIX_PATH', '/home/sameer/ros2_ws/install'), ('ROS_DISTRO', 'humble'), ('GTK_IM_MODULE', 'ibus'), ('LOGNAME', 'sameer'), ('JOURNAL_STREAM', '8:30277'), ('_', '/usr/bin/colcon'), ('ROS_VERSION', '2'), ('XDG_SESSION_CLASS', 'user'), ('USERNAME', 'sameer'), ('TERM', 'xterm-256color'), ('GNOME_DESKTOP_SESSION_ID', 'this-is-deprecated'), ('ROS_LOCALHOST_ONLY', '0'), ('WINDOWPATH', '2'), ('PATH', '/opt/ros/humble/bin:/home/sameer/.local/bin:/usr/local/sbin:/usr/local/bin:/usr/sbin:/usr/bin:/sbin:/bin:/usr/games:/usr/local/games:/snap/bin:/snap/bin'), ('SESSION_MANAGER', 'local/sameer:@/tmp/.ICE-unix/1750,unix/sameer:/tmp/.ICE-unix/1750'), ('INVOCATION_ID', 'c84301954fcb438ca535950f92e3020b'), ('XDG_MENU_PREFIX', 'gnome-'), ('XDG_RUNTIME_DIR', '/run/user/1000'), ('DISPLAY', ':1'), ('TERMINATOR_DBUS_PATH', '/net/tenshu/Terminator2'), ('LANG', 'en_US.UTF-8'), ('XDG_CURRENT_DESKTOP', 'ubuntu:GNOME'), ('IBUS_DISABLE_SNOOPER', '1'), ('XMODIFIERS', '@im=ibus'), ('XDG_SESSION_DESKTOP', 'ubuntu'), ('XAUTHORITY', '/run/user/1000/gdm/Xauthority'), ('LS_COLORS', 'rs=0:di=01;34:ln=01;36:mh=00:pi=40;33:so=01;35:do=01;35:bd=40;33;01:cd=40;33;01:or=40;31;01:mi=00:su=37;41:sg=30;43:ca=30;41:tw=30;42:ow=34;42:st=37;44:ex=01;32:*.tar=01;31:*.tgz=01;31:*.arc=01;31:*.arj=01;31:*.taz=01;31:*.lha=01;31:*.lz4=01;31:*.lzh=01;31:*.lzma=01;31:*.tlz=01;31:*.txz=01;31:*.tzo=01;31:*.t7z=01;31:*.zip=01;31:*.z=01;31:*.dz=01;31:*.gz=01;31:*.lrz=01;31:*.lz=01;31:*.lzo=01;31:*.xz=01;31:*.zst=01;31:*.tzst=01;31:*.bz2=01;31:*.bz=01;31:*.tbz=01;31:*.tbz2=01;31:*.tz=01;31:*.deb=01;31:*.rpm=01;31:*.jar=01;31:*.war=01;31:*.ear=01;31:*.sar=01;31:*.rar=01;31:*.alz=01;31:*.ace=01;31:*.zoo=01;31:*.cpio=01;31:*.7z=01;31:*.rz=01;31:*.cab=01;31:*.wim=01;31:*.swm=01;31:*.dwm=01;31:*.esd=01;31:*.jpg=01;35:*.jpeg=01;35:*.mjpg=01;35:*.mjpeg=01;35:*.gif=01;35:*.bmp=01;35:*.pbm=01;35:*.pgm=01;35:*.ppm=01;35:*.tga=01;35:*.xbm=01;35:*.xpm=01;35:*.tif=01;35:*.tiff=01;35:*.png=01;35:*.svg=01;35:*.svgz=01;35:*.mng=01;35:*.pcx=01;35:*.mov=01;35:*.mpg=01;35:*.mpeg=01;35:*.m2v=01;35:*.mkv=01;35:*.webm=01;35:*.webp=01;35:*.ogm=01;35:*.mp4=01;35:*.m4v=01;35:*.mp4v=01;35:*.vob=01;35:*.qt=01;35:*.nuv=01;35:*.wmv=01;35:*.asf=01;35:*.rm=01;35:*.rmvb=01;35:*.flc=01;35:*.avi=01;35:*.fli=01;35:*.flv=01;35:*.gl=01;35:*.dl=01;35:*.xcf=01;35:*.xwd=01;35:*.yuv=01;35:*.cgm=01;35:*.emf=01;35:*.ogv=01;35:*.ogx=01;35:*.aac=00;36:*.au=00;36:*.flac=00;36:*.m4a=00;36:*.mid=00;36:*.midi=00;36:*.mka=00;36:*.mp3=00;36:*.mpc=00;36:*.ogg=00;36:*.ra=00;36:*.wav=00;36:*.oga=00;36:*.opus=00;36:*.spx=00;36:*.xspf=00;36:'), ('SSH_AGENT_LAUNCHER', 'gnome-keyring'), ('SSH_AUTH_SOCK', '/run/user/1000/keyring/ssh'), ('AMENT_PREFIX_PATH', '/home/sameer/ros2_ws/install/my_robot_controller:/opt/ros/humble'), ('SHELL', '/bin/bash'), ('TERMINATOR_UUID', 'urn:uuid:37ddbf82-53d1-484b-988d-4784e3b48dc5'), ('QT_ACCESSIBILITY', '1'), ('GDMSESSION', 'ubuntu'), ('LESSCLOSE', '/usr/bin/lesspipe %s %s'), ('GPG_AGENT_INFO', '/run/user/1000/gnupg/S.gpg-agent:0:1'), ('GJS_DEBUG_OUTPUT', 'stderr'), ('QT_IM_MODULE', 'ibus'), ('PWD', '/home/sameer/cpp_files/ros2_cpp/src/cpp_pubsub/build/cpp_pubsub'), ('LC_ALL', 'en_US.UTF-8'), ('XDG_CONFIG_DIRS', '/etc/xdg/xdg-ubuntu:/etc/xdg'), ('XDG_DATA_DIRS', '/usr/share/ubuntu:/usr/share/gnome:/usr/local/share/:/usr/share/:/var/lib/snapd/desktop'), ('PYTHONPATH', '/home/sameer/ros2_ws/install/my_robot_controller/lib/python3.10/site-packages:/opt/ros/humble/lib/python3.10/site-packages:/opt/ros/humble/local/lib/python3.10/dist-packages'), ('COLCON', '1'), ('VTE_VERSION', '6800'), ('CMAKE_PREFIX_PATH', '/home/sameer/ros2_ws/install/my_robot_controller:/opt/ros/humble')]), 'shell': False}
[0.098639] (-) TimerEvent: {}
[0.115051] (cpp_pubsub) StdoutLine: {'line': b'[ 22%] Built target gtest_main\n'}
[0.117516] (cpp_pubsub) StdoutLine: {'line': b'[ 44%] Built target gtest\n'}
[0.147122] (cpp_pubsub) StdoutLine: {'line': b'\x1b[35m\x1b[1mConsolidate compiler generated dependencies of target pubsub_test\x1b[0m\n'}
[0.197407] (cpp_pubsub) StdoutLine: {'line': b'[ 55%] \x1b[32mBuilding CXX object CMakeFiles/pubsub_test.dir/test/pubsub_test.cpp.o\x1b[0m\n'}
[0.198770] (-) TimerEvent: {}
[0.299142] (-) TimerEvent: {}
[0.399502] (-) TimerEvent: {}
[0.499857] (-) TimerEvent: {}
[0.600214] (-) TimerEvent: {}
[0.700566] (-) TimerEvent: {}
[0.800913] (-) TimerEvent: {}
[0.901307] (-) TimerEvent: {}
[1.001674] (-) TimerEvent: {}
[1.102031] (-) TimerEvent: {}
[1.202397] (-) TimerEvent: {}
[1.302752] (-) TimerEvent: {}
[1.403126] (-) TimerEvent: {}
[1.503491] (-) TimerEvent: {}
[1.603818] (-) TimerEvent: {}
[1.704227] (-) TimerEvent: {}
[1.804591] (-) TimerEvent: {}
[1.904993] (-) TimerEvent: {}
[2.005355] (-) TimerEvent: {}
[2.105717] (-) TimerEvent: {}
[2.206070] (-) TimerEvent: {}
[2.306430] (-) TimerEvent: {}
[2.406787] (-) TimerEvent: {}
[2.507159] (-) TimerEvent: {}
[2.607518] (-) TimerEvent: {}
[2.707886] (-) TimerEvent: {}
[2.808243] (-) TimerEvent: {}
[2.908601] (-) TimerEvent: {}
[3.008958] (-) TimerEvent: {}
[3.109333] (-) TimerEvent: {}
[3.209692] (-) TimerEvent: {}
[3.310047] (-) TimerEvent: {}
[3.410394] (-) TimerEvent: {}
[3.510821] (-) TimerEvent: {}
[3.611185] (-) TimerEvent: {}
[3.711547] (-) TimerEvent: {}
[3.811905] (-) TimerEvent: {}
[3.912274] (-) TimerEvent: {}
[4.012658] (-) TimerEvent: {}
[4.113027] (-) TimerEvent: {}
[4.213396] (-) TimerEvent: {}
[4.313763] (-) TimerEvent: {}
[4.414127] (-) TimerEvent: {}
[4.514481] (-) TimerEvent: {}
[4.614847] (-) TimerEvent: {}
[4.715222] (-) TimerEvent: {}
[4.815591] (-) TimerEvent: {}
[4.915975] (-) TimerEvent: {}
[4.951053] (cpp_pubsub) StderrLine: {'line': b'In file included from \x1b[01m\x1b[K/opt/ros/humble/src/gtest_vendor/include/gtest/gtest.h:62\x1b[m\x1b[K,\n'}
[4.951405] (cpp_pubsub) StderrLine: {'line': b'                 from \x1b[01m\x1b[K/home/sameer/cpp_files/ros2_cpp/src/cpp_pubsub/test/pubsub_test.cpp:6\x1b[m\x1b[K:\n'}
[4.951634] (cpp_pubsub) StderrLine: {'line': b'\x1b[01m\x1b[K/home/sameer/cpp_files/ros2_cpp/src/cpp_pubsub/test/pubsub_test.cpp:37:6:\x1b[m\x1b[K \x1b[01;31m\x1b[Kerror: \x1b[m\x1b[Kredefinition of \xe2\x80\x98\x1b[01m\x1b[Kclass PubSubCommunication_check_msg_range_Test\x1b[m\x1b[K\xe2\x80\x99\n'}
[4.951848] (cpp_pubsub) StderrLine: {'line': b'   37 | TEST(\x1b[01;31m\x1b[KPubSubCommunication\x1b[m\x1b[K,check_msg_range)\n'}
[4.952141] (cpp_pubsub) StderrLine: {'line': b'      |      \x1b[01;31m\x1b[K^~~~~~~~~~~~~~~~~~~\x1b[m\x1b[K\n'}
[4.952335] (cpp_pubsub) StderrLine: {'line': b'\x1b[01m\x1b[K/home/sameer/cpp_files/ros2_cpp/src/cpp_pubsub/test/pubsub_test.cpp:9:6:\x1b[m\x1b[K \x1b[01;36m\x1b[Knote: \x1b[m\x1b[Kprevious definition of \xe2\x80\x98\x1b[01m\x1b[Kclass PubSubCommunication_check_msg_range_Test\x1b[m\x1b[K\xe2\x80\x99\n'}
[4.952546] (cpp_pubsub) StderrLine: {'line': b'    9 | TEST(\x1b[01;36m\x1b[KPubSubCommunication\x1b[m\x1b[K,check_msg_range)\n'}
[4.952733] (cpp_pubsub) StderrLine: {'line': b'      |      \x1b[01;36m\x1b[K^~~~~~~~~~~~~~~~~~~\x1b[m\x1b[K\n'}
[4.952916] (cpp_pubsub) StderrLine: {'line': b'\x1b[01m\x1b[K/home/sameer/cpp_files/ros2_cpp/src/cpp_pubsub/test/pubsub_test.cpp:37:6:\x1b[m\x1b[K \x1b[01;31m\x1b[Kerror: \x1b[m\x1b[Kredefinition of \xe2\x80\x98\x1b[01m\x1b[Ktesting::TestInfo* const PubSubCommunication_check_msg_range_Test::test_info_\x1b[m\x1b[K\xe2\x80\x99\n'}
[4.953129] (cpp_pubsub) StderrLine: {'line': b'   37 | TEST(\x1b[01;31m\x1b[KPubSubCommunication\x1b[m\x1b[K,check_msg_range)\n'}
[4.953294] (cpp_pubsub) StderrLine: {'line': b'      |      \x1b[01;31m\x1b[K^~~~~~~~~~~~~~~~~~~\x1b[m\x1b[K\n'}
[4.953457] (cpp_pubsub) StderrLine: {'line': b'\x1b[01m\x1b[K/home/sameer/cpp_files/ros2_cpp/src/cpp_pubsub/test/pubsub_test.cpp:9:6:\x1b[m\x1b[K \x1b[01;36m\x1b[Knote: \x1b[m\x1b[K\xe2\x80\x98\x1b[01m\x1b[Ktesting::TestInfo* const PubSubCommunication_check_msg_range_Test::test_info_\x1b[m\x1b[K\xe2\x80\x99 previously declared here\n'}
[4.953621] (cpp_pubsub) StderrLine: {'line': b'    9 | TEST(\x1b[01;36m\x1b[KPubSubCommunication\x1b[m\x1b[K,check_msg_range)\n'}
[4.953774] (cpp_pubsub) StderrLine: {'line': b'      |      \x1b[01;36m\x1b[K^~~~~~~~~~~~~~~~~~~\x1b[m\x1b[K\n'}
[4.953949] (cpp_pubsub) StderrLine: {'line': b'\x1b[01m\x1b[K/home/sameer/cpp_files/ros2_cpp/src/cpp_pubsub/test/pubsub_test.cpp:37:6:\x1b[m\x1b[K \x1b[01;31m\x1b[Kerror: \x1b[m\x1b[Kredefinition of \xe2\x80\x98\x1b[01m\x1b[Kvoid PubSubCommunication_check_msg_range_Test::TestBody()\x1b[m\x1b[K\xe2\x80\x99\n'}
[4.954125] (cpp_pubsub) StderrLine: {'line': b'   37 | TEST(\x1b[01;31m\x1b[KPubSubCommunication\x1b[m\x1b[K,check_msg_range)\n'}
[4.954305] (cpp_pubsub) StderrLine: {'line': b'      |      \x1b[01;31m\x1b[K^~~~~~~~~~~~~~~~~~~\x1b[m\x1b[K\n'}
[4.954489] (cpp_pubsub) StderrLine: {'line': b'\x1b[01m\x1b[K/home/sameer/cpp_files/ros2_cpp/src/cpp_pubsub/test/pubsub_test.cpp:9:6:\x1b[m\x1b[K \x1b[01;36m\x1b[Knote: \x1b[m\x1b[K\xe2\x80\x98\x1b[01m\x1b[Kvirtual void PubSubCommunication_check_msg_range_Test::TestBody()\x1b[m\x1b[K\xe2\x80\x99 previously defined here\n'}
[4.954676] (cpp_pubsub) StderrLine: {'line': b'    9 | TEST(\x1b[01;36m\x1b[KPubSubCommunication\x1b[m\x1b[K,check_msg_range)\n'}
[4.954861] (cpp_pubsub) StderrLine: {'line': b'      |      \x1b[01;36m\x1b[K^~~~~~~~~~~~~~~~~~~\x1b[m\x1b[K\n'}
[5.016110] (-) TimerEvent: {}
[5.116519] (-) TimerEvent: {}
[5.216923] (-) TimerEvent: {}
[5.317364] (-) TimerEvent: {}
[5.417771] (-) TimerEvent: {}
[5.518176] (-) TimerEvent: {}
[5.618588] (-) TimerEvent: {}
[5.719000] (-) TimerEvent: {}
[5.819391] (-) TimerEvent: {}
[5.822798] (cpp_pubsub) StderrLine: {'line': b'gmake[2]: *** [CMakeFiles/pubsub_test.dir/build.make:76: CMakeFiles/pubsub_test.dir/test/pubsub_test.cpp.o] Error 1\n'}
[5.823243] (cpp_pubsub) StderrLine: {'line': b'gmake[1]: *** [CMakeFiles/Makefile2:156: CMakeFiles/pubsub_test.dir/all] Error 2\n'}
[5.823697] (cpp_pubsub) StderrLine: {'line': b'gmake: *** [Makefile:146: all] Error 2\n'}
[5.827076] (cpp_pubsub) CommandEnded: {'returncode': 2}
[5.908455] (cpp_pubsub) JobEnded: {'identifier': 'cpp_pubsub', 'rc': 2}
[5.919508] (-) EventReactorShutdown: {}
