[01m[K/home/sameer/cpp_files/ros2_cpp/src/cpp_pubsub/src/publisher_member_function.cpp:8:10:[m[K [01;31m[Kfatal error: [m[Kpublisher_member_function.hpp: No such file or directory
    8 | #include [01;31m[K"publisher_member_function.hpp"[m[K
      |          [01;31m[K^~~~~~~~~~~~~~~~~~~~~~~~~~~~~~~[m[K
compilation terminated.
gmake[2]: *** [CMakeFiles/pubsub_test.dir/build.make:90: CMakeFiles/pubsub_test.dir/src/publisher_member_function.cpp.o] Error 1
gmake[2]: *** Waiting for unfinished jobs....
In file included from [01m[K/home/sameer/cpp_files/ros2_cpp/src/cpp_pubsub/test/pubsub_test.cpp:4[m[K:
[01m[K/home/sameer/cpp_files/ros2_cpp/src/cpp_pubsub/include/cpp_pubsub/single_thread_spinner.hpp:39:49:[m[K [01;31m[Kerror: [m[Kredeclaration of â€˜[01m[Kstd::atomic<bool> cpp_pubsub::SingleThreadSpinner::cancel_spin_called_[m[Kâ€™
   39 |         std::atomic<bool> cancel_spin_called_ = [01;31m[Kfalse[m[K;
      |                                                 [01;31m[K^~~~~[m[K
[01m[K/home/sameer/cpp_files/ros2_cpp/src/cpp_pubsub/include/cpp_pubsub/single_thread_spinner.hpp:30:27:[m[K [01;36m[Knote: [m[Kprevious declaration â€˜[01m[Kstd::atomic<bool> cpp_pubsub::SingleThreadSpinner::cancel_spin_called_[m[Kâ€™
   30 |         std::atomic<bool> [01;36m[Kcancel_spin_called_[m[K = false;
      |                           [01;36m[K^~~~~~~~~~~~~~~~~~~[m[K
In file included from [01m[K/home/sameer/cpp_files/ros2_cpp/src/cpp_pubsub/src/single_thread_spinner.cpp:5[m[K:
[01m[K/home/sameer/cpp_files/ros2_cpp/src/cpp_pubsub/include/cpp_pubsub/single_thread_spinner.hpp:39:49:[m[K [01;31m[Kerror: [m[Kredeclaration of â€˜[01m[Kstd::atomic<bool> cpp_pubsub::SingleThreadSpinner::cancel_spin_called_[m[Kâ€™
   39 |         std::atomic<bool> cancel_spin_called_ = [01;31m[Kfalse[m[K;
      |                                                 [01;31m[K^~~~~[m[K
[01m[K/home/sameer/cpp_files/ros2_cpp/src/cpp_pubsub/include/cpp_pubsub/single_thread_spinner.hpp:30:27:[m[K [01;36m[Knote: [m[Kprevious declaration â€˜[01m[Kstd::atomic<bool> cpp_pubsub::SingleThreadSpinner::cancel_spin_called_[m[Kâ€™
   30 |         std::atomic<bool> [01;36m[Kcancel_spin_called_[m[K = false;
      |                           [01;36m[K^~~~~~~~~~~~~~~~~~~[m[K
[01m[K/home/sameer/cpp_files/ros2_cpp/src/cpp_pubsub/src/single_thread_spinner.cpp:18:10:[m[K [01;31m[Kerror: [m[Kâ€˜[01m[Kbool cpp_pubsub::SingleThreadSpinner::add_node[m[Kâ€™ is not a static data member of â€˜[01m[Kclass cpp_pubsub::SingleThreadSpinner[m[Kâ€™
   18 |     bool [01;31m[KSingleThreadSpinner[m[K::add_node(rclcpp_lifecycle::LifeCycleNode::SharedPtr lc_node)
      |          [01;31m[K^~~~~~~~~~~~~~~~~~~[m[K
[01m[K/home/sameer/cpp_files/ros2_cpp/src/cpp_pubsub/src/single_thread_spinner.cpp:18:58:[m[K [01;31m[Kerror: [m[Kâ€˜[01m[Krclcpp_lifecycle::LifeCycleNode[m[Kâ€™ has not been declared
   18 |     bool SingleThreadSpinner::add_node(rclcpp_lifecycle::[01;31m[KLifeCycleNode[m[K::SharedPtr lc_node)
      |                                                          [01;31m[K^~~~~~~~~~~~~[m[K
[01m[K/home/sameer/cpp_files/ros2_cpp/src/cpp_pubsub/src/single_thread_spinner.cpp:28:10:[m[K [01;31m[Kerror: [m[Kâ€˜[01m[Kbool cpp_pubsub::SingleThreadSpinner::remove_node[m[Kâ€™ is not a static data member of â€˜[01m[Kclass cpp_pubsub::SingleThreadSpinner[m[Kâ€™
   28 |     bool [01;31m[KSingleThreadSpinner[m[K::remove_node(rclcpp_lifecycle::LifeCycleNode::SharedPtr lc_node)
      |          [01;31m[K^~~~~~~~~~~~~~~~~~~[m[K
[01m[K/home/sameer/cpp_files/ros2_cpp/src/cpp_pubsub/src/single_thread_spinner.cpp:28:61:[m[K [01;31m[Kerror: [m[Kâ€˜[01m[Krclcpp_lifecycle::LifeCycleNode[m[Kâ€™ has not been declared
   28 |     bool SingleThreadSpinner::remove_node(rclcpp_lifecycle::[01;31m[KLifeCycleNode[m[K::SharedPtr lc_node)
      |                                                             [01;31m[K^~~~~~~~~~~~~[m[K
[01m[K/home/sameer/cpp_files/ros2_cpp/src/cpp_pubsub/src/single_thread_spinner.cpp:[m[K In member function â€˜[01m[Kbool cpp_pubsub::SingleThreadSpinner::remove_node(rclcpp::Node::SharedPtr)[m[Kâ€™:
[01m[K/home/sameer/cpp_files/ros2_cpp/src/cpp_pubsub/src/single_thread_spinner.cpp:35:28:[m[K [01;31m[Kerror: [m[Kâ€˜[01m[Klc_node[m[Kâ€™ was not declared in this scope; did you mean â€˜[01m[Knode[m[Kâ€™?
   35 |         return remove_node([01;31m[Klc_node[m[K->get_node_base_interface());
      |                            [01;31m[K^~~~~~~[m[K
      |                            [32m[Knode[m[K
[01m[K/home/sameer/cpp_files/ros2_cpp/src/cpp_pubsub/src/single_thread_spinner.cpp:33:67:[m[K [01;35m[Kwarning: [m[Kunused parameter â€˜[01m[Knode[m[Kâ€™ [[01;35m[K]8;;https://gcc.gnu.org/onlinedocs/gcc/Warning-Options.html#index-Wunused-parameter-Wunused-parameter]8;;[m[K]
   33 |     bool SingleThreadSpinner::remove_node([01;35m[Krclcpp::Node::SharedPtr node[m[K)
      |                                           [01;35m[K~~~~~~~~~~~~~~~~~~~~~~~~^~~~[m[K
[01m[K/home/sameer/cpp_files/ros2_cpp/src/cpp_pubsub/src/single_thread_spinner.cpp:[m[K In member function â€˜[01m[Kbool cpp_pubsub::SingleThreadSpinner::add_node(rclcpp::node_interfaces::NodeBaseInterface::SharedPtr)[m[Kâ€™:
[01m[K/home/sameer/cpp_files/ros2_cpp/src/cpp_pubsub/src/single_thread_spinner.cpp:44:32:[m[K [01;31m[Kerror: [m[Kâ€˜[01m[Krclcpp::executors::SingleThreadExecutor[m[Kâ€™ has not been declared
   44 |             rclcpp::executors::[01;31m[KSingleThreadExecutor[m[K::add_node(node);
      |                                [01;31m[K^~~~~~~~~~~~~~~~~~~~[m[K
[01m[K/home/sameer/cpp_files/ros2_cpp/src/cpp_pubsub/src/single_thread_spinner.cpp:[m[K In member function â€˜[01m[Kbool cpp_pubsub::SingleThreadSpinner::remove_node(rclcpp::node_interfaces::NodeBaseInterface::SharedPtr)[m[Kâ€™:
[01m[K/home/sameer/cpp_files/ros2_cpp/src/cpp_pubsub/src/single_thread_spinner.cpp:59:32:[m[K [01;31m[Kerror: [m[Kâ€˜[01m[Krclcpp::executors::SingleThreadExecutor[m[Kâ€™ has not been declared
   59 |             rclcpp::executors::[01;31m[KSingleThreadExecutor[m[K::remove_node(node);
      |                                [01;31m[K^~~~~~~~~~~~~~~~~~~~[m[K
[01m[K/home/sameer/cpp_files/ros2_cpp/src/cpp_pubsub/src/single_thread_spinner.cpp:[m[K In member function â€˜[01m[Kbool cpp_pubsub::SingleThreadSpinner::cancel_all_spin()[m[Kâ€™:
[01m[K/home/sameer/cpp_files/ros2_cpp/src/cpp_pubsub/src/single_thread_spinner.cpp:71:13:[m[K [01;31m[Kerror: [m[Kâ€˜[01m[Kare_all_nodes_spinning_[m[Kâ€™ was not declared in this scope; did you mean â€˜[01m[Kare_all_node_spinning[m[Kâ€™?
   71 |         if(![01;31m[Kare_all_nodes_spinning_[m[K.load())
      |             [01;31m[K^~~~~~~~~~~~~~~~~~~~~~~[m[K
      |             [32m[Kare_all_node_spinning[m[K
[01m[K/home/sameer/cpp_files/ros2_cpp/src/cpp_pubsub/src/single_thread_spinner.cpp:77:16:[m[K [01;31m[Kerror: [m[Kâ€˜[01m[Kare_all_nodes_spinning_[m[Kâ€™ was not declared in this scope; did you mean â€˜[01m[Kare_all_node_spinning[m[Kâ€™?
   77 |         while ([01;31m[Kare_all_nodes_spinning_[m[K.load());
      |                [01;31m[K^~~~~~~~~~~~~~~~~~~~~~~[m[K
      |                [32m[Kare_all_node_spinning[m[K
[01m[K/home/sameer/cpp_files/ros2_cpp/src/cpp_pubsub/src/single_thread_spinner.cpp:77:9:[m[K [01;35m[Kwarning: [m[Kthis â€˜[01m[Kwhile[m[Kâ€™ clause does not guard... [[01;35m[K]8;;https://gcc.gnu.org/onlinedocs/gcc/Warning-Options.html#index-Wmisleading-indentation-Wmisleading-indentation]8;;[m[K]
   77 |         [01;35m[Kwhile[m[K (are_all_nodes_spinning_.load());
      |         [01;35m[K^~~~~[m[K
[01m[K/home/sameer/cpp_files/ros2_cpp/src/cpp_pubsub/src/single_thread_spinner.cpp:79:13:[m[K [01;36m[Knote: [m[K...this statement, but the latter is misleadingly indented as if it were guarded by the â€˜[01m[Kwhile[m[Kâ€™
   79 |             [01;36m[Kstd[m[K::lock_guard<std::mutex>lock(mutex_);
      |             [01;36m[K^~~[m[K
[01m[K/home/sameer/cpp_files/ros2_cpp/src/cpp_pubsub/src/single_thread_spinner.cpp:82:36:[m[K [01;31m[Kerror: [m[Kexpected primary-expression before â€˜[01m[K.[m[Kâ€™ token
   82 |                 if(spinner_thread_-[01;31m[K.[m[Kjoinable())spinner_thread_->join();
      |                                    [01;31m[K^[m[K
[01m[K/home/sameer/cpp_files/ros2_cpp/src/cpp_pubsub/src/single_thread_spinner.cpp:[m[K At global scope:
[01m[K/home/sameer/cpp_files/ros2_cpp/src/cpp_pubsub/src/single_thread_spinner.cpp:88:10:[m[K [01;31m[Kerror: [m[Kno declaration matches â€˜[01m[Kbool cpp_pubsub::SingleThreadSpinner::are_all_nodes_spinning()[m[Kâ€™
   88 |     bool [01;31m[KSingleThreadSpinner[m[K::are_all_nodes_spinning()
      |          [01;31m[K^~~~~~~~~~~~~~~~~~~[m[K
[01m[K/home/sameer/cpp_files/ros2_cpp/src/cpp_pubsub/src/single_thread_spinner.cpp:88:10:[m[K [01;36m[Knote: [m[Kno functions named â€˜[01m[Kbool cpp_pubsub::SingleThreadSpinner::are_all_nodes_spinning()[m[Kâ€™
In file included from [01m[K/home/sameer/cpp_files/ros2_cpp/src/cpp_pubsub/src/single_thread_spinner.cpp:5[m[K:
[01m[K/home/sameer/cpp_files/ros2_cpp/src/cpp_pubsub/include/cpp_pubsub/single_thread_spinner.hpp:16:11:[m[K [01;36m[Knote: [m[Kâ€˜[01m[Kclass cpp_pubsub::SingleThreadSpinner[m[Kâ€™ defined here
   16 |     class [01;36m[KSingleThreadSpinner[m[K: private rclcpp::executors::SingleThreadedExecutor
      |           [01;36m[K^~~~~~~~~~~~~~~~~~~[m[K
[01m[K/home/sameer/cpp_files/ros2_cpp/src/cpp_pubsub/src/single_thread_spinner.cpp:[m[K In member function â€˜[01m[Kbool cpp_pubsub::SingleThreadSpinner::spin_some_all_nodes()[m[Kâ€™:
[01m[K/home/sameer/cpp_files/ros2_cpp/src/cpp_pubsub/src/single_thread_spinner.cpp:95:12:[m[K [01;31m[Kerror: [m[Kâ€˜[01m[Kare_all_nodes_spinning_[m[Kâ€™ was not declared in this scope; did you mean â€˜[01m[Kare_all_node_spinning[m[Kâ€™?
   95 |         if([01;31m[Kare_all_nodes_spinning_[m[K.load())
      |            [01;31m[K^~~~~~~~~~~~~~~~~~~~~~~[m[K
      |            [32m[Kare_all_node_spinning[m[K
[01m[K/home/sameer/cpp_files/ros2_cpp/src/cpp_pubsub/src/single_thread_spinner.cpp:107:87:[m[K [01;31m[Kerror: [m[Kâ€˜[01m[Kspin_all_nodes_[m[Kâ€™ is not a member of â€˜[01m[Kcpp_pubsub::SingleThreadSpinner[m[Kâ€™
  107 |                 spinner_thread_ = std::make_shared<std::thread>(&SingleThreadSpinner::[01;31m[Kspin_all_nodes_[m[K,this);
      |                                                                                       [01;31m[K^~~~~~~~~~~~~~~[m[K
[01m[K/home/sameer/cpp_files/ros2_cpp/src/cpp_pubsub/src/single_thread_spinner.cpp:110:13:[m[K [01;31m[Kerror: [m[Kâ€˜[01m[Kare_all_nodes_spinning_[m[Kâ€™ was not declared in this scope; did you mean â€˜[01m[Kare_all_node_spinning[m[Kâ€™?
  110 |             [01;31m[Kare_all_nodes_spinning_[m[K.store(true);
      |             [01;31m[K^~~~~~~~~~~~~~~~~~~~~~~[m[K
      |             [32m[Kare_all_node_spinning[m[K
[01m[K/home/sameer/cpp_files/ros2_cpp/src/cpp_pubsub/src/single_thread_spinner.cpp:114:50:[m[K [01;31m[Kerror: [m[Kqualified-id in declaration before â€˜[01m[K([m[Kâ€™ token
  114 |         void SingleThreadSpinner::spin_all_nodes_[01;31m[K([m[K)
      |                                                  [01;31m[K^[m[K
[01m[K/home/sameer/cpp_files/ros2_cpp/src/cpp_pubsub/src/subscriber_member_function.cpp:13:1:[m[K [01;31m[Kerror: [m[Kâ€˜[01m[KMinimalSubscriber[m[Kâ€™ does not name a type
   13 | [01;31m[KMinimalSubscriber[m[K::MinimalSubscriber():Node("minimal_subscriber")
      | [01;31m[K^~~~~~~~~~~~~~~~~[m[K
[01m[K/home/sameer/cpp_files/ros2_cpp/src/cpp_pubsub/src/subscriber_member_function.cpp:[m[K In member function â€˜[01m[Kvoid cpp_pubsub::MinimalSubscriber::topic_callback(std_msgs::msg::String_<std::allocator<void> >::SharedPtr)[m[Kâ€™:
[01m[K/home/sameer/cpp_files/ros2_cpp/src/cpp_pubsub/src/subscriber_member_function.cpp:31:55:[m[K [01;31m[Kerror: [m[Kno match for call to â€˜[01m[K(std::chrono::time_point<std::chrono::_V2::system_clock, std::chrono::duration<long int, std::ratio<1, 1000000000> > >) ()[m[Kâ€™
   31 |                         *last_message_timestamp_ = [01;31m[Know()[m[K;
      |                                                    [01;31m[K~~~^~[m[K
[01m[K/home/sameer/cpp_files/ros2_cpp/src/cpp_pubsub/src/subscriber_member_function.cpp:33:25:[m[K [01;31m[Kerror: [m[Kno match for â€˜[01m[Koperator=[m[Kâ€™ (operand types are â€˜[01m[Kstd_msgs::msg::String[m[Kâ€™ {aka â€˜[01m[Kstd_msgs::msg::String_<std::allocator<void> >[m[Kâ€™} and â€˜[01m[Kconst SharedPtr[m[Kâ€™ {aka â€˜[01m[Kconst std::shared_ptr<std_msgs::msg::String_<std::allocator<void> > >[m[Kâ€™})
   33 |         received_msg_ = [01;31m[Kmsg[m[K;
      |                         [01;31m[K^~~[m[K
In file included from [01m[K/opt/ros/humble/include/std_msgs/std_msgs/msg/string.hpp:7[m[K,
                 from [01m[K/home/sameer/cpp_files/ros2_cpp/src/cpp_pubsub/src/subscriber_member_function.cpp:6[m[K:
[01m[K/opt/ros/humble/include/std_msgs/std_msgs/msg/detail/string__struct.hpp:32:8:[m[K [01;36m[Knote: [m[Kcandidate: â€˜[01m[Kstd_msgs::msg::String_<std::allocator<void> >& std_msgs::msg::String_<std::allocator<void> >::operator=(const std_msgs::msg::String_<std::allocator<void> >&)[m[Kâ€™
   32 | struct [01;36m[KString_[m[K
      |        [01;36m[K^~~~~~~[m[K
[01m[K/opt/ros/humble/include/std_msgs/std_msgs/msg/detail/string__struct.hpp:32:8:[m[K [01;36m[Knote: [m[K  no known conversion for argument 1 from â€˜[01m[Kconst SharedPtr[m[Kâ€™ {aka â€˜[01m[Kconst std::shared_ptr<std_msgs::msg::String_<std::allocator<void> > >[m[Kâ€™} to â€˜[01m[Kconst std_msgs::msg::String_<std::allocator<void> >&[m[Kâ€™
[01m[K/opt/ros/humble/include/std_msgs/std_msgs/msg/detail/string__struct.hpp:32:8:[m[K [01;36m[Knote: [m[Kcandidate: â€˜[01m[Kstd_msgs::msg::String_<std::allocator<void> >& std_msgs::msg::String_<std::allocator<void> >::operator=(std_msgs::msg::String_<std::allocator<void> >&&)[m[Kâ€™
[01m[K/opt/ros/humble/include/std_msgs/std_msgs/msg/detail/string__struct.hpp:32:8:[m[K [01;36m[Knote: [m[K  no known conversion for argument 1 from â€˜[01m[Kconst SharedPtr[m[Kâ€™ {aka â€˜[01m[Kconst std::shared_ptr<std_msgs::msg::String_<std::allocator<void> > >[m[Kâ€™} to â€˜[01m[Kstd_msgs::msg::String_<std::allocator<void> >&&[m[Kâ€™
[01m[K/home/sameer/cpp_files/ros2_cpp/src/cpp_pubsub/src/subscriber_member_function.cpp:[m[K At global scope:
[01m[K/home/sameer/cpp_files/ros2_cpp/src/cpp_pubsub/src/subscriber_member_function.cpp:36:7:[m[K [01;31m[Kerror: [m[Kâ€˜[01m[KMinimalSubscriber[m[Kâ€™ has not been declared
   36 |  bool [01;31m[KMinimalSubscriber[m[K:: has_data_been_received()
      |       [01;31m[K^~~~~~~~~~~~~~~~~[m[K
[01m[K/home/sameer/cpp_files/ros2_cpp/src/cpp_pubsub/src/subscriber_member_function.cpp:[m[K In function â€˜[01m[Kbool has_data_been_received()[m[Kâ€™:
[01m[K/home/sameer/cpp_files/ros2_cpp/src/cpp_pubsub/src/subscriber_member_function.cpp:38:11:[m[K [01;31m[Kerror: [m[Kâ€˜[01m[Kreceived_msg_[m[Kâ€™ was not declared in this scope
   38 |  return (![01;31m[Kreceived_msg_[m[K.data.empty());
      |           [01;31m[K^~~~~~~~~~~~~[m[K
[01m[K/home/sameer/cpp_files/ros2_cpp/src/cpp_pubsub/src/subscriber_member_function.cpp:[m[K At global scope:
[01m[K/home/sameer/cpp_files/ros2_cpp/src/cpp_pubsub/src/subscriber_member_function.cpp:40:24:[m[K [01;31m[Kerror: [m[Kâ€˜[01m[KMinimalSubcriber[m[Kâ€™ has not been declared
   40 |  std_msgs::msg::String [01;31m[KMinimalSubcriber[m[K:: get_received_msgs()
      |                        [01;31m[K^~~~~~~~~~~~~~~~[m[K
[01m[K/home/sameer/cpp_files/ros2_cpp/src/cpp_pubsub/src/subscriber_member_function.cpp:[m[K In function â€˜[01m[Kstd_msgs::msg::String get_received_msgs()[m[Kâ€™:
[01m[K/home/sameer/cpp_files/ros2_cpp/src/cpp_pubsub/src/subscriber_member_function.cpp:42:12:[m[K [01;31m[Kerror: [m[Kâ€˜[01m[Kreceived_msg_[m[Kâ€™ was not declared in this scope; did you mean â€˜[01m[Kget_received_msgs[m[Kâ€™?
   42 |     return [01;31m[Kreceived_msg_[m[K;
      |            [01;31m[K^~~~~~~~~~~~~[m[K
      |            [32m[Kget_received_msgs[m[K
[01m[K/home/sameer/cpp_files/ros2_cpp/src/cpp_pubsub/src/subscriber_member_function.cpp:[m[K At global scope:
[01m[K/home/sameer/cpp_files/ros2_cpp/src/cpp_pubsub/src/subscriber_member_function.cpp:44:9:[m[K [01;31m[Kerror: [m[Kâ€˜[01m[KMinimalSubscriber[m[Kâ€™ has not been declared
   44 |  double [01;31m[KMinimalSubscriber[m[K:: get_frequency()
      |         [01;31m[K^~~~~~~~~~~~~~~~~[m[K
[01m[K/home/sameer/cpp_files/ros2_cpp/src/cpp_pubsub/src/subscriber_member_function.cpp:[m[K In function â€˜[01m[Kdouble get_frequency()[m[Kâ€™:
[01m[K/home/sameer/cpp_files/ros2_cpp/src/cpp_pubsub/src/subscriber_member_function.cpp:46:12:[m[K [01;31m[Kerror: [m[Kâ€˜[01m[Kfrequency_[m[Kâ€™ was not declared in this scope; did you mean â€˜[01m[Kget_frequency[m[Kâ€™?
   46 |     return [01;31m[Kfrequency_[m[K;
      |            [01;31m[K^~~~~~~~~~[m[K
      |            [32m[Kget_frequency[m[K
[01m[K/home/sameer/cpp_files/ros2_cpp/src/cpp_pubsub/test/pubsub_test.cpp:[m[K In member function â€˜[01m[Kvirtual void PubSubCommunication_pub_sub_communication_Test::TestBody()[m[Kâ€™:
[01m[K/home/sameer/cpp_files/ros2_cpp/src/cpp_pubsub/test/pubsub_test.cpp:28:13:[m[K [01;31m[Kerror: [m[Kâ€˜[01m[Kclass std::shared_ptr<cpp_pubsub::SingleThreadSpinner>[m[Kâ€™ has no member named â€˜[01m[Kadd_node[m[Kâ€™
   28 |     spinner.[01;31m[Kadd_node[m[K(pub_node->get_node_base_interface());
      |             [01;31m[K^~~~~~~~[m[K
[01m[K/home/sameer/cpp_files/ros2_cpp/src/cpp_pubsub/test/pubsub_test.cpp:29:13:[m[K [01;31m[Kerror: [m[Kâ€˜[01m[Kclass std::shared_ptr<cpp_pubsub::SingleThreadSpinner>[m[Kâ€™ has no member named â€˜[01m[Kadd_node[m[Kâ€™
   29 |     spinner.[01;31m[Kadd_node[m[K(sub_node->get_node_base_interface());
      |             [01;31m[K^~~~~~~~[m[K
[01m[K/home/sameer/cpp_files/ros2_cpp/src/cpp_pubsub/test/pubsub_test.cpp:31:13:[m[K [01;31m[Kerror: [m[Kâ€˜[01m[Kclass std::shared_ptr<cpp_pubsub::SingleThreadSpinner>[m[Kâ€™ has no member named â€˜[01m[Kspin_some_all_nodes[m[Kâ€™
   31 |     spinner.[01;31m[Kspin_some_all_nodes[m[K();
      |             [01;31m[K^~~~~~~~~~~~~~~~~~~[m[K
In file included from [01m[K/opt/ros/humble/src/gtest_vendor/include/gtest/gtest.h:62[m[K,
                 from [01m[K/home/sameer/cpp_files/ros2_cpp/src/cpp_pubsub/test/pubsub_test.cpp:6[m[K:
[01m[K/home/sameer/cpp_files/ros2_cpp/src/cpp_pubsub/test/pubsub_test.cpp:34:17:[m[K [01;31m[Kerror: [m[Kâ€˜[01m[Ksub_pub[m[Kâ€™ was not declared in this scope
   34 |     EXPECT_TRUE([01;31m[Ksub_pub[m[K->has_data_been_received());
      |                 [01;31m[K^~~~~~~[m[K
[01m[K/home/sameer/cpp_files/ros2_cpp/src/cpp_pubsub/test/pubsub_test.cpp:[m[K In member function â€˜[01m[Kvirtual void PubSubCommunication_check_received_msg_Test::TestBody()[m[Kâ€™:
[01m[K/home/sameer/cpp_files/ros2_cpp/src/cpp_pubsub/test/pubsub_test.cpp:58:13:[m[K [01;31m[Kerror: [m[Kâ€˜[01m[Kclass std::shared_ptr<cpp_pubsub::SingleThreadSpinner>[m[Kâ€™ has no member named â€˜[01m[Kadd_node[m[Kâ€™
   58 |     spinner.[01;31m[Kadd_node[m[K(pub_node->get_node_base_interface());
      |             [01;31m[K^~~~~~~~[m[K
[01m[K/home/sameer/cpp_files/ros2_cpp/src/cpp_pubsub/test/pubsub_test.cpp:59:13:[m[K [01;31m[Kerror: [m[Kâ€˜[01m[Kclass std::shared_ptr<cpp_pubsub::SingleThreadSpinner>[m[Kâ€™ has no member named â€˜[01m[Kadd_node[m[Kâ€™
   59 |     spinner.[01;31m[Kadd_node[m[K(sub_node->get_node_base_interface());
      |             [01;31m[K^~~~~~~~[m[K
[01m[K/home/sameer/cpp_files/ros2_cpp/src/cpp_pubsub/test/pubsub_test.cpp:61:13:[m[K [01;31m[Kerror: [m[Kâ€˜[01m[Kclass std::shared_ptr<cpp_pubsub::SingleThreadSpinner>[m[Kâ€™ has no member named â€˜[01m[Kspin_some_all_nodes[m[Kâ€™
   61 |     spinner.[01;31m[Kspin_some_all_nodes[m[K();
      |             [01;31m[K^~~~~~~~~~~~~~~~~~~[m[K
In file included from [01m[K/opt/ros/humble/src/gtest_vendor/include/gtest/gtest.h:62[m[K,
                 from [01m[K/home/sameer/cpp_files/ros2_cpp/src/cpp_pubsub/test/pubsub_test.cpp:6[m[K:
[01m[K/home/sameer/cpp_files/ros2_cpp/src/cpp_pubsub/test/pubsub_test.cpp:64:17:[m[K [01;31m[Kerror: [m[Kâ€˜[01m[Ksub_pub[m[Kâ€™ was not declared in this scope
   64 |     EXPECT_TRUE([01;31m[Ksub_pub[m[K->has_data_been_received());
      |                 [01;31m[K^~~~~~~[m[K
In file included from [01m[K/opt/ros/humble/src/gtest_vendor/include/gtest/gtest.h:375[m[K,
                 from [01m[K/home/sameer/cpp_files/ros2_cpp/src/cpp_pubsub/test/pubsub_test.cpp:6[m[K:
[01m[K/home/sameer/cpp_files/ros2_cpp/src/cpp_pubsub/test/pubsub_test.cpp:66:18:[m[K [01;31m[Kerror: [m[Kâ€˜[01m[Ksub_pub[m[Kâ€™ was not declared in this scope
   66 |     EXPECT_STREQ([01;31m[Ksub_pub[m[K->get_received_msg().data.c_str(),"Hello, World! 0");
      |                  [01;31m[K^~~~~~~[m[K
In file included from [01m[K/opt/ros/humble/src/gtest_vendor/include/gtest/gtest.h:62[m[K,
                 from [01m[K/home/sameer/cpp_files/ros2_cpp/src/cpp_pubsub/test/pubsub_test.cpp:6[m[K:
[01m[K/home/sameer/cpp_files/ros2_cpp/src/cpp_pubsub/test/pubsub_test.cpp:[m[K At global scope:
[01m[K/home/sameer/cpp_files/ros2_cpp/src/cpp_pubsub/test/pubsub_test.cpp:70:6:[m[K [01;31m[Kerror: [m[Kredefinition of â€˜[01m[Kclass PubSubCommunication_check_received_msg_Test[m[Kâ€™
   70 | TEST([01;31m[KPubSubCommunication[m[K,check_received_msg)
      |      [01;31m[K^~~~~~~~~~~~~~~~~~~[m[K
[01m[K/home/sameer/cpp_files/ros2_cpp/src/cpp_pubsub/test/pubsub_test.cpp:40:6:[m[K [01;36m[Knote: [m[Kprevious definition of â€˜[01m[Kclass PubSubCommunication_check_received_msg_Test[m[Kâ€™
   40 | TEST([01;36m[KPubSubCommunication[m[K,check_received_msg)
      |      [01;36m[K^~~~~~~~~~~~~~~~~~~[m[K
[01m[K/home/sameer/cpp_files/ros2_cpp/src/cpp_pubsub/test/pubsub_test.cpp:70:6:[m[K [01;31m[Kerror: [m[Kredefinition of â€˜[01m[Ktesting::TestInfo* const PubSubCommunication_check_received_msg_Test::test_info_[m[Kâ€™
   70 | TEST([01;31m[KPubSubCommunication[m[K,check_received_msg)
      |      [01;31m[K^~~~~~~~~~~~~~~~~~~[m[K
[01m[K/home/sameer/cpp_files/ros2_cpp/src/cpp_pubsub/test/pubsub_test.cpp:40:6:[m[K [01;36m[Knote: [m[Kâ€˜[01m[Ktesting::TestInfo* const PubSubCommunication_check_received_msg_Test::test_info_[m[Kâ€™ previously declared here
   40 | TEST([01;36m[KPubSubCommunication[m[K,check_received_msg)
      |      [01;36m[K^~~~~~~~~~~~~~~~~~~[m[K
[01m[K/home/sameer/cpp_files/ros2_cpp/src/cpp_pubsub/test/pubsub_test.cpp:70:6:[m[K [01;31m[Kerror: [m[Kredefinition of â€˜[01m[Kvoid PubSubCommunication_check_received_msg_Test::TestBody()[m[Kâ€™
   70 | TEST([01;31m[KPubSubCommunication[m[K,check_received_msg)
      |      [01;31m[K^~~~~~~~~~~~~~~~~~~[m[K
[01m[K/home/sameer/cpp_files/ros2_cpp/src/cpp_pubsub/test/pubsub_test.cpp:40:6:[m[K [01;36m[Knote: [m[Kâ€˜[01m[Kvirtual void PubSubCommunication_check_received_msg_Test::TestBody()[m[Kâ€™ previously defined here
   40 | TEST([01;36m[KPubSubCommunication[m[K,check_received_msg)
      |      [01;36m[K^~~~~~~~~~~~~~~~~~~[m[K
gmake[2]: *** [CMakeFiles/pubsub_test.dir/build.make:118: CMakeFiles/pubsub_test.dir/src/single_thread_spinner.cpp.o] Error 1
gmake[2]: *** [CMakeFiles/pubsub_test.dir/build.make:104: CMakeFiles/pubsub_test.dir/src/subscriber_member_function.cpp.o] Error 1
gmake[2]: *** [CMakeFiles/pubsub_test.dir/build.make:76: CMakeFiles/pubsub_test.dir/test/pubsub_test.cpp.o] Error 1
gmake[1]: *** [CMakeFiles/Makefile2:156: CMakeFiles/pubsub_test.dir/all] Error 2
gmake: *** [Makefile:146: all] Error 2
