[0.044s] Invoking command in '/home/sameer/cpp_files/ros2_cpp/build/cpp_pubsub': CMAKE_PREFIX_PATH=/home/sameer/ros2_ws/install/my_robot_controller:/opt/ros/humble /usr/bin/cmake /home/sameer/cpp_files/ros2_cpp/src/cpp_pubsub -DCMAKE_INSTALL_PREFIX=/home/sameer/cpp_files/ros2_cpp/install/cpp_pubsub
[0.678s] -- The C compiler identification is GNU 11.4.0
[0.799s] -- The CXX compiler identification is GNU 11.4.0
[0.814s] -- Detecting C compiler ABI info
[0.980s] -- Detecting C compiler ABI info - done
[1.006s] -- Check for working C compiler: /usr/bin/cc - skipped
[1.007s] -- Detecting C compile features
[1.009s] -- Detecting C compile features - done
[1.017s] -- Detecting CXX compiler ABI info
[1.234s] -- Detecting CXX compiler ABI info - done
[1.252s] -- Check for working CXX compiler: /usr/bin/c++ - skipped
[1.253s] -- Detecting CXX compile features
[1.255s] -- Detecting CXX compile features - done
[1.261s] -- Found ament_cmake: 1.3.8 (/opt/ros/humble/share/ament_cmake/cmake)
[1.625s] -- Found Python3: /usr/bin/python3 (found version "3.10.12") found components: Interpreter 
[1.835s] -- Found lifecycle_msgs: 1.2.1 (/opt/ros/humble/share/lifecycle_msgs/cmake)
[2.788s] -- Found rosidl_generator_c: 3.1.5 (/opt/ros/humble/share/rosidl_generator_c/cmake)
[2.800s] -- Found rosidl_adapter: 3.1.5 (/opt/ros/humble/share/rosidl_adapter/cmake)
[2.818s] -- Found rosidl_generator_cpp: 3.1.5 (/opt/ros/humble/share/rosidl_generator_cpp/cmake)
[2.849s] -- Using all available rosidl_typesupport_c: rosidl_typesupport_fastrtps_c;rosidl_typesupport_introspection_c
[2.891s] -- Using all available rosidl_typesupport_cpp: rosidl_typesupport_fastrtps_cpp;rosidl_typesupport_introspection_cpp
[2.930s] -- Found rclcpp_lifecycle: 16.0.8 (/opt/ros/humble/share/rclcpp_lifecycle/cmake)
[3.107s] -- Found rmw_implementation_cmake: 6.1.1 (/opt/ros/humble/share/rmw_implementation_cmake/cmake)
[3.113s] -- Found rmw_fastrtps_cpp: 6.2.6 (/opt/ros/humble/share/rmw_fastrtps_cpp/cmake)
[3.603s] -- Found OpenSSL: /usr/lib/x86_64-linux-gnu/libcrypto.so (found version "3.0.2")  
[3.659s] -- Found FastRTPS: /opt/ros/humble/include  
[3.757s] -- Using RMW implementation 'rmw_fastrtps_cpp' as default
[3.777s] -- Looking for pthread.h
[3.933s] -- Looking for pthread.h - found
[3.934s] -- Performing Test CMAKE_HAVE_LIBC_PTHREAD
[4.111s] -- Performing Test CMAKE_HAVE_LIBC_PTHREAD - Success
[4.114s] -- Found Threads: TRUE  
[4.612s] -- Found rclcpp_action: 16.0.8 (/opt/ros/humble/share/rclcpp_action/cmake)
[4.868s] -- Found example_interfaces: 0.9.3 (/opt/ros/humble/share/example_interfaces/cmake)
[4.990s] -- Found geometry_msgs: 4.2.3 (/opt/ros/humble/share/geometry_msgs/cmake)
[5.083s] -- Found tf2_ros: 0.25.6 (/opt/ros/humble/share/tf2_ros/cmake)
[5.635s] -- Found tf2_geometry_msgs: 0.25.6 (/opt/ros/humble/share/tf2_geometry_msgs/cmake)
[5.663s] -- Found eigen3_cmake_module: 0.1.1 (/opt/ros/humble/share/eigen3_cmake_module/cmake)
[5.666s] -- Found Eigen3: TRUE (found version "3.4.0") 
[5.666s] -- Ensuring Eigen3 include directory is part of orocos-kdl CMake target
[5.686s] -- Found nav_msgs: 4.2.3 (/opt/ros/humble/share/nav_msgs/cmake)
[5.868s] -- Found ament_cmake_gtest: 1.3.8 (/opt/ros/humble/share/ament_cmake_gtest/cmake)
[5.871s] -- Found gtest sources under '/opt/ros/humble/src/gtest_vendor': C++ tests using 'Google Test' will be built
[6.016s] -- Configuring done
[6.087s] -- Generating done
[6.093s] -- Build files have been written to: /home/sameer/cpp_files/ros2_cpp/build/cpp_pubsub
[6.118s] Invoked command in '/home/sameer/cpp_files/ros2_cpp/build/cpp_pubsub' returned '0': CMAKE_PREFIX_PATH=/home/sameer/ros2_ws/install/my_robot_controller:/opt/ros/humble /usr/bin/cmake /home/sameer/cpp_files/ros2_cpp/src/cpp_pubsub -DCMAKE_INSTALL_PREFIX=/home/sameer/cpp_files/ros2_cpp/install/cpp_pubsub
[6.124s] Invoking command in '/home/sameer/cpp_files/ros2_cpp/build/cpp_pubsub': CMAKE_PREFIX_PATH=/home/sameer/ros2_ws/install/my_robot_controller:/opt/ros/humble /usr/bin/cmake --build /home/sameer/cpp_files/ros2_cpp/build/cpp_pubsub -- -j4 -l4
[6.212s] [35m[1mConsolidate compiler generated dependencies of target gtest_main[0m
[6.219s] [35m[1mConsolidate compiler generated dependencies of target gtest[0m
[6.253s] [ 22%] Built target gtest_main
[6.267s] [ 44%] Built target gtest
[6.292s] [35m[1mConsolidate compiler generated dependencies of target pubsub_test[0m
[6.363s] [ 55%] [32mBuilding CXX object CMakeFiles/pubsub_test.dir/src/publisher_member_function.cpp.o[0m
[6.371s] [ 66%] [32mBuilding CXX object CMakeFiles/pubsub_test.dir/test/pubsub_test.cpp.o[0m
[6.376s] [ 77%] [32mBuilding CXX object CMakeFiles/pubsub_test.dir/src/subscriber_member_function.cpp.o[0m
[6.395s] [ 88%] [32mBuilding CXX object CMakeFiles/pubsub_test.dir/src/single_thread_spinner.cpp.o[0m
[7.626s] [01m[K/home/sameer/cpp_files/ros2_cpp/src/cpp_pubsub/src/publisher_member_function.cpp:8:10:[m[K [01;31m[Kfatal error: [m[Kpublisher_member_function.hpp: No such file or directory
[7.627s]     8 | #include [01;31m[K"publisher_member_function.hpp"[m[K
[7.628s]       |          [01;31m[K^~~~~~~~~~~~~~~~~~~~~~~~~~~~~~~[m[K
[7.628s] compilation terminated.
[7.633s] gmake[2]: *** [CMakeFiles/pubsub_test.dir/build.make:90: CMakeFiles/pubsub_test.dir/src/publisher_member_function.cpp.o] Error 1
[7.633s] gmake[2]: *** Waiting for unfinished jobs....
[16.132s] In file included from [01m[K/home/sameer/cpp_files/ros2_cpp/src/cpp_pubsub/src/single_thread_spinner.cpp:5[m[K:
[16.133s] [01m[K/home/sameer/cpp_files/ros2_cpp/src/cpp_pubsub/include/cpp_pubsub/single_thread_spinner.hpp:39:49:[m[K [01;31m[Kerror: [m[Kredeclaration of â€˜[01m[Kstd::atomic<bool> cpp_pubsub::SingleThreadSpinner::cancel_spin_called_[m[Kâ€™
[16.133s]    39 |         std::atomic<bool> cancel_spin_called_ = [01;31m[Kfalse[m[K;
[16.133s]       |                                                 [01;31m[K^~~~~[m[K
[16.133s] [01m[K/home/sameer/cpp_files/ros2_cpp/src/cpp_pubsub/include/cpp_pubsub/single_thread_spinner.hpp:30:27:[m[K [01;36m[Knote: [m[Kprevious declaration â€˜[01m[Kstd::atomic<bool> cpp_pubsub::SingleThreadSpinner::cancel_spin_called_[m[Kâ€™
[16.133s]    30 |         std::atomic<bool> [01;36m[Kcancel_spin_called_[m[K = false;
[16.133s]       |                           [01;36m[K^~~~~~~~~~~~~~~~~~~[m[K
[16.134s] [01m[K/home/sameer/cpp_files/ros2_cpp/src/cpp_pubsub/src/single_thread_spinner.cpp:19:10:[m[K [01;31m[Kerror: [m[Kâ€˜[01m[Kbool cpp_pubsub::SingleThreadSpinner::add_node[m[Kâ€™ is not a static data member of â€˜[01m[Kclass cpp_pubsub::SingleThreadSpinner[m[Kâ€™
[16.134s]    19 |     bool [01;31m[KSingleThreadSpinner[m[K::add_node(rclcpp_lifecycle::LifeCycleNode::SharedPtr lc_node)
[16.134s]       |          [01;31m[K^~~~~~~~~~~~~~~~~~~[m[K
[16.135s] [01m[K/home/sameer/cpp_files/ros2_cpp/src/cpp_pubsub/src/single_thread_spinner.cpp:19:58:[m[K [01;31m[Kerror: [m[Kâ€˜[01m[Krclcpp_lifecycle::LifeCycleNode[m[Kâ€™ has not been declared
[16.135s]    19 |     bool SingleThreadSpinner::add_node(rclcpp_lifecycle::[01;31m[KLifeCycleNode[m[K::SharedPtr lc_node)
[16.135s]       |                                                          [01;31m[K^~~~~~~~~~~~~[m[K
[16.137s] [01m[K/home/sameer/cpp_files/ros2_cpp/src/cpp_pubsub/src/single_thread_spinner.cpp:29:10:[m[K [01;31m[Kerror: [m[Kâ€˜[01m[Kbool cpp_pubsub::SingleThreadSpinner::remove_node[m[Kâ€™ is not a static data member of â€˜[01m[Kclass cpp_pubsub::SingleThreadSpinner[m[Kâ€™
[16.137s]    29 |     bool [01;31m[KSingleThreadSpinner[m[K::remove_node(rclcpp_lifecycle::LifeCycleNode::SharedPtr lc_node)
[16.137s]       |          [01;31m[K^~~~~~~~~~~~~~~~~~~[m[K
[16.137s] [01m[K/home/sameer/cpp_files/ros2_cpp/src/cpp_pubsub/src/single_thread_spinner.cpp:29:61:[m[K [01;31m[Kerror: [m[Kâ€˜[01m[Krclcpp_lifecycle::LifeCycleNode[m[Kâ€™ has not been declared
[16.137s]    29 |     bool SingleThreadSpinner::remove_node(rclcpp_lifecycle::[01;31m[KLifeCycleNode[m[K::SharedPtr lc_node)
[16.137s]       |                                                             [01;31m[K^~~~~~~~~~~~~[m[K
[16.468s] [01m[K/home/sameer/cpp_files/ros2_cpp/src/cpp_pubsub/src/single_thread_spinner.cpp:[m[K In member function â€˜[01m[Kbool cpp_pubsub::SingleThreadSpinner::remove_node(rclcpp::Node::SharedPtr)[m[Kâ€™:
[16.474s] [01m[K/home/sameer/cpp_files/ros2_cpp/src/cpp_pubsub/src/single_thread_spinner.cpp:36:28:[m[K [01;31m[Kerror: [m[Kâ€˜[01m[Klc_node[m[Kâ€™ was not declared in this scope; did you mean â€˜[01m[Knode[m[Kâ€™?
[16.475s]    36 |         return remove_node([01;31m[Klc_node[m[K->get_node_base_interface());
[16.476s]       |                            [01;31m[K^~~~~~~[m[K
[16.477s]       |                            [32m[Knode[m[K
[16.478s] [01m[K/home/sameer/cpp_files/ros2_cpp/src/cpp_pubsub/src/single_thread_spinner.cpp:34:67:[m[K [01;35m[Kwarning: [m[Kunused parameter â€˜[01m[Knode[m[Kâ€™ [[01;35m[K]8;;https://gcc.gnu.org/onlinedocs/gcc/Warning-Options.html#index-Wunused-parameter-Wunused-parameter]8;;[m[K]
[16.492s]    34 |     bool SingleThreadSpinner::remove_node([01;35m[Krclcpp::Node::SharedPtr node[m[K)
[16.504s]       |                                           [01;35m[K~~~~~~~~~~~~~~~~~~~~~~~~^~~~[m[K
[16.504s] [01m[K/home/sameer/cpp_files/ros2_cpp/src/cpp_pubsub/src/single_thread_spinner.cpp:[m[K In member function â€˜[01m[Kbool cpp_pubsub::SingleThreadSpinner::add_node(rclcpp::node_interfaces::NodeBaseInterface::SharedPtr)[m[Kâ€™:
[16.505s] [01m[K/home/sameer/cpp_files/ros2_cpp/src/cpp_pubsub/src/single_thread_spinner.cpp:45:32:[m[K [01;31m[Kerror: [m[Kâ€˜[01m[Krclcpp::executors::SingleThreadExecutor[m[Kâ€™ has not been declared
[16.505s]    45 |             rclcpp::executors::[01;31m[KSingleThreadExecutor[m[K::add_node(node);
[16.505s]       |                                [01;31m[K^~~~~~~~~~~~~~~~~~~~[m[K
[16.506s] [01m[K/home/sameer/cpp_files/ros2_cpp/src/cpp_pubsub/src/single_thread_spinner.cpp:[m[K In member function â€˜[01m[Kbool cpp_pubsub::SingleThreadSpinner::remove_node(rclcpp::node_interfaces::NodeBaseInterface::SharedPtr)[m[Kâ€™:
[16.506s] [01m[K/home/sameer/cpp_files/ros2_cpp/src/cpp_pubsub/src/single_thread_spinner.cpp:60:32:[m[K [01;31m[Kerror: [m[Kâ€˜[01m[Krclcpp::executors::SingleThreadExecutor[m[Kâ€™ has not been declared
[16.506s]    60 |             rclcpp::executors::[01;31m[KSingleThreadExecutor[m[K::remove_node(node);
[16.507s]       |                                [01;31m[K^~~~~~~~~~~~~~~~~~~~[m[K
[16.515s] [01m[K/home/sameer/cpp_files/ros2_cpp/src/cpp_pubsub/src/single_thread_spinner.cpp:[m[K In member function â€˜[01m[Kbool cpp_pubsub::SingleThreadSpinner::cancel_all_spin()[m[Kâ€™:
[16.516s] [01m[K/home/sameer/cpp_files/ros2_cpp/src/cpp_pubsub/src/single_thread_spinner.cpp:72:13:[m[K [01;31m[Kerror: [m[Kâ€˜[01m[Kare_all_nodes_spinning_[m[Kâ€™ was not declared in this scope; did you mean â€˜[01m[Kare_all_node_spinning[m[Kâ€™?
[16.516s]    72 |         if(![01;31m[Kare_all_nodes_spinning_[m[K.load())
[16.516s]       |             [01;31m[K^~~~~~~~~~~~~~~~~~~~~~~[m[K
[16.516s]       |             [32m[Kare_all_node_spinning[m[K
[16.517s] [01m[K/home/sameer/cpp_files/ros2_cpp/src/cpp_pubsub/src/single_thread_spinner.cpp:78:16:[m[K [01;31m[Kerror: [m[Kâ€˜[01m[Kare_all_nodes_spinning_[m[Kâ€™ was not declared in this scope; did you mean â€˜[01m[Kare_all_node_spinning[m[Kâ€™?
[16.517s]    78 |         while ([01;31m[Kare_all_nodes_spinning_[m[K.load());
[16.517s]       |                [01;31m[K^~~~~~~~~~~~~~~~~~~~~~~[m[K
[16.517s]       |                [32m[Kare_all_node_spinning[m[K
[16.518s] [01m[K/home/sameer/cpp_files/ros2_cpp/src/cpp_pubsub/src/single_thread_spinner.cpp:78:9:[m[K [01;35m[Kwarning: [m[Kthis â€˜[01m[Kwhile[m[Kâ€™ clause does not guard... [[01;35m[K]8;;https://gcc.gnu.org/onlinedocs/gcc/Warning-Options.html#index-Wmisleading-indentation-Wmisleading-indentation]8;;[m[K]
[16.518s]    78 |         [01;35m[Kwhile[m[K (are_all_nodes_spinning_.load());
[16.518s]       |         [01;35m[K^~~~~[m[K
[16.529s] [01m[K/home/sameer/cpp_files/ros2_cpp/src/cpp_pubsub/src/single_thread_spinner.cpp:80:13:[m[K [01;36m[Knote: [m[K...this statement, but the latter is misleadingly indented as if it were guarded by the â€˜[01m[Kwhile[m[Kâ€™
[16.530s]    80 |             [01;36m[Kstd[m[K::lock_guard<std::mutex>lock(mutex_);
[16.530s]       |             [01;36m[K^~~[m[K
[16.530s] [01m[K/home/sameer/cpp_files/ros2_cpp/src/cpp_pubsub/src/single_thread_spinner.cpp:83:36:[m[K [01;31m[Kerror: [m[Kexpected primary-expression before â€˜[01m[K.[m[Kâ€™ token
[16.530s]    83 |                 if(spinner_thread_-[01;31m[K.[m[Kjoinable())spinner_thread_->join();
[16.531s]       |                                    [01;31m[K^[m[K
[16.531s] [01m[K/home/sameer/cpp_files/ros2_cpp/src/cpp_pubsub/src/single_thread_spinner.cpp:[m[K At global scope:
[16.531s] [01m[K/home/sameer/cpp_files/ros2_cpp/src/cpp_pubsub/src/single_thread_spinner.cpp:89:10:[m[K [01;31m[Kerror: [m[Kno declaration matches â€˜[01m[Kbool cpp_pubsub::SingleThreadSpinner::are_all_nodes_spinning()[m[Kâ€™
[16.531s]    89 |     bool [01;31m[KSingleThreadSpinner[m[K::are_all_nodes_spinning()
[16.532s]       |          [01;31m[K^~~~~~~~~~~~~~~~~~~[m[K
[16.532s] [01m[K/home/sameer/cpp_files/ros2_cpp/src/cpp_pubsub/src/single_thread_spinner.cpp:89:10:[m[K [01;36m[Knote: [m[Kno functions named â€˜[01m[Kbool cpp_pubsub::SingleThreadSpinner::are_all_nodes_spinning()[m[Kâ€™
[16.532s] In file included from [01m[K/home/sameer/cpp_files/ros2_cpp/src/cpp_pubsub/src/single_thread_spinner.cpp:5[m[K:
[16.532s] [01m[K/home/sameer/cpp_files/ros2_cpp/src/cpp_pubsub/include/cpp_pubsub/single_thread_spinner.hpp:16:11:[m[K [01;36m[Knote: [m[Kâ€˜[01m[Kclass cpp_pubsub::SingleThreadSpinner[m[Kâ€™ defined here
[16.532s]    16 |     class [01;36m[KSingleThreadSpinner[m[K: private rclcpp::executors::SingleThreadedExecutor
[16.533s]       |           [01;36m[K^~~~~~~~~~~~~~~~~~~[m[K
[16.533s] [01m[K/home/sameer/cpp_files/ros2_cpp/src/cpp_pubsub/src/single_thread_spinner.cpp:[m[K In member function â€˜[01m[Kbool cpp_pubsub::SingleThreadSpinner::spin_some_all_nodes()[m[Kâ€™:
[16.533s] [01m[K/home/sameer/cpp_files/ros2_cpp/src/cpp_pubsub/src/single_thread_spinner.cpp:96:12:[m[K [01;31m[Kerror: [m[Kâ€˜[01m[Kare_all_nodes_spinning_[m[Kâ€™ was not declared in this scope; did you mean â€˜[01m[Kare_all_node_spinning[m[Kâ€™?
[16.533s]    96 |         if([01;31m[Kare_all_nodes_spinning_[m[K.load())
[16.533s]       |            [01;31m[K^~~~~~~~~~~~~~~~~~~~~~~[m[K
[16.534s]       |            [32m[Kare_all_node_spinning[m[K
[16.534s] [01m[K/home/sameer/cpp_files/ros2_cpp/src/cpp_pubsub/src/single_thread_spinner.cpp:108:87:[m[K [01;31m[Kerror: [m[Kâ€˜[01m[Kspin_all_nodes_[m[Kâ€™ is not a member of â€˜[01m[Kcpp_pubsub::SingleThreadSpinner[m[Kâ€™
[16.534s]   108 |                 spinner_thread_ = std::make_shared<std::thread>(&SingleThreadSpinner::[01;31m[Kspin_all_nodes_[m[K,this);
[16.534s]       |                                                                                       [01;31m[K^~~~~~~~~~~~~~~[m[K
[16.534s] [01m[K/home/sameer/cpp_files/ros2_cpp/src/cpp_pubsub/src/single_thread_spinner.cpp:111:13:[m[K [01;31m[Kerror: [m[Kâ€˜[01m[Kare_all_nodes_spinning_[m[Kâ€™ was not declared in this scope; did you mean â€˜[01m[Kare_all_node_spinning[m[Kâ€™?
[16.535s]   111 |             [01;31m[Kare_all_nodes_spinning_[m[K.store(true);
[16.544s]       |             [01;31m[K^~~~~~~~~~~~~~~~~~~~~~~[m[K
[16.544s]       |             [32m[Kare_all_node_spinning[m[K
[16.545s] [01m[K/home/sameer/cpp_files/ros2_cpp/src/cpp_pubsub/src/single_thread_spinner.cpp:115:50:[m[K [01;31m[Kerror: [m[Kqualified-id in declaration before â€˜[01m[K([m[Kâ€™ token
[16.545s]   115 |         void SingleThreadSpinner::spin_all_nodes_[01;31m[K([m[K)
[16.545s]       |                                                  [01;31m[K^[m[K
[17.187s] In file included from [01m[K/home/sameer/cpp_files/ros2_cpp/src/cpp_pubsub/test/pubsub_test.cpp:4[m[K:
[17.187s] [01m[K/home/sameer/cpp_files/ros2_cpp/src/cpp_pubsub/include/cpp_pubsub/single_thread_spinner.hpp:39:49:[m[K [01;31m[Kerror: [m[Kredeclaration of â€˜[01m[Kstd::atomic<bool> cpp_pubsub::SingleThreadSpinner::cancel_spin_called_[m[Kâ€™
[17.187s]    39 |         std::atomic<bool> cancel_spin_called_ = [01;31m[Kfalse[m[K;
[17.187s]       |                                                 [01;31m[K^~~~~[m[K
[17.187s] [01m[K/home/sameer/cpp_files/ros2_cpp/src/cpp_pubsub/include/cpp_pubsub/single_thread_spinner.hpp:30:27:[m[K [01;36m[Knote: [m[Kprevious declaration â€˜[01m[Kstd::atomic<bool> cpp_pubsub::SingleThreadSpinner::cancel_spin_called_[m[Kâ€™
[17.188s]    30 |         std::atomic<bool> [01;36m[Kcancel_spin_called_[m[K = false;
[17.188s]       |                           [01;36m[K^~~~~~~~~~~~~~~~~~~[m[K
[17.976s] [01m[K/home/sameer/cpp_files/ros2_cpp/src/cpp_pubsub/test/pubsub_test.cpp:[m[K In member function â€˜[01m[Kvirtual void PubSubCommunication_pub_sub_communication_Test::TestBody()[m[Kâ€™:
[17.976s] [01m[K/home/sameer/cpp_files/ros2_cpp/src/cpp_pubsub/test/pubsub_test.cpp:28:13:[m[K [01;31m[Kerror: [m[Kâ€˜[01m[Kclass std::shared_ptr<cpp_pubsub::SingleThreadSpinner>[m[Kâ€™ has no member named â€˜[01m[Kadd_node[m[Kâ€™
[17.977s]    28 |     spinner.[01;31m[Kadd_node[m[K(pub_node->get_node_base_interface());
[17.977s]       |             [01;31m[K^~~~~~~~[m[K
[17.978s] [01m[K/home/sameer/cpp_files/ros2_cpp/src/cpp_pubsub/test/pubsub_test.cpp:29:13:[m[K [01;31m[Kerror: [m[Kâ€˜[01m[Kclass std::shared_ptr<cpp_pubsub::SingleThreadSpinner>[m[Kâ€™ has no member named â€˜[01m[Kadd_node[m[Kâ€™
[17.978s]    29 |     spinner.[01;31m[Kadd_node[m[K(sub_node->get_node_base_interface());
[17.978s]       |             [01;31m[K^~~~~~~~[m[K
[17.978s] [01m[K/home/sameer/cpp_files/ros2_cpp/src/cpp_pubsub/test/pubsub_test.cpp:31:13:[m[K [01;31m[Kerror: [m[Kâ€˜[01m[Kclass std::shared_ptr<cpp_pubsub::SingleThreadSpinner>[m[Kâ€™ has no member named â€˜[01m[Kspin_some_all_nodes[m[Kâ€™
[17.978s]    31 |     spinner.[01;31m[Kspin_some_all_nodes[m[K();
[17.979s]       |             [01;31m[K^~~~~~~~~~~~~~~~~~~[m[K
[17.981s] [01m[K/home/sameer/cpp_files/ros2_cpp/src/cpp_pubsub/test/pubsub_test.cpp:[m[K In member function â€˜[01m[Kvirtual void PubSubCommunication_check_received_msg_Test::TestBody()[m[Kâ€™:
[17.982s] [01m[K/home/sameer/cpp_files/ros2_cpp/src/cpp_pubsub/test/pubsub_test.cpp:58:13:[m[K [01;31m[Kerror: [m[Kâ€˜[01m[Kclass std::shared_ptr<cpp_pubsub::SingleThreadSpinner>[m[Kâ€™ has no member named â€˜[01m[Kadd_node[m[Kâ€™
[17.982s]    58 |     spinner.[01;31m[Kadd_node[m[K(pub_node->get_node_base_interface());
[17.982s]       |             [01;31m[K^~~~~~~~[m[K
[17.982s] [01m[K/home/sameer/cpp_files/ros2_cpp/src/cpp_pubsub/test/pubsub_test.cpp:59:13:[m[K [01;31m[Kerror: [m[Kâ€˜[01m[Kclass std::shared_ptr<cpp_pubsub::SingleThreadSpinner>[m[Kâ€™ has no member named â€˜[01m[Kadd_node[m[Kâ€™
[17.983s]    59 |     spinner.[01;31m[Kadd_node[m[K(sub_node->get_node_base_interface());
[17.983s]       |             [01;31m[K^~~~~~~~[m[K
[17.983s] [01m[K/home/sameer/cpp_files/ros2_cpp/src/cpp_pubsub/test/pubsub_test.cpp:61:13:[m[K [01;31m[Kerror: [m[Kâ€˜[01m[Kclass std::shared_ptr<cpp_pubsub::SingleThreadSpinner>[m[Kâ€™ has no member named â€˜[01m[Kspin_some_all_nodes[m[Kâ€™
[17.983s]    61 |     spinner.[01;31m[Kspin_some_all_nodes[m[K();
[17.983s]       |             [01;31m[K^~~~~~~~~~~~~~~~~~~[m[K
[18.198s] [01m[K/home/sameer/cpp_files/ros2_cpp/src/cpp_pubsub/src/subscriber_member_function.cpp:13:1:[m[K [01;31m[Kerror: [m[Kâ€˜[01m[KMinimalSubscriber[m[Kâ€™ does not name a type
[18.198s]    13 | [01;31m[KMinimalSubscriber[m[K::MinimalSubscriber():Node("minimal_subscriber")
[18.198s]       | [01;31m[K^~~~~~~~~~~~~~~~~[m[K
[18.203s] [01m[K/home/sameer/cpp_files/ros2_cpp/src/cpp_pubsub/src/subscriber_member_function.cpp:[m[K In member function â€˜[01m[Kvoid cpp_pubsub::MinimalSubscriber::topic_callback(std_msgs::msg::String_<std::allocator<void> >::SharedPtr)[m[Kâ€™:
[18.203s] [01m[K/home/sameer/cpp_files/ros2_cpp/src/cpp_pubsub/src/subscriber_member_function.cpp:31:55:[m[K [01;31m[Kerror: [m[Kno match for call to â€˜[01m[K(std::chrono::time_point<std::chrono::_V2::system_clock, std::chrono::duration<long int, std::ratio<1, 1000000000> > >) ()[m[Kâ€™
[18.203s]    31 |                         *last_message_timestamp_ = [01;31m[Know()[m[K;
[18.204s]       |                                                    [01;31m[K~~~^~[m[K
[18.292s] [01m[K/home/sameer/cpp_files/ros2_cpp/src/cpp_pubsub/src/subscriber_member_function.cpp:33:25:[m[K [01;31m[Kerror: [m[Kno match for â€˜[01m[Koperator=[m[Kâ€™ (operand types are â€˜[01m[Kstd_msgs::msg::String[m[Kâ€™ {aka â€˜[01m[Kstd_msgs::msg::String_<std::allocator<void> >[m[Kâ€™} and â€˜[01m[Kconst SharedPtr[m[Kâ€™ {aka â€˜[01m[Kconst std::shared_ptr<std_msgs::msg::String_<std::allocator<void> > >[m[Kâ€™})
[18.293s]    33 |         received_msg_ = [01;31m[Kmsg[m[K;
[18.294s]       |                         [01;31m[K^~~[m[K
[18.294s] In file included from [01m[K/opt/ros/humble/include/std_msgs/std_msgs/msg/string.hpp:7[m[K,
[18.295s]                  from [01m[K/home/sameer/cpp_files/ros2_cpp/src/cpp_pubsub/src/subscriber_member_function.cpp:6[m[K:
[18.295s] [01m[K/opt/ros/humble/include/std_msgs/std_msgs/msg/detail/string__struct.hpp:32:8:[m[K [01;36m[Knote: [m[Kcandidate: â€˜[01m[Kstd_msgs::msg::String_<std::allocator<void> >& std_msgs::msg::String_<std::allocator<void> >::operator=(const std_msgs::msg::String_<std::allocator<void> >&)[m[Kâ€™
[18.296s]    32 | struct [01;36m[KString_[m[K
[18.297s]       |        [01;36m[K^~~~~~~[m[K
[18.298s] [01m[K/opt/ros/humble/include/std_msgs/std_msgs/msg/detail/string__struct.hpp:32:8:[m[K [01;36m[Knote: [m[K  no known conversion for argument 1 from â€˜[01m[Kconst SharedPtr[m[Kâ€™ {aka â€˜[01m[Kconst std::shared_ptr<std_msgs::msg::String_<std::allocator<void> > >[m[Kâ€™} to â€˜[01m[Kconst std_msgs::msg::String_<std::allocator<void> >&[m[Kâ€™
[18.299s] [01m[K/opt/ros/humble/include/std_msgs/std_msgs/msg/detail/string__struct.hpp:32:8:[m[K [01;36m[Knote: [m[Kcandidate: â€˜[01m[Kstd_msgs::msg::String_<std::allocator<void> >& std_msgs::msg::String_<std::allocator<void> >::operator=(std_msgs::msg::String_<std::allocator<void> >&&)[m[Kâ€™
[18.299s] [01m[K/opt/ros/humble/include/std_msgs/std_msgs/msg/detail/string__struct.hpp:32:8:[m[K [01;36m[Knote: [m[K  no known conversion for argument 1 from â€˜[01m[Kconst SharedPtr[m[Kâ€™ {aka â€˜[01m[Kconst std::shared_ptr<std_msgs::msg::String_<std::allocator<void> > >[m[Kâ€™} to â€˜[01m[Kstd_msgs::msg::String_<std::allocator<void> >&&[m[Kâ€™
[18.300s] [01m[K/home/sameer/cpp_files/ros2_cpp/src/cpp_pubsub/src/subscriber_member_function.cpp:[m[K At global scope:
[18.300s] [01m[K/home/sameer/cpp_files/ros2_cpp/src/cpp_pubsub/src/subscriber_member_function.cpp:36:7:[m[K [01;31m[Kerror: [m[Kâ€˜[01m[KMinimalSubscriber[m[Kâ€™ has not been declared
[18.301s]    36 |  bool [01;31m[KMinimalSubscriber[m[K:: has_data_been_received()
[18.302s]       |       [01;31m[K^~~~~~~~~~~~~~~~~[m[K
[18.313s] gmake[2]: *** [CMakeFiles/pubsub_test.dir/build.make:118: CMakeFiles/pubsub_test.dir/src/single_thread_spinner.cpp.o] Error 1
[18.328s] [01m[K/home/sameer/cpp_files/ros2_cpp/src/cpp_pubsub/src/subscriber_member_function.cpp:[m[K In function â€˜[01m[Kbool has_data_been_received()[m[Kâ€™:
[18.328s] [01m[K/home/sameer/cpp_files/ros2_cpp/src/cpp_pubsub/src/subscriber_member_function.cpp:38:11:[m[K [01;31m[Kerror: [m[Kâ€˜[01m[Kreceived_msg_[m[Kâ€™ was not declared in this scope
[18.329s]    38 |  return (![01;31m[Kreceived_msg_[m[K.data.empty());
[18.329s]       |           [01;31m[K^~~~~~~~~~~~~[m[K
[18.330s] [01m[K/home/sameer/cpp_files/ros2_cpp/src/cpp_pubsub/src/subscriber_member_function.cpp:[m[K At global scope:
[18.330s] [01m[K/home/sameer/cpp_files/ros2_cpp/src/cpp_pubsub/src/subscriber_member_function.cpp:40:24:[m[K [01;31m[Kerror: [m[Kâ€˜[01m[KMinimalSubcriber[m[Kâ€™ has not been declared
[18.331s]    40 |  std_msgs::msg::String [01;31m[KMinimalSubcriber[m[K:: get_received_msgs()
[18.331s]       |                        [01;31m[K^~~~~~~~~~~~~~~~[m[K
[18.348s] [01m[K/home/sameer/cpp_files/ros2_cpp/src/cpp_pubsub/src/subscriber_member_function.cpp:[m[K In function â€˜[01m[Kstd_msgs::msg::String get_received_msgs()[m[Kâ€™:
[18.348s] [01m[K/home/sameer/cpp_files/ros2_cpp/src/cpp_pubsub/src/subscriber_member_function.cpp:42:12:[m[K [01;31m[Kerror: [m[Kâ€˜[01m[Kreceived_msg_[m[Kâ€™ was not declared in this scope; did you mean â€˜[01m[Kget_received_msgs[m[Kâ€™?
[18.348s]    42 |     return [01;31m[Kreceived_msg_[m[K;
[18.349s]       |            [01;31m[K^~~~~~~~~~~~~[m[K
[18.349s]       |            [32m[Kget_received_msgs[m[K
[18.349s] [01m[K/home/sameer/cpp_files/ros2_cpp/src/cpp_pubsub/src/subscriber_member_function.cpp:[m[K At global scope:
[18.349s] [01m[K/home/sameer/cpp_files/ros2_cpp/src/cpp_pubsub/src/subscriber_member_function.cpp:44:9:[m[K [01;31m[Kerror: [m[Kâ€˜[01m[KMinimalSubscriber[m[Kâ€™ has not been declared
[18.349s]    44 |  double [01;31m[KMinimalSubscriber[m[K:: get_frequency()
[18.349s]       |         [01;31m[K^~~~~~~~~~~~~~~~~[m[K
[18.357s] [01m[K/home/sameer/cpp_files/ros2_cpp/src/cpp_pubsub/src/subscriber_member_function.cpp:[m[K In function â€˜[01m[Kdouble get_frequency()[m[Kâ€™:
[18.357s] [01m[K/home/sameer/cpp_files/ros2_cpp/src/cpp_pubsub/src/subscriber_member_function.cpp:46:12:[m[K [01;31m[Kerror: [m[Kâ€˜[01m[Kfrequency_[m[Kâ€™ was not declared in this scope; did you mean â€˜[01m[Kget_frequency[m[Kâ€™?
[18.357s]    46 |     return [01;31m[Kfrequency_[m[K;
[18.357s]       |            [01;31m[K^~~~~~~~~~[m[K
[18.358s]       |            [32m[Kget_frequency[m[K
[18.544s] In file included from [01m[K/opt/ros/humble/src/gtest_vendor/include/gtest/gtest.h:375[m[K,
[18.544s]                  from [01m[K/home/sameer/cpp_files/ros2_cpp/src/cpp_pubsub/test/pubsub_test.cpp:6[m[K:
[18.545s] [01m[K/home/sameer/cpp_files/ros2_cpp/src/cpp_pubsub/test/pubsub_test.cpp:66:28:[m[K [01;31m[Kerror: [m[Kâ€˜[01m[Kusing element_type = class cpp_pubsub::MinimalSubscriber[m[Kâ€™ {aka â€˜[01m[Kclass cpp_pubsub::MinimalSubscriber[m[Kâ€™} has no member named â€˜[01m[Kget_received_msg[m[Kâ€™; did you mean â€˜[01m[Kget_received_msgs[m[Kâ€™?
[18.545s]    66 |     EXPECT_STREQ(sub_node->[01;31m[Kget_received_msg[m[K().data.c_str(),"Hello, World! 0");
[18.545s]       |                            [01;31m[K^~~~~~~~~~~~~~~~[m[K
[18.545s] In file included from [01m[K/opt/ros/humble/src/gtest_vendor/include/gtest/gtest.h:62[m[K,
[18.546s]                  from [01m[K/home/sameer/cpp_files/ros2_cpp/src/cpp_pubsub/test/pubsub_test.cpp:6[m[K:
[18.546s] [01m[K/home/sameer/cpp_files/ros2_cpp/src/cpp_pubsub/test/pubsub_test.cpp:[m[K At global scope:
[18.546s] [01m[K/home/sameer/cpp_files/ros2_cpp/src/cpp_pubsub/test/pubsub_test.cpp:70:6:[m[K [01;31m[Kerror: [m[Kredefinition of â€˜[01m[Kclass PubSubCommunication_check_received_msg_Test[m[Kâ€™
[18.547s]    70 | TEST([01;31m[KPubSubCommunication[m[K,check_received_msg)
[18.547s]       |      [01;31m[K^~~~~~~~~~~~~~~~~~~[m[K
[18.547s] [01m[K/home/sameer/cpp_files/ros2_cpp/src/cpp_pubsub/test/pubsub_test.cpp:40:6:[m[K [01;36m[Knote: [m[Kprevious definition of â€˜[01m[Kclass PubSubCommunication_check_received_msg_Test[m[Kâ€™
[18.547s]    40 | TEST([01;36m[KPubSubCommunication[m[K,check_received_msg)
[18.548s]       |      [01;36m[K^~~~~~~~~~~~~~~~~~~[m[K
[18.548s] [01m[K/home/sameer/cpp_files/ros2_cpp/src/cpp_pubsub/test/pubsub_test.cpp:70:6:[m[K [01;31m[Kerror: [m[Kredefinition of â€˜[01m[Ktesting::TestInfo* const PubSubCommunication_check_received_msg_Test::test_info_[m[Kâ€™
[18.548s]    70 | TEST([01;31m[KPubSubCommunication[m[K,check_received_msg)
[18.548s]       |      [01;31m[K^~~~~~~~~~~~~~~~~~~[m[K
[18.548s] [01m[K/home/sameer/cpp_files/ros2_cpp/src/cpp_pubsub/test/pubsub_test.cpp:40:6:[m[K [01;36m[Knote: [m[Kâ€˜[01m[Ktesting::TestInfo* const PubSubCommunication_check_received_msg_Test::test_info_[m[Kâ€™ previously declared here
[18.549s]    40 | TEST([01;36m[KPubSubCommunication[m[K,check_received_msg)
[18.549s]       |      [01;36m[K^~~~~~~~~~~~~~~~~~~[m[K
[18.549s] [01m[K/home/sameer/cpp_files/ros2_cpp/src/cpp_pubsub/test/pubsub_test.cpp:70:6:[m[K [01;31m[Kerror: [m[Kredefinition of â€˜[01m[Kvoid PubSubCommunication_check_received_msg_Test::TestBody()[m[Kâ€™
[18.549s]    70 | TEST([01;31m[KPubSubCommunication[m[K,check_received_msg)
[18.549s]       |      [01;31m[K^~~~~~~~~~~~~~~~~~~[m[K
[18.550s] [01m[K/home/sameer/cpp_files/ros2_cpp/src/cpp_pubsub/test/pubsub_test.cpp:40:6:[m[K [01;36m[Knote: [m[Kâ€˜[01m[Kvirtual void PubSubCommunication_check_received_msg_Test::TestBody()[m[Kâ€™ previously defined here
[18.550s]    40 | TEST([01;36m[KPubSubCommunication[m[K,check_received_msg)
[18.550s]       |      [01;36m[K^~~~~~~~~~~~~~~~~~~[m[K
[19.316s] gmake[2]: *** [CMakeFiles/pubsub_test.dir/build.make:104: CMakeFiles/pubsub_test.dir/src/subscriber_member_function.cpp.o] Error 1
[19.460s] gmake[2]: *** [CMakeFiles/pubsub_test.dir/build.make:76: CMakeFiles/pubsub_test.dir/test/pubsub_test.cpp.o] Error 1
[19.460s] gmake[1]: *** [CMakeFiles/Makefile2:156: CMakeFiles/pubsub_test.dir/all] Error 2
[19.460s] gmake: *** [Makefile:146: all] Error 2
[19.464s] Invoked command in '/home/sameer/cpp_files/ros2_cpp/build/cpp_pubsub' returned '2': CMAKE_PREFIX_PATH=/home/sameer/ros2_ws/install/my_robot_controller:/opt/ros/humble /usr/bin/cmake --build /home/sameer/cpp_files/ros2_cpp/build/cpp_pubsub -- -j4 -l4
