[0.000000] (-) TimerEvent: {}
[0.000184] (cpp_pubsub) JobQueued: {'identifier': 'cpp_pubsub', 'dependencies': OrderedDict()}
[0.000794] (cpp_pubsub) JobStarted: {'identifier': 'cpp_pubsub'}
[0.014172] (cpp_pubsub) JobProgress: {'identifier': 'cpp_pubsub', 'progress': 'cmake'}
[0.015280] (cpp_pubsub) JobProgress: {'identifier': 'cpp_pubsub', 'progress': 'build'}
[0.016465] (cpp_pubsub) Command: {'cmd': ['/usr/bin/cmake', '--build', '/home/sameer/cpp_files/ros2_cpp/build/cpp_pubsub', '--', '-j4', '-l4'], 'cwd': '/home/sameer/cpp_files/ros2_cpp/build/cpp_pubsub', 'env': OrderedDict([('GJS_DEBUG_TOPICS', 'JS ERROR;JS LOG'), ('LESSOPEN', '| /usr/bin/lesspipe %s'), ('LANGUAGE', 'en_IN:en'), ('USER', 'sameer'), ('XDG_SESSION_TYPE', 'x11'), ('SHLVL', '1'), ('LD_LIBRARY_PATH', '/opt/ros/humble/opt/rviz_ogre_vendor/lib:/opt/ros/humble/lib/x86_64-linux-gnu:/opt/ros/humble/lib'), ('HOME', '/home/sameer'), ('OLDPWD', '/home/sameer/cpp_files/ros2_cpp/src'), ('DESKTOP_SESSION', 'ubuntu'), ('GIO_LAUNCHED_DESKTOP_FILE', '/usr/share/applications/terminator.desktop'), ('ROS_PYTHON_VERSION', '3'), ('GNOME_SHELL_SESSION_MODE', 'ubuntu'), ('GTK_MODULES', 'gail:atk-bridge'), ('MANAGERPID', '1417'), ('SYSTEMD_EXEC_PID', '1716'), ('DBUS_SESSION_BUS_ADDRESS', 'unix:path=/run/user/1000/bus'), ('COLORTERM', 'truecolor'), ('TERMINATOR_DBUS_NAME', 'net.tenshu.Terminator23558193cd9818af7fe4d2c2f5bd9d00f'), ('GIO_LAUNCHED_DESKTOP_FILE_PID', '11066'), ('COLCON_PREFIX_PATH', '/home/sameer/ros2_ws/install'), ('ROS_DISTRO', 'humble'), ('GTK_IM_MODULE', 'ibus'), ('LOGNAME', 'sameer'), ('JOURNAL_STREAM', '8:30082'), ('_', '/usr/bin/colcon'), ('ROS_VERSION', '2'), ('XDG_SESSION_CLASS', 'user'), ('USERNAME', 'sameer'), ('TERM', 'xterm-256color'), ('GNOME_DESKTOP_SESSION_ID', 'this-is-deprecated'), ('ROS_LOCALHOST_ONLY', '0'), ('WINDOWPATH', '2'), ('PATH', '/opt/ros/humble/bin:/home/sameer/.local/bin:/usr/local/sbin:/usr/local/bin:/usr/sbin:/usr/bin:/sbin:/bin:/usr/games:/usr/local/games:/snap/bin:/snap/bin'), ('SESSION_MANAGER', 'local/sameer:@/tmp/.ICE-unix/1693,unix/sameer:/tmp/.ICE-unix/1693'), ('INVOCATION_ID', '4f683ea6e6a142af95fbf745f7a5d5c8'), ('XDG_MENU_PREFIX', 'gnome-'), ('XDG_RUNTIME_DIR', '/run/user/1000'), ('DISPLAY', ':1'), ('TERMINATOR_DBUS_PATH', '/net/tenshu/Terminator2'), ('LANG', 'en_US.UTF-8'), ('XDG_CURRENT_DESKTOP', 'ubuntu:GNOME'), ('IBUS_DISABLE_SNOOPER', '1'), ('XMODIFIERS', '@im=ibus'), ('XDG_SESSION_DESKTOP', 'ubuntu'), ('XAUTHORITY', '/run/user/1000/gdm/Xauthority'), ('LS_COLORS', 'rs=0:di=01;34:ln=01;36:mh=00:pi=40;33:so=01;35:do=01;35:bd=40;33;01:cd=40;33;01:or=40;31;01:mi=00:su=37;41:sg=30;43:ca=30;41:tw=30;42:ow=34;42:st=37;44:ex=01;32:*.tar=01;31:*.tgz=01;31:*.arc=01;31:*.arj=01;31:*.taz=01;31:*.lha=01;31:*.lz4=01;31:*.lzh=01;31:*.lzma=01;31:*.tlz=01;31:*.txz=01;31:*.tzo=01;31:*.t7z=01;31:*.zip=01;31:*.z=01;31:*.dz=01;31:*.gz=01;31:*.lrz=01;31:*.lz=01;31:*.lzo=01;31:*.xz=01;31:*.zst=01;31:*.tzst=01;31:*.bz2=01;31:*.bz=01;31:*.tbz=01;31:*.tbz2=01;31:*.tz=01;31:*.deb=01;31:*.rpm=01;31:*.jar=01;31:*.war=01;31:*.ear=01;31:*.sar=01;31:*.rar=01;31:*.alz=01;31:*.ace=01;31:*.zoo=01;31:*.cpio=01;31:*.7z=01;31:*.rz=01;31:*.cab=01;31:*.wim=01;31:*.swm=01;31:*.dwm=01;31:*.esd=01;31:*.jpg=01;35:*.jpeg=01;35:*.mjpg=01;35:*.mjpeg=01;35:*.gif=01;35:*.bmp=01;35:*.pbm=01;35:*.pgm=01;35:*.ppm=01;35:*.tga=01;35:*.xbm=01;35:*.xpm=01;35:*.tif=01;35:*.tiff=01;35:*.png=01;35:*.svg=01;35:*.svgz=01;35:*.mng=01;35:*.pcx=01;35:*.mov=01;35:*.mpg=01;35:*.mpeg=01;35:*.m2v=01;35:*.mkv=01;35:*.webm=01;35:*.webp=01;35:*.ogm=01;35:*.mp4=01;35:*.m4v=01;35:*.mp4v=01;35:*.vob=01;35:*.qt=01;35:*.nuv=01;35:*.wmv=01;35:*.asf=01;35:*.rm=01;35:*.rmvb=01;35:*.flc=01;35:*.avi=01;35:*.fli=01;35:*.flv=01;35:*.gl=01;35:*.dl=01;35:*.xcf=01;35:*.xwd=01;35:*.yuv=01;35:*.cgm=01;35:*.emf=01;35:*.ogv=01;35:*.ogx=01;35:*.aac=00;36:*.au=00;36:*.flac=00;36:*.m4a=00;36:*.mid=00;36:*.midi=00;36:*.mka=00;36:*.mp3=00;36:*.mpc=00;36:*.ogg=00;36:*.ra=00;36:*.wav=00;36:*.oga=00;36:*.opus=00;36:*.spx=00;36:*.xspf=00;36:'), ('SSH_AGENT_LAUNCHER', 'gnome-keyring'), ('SSH_AUTH_SOCK', '/run/user/1000/keyring/ssh'), ('AMENT_PREFIX_PATH', '/home/sameer/ros2_ws/install/my_robot_controller:/opt/ros/humble'), ('SHELL', '/bin/bash'), ('TERMINATOR_UUID', 'urn:uuid:375f4a8a-9cec-4826-a79f-8d964fb99438'), ('QT_ACCESSIBILITY', '1'), ('GDMSESSION', 'ubuntu'), ('LESSCLOSE', '/usr/bin/lesspipe %s %s'), ('GPG_AGENT_INFO', '/run/user/1000/gnupg/S.gpg-agent:0:1'), ('GJS_DEBUG_OUTPUT', 'stderr'), ('QT_IM_MODULE', 'ibus'), ('PWD', '/home/sameer/cpp_files/ros2_cpp/build/cpp_pubsub'), ('LC_ALL', 'en_US.UTF-8'), ('XDG_CONFIG_DIRS', '/etc/xdg/xdg-ubuntu:/etc/xdg'), ('XDG_DATA_DIRS', '/usr/share/ubuntu:/usr/share/gnome:/usr/local/share/:/usr/share/:/var/lib/snapd/desktop'), ('PYTHONPATH', '/home/sameer/ros2_ws/install/my_robot_controller/lib/python3.10/site-packages:/opt/ros/humble/lib/python3.10/site-packages:/opt/ros/humble/local/lib/python3.10/dist-packages'), ('COLCON', '1'), ('VTE_VERSION', '6800'), ('CMAKE_PREFIX_PATH', '/home/sameer/ros2_ws/install/my_robot_controller:/opt/ros/humble')]), 'shell': False}
[0.099110] (-) TimerEvent: {}
[0.121828] (cpp_pubsub) StdoutLine: {'line': b'[ 22%] Built target gtest_main\n'}
[0.122785] (cpp_pubsub) StdoutLine: {'line': b'[ 44%] Built target gtest\n'}
[0.154632] (cpp_pubsub) StdoutLine: {'line': b'\x1b[35m\x1b[1mConsolidate compiler generated dependencies of target pubsub_test\x1b[0m\n'}
[0.199235] (-) TimerEvent: {}
[0.212297] (cpp_pubsub) StdoutLine: {'line': b'[ 66%] \x1b[32mBuilding CXX object CMakeFiles/pubsub_test.dir/src/publisher_member_function.cpp.o\x1b[0m\n'}
[0.212773] (cpp_pubsub) StdoutLine: {'line': b'[ 66%] \x1b[32mBuilding CXX object CMakeFiles/pubsub_test.dir/test/pubsub_test.cpp.o\x1b[0m\n'}
[0.213104] (cpp_pubsub) StdoutLine: {'line': b'[ 77%] \x1b[32mBuilding CXX object CMakeFiles/pubsub_test.dir/src/subscriber_member_function.cpp.o\x1b[0m\n'}
[0.216726] (cpp_pubsub) StdoutLine: {'line': b'[ 88%] \x1b[32mBuilding CXX object CMakeFiles/pubsub_test.dir/src/single_thread_spinner.cpp.o\x1b[0m\n'}
[0.299369] (-) TimerEvent: {}
[0.399874] (-) TimerEvent: {}
[0.500555] (-) TimerEvent: {}
[0.601102] (-) TimerEvent: {}
[0.701695] (-) TimerEvent: {}
[0.802234] (-) TimerEvent: {}
[0.902855] (-) TimerEvent: {}
[1.003406] (-) TimerEvent: {}
[1.103962] (-) TimerEvent: {}
[1.204595] (-) TimerEvent: {}
[1.305226] (-) TimerEvent: {}
[1.405845] (-) TimerEvent: {}
[1.506259] (-) TimerEvent: {}
[1.568373] (cpp_pubsub) StderrLine: {'line': b'\x1b[01m\x1b[K/home/sameer/cpp_files/ros2_cpp/src/cpp_pubsub/src/publisher_member_function.cpp:8:10:\x1b[m\x1b[K \x1b[01;31m\x1b[Kfatal error: \x1b[m\x1b[Kpublisher_member_function.hpp: No such file or directory\n'}
[1.568770] (cpp_pubsub) StderrLine: {'line': b'    8 | #include \x1b[01;31m\x1b[K"publisher_member_function.hpp"\x1b[m\x1b[K\n'}
[1.568998] (cpp_pubsub) StderrLine: {'line': b'      |          \x1b[01;31m\x1b[K^~~~~~~~~~~~~~~~~~~~~~~~~~~~~~~\x1b[m\x1b[K\n'}
[1.569198] (cpp_pubsub) StderrLine: {'line': b'compilation terminated.\n'}
[1.588353] (cpp_pubsub) StderrLine: {'line': b'gmake[2]: *** [CMakeFiles/pubsub_test.dir/build.make:90: CMakeFiles/pubsub_test.dir/src/publisher_member_function.cpp.o] Error 1\n'}
[1.588882] (cpp_pubsub) StderrLine: {'line': b'gmake[2]: *** Waiting for unfinished jobs....\n'}
[1.606383] (-) TimerEvent: {}
[1.706807] (-) TimerEvent: {}
[1.807374] (-) TimerEvent: {}
[1.907994] (-) TimerEvent: {}
[2.012744] (-) TimerEvent: {}
[2.113399] (-) TimerEvent: {}
[2.213876] (-) TimerEvent: {}
[2.314367] (-) TimerEvent: {}
[2.414798] (-) TimerEvent: {}
[2.515228] (-) TimerEvent: {}
[2.616001] (-) TimerEvent: {}
[2.716422] (-) TimerEvent: {}
[2.819277] (-) TimerEvent: {}
[2.920091] (-) TimerEvent: {}
[3.022862] (-) TimerEvent: {}
[3.123290] (-) TimerEvent: {}
[3.223735] (-) TimerEvent: {}
[3.324758] (-) TimerEvent: {}
[3.425488] (-) TimerEvent: {}
[3.525916] (-) TimerEvent: {}
[3.626473] (-) TimerEvent: {}
[3.726970] (-) TimerEvent: {}
[3.827599] (-) TimerEvent: {}
[3.928262] (-) TimerEvent: {}
[4.028912] (-) TimerEvent: {}
[4.129876] (-) TimerEvent: {}
[4.230336] (-) TimerEvent: {}
[4.330974] (-) TimerEvent: {}
[4.431568] (-) TimerEvent: {}
[4.532615] (-) TimerEvent: {}
[4.633226] (-) TimerEvent: {}
[4.733845] (-) TimerEvent: {}
[4.834301] (-) TimerEvent: {}
[4.934725] (-) TimerEvent: {}
[5.036801] (-) TimerEvent: {}
[5.137219] (-) TimerEvent: {}
[5.237833] (-) TimerEvent: {}
[5.338333] (-) TimerEvent: {}
[5.439975] (-) TimerEvent: {}
[5.540403] (-) TimerEvent: {}
[5.640889] (-) TimerEvent: {}
[5.743055] (-) TimerEvent: {}
[5.843467] (-) TimerEvent: {}
[5.948451] (-) TimerEvent: {}
[6.049035] (-) TimerEvent: {}
[6.149665] (-) TimerEvent: {}
[6.250465] (-) TimerEvent: {}
[6.351016] (-) TimerEvent: {}
[6.451465] (-) TimerEvent: {}
[6.551943] (-) TimerEvent: {}
[6.652532] (-) TimerEvent: {}
[6.753126] (-) TimerEvent: {}
[6.853578] (-) TimerEvent: {}
[6.953999] (-) TimerEvent: {}
[6.985922] (cpp_pubsub) StderrLine: {'line': b'\x1b[01m\x1b[K/home/sameer/cpp_files/ros2_cpp/src/cpp_pubsub/src/single_thread_spinner.cpp:\x1b[m\x1b[K In member function \xe2\x80\x98\x1b[01m\x1b[Kbool cpp_pubsub::SingleThreadSpinner::add_node(rclcpp::node_interfaces::NodeBaseInterface::SharedPtr)\x1b[m\x1b[K\xe2\x80\x99:\n'}
[6.986302] (cpp_pubsub) StderrLine: {'line': b'\x1b[01m\x1b[K/home/sameer/cpp_files/ros2_cpp/src/cpp_pubsub/src/single_thread_spinner.cpp:46:32:\x1b[m\x1b[K \x1b[01;31m\x1b[Kerror: \x1b[m\x1b[K\xe2\x80\x98\x1b[01m\x1b[Krclcpp::executors::SingleThreadExecutor\x1b[m\x1b[K\xe2\x80\x99 has not been declared\n'}
[6.986578] (cpp_pubsub) StderrLine: {'line': b'   46 |             rclcpp::executors::\x1b[01;31m\x1b[KSingleThreadExecutor\x1b[m\x1b[K::add_node(node);\n'}
[6.986807] (cpp_pubsub) StderrLine: {'line': b'      |                                \x1b[01;31m\x1b[K^~~~~~~~~~~~~~~~~~~~\x1b[m\x1b[K\n'}
[6.988094] (cpp_pubsub) StderrLine: {'line': b'\x1b[01m\x1b[K/home/sameer/cpp_files/ros2_cpp/src/cpp_pubsub/src/single_thread_spinner.cpp:\x1b[m\x1b[K In member function \xe2\x80\x98\x1b[01m\x1b[Kbool cpp_pubsub::SingleThreadSpinner::remove_node(rclcpp::node_interfaces::NodeBaseInterface::SharedPtr)\x1b[m\x1b[K\xe2\x80\x99:\n'}
[6.988517] (cpp_pubsub) StderrLine: {'line': b'\x1b[01m\x1b[K/home/sameer/cpp_files/ros2_cpp/src/cpp_pubsub/src/single_thread_spinner.cpp:61:32:\x1b[m\x1b[K \x1b[01;31m\x1b[Kerror: \x1b[m\x1b[K\xe2\x80\x98\x1b[01m\x1b[Krclcpp::executors::SingleThreadExecutor\x1b[m\x1b[K\xe2\x80\x99 has not been declared\n'}
[6.988799] (cpp_pubsub) StderrLine: {'line': b'   61 |             rclcpp::executors::\x1b[01;31m\x1b[KSingleThreadExecutor\x1b[m\x1b[K::remove_node(node);\n'}
[6.989038] (cpp_pubsub) StderrLine: {'line': b'      |                                \x1b[01;31m\x1b[K^~~~~~~~~~~~~~~~~~~~\x1b[m\x1b[K\n'}
[6.991338] (cpp_pubsub) StderrLine: {'line': b'\x1b[01m\x1b[K/home/sameer/cpp_files/ros2_cpp/src/cpp_pubsub/src/single_thread_spinner.cpp:\x1b[m\x1b[K In member function \xe2\x80\x98\x1b[01m\x1b[Kbool cpp_pubsub::SingleThreadSpinner::cancel_all_spin()\x1b[m\x1b[K\xe2\x80\x99:\n'}
[6.991648] (cpp_pubsub) StderrLine: {'line': b'\x1b[01m\x1b[K/home/sameer/cpp_files/ros2_cpp/src/cpp_pubsub/src/single_thread_spinner.cpp:79:9:\x1b[m\x1b[K \x1b[01;35m\x1b[Kwarning: \x1b[m\x1b[Kthis \xe2\x80\x98\x1b[01m\x1b[Kwhile\x1b[m\x1b[K\xe2\x80\x99 clause does not guard... [\x1b[01;35m\x1b[K\x1b]8;;https://gcc.gnu.org/onlinedocs/gcc/Warning-Options.html#index-Wmisleading-indentation\x07-Wmisleading-indentation\x1b]8;;\x07\x1b[m\x1b[K]\n'}
[6.991905] (cpp_pubsub) StderrLine: {'line': b'   79 |         \x1b[01;35m\x1b[Kwhile\x1b[m\x1b[K(are_all_nodes_spinning_.load());\n'}
[6.992120] (cpp_pubsub) StderrLine: {'line': b'      |         \x1b[01;35m\x1b[K^~~~~\x1b[m\x1b[K\n'}
[6.992315] (cpp_pubsub) StderrLine: {'line': b'\x1b[01m\x1b[K/home/sameer/cpp_files/ros2_cpp/src/cpp_pubsub/src/single_thread_spinner.cpp:81:13:\x1b[m\x1b[K \x1b[01;36m\x1b[Knote: \x1b[m\x1b[K...this statement, but the latter is misleadingly indented as if it were guarded by the \xe2\x80\x98\x1b[01m\x1b[Kwhile\x1b[m\x1b[K\xe2\x80\x99\n'}
[6.992508] (cpp_pubsub) StderrLine: {'line': b'   81 |             \x1b[01;36m\x1b[Kstd\x1b[m\x1b[K::lock_guard<std::mutex> lock(mutex_);\n'}
[6.992694] (cpp_pubsub) StderrLine: {'line': b'      |             \x1b[01;36m\x1b[K^~~\x1b[m\x1b[K\n'}
[6.994787] (cpp_pubsub) StderrLine: {'line': b'\x1b[01m\x1b[K/home/sameer/cpp_files/ros2_cpp/src/cpp_pubsub/src/single_thread_spinner.cpp:\x1b[m\x1b[K In member function \xe2\x80\x98\x1b[01m\x1b[Kbool cpp_pubsub::SingleThreadSpinner::spin_some_all_nodes()\x1b[m\x1b[K\xe2\x80\x99:\n'}
[6.995086] (cpp_pubsub) StderrLine: {'line': b'\x1b[01m\x1b[K/home/sameer/cpp_files/ros2_cpp/src/cpp_pubsub/src/single_thread_spinner.cpp:120:50:\x1b[m\x1b[K \x1b[01;31m\x1b[Kerror: \x1b[m\x1b[Kqualified-id in declaration before \xe2\x80\x98\x1b[01m\x1b[K(\x1b[m\x1b[K\xe2\x80\x99 token\n'}
[6.995326] (cpp_pubsub) StderrLine: {'line': b'  120 |         void SingleThreadSpinner::spin_all_nodes_\x1b[01;31m\x1b[K(\x1b[m\x1b[K)\n'}
[6.995527] (cpp_pubsub) StderrLine: {'line': b'      |                                                  \x1b[01;31m\x1b[K^\x1b[m\x1b[K\n'}
[7.054138] (-) TimerEvent: {}
[7.087301] (cpp_pubsub) StderrLine: {'line': b'\x1b[01m\x1b[K/home/sameer/cpp_files/ros2_cpp/src/cpp_pubsub/src/subscriber_member_function.cpp:43:24:\x1b[m\x1b[K \x1b[01;31m\x1b[Kerror: \x1b[m\x1b[K\xe2\x80\x98\x1b[01m\x1b[KMinimalSubcriber\x1b[m\x1b[K\xe2\x80\x99 has not been declared\n'}
[7.087660] (cpp_pubsub) StderrLine: {'line': b'   43 |  std_msgs::msg::String \x1b[01;31m\x1b[KMinimalSubcriber\x1b[m\x1b[K:: get_received_msg()\n'}
[7.087989] (cpp_pubsub) StderrLine: {'line': b'      |                        \x1b[01;31m\x1b[K^~~~~~~~~~~~~~~~\x1b[m\x1b[K\n'}
[7.096022] (cpp_pubsub) StderrLine: {'line': b'\x1b[01m\x1b[K/home/sameer/cpp_files/ros2_cpp/src/cpp_pubsub/src/subscriber_member_function.cpp:\x1b[m\x1b[K In function \xe2\x80\x98\x1b[01m\x1b[Kstd_msgs::msg::String cpp_pubsub::get_received_msg()\x1b[m\x1b[K\xe2\x80\x99:\n'}
[7.096339] (cpp_pubsub) StderrLine: {'line': b'\x1b[01m\x1b[K/home/sameer/cpp_files/ros2_cpp/src/cpp_pubsub/src/subscriber_member_function.cpp:45:12:\x1b[m\x1b[K \x1b[01;31m\x1b[Kerror: \x1b[m\x1b[K\xe2\x80\x98\x1b[01m\x1b[Kreceived_msg_\x1b[m\x1b[K\xe2\x80\x99 was not declared in this scope; did you mean \xe2\x80\x98\x1b[01m\x1b[Kget_received_msg\x1b[m\x1b[K\xe2\x80\x99?\n'}
[7.096546] (cpp_pubsub) StderrLine: {'line': b'   45 |     return \x1b[01;31m\x1b[Kreceived_msg_\x1b[m\x1b[K;\n'}
[7.096724] (cpp_pubsub) StderrLine: {'line': b'      |            \x1b[01;31m\x1b[K^~~~~~~~~~~~~\x1b[m\x1b[K\n'}
[7.096935] (cpp_pubsub) StderrLine: {'line': b'      |            \x1b[32m\x1b[Kget_received_msg\x1b[m\x1b[K\n'}
[7.154275] (-) TimerEvent: {}
[7.254945] (-) TimerEvent: {}
[7.355607] (-) TimerEvent: {}
[7.456115] (-) TimerEvent: {}
[7.556531] (-) TimerEvent: {}
[7.656968] (-) TimerEvent: {}
[7.762397] (-) TimerEvent: {}
[7.863264] (-) TimerEvent: {}
[7.964570] (-) TimerEvent: {}
[8.065161] (-) TimerEvent: {}
[8.167309] (-) TimerEvent: {}
[8.180441] (cpp_pubsub) StderrLine: {'line': b'gmake[2]: *** [CMakeFiles/pubsub_test.dir/build.make:118: CMakeFiles/pubsub_test.dir/src/single_thread_spinner.cpp.o] Error 1\n'}
[8.207034] (cpp_pubsub) StderrLine: {'line': b'\x1b[01m\x1b[K/home/sameer/cpp_files/ros2_cpp/src/cpp_pubsub/test/pubsub_test.cpp:\x1b[m\x1b[K In member function \xe2\x80\x98\x1b[01m\x1b[Kvirtual void PubSubCommunication_pub_sub_communication_Test::TestBody()\x1b[m\x1b[K\xe2\x80\x99:\n'}
[8.207719] (cpp_pubsub) StderrLine: {'line': b'\x1b[01m\x1b[K/home/sameer/cpp_files/ros2_cpp/src/cpp_pubsub/test/pubsub_test.cpp:14:51:\x1b[m\x1b[K \x1b[01;31m\x1b[Kerror: \x1b[m\x1b[Kexpected primary-expression before \xe2\x80\x98\x1b[01m\x1b[K;\x1b[m\x1b[K\xe2\x80\x99 token\n'}
[8.207974] (cpp_pubsub) StderrLine: {'line': b'   14 |     auto spinner = cpp_pubsub::SingleThreadSpinner\x1b[01;31m\x1b[K;\x1b[m\x1b[K\n'}
[8.208182] (cpp_pubsub) StderrLine: {'line': b'      |                                                   \x1b[01;31m\x1b[K^\x1b[m\x1b[K\n'}
[8.240751] (cpp_pubsub) StderrLine: {'line': b'\x1b[01m\x1b[K/home/sameer/cpp_files/ros2_cpp/src/cpp_pubsub/test/pubsub_test.cpp:29:22:\x1b[m\x1b[K \x1b[01;31m\x1b[Kerror: \x1b[m\x1b[K\xe2\x80\x98\x1b[01m\x1b[Kpub_node\x1b[m\x1b[K\xe2\x80\x99 was not declared in this scope; did you mean \xe2\x80\x98\x1b[01m\x1b[Ksub_node\x1b[m\x1b[K\xe2\x80\x99?\n'}
[8.241106] (cpp_pubsub) StderrLine: {'line': b'   29 |     spinner.add_node(\x1b[01;31m\x1b[Kpub_node\x1b[m\x1b[K->get_node_base_interface());\n'}
[8.241285] (cpp_pubsub) StderrLine: {'line': b'      |                      \x1b[01;31m\x1b[K^~~~~~~~\x1b[m\x1b[K\n'}
[8.244394] (cpp_pubsub) StderrLine: {'line': b'      |                      \x1b[32m\x1b[Ksub_node\x1b[m\x1b[K\n'}
[8.249263] (cpp_pubsub) StderrLine: {'line': b'\x1b[01m\x1b[K/home/sameer/cpp_files/ros2_cpp/src/cpp_pubsub/test/pubsub_test.cpp:\x1b[m\x1b[K In member function \xe2\x80\x98\x1b[01m\x1b[Kvirtual void PubSubCommunication_check_received_msg_Test::TestBody()\x1b[m\x1b[K\xe2\x80\x99:\n'}
[8.249728] (cpp_pubsub) StderrLine: {'line': b'\x1b[01m\x1b[K/home/sameer/cpp_files/ros2_cpp/src/cpp_pubsub/test/pubsub_test.cpp:61:13:\x1b[m\x1b[K \x1b[01;31m\x1b[Kerror: \x1b[m\x1b[K\xe2\x80\x98\x1b[01m\x1b[Kclass std::shared_ptr<cpp_pubsub::SingleThreadSpinner>\x1b[m\x1b[K\xe2\x80\x99 has no member named \xe2\x80\x98\x1b[01m\x1b[Kadd_node\x1b[m\x1b[K\xe2\x80\x99\n'}
[8.249954] (cpp_pubsub) StderrLine: {'line': b'   61 |     spinner.\x1b[01;31m\x1b[Kadd_node\x1b[m\x1b[K(pub_node->get_node_base_interface());\n'}
[8.250193] (cpp_pubsub) StderrLine: {'line': b'      |             \x1b[01;31m\x1b[K^~~~~~~~\x1b[m\x1b[K\n'}
[8.250379] (cpp_pubsub) StderrLine: {'line': b'\x1b[01m\x1b[K/home/sameer/cpp_files/ros2_cpp/src/cpp_pubsub/test/pubsub_test.cpp:62:13:\x1b[m\x1b[K \x1b[01;31m\x1b[Kerror: \x1b[m\x1b[K\xe2\x80\x98\x1b[01m\x1b[Kclass std::shared_ptr<cpp_pubsub::SingleThreadSpinner>\x1b[m\x1b[K\xe2\x80\x99 has no member named \xe2\x80\x98\x1b[01m\x1b[Kadd_node\x1b[m\x1b[K\xe2\x80\x99\n'}
[8.250699] (cpp_pubsub) StderrLine: {'line': b'   62 |     spinner.\x1b[01;31m\x1b[Kadd_node\x1b[m\x1b[K(sub_node->get_node_base_interface());\n'}
[8.251023] (cpp_pubsub) StderrLine: {'line': b'      |             \x1b[01;31m\x1b[K^~~~~~~~\x1b[m\x1b[K\n'}
[8.251341] (cpp_pubsub) StderrLine: {'line': b'\x1b[01m\x1b[K/home/sameer/cpp_files/ros2_cpp/src/cpp_pubsub/test/pubsub_test.cpp:64:13:\x1b[m\x1b[K \x1b[01;31m\x1b[Kerror: \x1b[m\x1b[K\xe2\x80\x98\x1b[01m\x1b[Kclass std::shared_ptr<cpp_pubsub::SingleThreadSpinner>\x1b[m\x1b[K\xe2\x80\x99 has no member named \xe2\x80\x98\x1b[01m\x1b[Kspin_some_all_nodes\x1b[m\x1b[K\xe2\x80\x99\n'}
[8.251525] (cpp_pubsub) StderrLine: {'line': b'   64 |     spinner.\x1b[01;31m\x1b[Kspin_some_all_nodes\x1b[m\x1b[K();\n'}
[8.251700] (cpp_pubsub) StderrLine: {'line': b'      |             \x1b[01;31m\x1b[K^~~~~~~~~~~~~~~~~~~\x1b[m\x1b[K\n'}
[8.251926] (cpp_pubsub) StderrLine: {'line': b'In file included from \x1b[01m\x1b[K/opt/ros/humble/src/gtest_vendor/include/gtest/gtest.h:62\x1b[m\x1b[K,\n'}
[8.252129] (cpp_pubsub) StderrLine: {'line': b'                 from \x1b[01m\x1b[K/home/sameer/cpp_files/ros2_cpp/src/cpp_pubsub/test/pubsub_test.cpp:6\x1b[m\x1b[K:\n'}
[8.252320] (cpp_pubsub) StderrLine: {'line': b'\x1b[01m\x1b[K/home/sameer/cpp_files/ros2_cpp/src/cpp_pubsub/test/pubsub_test.cpp:\x1b[m\x1b[K At global scope:\n'}
[8.252502] (cpp_pubsub) StderrLine: {'line': b'\x1b[01m\x1b[K/home/sameer/cpp_files/ros2_cpp/src/cpp_pubsub/test/pubsub_test.cpp:73:6:\x1b[m\x1b[K \x1b[01;31m\x1b[Kerror: \x1b[m\x1b[Kredefinition of \xe2\x80\x98\x1b[01m\x1b[Kclass PubSubCommunication_check_received_msg_Test\x1b[m\x1b[K\xe2\x80\x99\n'}
[8.252718] (cpp_pubsub) StderrLine: {'line': b'   73 | TEST(\x1b[01;31m\x1b[KPubSubCommunication\x1b[m\x1b[K,check_received_msg)\n'}
[8.252918] (cpp_pubsub) StderrLine: {'line': b'      |      \x1b[01;31m\x1b[K^~~~~~~~~~~~~~~~~~~\x1b[m\x1b[K\n'}
[8.253083] (cpp_pubsub) StderrLine: {'line': b'\x1b[01m\x1b[K/home/sameer/cpp_files/ros2_cpp/src/cpp_pubsub/test/pubsub_test.cpp:41:6:\x1b[m\x1b[K \x1b[01;36m\x1b[Knote: \x1b[m\x1b[Kprevious definition of \xe2\x80\x98\x1b[01m\x1b[Kclass PubSubCommunication_check_received_msg_Test\x1b[m\x1b[K\xe2\x80\x99\n'}
[8.253238] (cpp_pubsub) StderrLine: {'line': b'   41 | TEST(\x1b[01;36m\x1b[KPubSubCommunication\x1b[m\x1b[K,check_received_msg)\n'}
[8.253396] (cpp_pubsub) StderrLine: {'line': b'      |      \x1b[01;36m\x1b[K^~~~~~~~~~~~~~~~~~~\x1b[m\x1b[K\n'}
[8.253541] (cpp_pubsub) StderrLine: {'line': b'\x1b[01m\x1b[K/home/sameer/cpp_files/ros2_cpp/src/cpp_pubsub/test/pubsub_test.cpp:73:6:\x1b[m\x1b[K \x1b[01;31m\x1b[Kerror: \x1b[m\x1b[Kredefinition of \xe2\x80\x98\x1b[01m\x1b[Ktesting::TestInfo* const PubSubCommunication_check_received_msg_Test::test_info_\x1b[m\x1b[K\xe2\x80\x99\n'}
[8.253717] (cpp_pubsub) StderrLine: {'line': b'   73 | TEST(\x1b[01;31m\x1b[KPubSubCommunication\x1b[m\x1b[K,check_received_msg)\n'}
[8.253899] (cpp_pubsub) StderrLine: {'line': b'      |      \x1b[01;31m\x1b[K^~~~~~~~~~~~~~~~~~~\x1b[m\x1b[K\n'}
[8.254084] (cpp_pubsub) StderrLine: {'line': b'\x1b[01m\x1b[K/home/sameer/cpp_files/ros2_cpp/src/cpp_pubsub/test/pubsub_test.cpp:41:6:\x1b[m\x1b[K \x1b[01;36m\x1b[Knote: \x1b[m\x1b[K\xe2\x80\x98\x1b[01m\x1b[Ktesting::TestInfo* const PubSubCommunication_check_received_msg_Test::test_info_\x1b[m\x1b[K\xe2\x80\x99 previously declared here\n'}
[8.254279] (cpp_pubsub) StderrLine: {'line': b'   41 | TEST(\x1b[01;36m\x1b[KPubSubCommunication\x1b[m\x1b[K,check_received_msg)\n'}
[8.254468] (cpp_pubsub) StderrLine: {'line': b'      |      \x1b[01;36m\x1b[K^~~~~~~~~~~~~~~~~~~\x1b[m\x1b[K\n'}
[8.254653] (cpp_pubsub) StderrLine: {'line': b'\x1b[01m\x1b[K/home/sameer/cpp_files/ros2_cpp/src/cpp_pubsub/test/pubsub_test.cpp:73:6:\x1b[m\x1b[K \x1b[01;31m\x1b[Kerror: \x1b[m\x1b[Kredefinition of \xe2\x80\x98\x1b[01m\x1b[Kvoid PubSubCommunication_check_received_msg_Test::TestBody()\x1b[m\x1b[K\xe2\x80\x99\n'}
[8.255205] (cpp_pubsub) StderrLine: {'line': b'   73 | TEST(\x1b[01;31m\x1b[KPubSubCommunication\x1b[m\x1b[K,check_received_msg)\n'}
[8.255421] (cpp_pubsub) StderrLine: {'line': b'      |      \x1b[01;31m\x1b[K^~~~~~~~~~~~~~~~~~~\x1b[m\x1b[K\n'}
[8.255614] (cpp_pubsub) StderrLine: {'line': b'\x1b[01m\x1b[K/home/sameer/cpp_files/ros2_cpp/src/cpp_pubsub/test/pubsub_test.cpp:41:6:\x1b[m\x1b[K \x1b[01;36m\x1b[Knote: \x1b[m\x1b[K\xe2\x80\x98\x1b[01m\x1b[Kvirtual void PubSubCommunication_check_received_msg_Test::TestBody()\x1b[m\x1b[K\xe2\x80\x99 previously defined here\n'}
[8.255820] (cpp_pubsub) StderrLine: {'line': b'   41 | TEST(\x1b[01;36m\x1b[KPubSubCommunication\x1b[m\x1b[K,check_received_msg)\n'}
[8.256033] (cpp_pubsub) StderrLine: {'line': b'      |      \x1b[01;36m\x1b[K^~~~~~~~~~~~~~~~~~~\x1b[m\x1b[K\n'}
[8.267688] (-) TimerEvent: {}
[8.368132] (-) TimerEvent: {}
[8.468565] (-) TimerEvent: {}
[8.569010] (-) TimerEvent: {}
[8.669427] (-) TimerEvent: {}
[8.769879] (-) TimerEvent: {}
[8.871736] (-) TimerEvent: {}
[8.972352] (-) TimerEvent: {}
[9.072978] (-) TimerEvent: {}
[9.173410] (-) TimerEvent: {}
[9.273895] (-) TimerEvent: {}
[9.374457] (-) TimerEvent: {}
[9.412493] (cpp_pubsub) StderrLine: {'line': b'gmake[2]: *** [CMakeFiles/pubsub_test.dir/build.make:76: CMakeFiles/pubsub_test.dir/test/pubsub_test.cpp.o] Error 1\n'}
[9.474611] (-) TimerEvent: {}
[9.574938] (-) TimerEvent: {}
[9.675297] (-) TimerEvent: {}
[9.775790] (-) TimerEvent: {}
[9.876224] (-) TimerEvent: {}
[9.976687] (-) TimerEvent: {}
[10.077096] (-) TimerEvent: {}
[10.177486] (-) TimerEvent: {}
[10.277876] (-) TimerEvent: {}
[10.378288] (-) TimerEvent: {}
[10.478696] (-) TimerEvent: {}
[10.579116] (-) TimerEvent: {}
[10.679528] (-) TimerEvent: {}
[10.779964] (-) TimerEvent: {}
[10.880328] (-) TimerEvent: {}
[10.980694] (-) TimerEvent: {}
[11.081053] (-) TimerEvent: {}
[11.181397] (-) TimerEvent: {}
[11.281839] (-) TimerEvent: {}
[11.382226] (-) TimerEvent: {}
[11.482594] (-) TimerEvent: {}
[11.582958] (-) TimerEvent: {}
[11.683332] (-) TimerEvent: {}
[11.783704] (-) TimerEvent: {}
[11.816540] (cpp_pubsub) StderrLine: {'line': b'gmake[2]: *** [CMakeFiles/pubsub_test.dir/build.make:104: CMakeFiles/pubsub_test.dir/src/subscriber_member_function.cpp.o] Error 1\n'}
[11.817148] (cpp_pubsub) StderrLine: {'line': b'gmake[1]: *** [CMakeFiles/Makefile2:156: CMakeFiles/pubsub_test.dir/all] Error 2\n'}
[11.817581] (cpp_pubsub) StderrLine: {'line': b'gmake: *** [Makefile:146: all] Error 2\n'}
[11.821211] (cpp_pubsub) CommandEnded: {'returncode': 2}
[11.883822] (-) TimerEvent: {}
[11.900990] (cpp_pubsub) JobEnded: {'identifier': 'cpp_pubsub', 'rc': 2}
[11.913050] (-) EventReactorShutdown: {}
