In file included from [01m[K/opt/ros/humble/src/gtest_vendor/include/gtest/gtest.h:375[m[K,
                 from [01m[K/home/sameer/cpp_files/ros2_cpp/src/cpp_pubsub/test/pubsub_test.cpp:6[m[K:
[01m[K/home/sameer/cpp_files/ros2_cpp/src/cpp_pubsub/test/pubsub_test.cpp:[m[K In member function â€˜[01m[Kvirtual void PubSubCommunication_check_received_msg_Test::TestBody()[m[Kâ€™:
[01m[K/home/sameer/cpp_files/ros2_cpp/src/cpp_pubsub/test/pubsub_test.cpp:59:44:[m[K [01;31m[Kerror: [m[Kno match for call to â€˜[01m[K(std_msgs::msg::String {aka std_msgs::msg::String_<std::allocator<void> >}) ()[m[Kâ€™
   59 |     EXPECT_STREQ([01;31m[Ksub_node->get_received_msg()[m[K.data.c_str(),"Hello, World! 0");
      |                  [01;31m[K~~~~~~~~~~~~~~~~~~~~~~~~~~^~[m[K
gmake[2]: *** [CMakeFiles/pubsub_test.dir/build.make:76: CMakeFiles/pubsub_test.dir/test/pubsub_test.cpp.o] Error 1
gmake[2]: *** Waiting for unfinished jobs....
[01m[K/home/sameer/cpp_files/ros2_cpp/src/cpp_pubsub/src/single_thread_spinner.cpp:[m[K In member function â€˜[01m[Kbool cpp_pubsub::SingleThreadSpinner::spin_some_all_nodes()[m[Kâ€™:
[01m[K/home/sameer/cpp_files/ros2_cpp/src/cpp_pubsub/src/single_thread_spinner.cpp:122:50:[m[K [01;31m[Kerror: [m[Kqualified-id in declaration before â€˜[01m[K([m[Kâ€™ token
  122 |         void SingleThreadSpinner::spin_all_nodes_[01;31m[K([m[K)
      |                                                  [01;31m[K^[m[K
[01m[K/home/sameer/cpp_files/ros2_cpp/src/cpp_pubsub/src/subscriber_member_function.cpp:44:24:[m[K [01;31m[Kerror: [m[Kâ€˜[01m[KMinimalSubcriber[m[Kâ€™ has not been declared
   44 |  std_msgs::msg::String [01;31m[KMinimalSubcriber[m[K:: get_received_msg()
      |                        [01;31m[K^~~~~~~~~~~~~~~~[m[K
[01m[K/home/sameer/cpp_files/ros2_cpp/src/cpp_pubsub/src/subscriber_member_function.cpp:[m[K In function â€˜[01m[Kstd_msgs::msg::String cpp_pubsub::get_received_msg()[m[Kâ€™:
[01m[K/home/sameer/cpp_files/ros2_cpp/src/cpp_pubsub/src/subscriber_member_function.cpp:46:12:[m[K [01;31m[Kerror: [m[Kâ€˜[01m[Kreceived_msg_[m[Kâ€™ was not declared in this scope; did you mean â€˜[01m[Kget_received_msg[m[Kâ€™?
   46 |     return [01;31m[Kreceived_msg_[m[K;
      |            [01;31m[K^~~~~~~~~~~~~[m[K
      |            [32m[Kget_received_msg[m[K
gmake[2]: *** [CMakeFiles/pubsub_test.dir/build.make:118: CMakeFiles/pubsub_test.dir/src/single_thread_spinner.cpp.o] Error 1
gmake[2]: *** [CMakeFiles/pubsub_test.dir/build.make:104: CMakeFiles/pubsub_test.dir/src/subscriber_member_function.cpp.o] Error 1
gmake[1]: *** [CMakeFiles/Makefile2:156: CMakeFiles/pubsub_test.dir/all] Error 2
gmake: *** [Makefile:146: all] Error 2
