[0.017s] Invoking command in '/home/sameer/cpp_files/ros2_cpp/src/cpp_pubsub/build/cpp_pubsub': CMAKE_PREFIX_PATH=/home/sameer/ros2_ws/install/my_robot_controller:/opt/ros/humble /usr/bin/cmake --build /home/sameer/cpp_files/ros2_cpp/src/cpp_pubsub/build/cpp_pubsub -- -j4 -l4
[0.115s] [ 22%] Built target gtest_main
[0.117s] [ 44%] Built target gtest
[0.147s] [35m[1mConsolidate compiler generated dependencies of target pubsub_test[0m
[0.197s] [ 55%] [32mBuilding CXX object CMakeFiles/pubsub_test.dir/test/pubsub_test.cpp.o[0m
[4.951s] In file included from [01m[K/opt/ros/humble/src/gtest_vendor/include/gtest/gtest.h:62[m[K,
[4.951s]                  from [01m[K/home/sameer/cpp_files/ros2_cpp/src/cpp_pubsub/test/pubsub_test.cpp:6[m[K:
[4.952s] [01m[K/home/sameer/cpp_files/ros2_cpp/src/cpp_pubsub/test/pubsub_test.cpp:37:6:[m[K [01;31m[Kerror: [m[Kredefinition of â€˜[01m[Kclass PubSubCommunication_check_msg_range_Test[m[Kâ€™
[4.952s]    37 | TEST([01;31m[KPubSubCommunication[m[K,check_msg_range)
[4.952s]       |      [01;31m[K^~~~~~~~~~~~~~~~~~~[m[K
[4.952s] [01m[K/home/sameer/cpp_files/ros2_cpp/src/cpp_pubsub/test/pubsub_test.cpp:9:6:[m[K [01;36m[Knote: [m[Kprevious definition of â€˜[01m[Kclass PubSubCommunication_check_msg_range_Test[m[Kâ€™
[4.952s]     9 | TEST([01;36m[KPubSubCommunication[m[K,check_msg_range)
[4.953s]       |      [01;36m[K^~~~~~~~~~~~~~~~~~~[m[K
[4.953s] [01m[K/home/sameer/cpp_files/ros2_cpp/src/cpp_pubsub/test/pubsub_test.cpp:37:6:[m[K [01;31m[Kerror: [m[Kredefinition of â€˜[01m[Ktesting::TestInfo* const PubSubCommunication_check_msg_range_Test::test_info_[m[Kâ€™
[4.953s]    37 | TEST([01;31m[KPubSubCommunication[m[K,check_msg_range)
[4.953s]       |      [01;31m[K^~~~~~~~~~~~~~~~~~~[m[K
[4.953s] [01m[K/home/sameer/cpp_files/ros2_cpp/src/cpp_pubsub/test/pubsub_test.cpp:9:6:[m[K [01;36m[Knote: [m[Kâ€˜[01m[Ktesting::TestInfo* const PubSubCommunication_check_msg_range_Test::test_info_[m[Kâ€™ previously declared here
[4.953s]     9 | TEST([01;36m[KPubSubCommunication[m[K,check_msg_range)
[4.954s]       |      [01;36m[K^~~~~~~~~~~~~~~~~~~[m[K
[4.954s] [01m[K/home/sameer/cpp_files/ros2_cpp/src/cpp_pubsub/test/pubsub_test.cpp:37:6:[m[K [01;31m[Kerror: [m[Kredefinition of â€˜[01m[Kvoid PubSubCommunication_check_msg_range_Test::TestBody()[m[Kâ€™
[4.954s]    37 | TEST([01;31m[KPubSubCommunication[m[K,check_msg_range)
[4.954s]       |      [01;31m[K^~~~~~~~~~~~~~~~~~~[m[K
[4.954s] [01m[K/home/sameer/cpp_files/ros2_cpp/src/cpp_pubsub/test/pubsub_test.cpp:9:6:[m[K [01;36m[Knote: [m[Kâ€˜[01m[Kvirtual void PubSubCommunication_check_msg_range_Test::TestBody()[m[Kâ€™ previously defined here
[4.955s]     9 | TEST([01;36m[KPubSubCommunication[m[K,check_msg_range)
[4.955s]       |      [01;36m[K^~~~~~~~~~~~~~~~~~~[m[K
[5.823s] gmake[2]: *** [CMakeFiles/pubsub_test.dir/build.make:76: CMakeFiles/pubsub_test.dir/test/pubsub_test.cpp.o] Error 1
[5.823s] gmake[1]: *** [CMakeFiles/Makefile2:156: CMakeFiles/pubsub_test.dir/all] Error 2
[5.824s] gmake: *** [Makefile:146: all] Error 2
[5.827s] Invoked command in '/home/sameer/cpp_files/ros2_cpp/src/cpp_pubsub/build/cpp_pubsub' returned '2': CMAKE_PREFIX_PATH=/home/sameer/ros2_ws/install/my_robot_controller:/opt/ros/humble /usr/bin/cmake --build /home/sameer/cpp_files/ros2_cpp/src/cpp_pubsub/build/cpp_pubsub -- -j4 -l4
