[0.000000] (-) TimerEvent: {}
[0.000720] (cpp_pubsub) JobQueued: {'identifier': 'cpp_pubsub', 'dependencies': OrderedDict()}
[0.000982] (cpp_pubsub) JobStarted: {'identifier': 'cpp_pubsub'}
[0.016907] (cpp_pubsub) JobProgress: {'identifier': 'cpp_pubsub', 'progress': 'cmake'}
[0.052333] (cpp_pubsub) JobProgress: {'identifier': 'cpp_pubsub', 'progress': 'build'}
[0.053576] (cpp_pubsub) Command: {'cmd': ['/usr/bin/cmake', '--build', '/home/sameer/cpp_files/ros2_cpp/src/cpp_pubsub/build/cpp_pubsub', '--', '-j4', '-l4'], 'cwd': '/home/sameer/cpp_files/ros2_cpp/src/cpp_pubsub/build/cpp_pubsub', 'env': OrderedDict([('GJS_DEBUG_TOPICS', 'JS ERROR;JS LOG'), ('LESSOPEN', '| /usr/bin/lesspipe %s'), ('LANGUAGE', 'en_IN:en'), ('USER', 'sameer'), ('XDG_SESSION_TYPE', 'x11'), ('SHLVL', '2'), ('LD_LIBRARY_PATH', '/opt/ros/humble/opt/rviz_ogre_vendor/lib:/opt/ros/humble/lib/x86_64-linux-gnu:/opt/ros/humble/lib'), ('HOME', '/home/sameer'), ('OLDPWD', '/home/sameer/cpp_files/ros2_cpp/src'), ('DESKTOP_SESSION', 'ubuntu'), ('GIO_LAUNCHED_DESKTOP_FILE', '/usr/share/applications/terminator.desktop'), ('ROS_PYTHON_VERSION', '3'), ('GNOME_SHELL_SESSION_MODE', 'ubuntu'), ('GTK_MODULES', 'gail:atk-bridge'), ('MANAGERPID', '1417'), ('SYSTEMD_EXEC_PID', '1716'), ('DBUS_SESSION_BUS_ADDRESS', 'unix:path=/run/user/1000/bus'), ('COLORTERM', 'truecolor'), ('TERMINATOR_DBUS_NAME', 'net.tenshu.Terminator23558193cd9818af7fe4d2c2f5bd9d00f'), ('GIO_LAUNCHED_DESKTOP_FILE_PID', '11066'), ('COLCON_PREFIX_PATH', '/home/sameer/ros2_ws/install'), ('ROS_DISTRO', 'humble'), ('GTK_IM_MODULE', 'ibus'), ('LOGNAME', 'sameer'), ('JOURNAL_STREAM', '8:30082'), ('_', '/usr/bin/colcon'), ('ROS_VERSION', '2'), ('XDG_SESSION_CLASS', 'user'), ('USERNAME', 'sameer'), ('TERM', 'xterm-256color'), ('GNOME_DESKTOP_SESSION_ID', 'this-is-deprecated'), ('ROS_LOCALHOST_ONLY', '0'), ('WINDOWPATH', '2'), ('PATH', '/opt/ros/humble/bin:/home/sameer/.local/bin:/usr/local/sbin:/usr/local/bin:/usr/sbin:/usr/bin:/sbin:/bin:/usr/games:/usr/local/games:/snap/bin:/snap/bin'), ('SESSION_MANAGER', 'local/sameer:@/tmp/.ICE-unix/1693,unix/sameer:/tmp/.ICE-unix/1693'), ('INVOCATION_ID', '4f683ea6e6a142af95fbf745f7a5d5c8'), ('XDG_MENU_PREFIX', 'gnome-'), ('XDG_RUNTIME_DIR', '/run/user/1000'), ('DISPLAY', ':1'), ('TERMINATOR_DBUS_PATH', '/net/tenshu/Terminator2'), ('LANG', 'en_US.UTF-8'), ('XDG_CURRENT_DESKTOP', 'ubuntu:GNOME'), ('IBUS_DISABLE_SNOOPER', '1'), ('XMODIFIERS', '@im=ibus'), ('XDG_SESSION_DESKTOP', 'ubuntu'), ('XAUTHORITY', '/run/user/1000/gdm/Xauthority'), ('LS_COLORS', 'rs=0:di=01;34:ln=01;36:mh=00:pi=40;33:so=01;35:do=01;35:bd=40;33;01:cd=40;33;01:or=40;31;01:mi=00:su=37;41:sg=30;43:ca=30;41:tw=30;42:ow=34;42:st=37;44:ex=01;32:*.tar=01;31:*.tgz=01;31:*.arc=01;31:*.arj=01;31:*.taz=01;31:*.lha=01;31:*.lz4=01;31:*.lzh=01;31:*.lzma=01;31:*.tlz=01;31:*.txz=01;31:*.tzo=01;31:*.t7z=01;31:*.zip=01;31:*.z=01;31:*.dz=01;31:*.gz=01;31:*.lrz=01;31:*.lz=01;31:*.lzo=01;31:*.xz=01;31:*.zst=01;31:*.tzst=01;31:*.bz2=01;31:*.bz=01;31:*.tbz=01;31:*.tbz2=01;31:*.tz=01;31:*.deb=01;31:*.rpm=01;31:*.jar=01;31:*.war=01;31:*.ear=01;31:*.sar=01;31:*.rar=01;31:*.alz=01;31:*.ace=01;31:*.zoo=01;31:*.cpio=01;31:*.7z=01;31:*.rz=01;31:*.cab=01;31:*.wim=01;31:*.swm=01;31:*.dwm=01;31:*.esd=01;31:*.jpg=01;35:*.jpeg=01;35:*.mjpg=01;35:*.mjpeg=01;35:*.gif=01;35:*.bmp=01;35:*.pbm=01;35:*.pgm=01;35:*.ppm=01;35:*.tga=01;35:*.xbm=01;35:*.xpm=01;35:*.tif=01;35:*.tiff=01;35:*.png=01;35:*.svg=01;35:*.svgz=01;35:*.mng=01;35:*.pcx=01;35:*.mov=01;35:*.mpg=01;35:*.mpeg=01;35:*.m2v=01;35:*.mkv=01;35:*.webm=01;35:*.webp=01;35:*.ogm=01;35:*.mp4=01;35:*.m4v=01;35:*.mp4v=01;35:*.vob=01;35:*.qt=01;35:*.nuv=01;35:*.wmv=01;35:*.asf=01;35:*.rm=01;35:*.rmvb=01;35:*.flc=01;35:*.avi=01;35:*.fli=01;35:*.flv=01;35:*.gl=01;35:*.dl=01;35:*.xcf=01;35:*.xwd=01;35:*.yuv=01;35:*.cgm=01;35:*.emf=01;35:*.ogv=01;35:*.ogx=01;35:*.aac=00;36:*.au=00;36:*.flac=00;36:*.m4a=00;36:*.mid=00;36:*.midi=00;36:*.mka=00;36:*.mp3=00;36:*.mpc=00;36:*.ogg=00;36:*.ra=00;36:*.wav=00;36:*.oga=00;36:*.opus=00;36:*.spx=00;36:*.xspf=00;36:'), ('SSH_AGENT_LAUNCHER', 'gnome-keyring'), ('SSH_AUTH_SOCK', '/run/user/1000/keyring/ssh'), ('AMENT_PREFIX_PATH', '/home/sameer/ros2_ws/install/my_robot_controller:/opt/ros/humble'), ('SHELL', '/bin/bash'), ('TERMINATOR_UUID', 'urn:uuid:375f4a8a-9cec-4826-a79f-8d964fb99438'), ('QT_ACCESSIBILITY', '1'), ('GDMSESSION', 'ubuntu'), ('LESSCLOSE', '/usr/bin/lesspipe %s %s'), ('GPG_AGENT_INFO', '/run/user/1000/gnupg/S.gpg-agent:0:1'), ('GJS_DEBUG_OUTPUT', 'stderr'), ('QT_IM_MODULE', 'ibus'), ('PWD', '/home/sameer/cpp_files/ros2_cpp/src/cpp_pubsub/build/cpp_pubsub'), ('LC_ALL', 'en_US.UTF-8'), ('XDG_CONFIG_DIRS', '/etc/xdg/xdg-ubuntu:/etc/xdg'), ('XDG_DATA_DIRS', '/usr/share/ubuntu:/usr/share/gnome:/usr/local/share/:/usr/share/:/var/lib/snapd/desktop'), ('PYTHONPATH', '/home/sameer/ros2_ws/install/my_robot_controller/lib/python3.10/site-packages:/opt/ros/humble/lib/python3.10/site-packages:/opt/ros/humble/local/lib/python3.10/dist-packages'), ('COLCON', '1'), ('VTE_VERSION', '6800'), ('CMAKE_PREFIX_PATH', '/home/sameer/ros2_ws/install/my_robot_controller:/opt/ros/humble')]), 'shell': False}
[0.099367] (-) TimerEvent: {}
[0.154762] (cpp_pubsub) StdoutLine: {'line': b'-- Found ament_cmake: 1.3.8 (/opt/ros/humble/share/ament_cmake/cmake)\n'}
[0.199479] (-) TimerEvent: {}
[0.299878] (-) TimerEvent: {}
[0.381273] (cpp_pubsub) StdoutLine: {'line': b'-- Found lifecycle_msgs: 1.2.1 (/opt/ros/humble/share/lifecycle_msgs/cmake)\n'}
[0.400021] (-) TimerEvent: {}
[0.424971] (cpp_pubsub) StdoutLine: {'line': b'-- Found rosidl_generator_c: 3.1.5 (/opt/ros/humble/share/rosidl_generator_c/cmake)\n'}
[0.430644] (cpp_pubsub) StdoutLine: {'line': b'-- Found rosidl_adapter: 3.1.5 (/opt/ros/humble/share/rosidl_adapter/cmake)\n'}
[0.442696] (cpp_pubsub) StdoutLine: {'line': b'-- Found rosidl_generator_cpp: 3.1.5 (/opt/ros/humble/share/rosidl_generator_cpp/cmake)\n'}
[0.464877] (cpp_pubsub) StdoutLine: {'line': b'-- Using all available rosidl_typesupport_c: rosidl_typesupport_fastrtps_c;rosidl_typesupport_introspection_c\n'}
[0.493947] (cpp_pubsub) StdoutLine: {'line': b'-- Using all available rosidl_typesupport_cpp: rosidl_typesupport_fastrtps_cpp;rosidl_typesupport_introspection_cpp\n'}
[0.500142] (-) TimerEvent: {}
[0.520460] (cpp_pubsub) StdoutLine: {'line': b'-- Found rclcpp_lifecycle: 16.0.8 (/opt/ros/humble/share/rclcpp_lifecycle/cmake)\n'}
[0.600289] (-) TimerEvent: {}
[0.649498] (cpp_pubsub) StdoutLine: {'line': b'-- Found rmw_implementation_cmake: 6.1.1 (/opt/ros/humble/share/rmw_implementation_cmake/cmake)\n'}
[0.652089] (cpp_pubsub) StdoutLine: {'line': b'-- Found rmw_fastrtps_cpp: 6.2.6 (/opt/ros/humble/share/rmw_fastrtps_cpp/cmake)\n'}
[0.700434] (-) TimerEvent: {}
[0.801256] (-) TimerEvent: {}
[0.902773] (-) TimerEvent: {}
[1.003813] (-) TimerEvent: {}
[1.104249] (-) TimerEvent: {}
[1.106644] (cpp_pubsub) StdoutLine: {'line': b"-- Using RMW implementation 'rmw_fastrtps_cpp' as default\n"}
[1.204969] (-) TimerEvent: {}
[1.305845] (-) TimerEvent: {}
[1.406219] (-) TimerEvent: {}
[1.506585] (-) TimerEvent: {}
[1.571670] (cpp_pubsub) StdoutLine: {'line': b'-- Found rclcpp_action: 16.0.8 (/opt/ros/humble/share/rclcpp_action/cmake)\n'}
[1.606727] (-) TimerEvent: {}
[1.707088] (-) TimerEvent: {}
[1.741760] (cpp_pubsub) StdoutLine: {'line': b'-- Found example_interfaces: 0.9.3 (/opt/ros/humble/share/example_interfaces/cmake)\n'}
[1.807235] (-) TimerEvent: {}
[1.846918] (cpp_pubsub) StdoutLine: {'line': b'-- Found geometry_msgs: 4.2.3 (/opt/ros/humble/share/geometry_msgs/cmake)\n'}
[1.907342] (-) TimerEvent: {}
[1.927689] (cpp_pubsub) StdoutLine: {'line': b'-- Found tf2_ros: 0.25.6 (/opt/ros/humble/share/tf2_ros/cmake)\n'}
[2.007487] (-) TimerEvent: {}
[2.107856] (-) TimerEvent: {}
[2.208211] (-) TimerEvent: {}
[2.308583] (-) TimerEvent: {}
[2.380802] (cpp_pubsub) StdoutLine: {'line': b'-- Found tf2_geometry_msgs: 0.25.6 (/opt/ros/humble/share/tf2_geometry_msgs/cmake)\n'}
[2.388246] (cpp_pubsub) StdoutLine: {'line': b'-- Found eigen3_cmake_module: 0.1.1 (/opt/ros/humble/share/eigen3_cmake_module/cmake)\n'}
[2.390592] (cpp_pubsub) StdoutLine: {'line': b'-- Ensuring Eigen3 include directory is part of orocos-kdl CMake target\n'}
[2.407063] (cpp_pubsub) StdoutLine: {'line': b'-- Found nav_msgs: 4.2.3 (/opt/ros/humble/share/nav_msgs/cmake)\n'}
[2.408701] (-) TimerEvent: {}
[2.509023] (-) TimerEvent: {}
[2.572660] (cpp_pubsub) StdoutLine: {'line': b'-- Found ament_cmake_gtest: 1.3.8 (/opt/ros/humble/share/ament_cmake_gtest/cmake)\n'}
[2.573978] (cpp_pubsub) StdoutLine: {'line': b"-- Found gtest sources under '/opt/ros/humble/src/gtest_vendor': C++ tests using 'Google Test' will be built\n"}
[2.609137] (-) TimerEvent: {}
[2.703642] (cpp_pubsub) StdoutLine: {'line': b'-- Configuring done\n'}
[2.709268] (-) TimerEvent: {}
[2.809757] (-) TimerEvent: {}
[2.910690] (-) TimerEvent: {}
[2.946898] (cpp_pubsub) StdoutLine: {'line': b'-- Generating done\n'}
[2.951335] (cpp_pubsub) StdoutLine: {'line': b'-- Build files have been written to: /home/sameer/cpp_files/ros2_cpp/src/cpp_pubsub/build/cpp_pubsub\n'}
[3.011296] (-) TimerEvent: {}
[3.111878] (-) TimerEvent: {}
[3.190093] (cpp_pubsub) StdoutLine: {'line': b'\x1b[35m\x1b[1mConsolidate compiler generated dependencies of target gtest_main\x1b[0m\n'}
[3.190537] (cpp_pubsub) StdoutLine: {'line': b'\x1b[35m\x1b[1mConsolidate compiler generated dependencies of target gtest\x1b[0m\n'}
[3.211969] (-) TimerEvent: {}
[3.215797] (cpp_pubsub) StdoutLine: {'line': b'[ 22%] Built target gtest_main\n'}
[3.217256] (cpp_pubsub) StdoutLine: {'line': b'[ 44%] Built target gtest\n'}
[3.312686] (-) TimerEvent: {}
[3.414088] (-) TimerEvent: {}
[3.504294] (cpp_pubsub) StdoutLine: {'line': b'\x1b[35m\x1b[1mConsolidate compiler generated dependencies of target pubsub_test\x1b[0m\n'}
[3.514299] (-) TimerEvent: {}
[3.571645] (cpp_pubsub) StdoutLine: {'line': b'[ 55%] \x1b[32mBuilding CXX object CMakeFiles/pubsub_test.dir/test/pubsub_test.cpp.o\x1b[0m\n'}
[3.577621] (cpp_pubsub) StdoutLine: {'line': b'[ 66%] \x1b[32mBuilding CXX object CMakeFiles/pubsub_test.dir/src/publisher_member_function.cpp.o\x1b[0m\n'}
[3.580021] (cpp_pubsub) StdoutLine: {'line': b'[ 77%] \x1b[32mBuilding CXX object CMakeFiles/pubsub_test.dir/src/subscriber_member_function.cpp.o\x1b[0m\n'}
[3.583690] (cpp_pubsub) StdoutLine: {'line': b'[ 88%] \x1b[32mBuilding CXX object CMakeFiles/pubsub_test.dir/src/single_thread_spinner.cpp.o\x1b[0m\n'}
[3.614406] (-) TimerEvent: {}
[3.714808] (-) TimerEvent: {}
[3.815545] (-) TimerEvent: {}
[3.915999] (-) TimerEvent: {}
[4.016448] (-) TimerEvent: {}
[4.116888] (-) TimerEvent: {}
[4.217293] (-) TimerEvent: {}
[4.317839] (-) TimerEvent: {}
[4.418448] (-) TimerEvent: {}
[4.519035] (-) TimerEvent: {}
[4.619499] (-) TimerEvent: {}
[4.691585] (cpp_pubsub) StderrLine: {'line': b'\x1b[01m\x1b[K/home/sameer/cpp_files/ros2_cpp/src/cpp_pubsub/src/publisher_member_function.cpp:8:10:\x1b[m\x1b[K \x1b[01;31m\x1b[Kfatal error: \x1b[m\x1b[Kpublisher_member_function.hpp: No such file or directory\n'}
[4.692066] (cpp_pubsub) StderrLine: {'line': b'    8 | #include \x1b[01;31m\x1b[K"publisher_member_function.hpp"\x1b[m\x1b[K\n'}
[4.692427] (cpp_pubsub) StderrLine: {'line': b'      |          \x1b[01;31m\x1b[K^~~~~~~~~~~~~~~~~~~~~~~~~~~~~~~\x1b[m\x1b[K\n'}
[4.692832] (cpp_pubsub) StderrLine: {'line': b'compilation terminated.\n'}
[4.719614] (-) TimerEvent: {}
[4.820215] (-) TimerEvent: {}
[4.847792] (cpp_pubsub) StderrLine: {'line': b'gmake[2]: *** [CMakeFiles/pubsub_test.dir/build.make:90: CMakeFiles/pubsub_test.dir/src/publisher_member_function.cpp.o] Error 1\n'}
[4.848112] (cpp_pubsub) StderrLine: {'line': b'gmake[2]: *** Waiting for unfinished jobs....\n'}
[4.920346] (-) TimerEvent: {}
[5.020956] (-) TimerEvent: {}
[5.121569] (-) TimerEvent: {}
[5.222193] (-) TimerEvent: {}
[5.322821] (-) TimerEvent: {}
[5.423487] (-) TimerEvent: {}
[5.523960] (-) TimerEvent: {}
[5.624380] (-) TimerEvent: {}
[5.724839] (-) TimerEvent: {}
[5.825467] (-) TimerEvent: {}
[5.926092] (-) TimerEvent: {}
[6.026722] (-) TimerEvent: {}
[6.127352] (-) TimerEvent: {}
[6.227976] (-) TimerEvent: {}
[6.328458] (-) TimerEvent: {}
[6.428940] (-) TimerEvent: {}
[6.529368] (-) TimerEvent: {}
[6.629810] (-) TimerEvent: {}
[6.730433] (-) TimerEvent: {}
[6.831069] (-) TimerEvent: {}
[6.931745] (-) TimerEvent: {}
[7.032360] (-) TimerEvent: {}
[7.132979] (-) TimerEvent: {}
[7.233606] (-) TimerEvent: {}
[7.334214] (-) TimerEvent: {}
[7.434684] (-) TimerEvent: {}
[7.535179] (-) TimerEvent: {}
[7.635784] (-) TimerEvent: {}
[7.736402] (-) TimerEvent: {}
[7.837028] (-) TimerEvent: {}
[7.937639] (-) TimerEvent: {}
[8.038258] (-) TimerEvent: {}
[8.138882] (-) TimerEvent: {}
[8.239502] (-) TimerEvent: {}
[8.340153] (-) TimerEvent: {}
[8.440599] (-) TimerEvent: {}
[8.541211] (-) TimerEvent: {}
[8.641789] (-) TimerEvent: {}
[8.744040] (-) TimerEvent: {}
[8.844617] (-) TimerEvent: {}
[8.945071] (-) TimerEvent: {}
[9.046481] (-) TimerEvent: {}
[9.147163] (-) TimerEvent: {}
[9.247617] (-) TimerEvent: {}
[9.296800] (cpp_pubsub) StderrLine: {'line': b'\x1b[01m\x1b[K/home/sameer/cpp_files/ros2_cpp/src/cpp_pubsub/src/subscriber_member_function.cpp:13:1:\x1b[m\x1b[K \x1b[01;31m\x1b[Kerror: \x1b[m\x1b[Kexpected unqualified-id before \xe2\x80\x98\x1b[01m\x1b[K{\x1b[m\x1b[K\xe2\x80\x99 token\n'}
[9.297130] (cpp_pubsub) StderrLine: {'line': b'   13 | \x1b[01;31m\x1b[K{\x1b[m\x1b[K\n'}
[9.297331] (cpp_pubsub) StderrLine: {'line': b'      | \x1b[01;31m\x1b[K^\x1b[m\x1b[K\n'}
[9.347745] (-) TimerEvent: {}
[9.448203] (-) TimerEvent: {}
[9.551247] (-) TimerEvent: {}
[9.651708] (-) TimerEvent: {}
[9.752324] (-) TimerEvent: {}
[9.852942] (-) TimerEvent: {}
[9.953534] (-) TimerEvent: {}
[10.054150] (-) TimerEvent: {}
[10.154785] (-) TimerEvent: {}
[10.169297] (cpp_pubsub) StderrLine: {'line': b'\x1b[01m\x1b[K/home/sameer/cpp_files/ros2_cpp/src/cpp_pubsub/src/single_thread_spinner.cpp:\x1b[m\x1b[K In member function \xe2\x80\x98\x1b[01m\x1b[Kbool cpp_pubsub::SingleThreadSpinner::remove_node(rclcpp::Node::SharedPtr)\x1b[m\x1b[K\xe2\x80\x99:\n'}
[10.169713] (cpp_pubsub) StderrLine: {'line': b'\x1b[01m\x1b[K/home/sameer/cpp_files/ros2_cpp/src/cpp_pubsub/src/single_thread_spinner.cpp:37:28:\x1b[m\x1b[K \x1b[01;31m\x1b[Kerror: \x1b[m\x1b[K\xe2\x80\x98\x1b[01m\x1b[Klc_node\x1b[m\x1b[K\xe2\x80\x99 was not declared in this scope; did you mean \xe2\x80\x98\x1b[01m\x1b[Knode\x1b[m\x1b[K\xe2\x80\x99?\n'}
[10.169938] (cpp_pubsub) StderrLine: {'line': b'   37 |         return remove_node(\x1b[01;31m\x1b[Klc_node\x1b[m\x1b[K->get_node_base_interface());\n'}
[10.170127] (cpp_pubsub) StderrLine: {'line': b'      |                            \x1b[01;31m\x1b[K^~~~~~~\x1b[m\x1b[K\n'}
[10.170302] (cpp_pubsub) StderrLine: {'line': b'      |                            \x1b[32m\x1b[Knode\x1b[m\x1b[K\n'}
[10.170475] (cpp_pubsub) StderrLine: {'line': b'\x1b[01m\x1b[K/home/sameer/cpp_files/ros2_cpp/src/cpp_pubsub/src/single_thread_spinner.cpp:35:67:\x1b[m\x1b[K \x1b[01;35m\x1b[Kwarning: \x1b[m\x1b[Kunused parameter \xe2\x80\x98\x1b[01m\x1b[Knode\x1b[m\x1b[K\xe2\x80\x99 [\x1b[01;35m\x1b[K\x1b]8;;https://gcc.gnu.org/onlinedocs/gcc/Warning-Options.html#index-Wunused-parameter\x07-Wunused-parameter\x1b]8;;\x07\x1b[m\x1b[K]\n'}
[10.170679] (cpp_pubsub) StderrLine: {'line': b'   35 |     bool SingleThreadSpinner::remove_node(\x1b[01;35m\x1b[Krclcpp::Node::SharedPtr node\x1b[m\x1b[K)\n'}
[10.170847] (cpp_pubsub) StderrLine: {'line': b'      |                                           \x1b[01;35m\x1b[K~~~~~~~~~~~~~~~~~~~~~~~~^~~~\x1b[m\x1b[K\n'}
[10.171182] (cpp_pubsub) StderrLine: {'line': b'\x1b[01m\x1b[K/home/sameer/cpp_files/ros2_cpp/src/cpp_pubsub/src/single_thread_spinner.cpp:\x1b[m\x1b[K In member function \xe2\x80\x98\x1b[01m\x1b[Kbool cpp_pubsub::SingleThreadSpinner::add_node(rclcpp::node_interfaces::NodeBaseInterface::SharedPtr)\x1b[m\x1b[K\xe2\x80\x99:\n'}
[10.171444] (cpp_pubsub) StderrLine: {'line': b'\x1b[01m\x1b[K/home/sameer/cpp_files/ros2_cpp/src/cpp_pubsub/src/single_thread_spinner.cpp:46:32:\x1b[m\x1b[K \x1b[01;31m\x1b[Kerror: \x1b[m\x1b[K\xe2\x80\x98\x1b[01m\x1b[Krclcpp::executors::SingleThreadExecutor\x1b[m\x1b[K\xe2\x80\x99 has not been declared\n'}
[10.171651] (cpp_pubsub) StderrLine: {'line': b'   46 |             rclcpp::executors::\x1b[01;31m\x1b[KSingleThreadExecutor\x1b[m\x1b[K::add_node(node);\n'}
[10.171860] (cpp_pubsub) StderrLine: {'line': b'      |                                \x1b[01;31m\x1b[K^~~~~~~~~~~~~~~~~~~~\x1b[m\x1b[K\n'}
[10.172181] (cpp_pubsub) StderrLine: {'line': b'\x1b[01m\x1b[K/home/sameer/cpp_files/ros2_cpp/src/cpp_pubsub/src/single_thread_spinner.cpp:\x1b[m\x1b[K In member function \xe2\x80\x98\x1b[01m\x1b[Kbool cpp_pubsub::SingleThreadSpinner::remove_node(rclcpp::node_interfaces::NodeBaseInterface::SharedPtr)\x1b[m\x1b[K\xe2\x80\x99:\n'}
[10.172409] (cpp_pubsub) StderrLine: {'line': b'\x1b[01m\x1b[K/home/sameer/cpp_files/ros2_cpp/src/cpp_pubsub/src/single_thread_spinner.cpp:61:32:\x1b[m\x1b[K \x1b[01;31m\x1b[Kerror: \x1b[m\x1b[K\xe2\x80\x98\x1b[01m\x1b[Krclcpp::executors::SingleThreadExecutor\x1b[m\x1b[K\xe2\x80\x99 has not been declared\n'}
[10.172591] (cpp_pubsub) StderrLine: {'line': b'   61 |             rclcpp::executors::\x1b[01;31m\x1b[KSingleThreadExecutor\x1b[m\x1b[K::remove_node(node);\n'}
[10.172757] (cpp_pubsub) StderrLine: {'line': b'      |                                \x1b[01;31m\x1b[K^~~~~~~~~~~~~~~~~~~~\x1b[m\x1b[K\n'}
[10.174611] (cpp_pubsub) StderrLine: {'line': b'\x1b[01m\x1b[K/home/sameer/cpp_files/ros2_cpp/src/cpp_pubsub/src/single_thread_spinner.cpp:\x1b[m\x1b[K In member function \xe2\x80\x98\x1b[01m\x1b[Kbool cpp_pubsub::SingleThreadSpinner::cancel_all_spin()\x1b[m\x1b[K\xe2\x80\x99:\n'}
[10.174909] (cpp_pubsub) StderrLine: {'line': b'\x1b[01m\x1b[K/home/sameer/cpp_files/ros2_cpp/src/cpp_pubsub/src/single_thread_spinner.cpp:79:9:\x1b[m\x1b[K \x1b[01;35m\x1b[Kwarning: \x1b[m\x1b[Kthis \xe2\x80\x98\x1b[01m\x1b[Kwhile\x1b[m\x1b[K\xe2\x80\x99 clause does not guard... [\x1b[01;35m\x1b[K\x1b]8;;https://gcc.gnu.org/onlinedocs/gcc/Warning-Options.html#index-Wmisleading-indentation\x07-Wmisleading-indentation\x1b]8;;\x07\x1b[m\x1b[K]\n'}
[10.175117] (cpp_pubsub) StderrLine: {'line': b'   79 |         \x1b[01;35m\x1b[Kwhile\x1b[m\x1b[K (are_all_nodes_spinning_.load());\n'}
[10.175330] (cpp_pubsub) StderrLine: {'line': b'      |         \x1b[01;35m\x1b[K^~~~~\x1b[m\x1b[K\n'}
[10.175503] (cpp_pubsub) StderrLine: {'line': b'\x1b[01m\x1b[K/home/sameer/cpp_files/ros2_cpp/src/cpp_pubsub/src/single_thread_spinner.cpp:81:13:\x1b[m\x1b[K \x1b[01;36m\x1b[Knote: \x1b[m\x1b[K...this statement, but the latter is misleadingly indented as if it were guarded by the \xe2\x80\x98\x1b[01m\x1b[Kwhile\x1b[m\x1b[K\xe2\x80\x99\n'}
[10.175675] (cpp_pubsub) StderrLine: {'line': b'   81 |             \x1b[01;36m\x1b[Kstd\x1b[m\x1b[K::lock_guard<std::mutex>lock(mutex_);\n'}
[10.175836] (cpp_pubsub) StderrLine: {'line': b'      |             \x1b[01;36m\x1b[K^~~\x1b[m\x1b[K\n'}
[10.177964] (cpp_pubsub) StderrLine: {'line': b'\x1b[01m\x1b[K/home/sameer/cpp_files/ros2_cpp/src/cpp_pubsub/src/single_thread_spinner.cpp:\x1b[m\x1b[K In member function \xe2\x80\x98\x1b[01m\x1b[Kbool cpp_pubsub::SingleThreadSpinner::spin_some_all_nodes()\x1b[m\x1b[K\xe2\x80\x99:\n'}
[10.178270] (cpp_pubsub) StderrLine: {'line': b'\x1b[01m\x1b[K/home/sameer/cpp_files/ros2_cpp/src/cpp_pubsub/src/single_thread_spinner.cpp:120:50:\x1b[m\x1b[K \x1b[01;31m\x1b[Kerror: \x1b[m\x1b[Kqualified-id in declaration before \xe2\x80\x98\x1b[01m\x1b[K(\x1b[m\x1b[K\xe2\x80\x99 token\n'}
[10.178465] (cpp_pubsub) StderrLine: {'line': b'  120 |         void SingleThreadSpinner::spin_all_nodes_\x1b[01;31m\x1b[K(\x1b[m\x1b[K)\n'}
[10.178642] (cpp_pubsub) StderrLine: {'line': b'      |                                                  \x1b[01;31m\x1b[K^\x1b[m\x1b[K\n'}
[10.254923] (-) TimerEvent: {}
[10.302585] (cpp_pubsub) StderrLine: {'line': b'gmake[2]: *** [CMakeFiles/pubsub_test.dir/build.make:104: CMakeFiles/pubsub_test.dir/src/subscriber_member_function.cpp.o] Error 1\n'}
[10.355078] (-) TimerEvent: {}
[10.455530] (-) TimerEvent: {}
[10.486745] (cpp_pubsub) StderrLine: {'line': b'\x1b[01m\x1b[K/home/sameer/cpp_files/ros2_cpp/src/cpp_pubsub/test/pubsub_test.cpp:\x1b[m\x1b[K In member function \xe2\x80\x98\x1b[01m\x1b[Kvirtual void PubSubCommunication_pub_sub_communication_Test::TestBody()\x1b[m\x1b[K\xe2\x80\x99:\n'}
[10.487114] (cpp_pubsub) StderrLine: {'line': b'\x1b[01m\x1b[K/home/sameer/cpp_files/ros2_cpp/src/cpp_pubsub/test/pubsub_test.cpp:14:51:\x1b[m\x1b[K \x1b[01;31m\x1b[Kerror: \x1b[m\x1b[Kexpected primary-expression before \xe2\x80\x98\x1b[01m\x1b[K;\x1b[m\x1b[K\xe2\x80\x99 token\n'}
[10.487460] (cpp_pubsub) StderrLine: {'line': b'   14 |     auto spinner = cpp_pubsub::SingleThreadSpinner\x1b[01;31m\x1b[K;\x1b[m\x1b[K\n'}
[10.487722] (cpp_pubsub) StderrLine: {'line': b'      |                                                   \x1b[01;31m\x1b[K^\x1b[m\x1b[K\n'}
[10.509101] (cpp_pubsub) StderrLine: {'line': b'\x1b[01m\x1b[K/home/sameer/cpp_files/ros2_cpp/src/cpp_pubsub/test/pubsub_test.cpp:\x1b[m\x1b[K In member function \xe2\x80\x98\x1b[01m\x1b[Kvirtual void PubSubCommunication_check_received_msg_Test::TestBody()\x1b[m\x1b[K\xe2\x80\x99:\n'}
[10.509454] (cpp_pubsub) StderrLine: {'line': b'\x1b[01m\x1b[K/home/sameer/cpp_files/ros2_cpp/src/cpp_pubsub/test/pubsub_test.cpp:45:51:\x1b[m\x1b[K \x1b[01;31m\x1b[Kerror: \x1b[m\x1b[Kexpected primary-expression before \xe2\x80\x98\x1b[01m\x1b[K;\x1b[m\x1b[K\xe2\x80\x99 token\n'}
[10.509681] (cpp_pubsub) StderrLine: {'line': b'   45 |     auto spinner = cpp_pubsub::SingleThreadSpinner\x1b[01;31m\x1b[K;\x1b[m\x1b[K\n'}
[10.509910] (cpp_pubsub) StderrLine: {'line': b'      |                                                   \x1b[01;31m\x1b[K^\x1b[m\x1b[K\n'}
[10.510965] (cpp_pubsub) StderrLine: {'line': b'In file included from \x1b[01m\x1b[K/opt/ros/humble/src/gtest_vendor/include/gtest/gtest.h:62\x1b[m\x1b[K,\n'}
[10.511424] (cpp_pubsub) StderrLine: {'line': b'                 from \x1b[01m\x1b[K/home/sameer/cpp_files/ros2_cpp/src/cpp_pubsub/test/pubsub_test.cpp:6\x1b[m\x1b[K:\n'}
[10.511666] (cpp_pubsub) StderrLine: {'line': b'\x1b[01m\x1b[K/home/sameer/cpp_files/ros2_cpp/src/cpp_pubsub/test/pubsub_test.cpp:\x1b[m\x1b[K At global scope:\n'}
[10.511873] (cpp_pubsub) StderrLine: {'line': b'\x1b[01m\x1b[K/home/sameer/cpp_files/ros2_cpp/src/cpp_pubsub/test/pubsub_test.cpp:73:6:\x1b[m\x1b[K \x1b[01;31m\x1b[Kerror: \x1b[m\x1b[Kredefinition of \xe2\x80\x98\x1b[01m\x1b[Kclass PubSubCommunication_check_received_msg_Test\x1b[m\x1b[K\xe2\x80\x99\n'}
[10.512065] (cpp_pubsub) StderrLine: {'line': b'   73 | TEST(\x1b[01;31m\x1b[KPubSubCommunication\x1b[m\x1b[K,check_received_msg)\n'}
[10.512252] (cpp_pubsub) StderrLine: {'line': b'      |      \x1b[01;31m\x1b[K^~~~~~~~~~~~~~~~~~~\x1b[m\x1b[K\n'}
[10.512431] (cpp_pubsub) StderrLine: {'line': b'\x1b[01m\x1b[K/home/sameer/cpp_files/ros2_cpp/src/cpp_pubsub/test/pubsub_test.cpp:41:6:\x1b[m\x1b[K \x1b[01;36m\x1b[Knote: \x1b[m\x1b[Kprevious definition of \xe2\x80\x98\x1b[01m\x1b[Kclass PubSubCommunication_check_received_msg_Test\x1b[m\x1b[K\xe2\x80\x99\n'}
[10.512625] (cpp_pubsub) StderrLine: {'line': b'   41 | TEST(\x1b[01;36m\x1b[KPubSubCommunication\x1b[m\x1b[K,check_received_msg)\n'}
[10.512819] (cpp_pubsub) StderrLine: {'line': b'      |      \x1b[01;36m\x1b[K^~~~~~~~~~~~~~~~~~~\x1b[m\x1b[K\n'}
[10.513009] (cpp_pubsub) StderrLine: {'line': b'\x1b[01m\x1b[K/home/sameer/cpp_files/ros2_cpp/src/cpp_pubsub/test/pubsub_test.cpp:73:6:\x1b[m\x1b[K \x1b[01;31m\x1b[Kerror: \x1b[m\x1b[Kredefinition of \xe2\x80\x98\x1b[01m\x1b[Ktesting::TestInfo* const PubSubCommunication_check_received_msg_Test::test_info_\x1b[m\x1b[K\xe2\x80\x99\n'}
[10.513208] (cpp_pubsub) StderrLine: {'line': b'   73 | TEST(\x1b[01;31m\x1b[KPubSubCommunication\x1b[m\x1b[K,check_received_msg)\n'}
[10.513393] (cpp_pubsub) StderrLine: {'line': b'      |      \x1b[01;31m\x1b[K^~~~~~~~~~~~~~~~~~~\x1b[m\x1b[K\n'}
[10.513570] (cpp_pubsub) StderrLine: {'line': b'\x1b[01m\x1b[K/home/sameer/cpp_files/ros2_cpp/src/cpp_pubsub/test/pubsub_test.cpp:41:6:\x1b[m\x1b[K \x1b[01;36m\x1b[Knote: \x1b[m\x1b[K\xe2\x80\x98\x1b[01m\x1b[Ktesting::TestInfo* const PubSubCommunication_check_received_msg_Test::test_info_\x1b[m\x1b[K\xe2\x80\x99 previously declared here\n'}
[10.513764] (cpp_pubsub) StderrLine: {'line': b'   41 | TEST(\x1b[01;36m\x1b[KPubSubCommunication\x1b[m\x1b[K,check_received_msg)\n'}
[10.513946] (cpp_pubsub) StderrLine: {'line': b'      |      \x1b[01;36m\x1b[K^~~~~~~~~~~~~~~~~~~\x1b[m\x1b[K\n'}
[10.514158] (cpp_pubsub) StderrLine: {'line': b'\x1b[01m\x1b[K/home/sameer/cpp_files/ros2_cpp/src/cpp_pubsub/test/pubsub_test.cpp:73:6:\x1b[m\x1b[K \x1b[01;31m\x1b[Kerror: \x1b[m\x1b[Kredefinition of \xe2\x80\x98\x1b[01m\x1b[Kvoid PubSubCommunication_check_received_msg_Test::TestBody()\x1b[m\x1b[K\xe2\x80\x99\n'}
[10.514355] (cpp_pubsub) StderrLine: {'line': b'   73 | TEST(\x1b[01;31m\x1b[KPubSubCommunication\x1b[m\x1b[K,check_received_msg)\n'}
[10.514541] (cpp_pubsub) StderrLine: {'line': b'      |      \x1b[01;31m\x1b[K^~~~~~~~~~~~~~~~~~~\x1b[m\x1b[K\n'}
[10.514723] (cpp_pubsub) StderrLine: {'line': b'\x1b[01m\x1b[K/home/sameer/cpp_files/ros2_cpp/src/cpp_pubsub/test/pubsub_test.cpp:41:6:\x1b[m\x1b[K \x1b[01;36m\x1b[Knote: \x1b[m\x1b[K\xe2\x80\x98\x1b[01m\x1b[Kvirtual void PubSubCommunication_check_received_msg_Test::TestBody()\x1b[m\x1b[K\xe2\x80\x99 previously defined here\n'}
[10.514914] (cpp_pubsub) StderrLine: {'line': b'   41 | TEST(\x1b[01;36m\x1b[KPubSubCommunication\x1b[m\x1b[K,check_received_msg)\n'}
[10.515095] (cpp_pubsub) StderrLine: {'line': b'      |      \x1b[01;36m\x1b[K^~~~~~~~~~~~~~~~~~~\x1b[m\x1b[K\n'}
[10.555661] (-) TimerEvent: {}
[10.656115] (-) TimerEvent: {}
[10.756564] (-) TimerEvent: {}
[10.857020] (-) TimerEvent: {}
[10.957486] (-) TimerEvent: {}
[11.051758] (cpp_pubsub) StderrLine: {'line': b'gmake[2]: *** [CMakeFiles/pubsub_test.dir/build.make:118: CMakeFiles/pubsub_test.dir/src/single_thread_spinner.cpp.o] Error 1\n'}
[11.057629] (-) TimerEvent: {}
[11.158001] (-) TimerEvent: {}
[11.258365] (-) TimerEvent: {}
[11.358729] (-) TimerEvent: {}
[11.450107] (cpp_pubsub) StderrLine: {'line': b'gmake[2]: *** [CMakeFiles/pubsub_test.dir/build.make:76: CMakeFiles/pubsub_test.dir/test/pubsub_test.cpp.o] Error 1\n'}
[11.450433] (cpp_pubsub) StderrLine: {'line': b'gmake[1]: *** [CMakeFiles/Makefile2:156: CMakeFiles/pubsub_test.dir/all] Error 2\n'}
[11.450686] (cpp_pubsub) StderrLine: {'line': b'gmake: *** [Makefile:146: all] Error 2\n'}
[11.453790] (cpp_pubsub) CommandEnded: {'returncode': 2}
[11.458839] (-) TimerEvent: {}
[11.534391] (cpp_pubsub) JobEnded: {'identifier': 'cpp_pubsub', 'rc': 2}
[11.545328] (-) EventReactorShutdown: {}
