[0.017s] Invoking command in '/home/sameer/cpp_files/ros2_cpp/build/cpp_pubsub': CMAKE_PREFIX_PATH=/home/sameer/ros2_ws/install/my_robot_controller:/opt/ros/humble /usr/bin/cmake --build /home/sameer/cpp_files/ros2_cpp/build/cpp_pubsub -- -j4 -l4
[0.115s] [ 22%] Built target gtest_main
[0.116s] [ 44%] Built target gtest
[0.148s] [35m[1mConsolidate compiler generated dependencies of target pubsub_test[0m
[0.204s] [ 55%] [32mBuilding CXX object CMakeFiles/pubsub_test.dir/test/pubsub_test.cpp.o[0m
[0.206s] [ 66%] [32mBuilding CXX object CMakeFiles/pubsub_test.dir/src/publisher_member_function.cpp.o[0m
[0.207s] [ 77%] [32mBuilding CXX object CMakeFiles/pubsub_test.dir/src/subscriber_member_function.cpp.o[0m
[0.210s] [ 88%] [32mBuilding CXX object CMakeFiles/pubsub_test.dir/src/single_thread_spinner.cpp.o[0m
[1.304s] [01m[K/home/sameer/cpp_files/ros2_cpp/src/cpp_pubsub/src/publisher_member_function.cpp:8:10:[m[K [01;31m[Kfatal error: [m[Kpublisher_member_function.hpp: No such file or directory
[1.305s]     8 | #include [01;31m[K"publisher_member_function.hpp"[m[K
[1.305s]       |          [01;31m[K^~~~~~~~~~~~~~~~~~~~~~~~~~~~~~~[m[K
[1.305s] compilation terminated.
[1.312s] gmake[2]: *** [CMakeFiles/pubsub_test.dir/build.make:90: CMakeFiles/pubsub_test.dir/src/publisher_member_function.cpp.o] Error 1
[1.312s] gmake[2]: *** Waiting for unfinished jobs....
[6.480s] [01m[K/home/sameer/cpp_files/ros2_cpp/src/cpp_pubsub/test/pubsub_test.cpp:[m[K In member function â€˜[01m[Kvirtual void PubSubCommunication_pub_sub_communication_Test::TestBody()[m[Kâ€™:
[6.481s] [01m[K/home/sameer/cpp_files/ros2_cpp/src/cpp_pubsub/test/pubsub_test.cpp:14:51:[m[K [01;31m[Kerror: [m[Kexpected primary-expression before â€˜[01m[K;[m[Kâ€™ token
[6.481s]    14 |     auto spinner = cpp_pubsub::SingleThreadSpinner[01;31m[K;[m[K
[6.481s]       |                                                   [01;31m[K^[m[K
[6.519s] [01m[K/home/sameer/cpp_files/ros2_cpp/src/cpp_pubsub/test/pubsub_test.cpp:23:23:[m[K [01;31m[Kerror: [m[Kâ€˜[01m[Kpub_node[m[Kâ€™ was not declared in this scope; did you mean â€˜[01m[Ksub_node[m[Kâ€™?
[6.519s]    23 |     spinner->add_node([01;31m[Kpub_node[m[K);
[6.519s]       |                       [01;31m[K^~~~~~~~[m[K
[6.519s]       |                       [32m[Ksub_node[m[K
[6.521s] [01m[K/home/sameer/cpp_files/ros2_cpp/src/cpp_pubsub/src/subscriber_member_function.cpp:13:1:[m[K [01;31m[Kerror: [m[Kexpected unqualified-id before â€˜[01m[K{[m[Kâ€™ token
[6.522s]    13 | [01;31m[K{[m[K
[6.522s]       | [01;31m[K^[m[K
[6.538s] [01m[K/home/sameer/cpp_files/ros2_cpp/src/cpp_pubsub/test/pubsub_test.cpp:[m[K In member function â€˜[01m[Kvirtual void PubSubCommunication_check_received_msg_Test::TestBody()[m[Kâ€™:
[6.539s] [01m[K/home/sameer/cpp_files/ros2_cpp/src/cpp_pubsub/test/pubsub_test.cpp:64:13:[m[K [01;31m[Kerror: [m[Kâ€˜[01m[Kclass std::shared_ptr<cpp_pubsub::SingleThreadSpinner>[m[Kâ€™ has no member named â€˜[01m[Kspin_some_all_nodes[m[Kâ€™
[6.539s]    64 |     spinner.[01;31m[Kspin_some_all_nodes[m[K();
[6.539s]       |             [01;31m[K^~~~~~~~~~~~~~~~~~~[m[K
[6.540s] In file included from [01m[K/opt/ros/humble/src/gtest_vendor/include/gtest/gtest.h:62[m[K,
[6.540s]                  from [01m[K/home/sameer/cpp_files/ros2_cpp/src/cpp_pubsub/test/pubsub_test.cpp:6[m[K:
[6.541s] [01m[K/home/sameer/cpp_files/ros2_cpp/src/cpp_pubsub/test/pubsub_test.cpp:[m[K At global scope:
[6.541s] [01m[K/home/sameer/cpp_files/ros2_cpp/src/cpp_pubsub/test/pubsub_test.cpp:73:6:[m[K [01;31m[Kerror: [m[Kredefinition of â€˜[01m[Kclass PubSubCommunication_check_received_msg_Test[m[Kâ€™
[6.541s]    73 | TEST([01;31m[KPubSubCommunication[m[K,check_received_msg)
[6.541s]       |      [01;31m[K^~~~~~~~~~~~~~~~~~~[m[K
[6.541s] [01m[K/home/sameer/cpp_files/ros2_cpp/src/cpp_pubsub/test/pubsub_test.cpp:41:6:[m[K [01;36m[Knote: [m[Kprevious definition of â€˜[01m[Kclass PubSubCommunication_check_received_msg_Test[m[Kâ€™
[6.542s]    41 | TEST([01;36m[KPubSubCommunication[m[K,check_received_msg)
[6.542s]       |      [01;36m[K^~~~~~~~~~~~~~~~~~~[m[K
[6.542s] [01m[K/home/sameer/cpp_files/ros2_cpp/src/cpp_pubsub/test/pubsub_test.cpp:73:6:[m[K [01;31m[Kerror: [m[Kredefinition of â€˜[01m[Ktesting::TestInfo* const PubSubCommunication_check_received_msg_Test::test_info_[m[Kâ€™
[6.542s]    73 | TEST([01;31m[KPubSubCommunication[m[K,check_received_msg)
[6.542s]       |      [01;31m[K^~~~~~~~~~~~~~~~~~~[m[K
[6.545s] [01m[K/home/sameer/cpp_files/ros2_cpp/src/cpp_pubsub/test/pubsub_test.cpp:41:6:[m[K [01;36m[Knote: [m[Kâ€˜[01m[Ktesting::TestInfo* const PubSubCommunication_check_received_msg_Test::test_info_[m[Kâ€™ previously declared here
[6.545s]    41 | TEST([01;36m[KPubSubCommunication[m[K,check_received_msg)
[6.545s]       |      [01;36m[K^~~~~~~~~~~~~~~~~~~[m[K
[6.545s] [01m[K/home/sameer/cpp_files/ros2_cpp/src/cpp_pubsub/test/pubsub_test.cpp:73:6:[m[K [01;31m[Kerror: [m[Kredefinition of â€˜[01m[Kvoid PubSubCommunication_check_received_msg_Test::TestBody()[m[Kâ€™
[6.545s]    73 | TEST([01;31m[KPubSubCommunication[m[K,check_received_msg)
[6.546s]       |      [01;31m[K^~~~~~~~~~~~~~~~~~~[m[K
[6.546s] [01m[K/home/sameer/cpp_files/ros2_cpp/src/cpp_pubsub/test/pubsub_test.cpp:41:6:[m[K [01;36m[Knote: [m[Kâ€˜[01m[Kvirtual void PubSubCommunication_check_received_msg_Test::TestBody()[m[Kâ€™ previously defined here
[6.546s]    41 | TEST([01;36m[KPubSubCommunication[m[K,check_received_msg)
[6.546s]       |      [01;36m[K^~~~~~~~~~~~~~~~~~~[m[K
[6.846s] [01m[K/home/sameer/cpp_files/ros2_cpp/src/cpp_pubsub/src/single_thread_spinner.cpp:[m[K In member function â€˜[01m[Kbool cpp_pubsub::SingleThreadSpinner::add_node(rclcpp::node_interfaces::NodeBaseInterface::SharedPtr)[m[Kâ€™:
[6.846s] [01m[K/home/sameer/cpp_files/ros2_cpp/src/cpp_pubsub/src/single_thread_spinner.cpp:46:32:[m[K [01;31m[Kerror: [m[Kâ€˜[01m[Krclcpp::executors::SingleThreadExecutor[m[Kâ€™ has not been declared
[6.847s]    46 |             rclcpp::executors::[01;31m[KSingleThreadExecutor[m[K::add_node(node);
[6.847s]       |                                [01;31m[K^~~~~~~~~~~~~~~~~~~~[m[K
[6.847s] [01m[K/home/sameer/cpp_files/ros2_cpp/src/cpp_pubsub/src/single_thread_spinner.cpp:[m[K In member function â€˜[01m[Kbool cpp_pubsub::SingleThreadSpinner::remove_node(rclcpp::node_interfaces::NodeBaseInterface::SharedPtr)[m[Kâ€™:
[6.848s] [01m[K/home/sameer/cpp_files/ros2_cpp/src/cpp_pubsub/src/single_thread_spinner.cpp:61:32:[m[K [01;31m[Kerror: [m[Kâ€˜[01m[Krclcpp::executors::SingleThreadExecutor[m[Kâ€™ has not been declared
[6.848s]    61 |             rclcpp::executors::[01;31m[KSingleThreadExecutor[m[K::remove_node(node);
[6.848s]       |                                [01;31m[K^~~~~~~~~~~~~~~~~~~~[m[K
[6.851s] [01m[K/home/sameer/cpp_files/ros2_cpp/src/cpp_pubsub/src/single_thread_spinner.cpp:[m[K In member function â€˜[01m[Kbool cpp_pubsub::SingleThreadSpinner::cancel_all_spin()[m[Kâ€™:
[6.851s] [01m[K/home/sameer/cpp_files/ros2_cpp/src/cpp_pubsub/src/single_thread_spinner.cpp:79:9:[m[K [01;35m[Kwarning: [m[Kthis â€˜[01m[Kwhile[m[Kâ€™ clause does not guard... [[01;35m[K]8;;https://gcc.gnu.org/onlinedocs/gcc/Warning-Options.html#index-Wmisleading-indentation-Wmisleading-indentation]8;;[m[K]
[6.851s]    79 |         [01;35m[Kwhile[m[K (are_all_nodes_spinning_.load());
[6.851s]       |         [01;35m[K^~~~~[m[K
[6.851s] [01m[K/home/sameer/cpp_files/ros2_cpp/src/cpp_pubsub/src/single_thread_spinner.cpp:81:13:[m[K [01;36m[Knote: [m[K...this statement, but the latter is misleadingly indented as if it were guarded by the â€˜[01m[Kwhile[m[Kâ€™
[6.852s]    81 |             [01;36m[Kstd[m[K::lock_guard<std::mutex> lock(mutex_);
[6.852s]       |             [01;36m[K^~~[m[K
[6.854s] [01m[K/home/sameer/cpp_files/ros2_cpp/src/cpp_pubsub/src/single_thread_spinner.cpp:[m[K In member function â€˜[01m[Kbool cpp_pubsub::SingleThreadSpinner::spin_some_all_nodes()[m[Kâ€™:
[6.854s] [01m[K/home/sameer/cpp_files/ros2_cpp/src/cpp_pubsub/src/single_thread_spinner.cpp:120:50:[m[K [01;31m[Kerror: [m[Kqualified-id in declaration before â€˜[01m[K([m[Kâ€™ token
[6.854s]   120 |         void SingleThreadSpinner::spin_all_nodes_[01;31m[K([m[K)
[6.855s]       |                                                  [01;31m[K^[m[K
[7.330s] gmake[2]: *** [CMakeFiles/pubsub_test.dir/build.make:104: CMakeFiles/pubsub_test.dir/src/subscriber_member_function.cpp.o] Error 1
[7.792s] gmake[2]: *** [CMakeFiles/pubsub_test.dir/build.make:76: CMakeFiles/pubsub_test.dir/test/pubsub_test.cpp.o] Error 1
[7.855s] gmake[2]: *** [CMakeFiles/pubsub_test.dir/build.make:118: CMakeFiles/pubsub_test.dir/src/single_thread_spinner.cpp.o] Error 1
[7.855s] gmake[1]: *** [CMakeFiles/Makefile2:156: CMakeFiles/pubsub_test.dir/all] Error 2
[7.856s] gmake: *** [Makefile:146: all] Error 2
[7.859s] Invoked command in '/home/sameer/cpp_files/ros2_cpp/build/cpp_pubsub' returned '2': CMAKE_PREFIX_PATH=/home/sameer/ros2_ws/install/my_robot_controller:/opt/ros/humble /usr/bin/cmake --build /home/sameer/cpp_files/ros2_cpp/build/cpp_pubsub -- -j4 -l4
