[0.018s] Invoking command in '/home/sameer/cpp_files/ros2_cpp/src/cpp_pubsub/build/cpp_pubsub': CMAKE_PREFIX_PATH=/home/sameer/ros2_ws/install/my_robot_controller:/opt/ros/humble /usr/bin/cmake --build /home/sameer/cpp_files/ros2_cpp/src/cpp_pubsub/build/cpp_pubsub -- -j4 -l4
[0.192s] -- Found ament_cmake: 1.3.8 (/opt/ros/humble/share/ament_cmake/cmake)
[0.467s] -- Found rclcpp: 16.0.8 (/opt/ros/humble/share/rclcpp/cmake)
[0.572s] -- Found rosidl_generator_c: 3.1.5 (/opt/ros/humble/share/rosidl_generator_c/cmake)
[0.577s] -- Found rosidl_adapter: 3.1.5 (/opt/ros/humble/share/rosidl_adapter/cmake)
[0.588s] -- Found rosidl_generator_cpp: 3.1.5 (/opt/ros/humble/share/rosidl_generator_cpp/cmake)
[0.609s] -- Using all available rosidl_typesupport_c: rosidl_typesupport_fastrtps_c;rosidl_typesupport_introspection_c
[0.640s] -- Using all available rosidl_typesupport_cpp: rosidl_typesupport_fastrtps_cpp;rosidl_typesupport_introspection_cpp
[0.750s] -- Found rmw_implementation_cmake: 6.1.1 (/opt/ros/humble/share/rmw_implementation_cmake/cmake)
[0.753s] -- Found rmw_fastrtps_cpp: 6.2.6 (/opt/ros/humble/share/rmw_fastrtps_cpp/cmake)
[0.982s] -- Using RMW implementation 'rmw_fastrtps_cpp' as default
[1.318s] -- Found lifecycle_msgs: 1.2.1 (/opt/ros/humble/share/lifecycle_msgs/cmake)
[1.351s] -- Found rclcpp_lifecycle: 16.0.8 (/opt/ros/humble/share/rclcpp_lifecycle/cmake)
[1.384s] -- Found rclcpp_action: 16.0.8 (/opt/ros/humble/share/rclcpp_action/cmake)
[1.551s] -- Found example_interfaces: 0.9.3 (/opt/ros/humble/share/example_interfaces/cmake)
[1.653s] -- Found geometry_msgs: 4.2.3 (/opt/ros/humble/share/geometry_msgs/cmake)
[1.733s] -- Found tf2_ros: 0.25.6 (/opt/ros/humble/share/tf2_ros/cmake)
[2.181s] -- Found tf2_geometry_msgs: 0.25.6 (/opt/ros/humble/share/tf2_geometry_msgs/cmake)
[2.203s] -- Found eigen3_cmake_module: 0.1.1 (/opt/ros/humble/share/eigen3_cmake_module/cmake)
[2.205s] -- Ensuring Eigen3 include directory is part of orocos-kdl CMake target
[2.222s] -- Found nav_msgs: 4.2.3 (/opt/ros/humble/share/nav_msgs/cmake)
[2.385s] -- Found ament_cmake_gtest: 1.3.8 (/opt/ros/humble/share/ament_cmake_gtest/cmake)
[2.386s] -- Found gtest sources under '/opt/ros/humble/src/gtest_vendor': C++ tests using 'Google Test' will be built
[2.516s] -- Configuring done
[2.602s] -- Generating done
[2.610s] -- Build files have been written to: /home/sameer/cpp_files/ros2_cpp/src/cpp_pubsub/build/cpp_pubsub
[2.663s] [35m[1mConsolidate compiler generated dependencies of target gtest_main[0m
[2.663s] [35m[1mConsolidate compiler generated dependencies of target gtest[0m
[2.690s] [ 11%] [32mBuilding CXX object gtest/CMakeFiles/gtest_main.dir/src/gtest_main.cc.o[0m
[2.690s] [ 22%] [32mBuilding CXX object gtest/CMakeFiles/gtest.dir/src/gtest-all.cc.o[0m
[4.673s] [ 33%] [32m[1mLinking CXX static library libgtest_main.a[0m
[4.733s] [ 33%] Built target gtest_main
[8.916s] [ 44%] [32m[1mLinking CXX static library libgtest.a[0m
[9.025s] [ 44%] Built target gtest
[9.048s] [35m[1mConsolidate compiler generated dependencies of target pubsub_test[0m
[9.106s] [ 55%] [32mBuilding CXX object CMakeFiles/pubsub_test.dir/test/pubsub_test.cpp.o[0m
[9.107s] [ 66%] [32mBuilding CXX object CMakeFiles/pubsub_test.dir/src/publisher_member_function.cpp.o[0m
[9.110s] [ 77%] [32mBuilding CXX object CMakeFiles/pubsub_test.dir/src/subscriber_member_function.cpp.o[0m
[9.112s] [ 88%] [32mBuilding CXX object CMakeFiles/pubsub_test.dir/src/single_thread_spinner.cpp.o[0m
[10.183s] [01m[K/home/sameer/cpp_files/ros2_cpp/src/cpp_pubsub/src/publisher_member_function.cpp:8:10:[m[K [01;31m[Kfatal error: [m[Kpublisher_member_function.hpp: No such file or directory
[10.184s]     8 | #include [01;31m[K"publisher_member_function.hpp"[m[K
[10.184s]       |          [01;31m[K^~~~~~~~~~~~~~~~~~~~~~~~~~~~~~~[m[K
[10.184s] compilation terminated.
[10.243s] gmake[2]: *** [CMakeFiles/pubsub_test.dir/build.make:90: CMakeFiles/pubsub_test.dir/src/publisher_member_function.cpp.o] Error 1
[10.244s] gmake[2]: *** Waiting for unfinished jobs....
[14.920s] [01m[K/home/sameer/cpp_files/ros2_cpp/src/cpp_pubsub/src/subscriber_member_function.cpp:43:24:[m[K [01;31m[Kerror: [m[Kâ€˜[01m[KMinimalSubcriber[m[Kâ€™ has not been declared
[14.920s]    43 |  std_msgs::msg::String [01;31m[KMinimalSubcriber[m[K::get_received_msg()
[14.920s]       |                        [01;31m[K^~~~~~~~~~~~~~~~[m[K
[14.927s] [01m[K/home/sameer/cpp_files/ros2_cpp/src/cpp_pubsub/src/subscriber_member_function.cpp:[m[K In function â€˜[01m[Kstd_msgs::msg::String cpp_pubsub::get_received_msg()[m[Kâ€™:
[14.928s] [01m[K/home/sameer/cpp_files/ros2_cpp/src/cpp_pubsub/src/subscriber_member_function.cpp:45:12:[m[K [01;31m[Kerror: [m[Kâ€˜[01m[Kreceived_msg_[m[Kâ€™ was not declared in this scope; did you mean â€˜[01m[Kget_received_msg[m[Kâ€™?
[14.928s]    45 |     return [01;31m[Kreceived_msg_[m[K;
[14.928s]       |            [01;31m[K^~~~~~~~~~~~~[m[K
[14.928s]       |            [32m[Kget_received_msg[m[K
[15.392s] [01m[K/home/sameer/cpp_files/ros2_cpp/src/cpp_pubsub/src/single_thread_spinner.cpp:[m[K In member function â€˜[01m[Kbool cpp_pubsub::SingleThreadSpinner::add_node(rclcpp::node_interfaces::NodeBaseInterface::SharedPtr)[m[Kâ€™:
[15.392s] [01m[K/home/sameer/cpp_files/ros2_cpp/src/cpp_pubsub/src/single_thread_spinner.cpp:46:32:[m[K [01;31m[Kerror: [m[Kâ€˜[01m[Krclcpp::executors::SingleThreadExecutor[m[Kâ€™ has not been declared
[15.392s]    46 |             rclcpp::executors::[01;31m[KSingleThreadExecutor[m[K::add_node(node);
[15.392s]       |                                [01;31m[K^~~~~~~~~~~~~~~~~~~~[m[K
[15.393s] [01m[K/home/sameer/cpp_files/ros2_cpp/src/cpp_pubsub/src/single_thread_spinner.cpp:[m[K In member function â€˜[01m[Kbool cpp_pubsub::SingleThreadSpinner::remove_node(rclcpp::node_interfaces::NodeBaseInterface::SharedPtr)[m[Kâ€™:
[15.394s] [01m[K/home/sameer/cpp_files/ros2_cpp/src/cpp_pubsub/src/single_thread_spinner.cpp:61:32:[m[K [01;31m[Kerror: [m[Kâ€˜[01m[Krclcpp::executors::SingleThreadExecutor[m[Kâ€™ has not been declared
[15.394s]    61 |             rclcpp::executors::[01;31m[KSingleThreadExecutor[m[K::remove_node(node);
[15.394s]       |                                [01;31m[K^~~~~~~~~~~~~~~~~~~~[m[K
[15.396s] [01m[K/home/sameer/cpp_files/ros2_cpp/src/cpp_pubsub/src/single_thread_spinner.cpp:[m[K In member function â€˜[01m[Kbool cpp_pubsub::SingleThreadSpinner::cancel_all_spin()[m[Kâ€™:
[15.397s] [01m[K/home/sameer/cpp_files/ros2_cpp/src/cpp_pubsub/src/single_thread_spinner.cpp:79:9:[m[K [01;35m[Kwarning: [m[Kthis â€˜[01m[Kwhile[m[Kâ€™ clause does not guard... [[01;35m[K]8;;https://gcc.gnu.org/onlinedocs/gcc/Warning-Options.html#index-Wmisleading-indentation-Wmisleading-indentation]8;;[m[K]
[15.397s]    79 |         [01;35m[Kwhile[m[K(are_all_nodes_spinning_.load());
[15.397s]       |         [01;35m[K^~~~~[m[K
[15.397s] [01m[K/home/sameer/cpp_files/ros2_cpp/src/cpp_pubsub/src/single_thread_spinner.cpp:81:13:[m[K [01;36m[Knote: [m[K...this statement, but the latter is misleadingly indented as if it were guarded by the â€˜[01m[Kwhile[m[Kâ€™
[15.397s]    81 |             [01;36m[Kstd[m[K::lock_guard<std::mutex> lock(mutex_);
[15.398s]       |             [01;36m[K^~~[m[K
[15.399s] [01m[K/home/sameer/cpp_files/ros2_cpp/src/cpp_pubsub/src/single_thread_spinner.cpp:[m[K In member function â€˜[01m[Kbool cpp_pubsub::SingleThreadSpinner::spin_some_all_nodes()[m[Kâ€™:
[15.399s] [01m[K/home/sameer/cpp_files/ros2_cpp/src/cpp_pubsub/src/single_thread_spinner.cpp:120:50:[m[K [01;31m[Kerror: [m[Kqualified-id in declaration before â€˜[01m[K([m[Kâ€™ token
[15.400s]   120 |         void SingleThreadSpinner::spin_all_nodes_[01;31m[K([m[K)
[15.400s]       |                                                  [01;31m[K^[m[K
[16.424s] gmake[2]: *** [CMakeFiles/pubsub_test.dir/build.make:118: CMakeFiles/pubsub_test.dir/src/single_thread_spinner.cpp.o] Error 1
[16.593s] [01m[K/home/sameer/cpp_files/ros2_cpp/src/cpp_pubsub/test/pubsub_test.cpp:[m[K In member function â€˜[01m[Kvirtual void PubSubCommunication_pub_sub_communication_Test::TestBody()[m[Kâ€™:
[16.593s] [01m[K/home/sameer/cpp_files/ros2_cpp/src/cpp_pubsub/test/pubsub_test.cpp:14:51:[m[K [01;31m[Kerror: [m[Kexpected primary-expression before â€˜[01m[K;[m[Kâ€™ token
[16.593s]    14 |     auto spinner = cpp_pubsub::SingleThreadSpinner[01;31m[K;[m[K
[16.593s]       |                                                   [01;31m[K^[m[K
[16.619s] [01m[K/home/sameer/cpp_files/ros2_cpp/src/cpp_pubsub/test/pubsub_test.cpp:[m[K In member function â€˜[01m[Kvirtual void PubSubCommunication_check_received_msg_Test::TestBody()[m[Kâ€™:
[16.620s] [01m[K/home/sameer/cpp_files/ros2_cpp/src/cpp_pubsub/test/pubsub_test.cpp:59:13:[m[K [01;31m[Kerror: [m[Kâ€˜[01m[Kclass std::shared_ptr<cpp_pubsub::SingleThreadSpinner>[m[Kâ€™ has no member named â€˜[01m[Kadd_node[m[Kâ€™
[16.620s]    59 |     spinner.[01;31m[Kadd_node[m[K(pub_node->get_node_base_interface());
[16.620s]       |             [01;31m[K^~~~~~~~[m[K
[16.620s] [01m[K/home/sameer/cpp_files/ros2_cpp/src/cpp_pubsub/test/pubsub_test.cpp:60:13:[m[K [01;31m[Kerror: [m[Kâ€˜[01m[Kclass std::shared_ptr<cpp_pubsub::SingleThreadSpinner>[m[Kâ€™ has no member named â€˜[01m[Kadd_node[m[Kâ€™
[16.620s]    60 |     spinner.[01;31m[Kadd_node[m[K(sub_node->get_node_base_interface());
[16.621s]       |             [01;31m[K^~~~~~~~[m[K
[16.621s] [01m[K/home/sameer/cpp_files/ros2_cpp/src/cpp_pubsub/test/pubsub_test.cpp:62:13:[m[K [01;31m[Kerror: [m[Kâ€˜[01m[Kclass std::shared_ptr<cpp_pubsub::SingleThreadSpinner>[m[Kâ€™ has no member named â€˜[01m[Kspin_some_all_nodes[m[Kâ€™
[16.622s]    62 |     spinner.[01;31m[Kspin_some_all_nodes[m[K();
[16.622s]       |             [01;31m[K^~~~~~~~~~~~~~~~~~~[m[K
[16.622s] In file included from [01m[K/opt/ros/humble/src/gtest_vendor/include/gtest/gtest.h:62[m[K,
[16.622s]                  from [01m[K/home/sameer/cpp_files/ros2_cpp/src/cpp_pubsub/test/pubsub_test.cpp:6[m[K:
[16.622s] [01m[K/home/sameer/cpp_files/ros2_cpp/src/cpp_pubsub/test/pubsub_test.cpp:[m[K At global scope:
[16.622s] [01m[K/home/sameer/cpp_files/ros2_cpp/src/cpp_pubsub/test/pubsub_test.cpp:71:6:[m[K [01;31m[Kerror: [m[Kredefinition of â€˜[01m[Kclass PubSubCommunication_check_received_msg_Test[m[Kâ€™
[16.623s]    71 | TEST([01;31m[KPubSubCommunication[m[K,check_received_msg)
[16.623s]       |      [01;31m[K^~~~~~~~~~~~~~~~~~~[m[K
[16.623s] [01m[K/home/sameer/cpp_files/ros2_cpp/src/cpp_pubsub/test/pubsub_test.cpp:39:6:[m[K [01;36m[Knote: [m[Kprevious definition of â€˜[01m[Kclass PubSubCommunication_check_received_msg_Test[m[Kâ€™
[16.623s]    39 | TEST([01;36m[KPubSubCommunication[m[K,check_received_msg)
[16.623s]       |      [01;36m[K^~~~~~~~~~~~~~~~~~~[m[K
[16.623s] [01m[K/home/sameer/cpp_files/ros2_cpp/src/cpp_pubsub/test/pubsub_test.cpp:71:6:[m[K [01;31m[Kerror: [m[Kredefinition of â€˜[01m[Ktesting::TestInfo* const PubSubCommunication_check_received_msg_Test::test_info_[m[Kâ€™
[16.623s]    71 | TEST([01;31m[KPubSubCommunication[m[K,check_received_msg)
[16.624s]       |      [01;31m[K^~~~~~~~~~~~~~~~~~~[m[K
[16.624s] [01m[K/home/sameer/cpp_files/ros2_cpp/src/cpp_pubsub/test/pubsub_test.cpp:39:6:[m[K [01;36m[Knote: [m[Kâ€˜[01m[Ktesting::TestInfo* const PubSubCommunication_check_received_msg_Test::test_info_[m[Kâ€™ previously declared here
[16.624s]    39 | TEST([01;36m[KPubSubCommunication[m[K,check_received_msg)
[16.624s]       |      [01;36m[K^~~~~~~~~~~~~~~~~~~[m[K
[16.624s] [01m[K/home/sameer/cpp_files/ros2_cpp/src/cpp_pubsub/test/pubsub_test.cpp:71:6:[m[K [01;31m[Kerror: [m[Kredefinition of â€˜[01m[Kvoid PubSubCommunication_check_received_msg_Test::TestBody()[m[Kâ€™
[16.624s]    71 | TEST([01;31m[KPubSubCommunication[m[K,check_received_msg)
[16.625s]       |      [01;31m[K^~~~~~~~~~~~~~~~~~~[m[K
[16.625s] [01m[K/home/sameer/cpp_files/ros2_cpp/src/cpp_pubsub/test/pubsub_test.cpp:39:6:[m[K [01;36m[Knote: [m[Kâ€˜[01m[Kvirtual void PubSubCommunication_check_received_msg_Test::TestBody()[m[Kâ€™ previously defined here
[16.625s]    39 | TEST([01;36m[KPubSubCommunication[m[K,check_received_msg)
[16.625s]       |      [01;36m[K^~~~~~~~~~~~~~~~~~~[m[K
[17.578s] gmake[2]: *** [CMakeFiles/pubsub_test.dir/build.make:76: CMakeFiles/pubsub_test.dir/test/pubsub_test.cpp.o] Error 1
[19.222s] gmake[2]: *** [CMakeFiles/pubsub_test.dir/build.make:104: CMakeFiles/pubsub_test.dir/src/subscriber_member_function.cpp.o] Error 1
[19.222s] gmake[1]: *** [CMakeFiles/Makefile2:156: CMakeFiles/pubsub_test.dir/all] Error 2
[19.222s] gmake: *** [Makefile:146: all] Error 2
[19.227s] Invoked command in '/home/sameer/cpp_files/ros2_cpp/src/cpp_pubsub/build/cpp_pubsub' returned '2': CMAKE_PREFIX_PATH=/home/sameer/ros2_ws/install/my_robot_controller:/opt/ros/humble /usr/bin/cmake --build /home/sameer/cpp_files/ros2_cpp/src/cpp_pubsub/build/cpp_pubsub -- -j4 -l4
