[01m[K/home/sameer/cpp_files/ros2_cpp/src/cpp_pubsub/src/single_thread_spinner.cpp:[m[K In member function â€˜[01m[Kbool cpp_pubsub::SingleThreadSpinner::add_node(rclcpp::node_interfaces::NodeBaseInterface::SharedPtr)[m[Kâ€™:
[01m[K/home/sameer/cpp_files/ros2_cpp/src/cpp_pubsub/src/single_thread_spinner.cpp:13:5:[m[K [01;31m[Kerror: [m[Kâ€˜[01m[Knodes_[m[Kâ€™ was not declared in this scope; did you mean â€˜[01m[Knode[m[Kâ€™?
   13 |     [01;31m[Knodes_[m[K.push_back(node);
      |     [01;31m[K^~~~~~[m[K
      |     [32m[Knode[m[K
[01m[K/home/sameer/cpp_files/ros2_cpp/src/cpp_pubsub/src/single_thread_spinner.cpp:[m[K In member function â€˜[01m[Kbool cpp_pubsub::SingleThreadSpinner::spin_some_all_nodes()[m[Kâ€™:
[01m[K/home/sameer/cpp_files/ros2_cpp/src/cpp_pubsub/src/single_thread_spinner.cpp:18:9:[m[K [01;31m[Kerror: [m[Kâ€˜[01m[Knodes_[m[Kâ€™ was not declared in this scope
   18 |     if ([01;31m[Knodes_[m[K.empty()) {
      |         [01;31m[K^~~~~~[m[K
[01m[K/home/sameer/cpp_files/ros2_cpp/src/cpp_pubsub/src/single_thread_spinner.cpp:22:23:[m[K [01;31m[Kerror: [m[Kâ€˜[01m[Knodes_[m[Kâ€™ was not declared in this scope; did you mean â€˜[01m[Knode[m[Kâ€™?
   22 |     for (auto &node : [01;31m[Knodes_[m[K) {
      |                       [01;31m[K^~~~~~[m[K
      |                       [32m[Knode[m[K
[01m[K/home/sameer/cpp_files/ros2_cpp/src/cpp_pubsub/src/single_thread_spinner.cpp:23:28:[m[K [01;31m[Kerror: [m[Kâ€˜[01m[KSingleThreadExecutor[m[Kâ€™ is not a member of â€˜[01m[Krclcpp::executors[m[Kâ€™; did you mean â€˜[01m[KSingleThreadedExecutor[m[Kâ€™?
   23 |         rclcpp::executors::[01;31m[KSingleThreadExecutor[m[K executor;
      |                            [01;31m[K^~~~~~~~~~~~~~~~~~~~[m[K
      |                            [32m[KSingleThreadedExecutor[m[K
[01m[K/home/sameer/cpp_files/ros2_cpp/src/cpp_pubsub/src/single_thread_spinner.cpp:24:9:[m[K [01;31m[Kerror: [m[Kâ€˜[01m[Kexecutor[m[Kâ€™ was not declared in this scope; did you mean â€˜[01m[KExecutor[m[Kâ€™?
   24 |         [01;31m[Kexecutor[m[K.add_node(node);
      |         [01;31m[K^~~~~~~~[m[K
      |         [32m[KExecutor[m[K
gmake[2]: *** [CMakeFiles/pubsub_test.dir/build.make:118: CMakeFiles/pubsub_test.dir/src/single_thread_spinner.cpp.o] Error 1
gmake[1]: *** [CMakeFiles/Makefile2:156: CMakeFiles/pubsub_test.dir/all] Error 2
gmake: *** [Makefile:146: all] Error 2
