[0.000000] (-) TimerEvent: {}
[0.000209] (cpp_pubsub) JobQueued: {'identifier': 'cpp_pubsub', 'dependencies': OrderedDict()}
[0.000297] (cpp_pubsub) JobStarted: {'identifier': 'cpp_pubsub'}
[0.012869] (cpp_pubsub) JobProgress: {'identifier': 'cpp_pubsub', 'progress': 'cmake'}
[0.014079] (cpp_pubsub) JobProgress: {'identifier': 'cpp_pubsub', 'progress': 'build'}
[0.015169] (cpp_pubsub) Command: {'cmd': ['/usr/bin/cmake', '--build', '/home/sameer/cpp_files/ros2_cpp/build/cpp_pubsub', '--', '-j4', '-l4'], 'cwd': '/home/sameer/cpp_files/ros2_cpp/build/cpp_pubsub', 'env': OrderedDict([('GJS_DEBUG_TOPICS', 'JS ERROR;JS LOG'), ('LESSOPEN', '| /usr/bin/lesspipe %s'), ('LANGUAGE', 'en_IN:en'), ('USER', 'sameer'), ('XDG_SESSION_TYPE', 'x11'), ('SHLVL', '1'), ('LD_LIBRARY_PATH', '/opt/ros/humble/opt/rviz_ogre_vendor/lib:/opt/ros/humble/lib/x86_64-linux-gnu:/opt/ros/humble/lib'), ('HOME', '/home/sameer'), ('OLDPWD', '/home/sameer/cpp_files/ros2_cpp/src'), ('DESKTOP_SESSION', 'ubuntu'), ('GIO_LAUNCHED_DESKTOP_FILE', '/usr/share/applications/terminator.desktop'), ('ROS_PYTHON_VERSION', '3'), ('GNOME_SHELL_SESSION_MODE', 'ubuntu'), ('GTK_MODULES', 'gail:atk-bridge'), ('MANAGERPID', '1417'), ('SYSTEMD_EXEC_PID', '1716'), ('DBUS_SESSION_BUS_ADDRESS', 'unix:path=/run/user/1000/bus'), ('COLORTERM', 'truecolor'), ('TERMINATOR_DBUS_NAME', 'net.tenshu.Terminator23558193cd9818af7fe4d2c2f5bd9d00f'), ('GIO_LAUNCHED_DESKTOP_FILE_PID', '11066'), ('COLCON_PREFIX_PATH', '/home/sameer/ros2_ws/install'), ('ROS_DISTRO', 'humble'), ('GTK_IM_MODULE', 'ibus'), ('LOGNAME', 'sameer'), ('JOURNAL_STREAM', '8:30082'), ('_', '/usr/bin/colcon'), ('ROS_VERSION', '2'), ('XDG_SESSION_CLASS', 'user'), ('USERNAME', 'sameer'), ('TERM', 'xterm-256color'), ('GNOME_DESKTOP_SESSION_ID', 'this-is-deprecated'), ('ROS_LOCALHOST_ONLY', '0'), ('WINDOWPATH', '2'), ('PATH', '/opt/ros/humble/bin:/home/sameer/.local/bin:/usr/local/sbin:/usr/local/bin:/usr/sbin:/usr/bin:/sbin:/bin:/usr/games:/usr/local/games:/snap/bin:/snap/bin'), ('SESSION_MANAGER', 'local/sameer:@/tmp/.ICE-unix/1693,unix/sameer:/tmp/.ICE-unix/1693'), ('INVOCATION_ID', '4f683ea6e6a142af95fbf745f7a5d5c8'), ('XDG_MENU_PREFIX', 'gnome-'), ('XDG_RUNTIME_DIR', '/run/user/1000'), ('DISPLAY', ':1'), ('TERMINATOR_DBUS_PATH', '/net/tenshu/Terminator2'), ('LANG', 'en_US.UTF-8'), ('XDG_CURRENT_DESKTOP', 'ubuntu:GNOME'), ('IBUS_DISABLE_SNOOPER', '1'), ('XMODIFIERS', '@im=ibus'), ('XDG_SESSION_DESKTOP', 'ubuntu'), ('XAUTHORITY', '/run/user/1000/gdm/Xauthority'), ('LS_COLORS', 'rs=0:di=01;34:ln=01;36:mh=00:pi=40;33:so=01;35:do=01;35:bd=40;33;01:cd=40;33;01:or=40;31;01:mi=00:su=37;41:sg=30;43:ca=30;41:tw=30;42:ow=34;42:st=37;44:ex=01;32:*.tar=01;31:*.tgz=01;31:*.arc=01;31:*.arj=01;31:*.taz=01;31:*.lha=01;31:*.lz4=01;31:*.lzh=01;31:*.lzma=01;31:*.tlz=01;31:*.txz=01;31:*.tzo=01;31:*.t7z=01;31:*.zip=01;31:*.z=01;31:*.dz=01;31:*.gz=01;31:*.lrz=01;31:*.lz=01;31:*.lzo=01;31:*.xz=01;31:*.zst=01;31:*.tzst=01;31:*.bz2=01;31:*.bz=01;31:*.tbz=01;31:*.tbz2=01;31:*.tz=01;31:*.deb=01;31:*.rpm=01;31:*.jar=01;31:*.war=01;31:*.ear=01;31:*.sar=01;31:*.rar=01;31:*.alz=01;31:*.ace=01;31:*.zoo=01;31:*.cpio=01;31:*.7z=01;31:*.rz=01;31:*.cab=01;31:*.wim=01;31:*.swm=01;31:*.dwm=01;31:*.esd=01;31:*.jpg=01;35:*.jpeg=01;35:*.mjpg=01;35:*.mjpeg=01;35:*.gif=01;35:*.bmp=01;35:*.pbm=01;35:*.pgm=01;35:*.ppm=01;35:*.tga=01;35:*.xbm=01;35:*.xpm=01;35:*.tif=01;35:*.tiff=01;35:*.png=01;35:*.svg=01;35:*.svgz=01;35:*.mng=01;35:*.pcx=01;35:*.mov=01;35:*.mpg=01;35:*.mpeg=01;35:*.m2v=01;35:*.mkv=01;35:*.webm=01;35:*.webp=01;35:*.ogm=01;35:*.mp4=01;35:*.m4v=01;35:*.mp4v=01;35:*.vob=01;35:*.qt=01;35:*.nuv=01;35:*.wmv=01;35:*.asf=01;35:*.rm=01;35:*.rmvb=01;35:*.flc=01;35:*.avi=01;35:*.fli=01;35:*.flv=01;35:*.gl=01;35:*.dl=01;35:*.xcf=01;35:*.xwd=01;35:*.yuv=01;35:*.cgm=01;35:*.emf=01;35:*.ogv=01;35:*.ogx=01;35:*.aac=00;36:*.au=00;36:*.flac=00;36:*.m4a=00;36:*.mid=00;36:*.midi=00;36:*.mka=00;36:*.mp3=00;36:*.mpc=00;36:*.ogg=00;36:*.ra=00;36:*.wav=00;36:*.oga=00;36:*.opus=00;36:*.spx=00;36:*.xspf=00;36:'), ('SSH_AGENT_LAUNCHER', 'gnome-keyring'), ('SSH_AUTH_SOCK', '/run/user/1000/keyring/ssh'), ('AMENT_PREFIX_PATH', '/home/sameer/ros2_ws/install/my_robot_controller:/opt/ros/humble'), ('SHELL', '/bin/bash'), ('TERMINATOR_UUID', 'urn:uuid:375f4a8a-9cec-4826-a79f-8d964fb99438'), ('QT_ACCESSIBILITY', '1'), ('GDMSESSION', 'ubuntu'), ('LESSCLOSE', '/usr/bin/lesspipe %s %s'), ('GPG_AGENT_INFO', '/run/user/1000/gnupg/S.gpg-agent:0:1'), ('GJS_DEBUG_OUTPUT', 'stderr'), ('QT_IM_MODULE', 'ibus'), ('PWD', '/home/sameer/cpp_files/ros2_cpp/build/cpp_pubsub'), ('LC_ALL', 'en_US.UTF-8'), ('XDG_CONFIG_DIRS', '/etc/xdg/xdg-ubuntu:/etc/xdg'), ('XDG_DATA_DIRS', '/usr/share/ubuntu:/usr/share/gnome:/usr/local/share/:/usr/share/:/var/lib/snapd/desktop'), ('PYTHONPATH', '/home/sameer/ros2_ws/install/my_robot_controller/lib/python3.10/site-packages:/opt/ros/humble/lib/python3.10/site-packages:/opt/ros/humble/local/lib/python3.10/dist-packages'), ('COLCON', '1'), ('VTE_VERSION', '6800'), ('CMAKE_PREFIX_PATH', '/home/sameer/ros2_ws/install/my_robot_controller:/opt/ros/humble')]), 'shell': False}
[0.098661] (-) TimerEvent: {}
[0.114817] (cpp_pubsub) StdoutLine: {'line': b'[ 22%] Built target gtest_main\n'}
[0.115909] (cpp_pubsub) StdoutLine: {'line': b'[ 44%] Built target gtest\n'}
[0.147690] (cpp_pubsub) StdoutLine: {'line': b'\x1b[35m\x1b[1mConsolidate compiler generated dependencies of target pubsub_test\x1b[0m\n'}
[0.198788] (-) TimerEvent: {}
[0.202801] (cpp_pubsub) StdoutLine: {'line': b'[ 55%] \x1b[32mBuilding CXX object CMakeFiles/pubsub_test.dir/test/pubsub_test.cpp.o\x1b[0m\n'}
[0.203952] (cpp_pubsub) StdoutLine: {'line': b'[ 66%] \x1b[32mBuilding CXX object CMakeFiles/pubsub_test.dir/src/publisher_member_function.cpp.o\x1b[0m\n'}
[0.206538] (cpp_pubsub) StdoutLine: {'line': b'[ 77%] \x1b[32mBuilding CXX object CMakeFiles/pubsub_test.dir/src/subscriber_member_function.cpp.o\x1b[0m\n'}
[0.213230] (cpp_pubsub) StdoutLine: {'line': b'[ 88%] \x1b[32mBuilding CXX object CMakeFiles/pubsub_test.dir/src/single_thread_spinner.cpp.o\x1b[0m\n'}
[0.298926] (-) TimerEvent: {}
[0.399389] (-) TimerEvent: {}
[0.499796] (-) TimerEvent: {}
[0.600260] (-) TimerEvent: {}
[0.700727] (-) TimerEvent: {}
[0.801168] (-) TimerEvent: {}
[0.901563] (-) TimerEvent: {}
[1.002027] (-) TimerEvent: {}
[1.102455] (-) TimerEvent: {}
[1.202917] (-) TimerEvent: {}
[1.275175] (cpp_pubsub) StderrLine: {'line': b'\x1b[01m\x1b[K/home/sameer/cpp_files/ros2_cpp/src/cpp_pubsub/src/publisher_member_function.cpp:8:10:\x1b[m\x1b[K \x1b[01;31m\x1b[Kfatal error: \x1b[m\x1b[Kpublisher_member_function.hpp: No such file or directory\n'}
[1.275707] (cpp_pubsub) StderrLine: {'line': b'    8 | #include \x1b[01;31m\x1b[K"publisher_member_function.hpp"\x1b[m\x1b[K\n'}
[1.276055] (cpp_pubsub) StderrLine: {'line': b'      |          \x1b[01;31m\x1b[K^~~~~~~~~~~~~~~~~~~~~~~~~~~~~~~\x1b[m\x1b[K\n'}
[1.276468] (cpp_pubsub) StderrLine: {'line': b'compilation terminated.\n'}
[1.284650] (cpp_pubsub) StderrLine: {'line': b'gmake[2]: *** [CMakeFiles/pubsub_test.dir/build.make:90: CMakeFiles/pubsub_test.dir/src/publisher_member_function.cpp.o] Error 1\n'}
[1.285204] (cpp_pubsub) StderrLine: {'line': b'gmake[2]: *** Waiting for unfinished jobs....\n'}
[1.303058] (-) TimerEvent: {}
[1.403862] (-) TimerEvent: {}
[1.504470] (-) TimerEvent: {}
[1.604931] (-) TimerEvent: {}
[1.705391] (-) TimerEvent: {}
[1.805991] (-) TimerEvent: {}
[1.906605] (-) TimerEvent: {}
[2.007218] (-) TimerEvent: {}
[2.107871] (-) TimerEvent: {}
[2.208491] (-) TimerEvent: {}
[2.308968] (-) TimerEvent: {}
[2.409398] (-) TimerEvent: {}
[2.509827] (-) TimerEvent: {}
[2.610246] (-) TimerEvent: {}
[2.710665] (-) TimerEvent: {}
[2.811100] (-) TimerEvent: {}
[2.911542] (-) TimerEvent: {}
[3.011988] (-) TimerEvent: {}
[3.112444] (-) TimerEvent: {}
[3.213069] (-) TimerEvent: {}
[3.313686] (-) TimerEvent: {}
[3.416035] (-) TimerEvent: {}
[3.516632] (-) TimerEvent: {}
[3.617246] (-) TimerEvent: {}
[3.717666] (-) TimerEvent: {}
[3.818090] (-) TimerEvent: {}
[3.918555] (-) TimerEvent: {}
[4.018951] (-) TimerEvent: {}
[4.119382] (-) TimerEvent: {}
[4.219789] (-) TimerEvent: {}
[4.320221] (-) TimerEvent: {}
[4.420848] (-) TimerEvent: {}
[4.521471] (-) TimerEvent: {}
[4.622076] (-) TimerEvent: {}
[4.722500] (-) TimerEvent: {}
[4.822918] (-) TimerEvent: {}
[4.923325] (-) TimerEvent: {}
[5.023724] (-) TimerEvent: {}
[5.124155] (-) TimerEvent: {}
[5.224572] (-) TimerEvent: {}
[5.325014] (-) TimerEvent: {}
[5.425439] (-) TimerEvent: {}
[5.525867] (-) TimerEvent: {}
[5.626285] (-) TimerEvent: {}
[5.726697] (-) TimerEvent: {}
[5.827084] (-) TimerEvent: {}
[5.927501] (-) TimerEvent: {}
[6.027907] (-) TimerEvent: {}
[6.093788] (cpp_pubsub) StderrLine: {'line': b'\x1b[01m\x1b[K/home/sameer/cpp_files/ros2_cpp/src/cpp_pubsub/src/single_thread_spinner.cpp:\x1b[m\x1b[K In member function \xe2\x80\x98\x1b[01m\x1b[Kbool cpp_pubsub::SingleThreadSpinner::add_node(rclcpp::node_interfaces::NodeBaseInterface::SharedPtr)\x1b[m\x1b[K\xe2\x80\x99:\n'}
[6.094133] (cpp_pubsub) StderrLine: {'line': b'\x1b[01m\x1b[K/home/sameer/cpp_files/ros2_cpp/src/cpp_pubsub/src/single_thread_spinner.cpp:46:32:\x1b[m\x1b[K \x1b[01;31m\x1b[Kerror: \x1b[m\x1b[K\xe2\x80\x98\x1b[01m\x1b[Krclcpp::executors::SingleThreadExecutor\x1b[m\x1b[K\xe2\x80\x99 has not been declared\n'}
[6.094380] (cpp_pubsub) StderrLine: {'line': b'   46 |             rclcpp::executors::\x1b[01;31m\x1b[KSingleThreadExecutor\x1b[m\x1b[K::add_node(node);\n'}
[6.094591] (cpp_pubsub) StderrLine: {'line': b'      |                                \x1b[01;31m\x1b[K^~~~~~~~~~~~~~~~~~~~\x1b[m\x1b[K\n'}
[6.095673] (cpp_pubsub) StderrLine: {'line': b'\x1b[01m\x1b[K/home/sameer/cpp_files/ros2_cpp/src/cpp_pubsub/src/single_thread_spinner.cpp:\x1b[m\x1b[K In member function \xe2\x80\x98\x1b[01m\x1b[Kbool cpp_pubsub::SingleThreadSpinner::remove_node(rclcpp::node_interfaces::NodeBaseInterface::SharedPtr)\x1b[m\x1b[K\xe2\x80\x99:\n'}
[6.095998] (cpp_pubsub) StderrLine: {'line': b'\x1b[01m\x1b[K/home/sameer/cpp_files/ros2_cpp/src/cpp_pubsub/src/single_thread_spinner.cpp:61:32:\x1b[m\x1b[K \x1b[01;31m\x1b[Kerror: \x1b[m\x1b[K\xe2\x80\x98\x1b[01m\x1b[Krclcpp::executors::SingleThreadExecutor\x1b[m\x1b[K\xe2\x80\x99 has not been declared\n'}
[6.096226] (cpp_pubsub) StderrLine: {'line': b'   61 |             rclcpp::executors::\x1b[01;31m\x1b[KSingleThreadExecutor\x1b[m\x1b[K::remove_node(node);\n'}
[6.096431] (cpp_pubsub) StderrLine: {'line': b'      |                                \x1b[01;31m\x1b[K^~~~~~~~~~~~~~~~~~~~\x1b[m\x1b[K\n'}
[6.098735] (cpp_pubsub) StderrLine: {'line': b'\x1b[01m\x1b[K/home/sameer/cpp_files/ros2_cpp/src/cpp_pubsub/src/single_thread_spinner.cpp:\x1b[m\x1b[K In member function \xe2\x80\x98\x1b[01m\x1b[Kbool cpp_pubsub::SingleThreadSpinner::cancel_all_spin()\x1b[m\x1b[K\xe2\x80\x99:\n'}
[6.099054] (cpp_pubsub) StderrLine: {'line': b'\x1b[01m\x1b[K/home/sameer/cpp_files/ros2_cpp/src/cpp_pubsub/src/single_thread_spinner.cpp:79:9:\x1b[m\x1b[K \x1b[01;35m\x1b[Kwarning: \x1b[m\x1b[Kthis \xe2\x80\x98\x1b[01m\x1b[Kwhile\x1b[m\x1b[K\xe2\x80\x99 clause does not guard... [\x1b[01;35m\x1b[K\x1b]8;;https://gcc.gnu.org/onlinedocs/gcc/Warning-Options.html#index-Wmisleading-indentation\x07-Wmisleading-indentation\x1b]8;;\x07\x1b[m\x1b[K]\n'}
[6.099322] (cpp_pubsub) StderrLine: {'line': b'   79 |         \x1b[01;35m\x1b[Kwhile\x1b[m\x1b[K(are_all_nodes_spinning_.load());\n'}
[6.099549] (cpp_pubsub) StderrLine: {'line': b'      |         \x1b[01;35m\x1b[K^~~~~\x1b[m\x1b[K\n'}
[6.099759] (cpp_pubsub) StderrLine: {'line': b'\x1b[01m\x1b[K/home/sameer/cpp_files/ros2_cpp/src/cpp_pubsub/src/single_thread_spinner.cpp:81:13:\x1b[m\x1b[K \x1b[01;36m\x1b[Knote: \x1b[m\x1b[K...this statement, but the latter is misleadingly indented as if it were guarded by the \xe2\x80\x98\x1b[01m\x1b[Kwhile\x1b[m\x1b[K\xe2\x80\x99\n'}
[6.099968] (cpp_pubsub) StderrLine: {'line': b'   81 |             \x1b[01;36m\x1b[Kstd\x1b[m\x1b[K::lock_guard<std::mutex> lock(mutex_);\n'}
[6.100167] (cpp_pubsub) StderrLine: {'line': b'      |             \x1b[01;36m\x1b[K^~~\x1b[m\x1b[K\n'}
[6.102159] (cpp_pubsub) StderrLine: {'line': b'\x1b[01m\x1b[K/home/sameer/cpp_files/ros2_cpp/src/cpp_pubsub/src/single_thread_spinner.cpp:\x1b[m\x1b[K In member function \xe2\x80\x98\x1b[01m\x1b[Kbool cpp_pubsub::SingleThreadSpinner::spin_some_all_nodes()\x1b[m\x1b[K\xe2\x80\x99:\n'}
[6.102487] (cpp_pubsub) StderrLine: {'line': b'\x1b[01m\x1b[K/home/sameer/cpp_files/ros2_cpp/src/cpp_pubsub/src/single_thread_spinner.cpp:120:50:\x1b[m\x1b[K \x1b[01;31m\x1b[Kerror: \x1b[m\x1b[Kqualified-id in declaration before \xe2\x80\x98\x1b[01m\x1b[K(\x1b[m\x1b[K\xe2\x80\x99 token\n'}
[6.102735] (cpp_pubsub) StderrLine: {'line': b'  120 |         void SingleThreadSpinner::spin_all_nodes_\x1b[01;31m\x1b[K(\x1b[m\x1b[K)\n'}
[6.102947] (cpp_pubsub) StderrLine: {'line': b'      |                                                  \x1b[01;31m\x1b[K^\x1b[m\x1b[K\n'}
[6.128041] (-) TimerEvent: {}
[6.145292] (cpp_pubsub) StderrLine: {'line': b'\x1b[01m\x1b[K/home/sameer/cpp_files/ros2_cpp/src/cpp_pubsub/src/subscriber_member_function.cpp:43:24:\x1b[m\x1b[K \x1b[01;31m\x1b[Kerror: \x1b[m\x1b[K\xe2\x80\x98\x1b[01m\x1b[KMinimalSubcriber\x1b[m\x1b[K\xe2\x80\x99 has not been declared\n'}
[6.145618] (cpp_pubsub) StderrLine: {'line': b'   43 |  std_msgs::msg::String \x1b[01;31m\x1b[KMinimalSubcriber\x1b[m\x1b[K::get_received_msg()\n'}
[6.145828] (cpp_pubsub) StderrLine: {'line': b'      |                        \x1b[01;31m\x1b[K^~~~~~~~~~~~~~~~\x1b[m\x1b[K\n'}
[6.152732] (cpp_pubsub) StderrLine: {'line': b'\x1b[01m\x1b[K/home/sameer/cpp_files/ros2_cpp/src/cpp_pubsub/src/subscriber_member_function.cpp:\x1b[m\x1b[K In function \xe2\x80\x98\x1b[01m\x1b[Kstd_msgs::msg::String cpp_pubsub::get_received_msg()\x1b[m\x1b[K\xe2\x80\x99:\n'}
[6.153052] (cpp_pubsub) StderrLine: {'line': b'\x1b[01m\x1b[K/home/sameer/cpp_files/ros2_cpp/src/cpp_pubsub/src/subscriber_member_function.cpp:45:12:\x1b[m\x1b[K \x1b[01;31m\x1b[Kerror: \x1b[m\x1b[K\xe2\x80\x98\x1b[01m\x1b[Kreceived_msg_\x1b[m\x1b[K\xe2\x80\x99 was not declared in this scope; did you mean \xe2\x80\x98\x1b[01m\x1b[Kget_received_msg\x1b[m\x1b[K\xe2\x80\x99?\n'}
[6.153253] (cpp_pubsub) StderrLine: {'line': b'   45 |     return \x1b[01;31m\x1b[Kreceived_msg_\x1b[m\x1b[K;\n'}
[6.153429] (cpp_pubsub) StderrLine: {'line': b'      |            \x1b[01;31m\x1b[K^~~~~~~~~~~~~\x1b[m\x1b[K\n'}
[6.153629] (cpp_pubsub) StderrLine: {'line': b'      |            \x1b[32m\x1b[Kget_received_msg\x1b[m\x1b[K\n'}
[6.228174] (-) TimerEvent: {}
[6.328794] (-) TimerEvent: {}
[6.429251] (-) TimerEvent: {}
[6.529695] (-) TimerEvent: {}
[6.630156] (-) TimerEvent: {}
[6.730588] (-) TimerEvent: {}
[6.831019] (-) TimerEvent: {}
[6.931450] (-) TimerEvent: {}
[7.031920] (-) TimerEvent: {}
[7.132468] (-) TimerEvent: {}
[7.232919] (-) TimerEvent: {}
[7.307701] (cpp_pubsub) StderrLine: {'line': b'gmake[2]: *** [CMakeFiles/pubsub_test.dir/build.make:118: CMakeFiles/pubsub_test.dir/src/single_thread_spinner.cpp.o] Error 1\n'}
[7.333046] (-) TimerEvent: {}
[7.433699] (-) TimerEvent: {}
[7.534244] (-) TimerEvent: {}
[7.619210] (cpp_pubsub) StderrLine: {'line': b'\x1b[01m\x1b[K/home/sameer/cpp_files/ros2_cpp/src/cpp_pubsub/test/pubsub_test.cpp:\x1b[m\x1b[K In member function \xe2\x80\x98\x1b[01m\x1b[Kvirtual void PubSubCommunication_pub_sub_communication_Test::TestBody()\x1b[m\x1b[K\xe2\x80\x99:\n'}
[7.619535] (cpp_pubsub) StderrLine: {'line': b'\x1b[01m\x1b[K/home/sameer/cpp_files/ros2_cpp/src/cpp_pubsub/test/pubsub_test.cpp:14:51:\x1b[m\x1b[K \x1b[01;31m\x1b[Kerror: \x1b[m\x1b[Kexpected primary-expression before \xe2\x80\x98\x1b[01m\x1b[K;\x1b[m\x1b[K\xe2\x80\x99 token\n'}
[7.619721] (cpp_pubsub) StderrLine: {'line': b'   14 |     auto spinner = cpp_pubsub::SingleThreadSpinner\x1b[01;31m\x1b[K;\x1b[m\x1b[K\n'}
[7.619877] (cpp_pubsub) StderrLine: {'line': b'      |                                                   \x1b[01;31m\x1b[K^\x1b[m\x1b[K\n'}
[7.634375] (-) TimerEvent: {}
[7.648113] (cpp_pubsub) StderrLine: {'line': b'\x1b[01m\x1b[K/home/sameer/cpp_files/ros2_cpp/src/cpp_pubsub/test/pubsub_test.cpp:29:22:\x1b[m\x1b[K \x1b[01;31m\x1b[Kerror: \x1b[m\x1b[K\xe2\x80\x98\x1b[01m\x1b[Kpub_node\x1b[m\x1b[K\xe2\x80\x99 was not declared in this scope; did you mean \xe2\x80\x98\x1b[01m\x1b[Ksub_node\x1b[m\x1b[K\xe2\x80\x99?\n'}
[7.648455] (cpp_pubsub) StderrLine: {'line': b'   29 |     spinner.add_node(\x1b[01;31m\x1b[Kpub_node\x1b[m\x1b[K->get_node_base_interface());\n'}
[7.648652] (cpp_pubsub) StderrLine: {'line': b'      |                      \x1b[01;31m\x1b[K^~~~~~~~\x1b[m\x1b[K\n'}
[7.648828] (cpp_pubsub) StderrLine: {'line': b'      |                      \x1b[32m\x1b[Ksub_node\x1b[m\x1b[K\n'}
[7.654855] (cpp_pubsub) StderrLine: {'line': b'\x1b[01m\x1b[K/home/sameer/cpp_files/ros2_cpp/src/cpp_pubsub/test/pubsub_test.cpp:\x1b[m\x1b[K In member function \xe2\x80\x98\x1b[01m\x1b[Kvirtual void PubSubCommunication_check_received_msg_Test::TestBody()\x1b[m\x1b[K\xe2\x80\x99:\n'}
[7.655350] (cpp_pubsub) StderrLine: {'line': b'\x1b[01m\x1b[K/home/sameer/cpp_files/ros2_cpp/src/cpp_pubsub/test/pubsub_test.cpp:61:13:\x1b[m\x1b[K \x1b[01;31m\x1b[Kerror: \x1b[m\x1b[K\xe2\x80\x98\x1b[01m\x1b[Kclass std::shared_ptr<cpp_pubsub::SingleThreadSpinner>\x1b[m\x1b[K\xe2\x80\x99 has no member named \xe2\x80\x98\x1b[01m\x1b[Kadd_node\x1b[m\x1b[K\xe2\x80\x99\n'}
[7.655560] (cpp_pubsub) StderrLine: {'line': b'   61 |     spinner.\x1b[01;31m\x1b[Kadd_node\x1b[m\x1b[K(pub_node->get_node_base_interface());\n'}
[7.655737] (cpp_pubsub) StderrLine: {'line': b'      |             \x1b[01;31m\x1b[K^~~~~~~~\x1b[m\x1b[K\n'}
[7.655904] (cpp_pubsub) StderrLine: {'line': b'\x1b[01m\x1b[K/home/sameer/cpp_files/ros2_cpp/src/cpp_pubsub/test/pubsub_test.cpp:62:13:\x1b[m\x1b[K \x1b[01;31m\x1b[Kerror: \x1b[m\x1b[K\xe2\x80\x98\x1b[01m\x1b[Kclass std::shared_ptr<cpp_pubsub::SingleThreadSpinner>\x1b[m\x1b[K\xe2\x80\x99 has no member named \xe2\x80\x98\x1b[01m\x1b[Kadd_node\x1b[m\x1b[K\xe2\x80\x99\n'}
[7.656076] (cpp_pubsub) StderrLine: {'line': b'   62 |     spinner.\x1b[01;31m\x1b[Kadd_node\x1b[m\x1b[K(sub_node->get_node_base_interface());\n'}
[7.656241] (cpp_pubsub) StderrLine: {'line': b'      |             \x1b[01;31m\x1b[K^~~~~~~~\x1b[m\x1b[K\n'}
[7.656403] (cpp_pubsub) StderrLine: {'line': b'\x1b[01m\x1b[K/home/sameer/cpp_files/ros2_cpp/src/cpp_pubsub/test/pubsub_test.cpp:64:13:\x1b[m\x1b[K \x1b[01;31m\x1b[Kerror: \x1b[m\x1b[K\xe2\x80\x98\x1b[01m\x1b[Kclass std::shared_ptr<cpp_pubsub::SingleThreadSpinner>\x1b[m\x1b[K\xe2\x80\x99 has no member named \xe2\x80\x98\x1b[01m\x1b[Kspin_some_all_nodes\x1b[m\x1b[K\xe2\x80\x99\n'}
[7.656845] (cpp_pubsub) StderrLine: {'line': b'   64 |     spinner.\x1b[01;31m\x1b[Kspin_some_all_nodes\x1b[m\x1b[K();\n'}
[7.657038] (cpp_pubsub) StderrLine: {'line': b'      |             \x1b[01;31m\x1b[K^~~~~~~~~~~~~~~~~~~\x1b[m\x1b[K\n'}
[7.657359] (cpp_pubsub) StderrLine: {'line': b'In file included from \x1b[01m\x1b[K/opt/ros/humble/src/gtest_vendor/include/gtest/gtest.h:62\x1b[m\x1b[K,\n'}
[7.657539] (cpp_pubsub) StderrLine: {'line': b'                 from \x1b[01m\x1b[K/home/sameer/cpp_files/ros2_cpp/src/cpp_pubsub/test/pubsub_test.cpp:6\x1b[m\x1b[K:\n'}
[7.657729] (cpp_pubsub) StderrLine: {'line': b'\x1b[01m\x1b[K/home/sameer/cpp_files/ros2_cpp/src/cpp_pubsub/test/pubsub_test.cpp:\x1b[m\x1b[K At global scope:\n'}
[7.657894] (cpp_pubsub) StderrLine: {'line': b'\x1b[01m\x1b[K/home/sameer/cpp_files/ros2_cpp/src/cpp_pubsub/test/pubsub_test.cpp:73:6:\x1b[m\x1b[K \x1b[01;31m\x1b[Kerror: \x1b[m\x1b[Kredefinition of \xe2\x80\x98\x1b[01m\x1b[Kclass PubSubCommunication_check_received_msg_Test\x1b[m\x1b[K\xe2\x80\x99\n'}
[7.658077] (cpp_pubsub) StderrLine: {'line': b'   73 | TEST(\x1b[01;31m\x1b[KPubSubCommunication\x1b[m\x1b[K,check_received_msg)\n'}
[7.658242] (cpp_pubsub) StderrLine: {'line': b'      |      \x1b[01;31m\x1b[K^~~~~~~~~~~~~~~~~~~\x1b[m\x1b[K\n'}
[7.658404] (cpp_pubsub) StderrLine: {'line': b'\x1b[01m\x1b[K/home/sameer/cpp_files/ros2_cpp/src/cpp_pubsub/test/pubsub_test.cpp:41:6:\x1b[m\x1b[K \x1b[01;36m\x1b[Knote: \x1b[m\x1b[Kprevious definition of \xe2\x80\x98\x1b[01m\x1b[Kclass PubSubCommunication_check_received_msg_Test\x1b[m\x1b[K\xe2\x80\x99\n'}
[7.658571] (cpp_pubsub) StderrLine: {'line': b'   41 | TEST(\x1b[01;36m\x1b[KPubSubCommunication\x1b[m\x1b[K,check_received_msg)\n'}
[7.658735] (cpp_pubsub) StderrLine: {'line': b'      |      \x1b[01;36m\x1b[K^~~~~~~~~~~~~~~~~~~\x1b[m\x1b[K\n'}
[7.658911] (cpp_pubsub) StderrLine: {'line': b'\x1b[01m\x1b[K/home/sameer/cpp_files/ros2_cpp/src/cpp_pubsub/test/pubsub_test.cpp:73:6:\x1b[m\x1b[K \x1b[01;31m\x1b[Kerror: \x1b[m\x1b[Kredefinition of \xe2\x80\x98\x1b[01m\x1b[Ktesting::TestInfo* const PubSubCommunication_check_received_msg_Test::test_info_\x1b[m\x1b[K\xe2\x80\x99\n'}
[7.659088] (cpp_pubsub) StderrLine: {'line': b'   73 | TEST(\x1b[01;31m\x1b[KPubSubCommunication\x1b[m\x1b[K,check_received_msg)\n'}
[7.659270] (cpp_pubsub) StderrLine: {'line': b'      |      \x1b[01;31m\x1b[K^~~~~~~~~~~~~~~~~~~\x1b[m\x1b[K\n'}
[7.659441] (cpp_pubsub) StderrLine: {'line': b'\x1b[01m\x1b[K/home/sameer/cpp_files/ros2_cpp/src/cpp_pubsub/test/pubsub_test.cpp:41:6:\x1b[m\x1b[K \x1b[01;36m\x1b[Knote: \x1b[m\x1b[K\xe2\x80\x98\x1b[01m\x1b[Ktesting::TestInfo* const PubSubCommunication_check_received_msg_Test::test_info_\x1b[m\x1b[K\xe2\x80\x99 previously declared here\n'}
[7.659609] (cpp_pubsub) StderrLine: {'line': b'   41 | TEST(\x1b[01;36m\x1b[KPubSubCommunication\x1b[m\x1b[K,check_received_msg)\n'}
[7.659770] (cpp_pubsub) StderrLine: {'line': b'      |      \x1b[01;36m\x1b[K^~~~~~~~~~~~~~~~~~~\x1b[m\x1b[K\n'}
[7.659933] (cpp_pubsub) StderrLine: {'line': b'\x1b[01m\x1b[K/home/sameer/cpp_files/ros2_cpp/src/cpp_pubsub/test/pubsub_test.cpp:73:6:\x1b[m\x1b[K \x1b[01;31m\x1b[Kerror: \x1b[m\x1b[Kredefinition of \xe2\x80\x98\x1b[01m\x1b[Kvoid PubSubCommunication_check_received_msg_Test::TestBody()\x1b[m\x1b[K\xe2\x80\x99\n'}
[7.660120] (cpp_pubsub) StderrLine: {'line': b'   73 | TEST(\x1b[01;31m\x1b[KPubSubCommunication\x1b[m\x1b[K,check_received_msg)\n'}
[7.660287] (cpp_pubsub) StderrLine: {'line': b'      |      \x1b[01;31m\x1b[K^~~~~~~~~~~~~~~~~~~\x1b[m\x1b[K\n'}
[7.660451] (cpp_pubsub) StderrLine: {'line': b'\x1b[01m\x1b[K/home/sameer/cpp_files/ros2_cpp/src/cpp_pubsub/test/pubsub_test.cpp:41:6:\x1b[m\x1b[K \x1b[01;36m\x1b[Knote: \x1b[m\x1b[K\xe2\x80\x98\x1b[01m\x1b[Kvirtual void PubSubCommunication_check_received_msg_Test::TestBody()\x1b[m\x1b[K\xe2\x80\x99 previously defined here\n'}
[7.660620] (cpp_pubsub) StderrLine: {'line': b'   41 | TEST(\x1b[01;36m\x1b[KPubSubCommunication\x1b[m\x1b[K,check_received_msg)\n'}
[7.660783] (cpp_pubsub) StderrLine: {'line': b'      |      \x1b[01;36m\x1b[K^~~~~~~~~~~~~~~~~~~\x1b[m\x1b[K\n'}
[7.734511] (-) TimerEvent: {}
[7.834933] (-) TimerEvent: {}
[7.935468] (-) TimerEvent: {}
[8.035892] (-) TimerEvent: {}
[8.136319] (-) TimerEvent: {}
[8.236842] (-) TimerEvent: {}
[8.337377] (-) TimerEvent: {}
[8.437837] (-) TimerEvent: {}
[8.538391] (-) TimerEvent: {}
[8.560918] (cpp_pubsub) StderrLine: {'line': b'gmake[2]: *** [CMakeFiles/pubsub_test.dir/build.make:76: CMakeFiles/pubsub_test.dir/test/pubsub_test.cpp.o] Error 1\n'}
[8.638516] (-) TimerEvent: {}
[8.738905] (-) TimerEvent: {}
[8.839335] (-) TimerEvent: {}
[8.939781] (-) TimerEvent: {}
[9.040185] (-) TimerEvent: {}
[9.141087] (-) TimerEvent: {}
[9.241489] (-) TimerEvent: {}
[9.341893] (-) TimerEvent: {}
[9.442323] (-) TimerEvent: {}
[9.542728] (-) TimerEvent: {}
[9.643159] (-) TimerEvent: {}
[9.743581] (-) TimerEvent: {}
[9.843973] (-) TimerEvent: {}
[9.944365] (-) TimerEvent: {}
[10.044785] (-) TimerEvent: {}
[10.145195] (-) TimerEvent: {}
[10.245586] (-) TimerEvent: {}
[10.254451] (cpp_pubsub) StderrLine: {'line': b'gmake[2]: *** [CMakeFiles/pubsub_test.dir/build.make:104: CMakeFiles/pubsub_test.dir/src/subscriber_member_function.cpp.o] Error 1\n'}
[10.254947] (cpp_pubsub) StderrLine: {'line': b'gmake[1]: *** [CMakeFiles/Makefile2:156: CMakeFiles/pubsub_test.dir/all] Error 2\n'}
[10.255269] (cpp_pubsub) StderrLine: {'line': b'gmake: *** [Makefile:146: all] Error 2\n'}
[10.259309] (cpp_pubsub) CommandEnded: {'returncode': 2}
[10.341212] (cpp_pubsub) JobEnded: {'identifier': 'cpp_pubsub', 'rc': 2}
[10.345851] (-) TimerEvent: {}
[10.352671] (-) EventReactorShutdown: {}
